#
# There is insufficient memory for the Java Runtime Environment to continue.
# Native memory allocation (malloc) failed to allocate 1173136 bytes. Error detail: Chunk::new
# Possible reasons:
#   The system is out of physical RAM or swap space
#   This process is running with CompressedOops enabled, and the Java Heap may be blocking the growth of the native heap
# Possible solutions:
#   Reduce memory load on the system
#   Increase physical memory or swap space
#   Check if swap backing store is full
#   Decrease Java heap size (-Xmx/-Xms)
#   Decrease number of Java threads
#   Decrease Java thread stack sizes (-Xss)
#   Set larger code cache with -XX:ReservedCodeCacheSize=
#   JVM is running with Zero Based Compressed Oops mode in which the Java heap is
#     placed in the first 32GB address space. The Java Heap base address is the
#     maximum limit for the native heap growth. Please use -XX:HeapBaseMinAddress
#     to set the Java Heap base and to place the Java Heap above 32GB virtual address.
# This output file may be truncated or incomplete.
#
#  Out of Memory Error (arena.cpp:168), pid=20020, tid=9120
#
# JRE version: OpenJDK Runtime Environment Zulu21.40+17-CA (21.0.6+7) (build 21.0.6+7-LTS)
# Java VM: OpenJDK 64-Bit Server VM Zulu21.40+17-CA (21.0.6+7-LTS, mixed mode, sharing, tiered, compressed oops, compressed class ptrs, g1 gc, windows-amd64)
# No core dump will be written. Minidumps are not enabled by default on client versions of Windows
#

---------------  S U M M A R Y ------------

Command Line: -javaagent:C:\Program Files\JetBrains\IntelliJ IDEA Community Edition 2024.3.2.2\lib\idea_rt.jar=62455:C:\Program Files\JetBrains\IntelliJ IDEA Community Edition 2024.3.2.2\bin -Dfile.encoding=UTF-8 -Dsun.stdout.encoding=UTF-8 -Dsun.stderr.encoding=UTF-8 com.noureddine.library.LibraryApplication

Host: AMD Ryzen 5 5500U with Radeon Graphics         , 12 cores, 15G,  Windows 11 , 64 bit Build 26100 (10.0.26100.3912)
Time: Mon May  5 23:07:52 2025 W. Central Africa Standard Time elapsed time: 2.323324 seconds (0d 0h 0m 2s)

---------------  T H R E A D  ---------------

Current thread (0x0000022ae0826560):  JavaThread "C2 CompilerThread1" daemon [_thread_in_native, id=9120, stack(0x00000046f0600000,0x00000046f0700000) (1024K)]


Current CompileTask:
C2:2323 2008       4       java.lang.invoke.MethodType::makeImpl (109 bytes)

Stack: [0x00000046f0600000,0x00000046f0700000]
Native frames: (J=compiled Java code, j=interpreted, Vv=VM code, C=native code)
V  [jvm.dll+0x6fb489]
V  [jvm.dll+0x8dee5f]
V  [jvm.dll+0x8e1258]
V  [jvm.dll+0x8e19c3]
V  [jvm.dll+0x299796]
V  [jvm.dll+0xd2b0d]
V  [jvm.dll+0xd3043]
V  [jvm.dll+0x30e4cd]
V  [jvm.dll+0x6203a4]
V  [jvm.dll+0x266a22]
V  [jvm.dll+0x266def]
V  [jvm.dll+0x25f3bf]
V  [jvm.dll+0x25cb3c]
V  [jvm.dll+0x1daf44]
V  [jvm.dll+0x26c860]
V  [jvm.dll+0x26ada9]
V  [jvm.dll+0x414054]
V  [jvm.dll+0x886176]
V  [jvm.dll+0x6f9b84]
C  [ucrtbase.dll+0x37b0]
C  [KERNEL32.DLL+0x2e8d7]
C  [ntdll.dll+0x9c5dc]


---------------  P R O C E S S  ---------------

Threads class SMR info:
_java_thread_list=0x0000022ae0e682d0, length=15, elements={
0x0000022af793e0f0, 0x0000022affd7c2a0, 0x0000022affd80d20, 0x0000022affd85c50,
0x0000022affd86c70, 0x0000022affd886e0, 0x0000022affd93690, 0x0000022affd9a550,
0x0000022affd9ac00, 0x0000022a9a90b4c0, 0x0000022a9ac368b0, 0x0000022a9ac36f20,
0x0000022ae0826560, 0x0000022ae0a18640, 0x0000022ae12a4fb0
}

Java Threads: ( => current thread )
  0x0000022af793e0f0 JavaThread "main"                              [_thread_in_vm, id=21060, stack(0x00000046ef500000,0x00000046ef600000) (1024K)]
  0x0000022affd7c2a0 JavaThread "Reference Handler"          daemon [_thread_blocked, id=11208, stack(0x00000046efd00000,0x00000046efe00000) (1024K)]
  0x0000022affd80d20 JavaThread "Finalizer"                  daemon [_thread_blocked, id=21468, stack(0x00000046efe00000,0x00000046eff00000) (1024K)]
  0x0000022affd85c50 JavaThread "Signal Dispatcher"          daemon [_thread_blocked, id=6852, stack(0x00000046eff00000,0x00000046f0000000) (1024K)]
  0x0000022affd86c70 JavaThread "Attach Listener"            daemon [_thread_blocked, id=14624, stack(0x00000046f0000000,0x00000046f0100000) (1024K)]
  0x0000022affd886e0 JavaThread "Service Thread"             daemon [_thread_blocked, id=15340, stack(0x00000046f0100000,0x00000046f0200000) (1024K)]
  0x0000022affd93690 JavaThread "Monitor Deflation Thread"   daemon [_thread_blocked, id=1552, stack(0x00000046f0200000,0x00000046f0300000) (1024K)]
  0x0000022affd9a550 JavaThread "C2 CompilerThread0"         daemon [_thread_in_native, id=13884, stack(0x00000046f0300000,0x00000046f0400000) (1024K)]
  0x0000022affd9ac00 JavaThread "C1 CompilerThread0"         daemon [_thread_in_native, id=21380, stack(0x00000046f0400000,0x00000046f0500000) (1024K)]
  0x0000022a9a90b4c0 JavaThread "Common-Cleaner"             daemon [_thread_blocked, id=7276, stack(0x00000046f0500000,0x00000046f0600000) (1024K)]
  0x0000022a9ac368b0 JavaThread "Monitor Ctrl-Break"         daemon [_thread_in_native, id=8888, stack(0x00000046f0700000,0x00000046f0800000) (1024K)]
  0x0000022a9ac36f20 JavaThread "Notification Thread"        daemon [_thread_blocked, id=13996, stack(0x00000046f0800000,0x00000046f0900000) (1024K)]
=>0x0000022ae0826560 JavaThread "C2 CompilerThread1"         daemon [_thread_in_native, id=9120, stack(0x00000046f0600000,0x00000046f0700000) (1024K)]
  0x0000022ae0a18640 JavaThread "background-preinit"                [_thread_in_native, id=16592, stack(0x00000046f0e00000,0x00000046f0f00000) (1024K)]
  0x0000022ae12a4fb0 JavaThread "C2 CompilerThread2"         daemon [_thread_in_native, id=17208, stack(0x00000046f1200000,0x00000046f1300000) (1024K)]
Total: 15

Other Threads:
  0x0000022affd64220 VMThread "VM Thread"                           [id=10120, stack(0x00000046efc00000,0x00000046efd00000) (1024K)]
  0x0000022affd4c160 WatcherThread "VM Periodic Task Thread"        [id=22104, stack(0x00000046efb00000,0x00000046efc00000) (1024K)]
  0x0000022af9e58c40 WorkerThread "GC Thread#0"                     [id=18292, stack(0x00000046ef600000,0x00000046ef700000) (1024K)]
  0x0000022ae0452aa0 WorkerThread "GC Thread#1"                     [id=18396, stack(0x00000046f0900000,0x00000046f0a00000) (1024K)]
  0x0000022ae0452e50 WorkerThread "GC Thread#2"                     [id=7964, stack(0x00000046f0a00000,0x00000046f0b00000) (1024K)]
  0x0000022ae0860270 WorkerThread "GC Thread#3"                     [id=10080, stack(0x00000046f0b00000,0x00000046f0c00000) (1024K)]
  0x0000022ae0860620 WorkerThread "GC Thread#4"                     [id=18888, stack(0x00000046f0c00000,0x00000046f0d00000) (1024K)]
  0x0000022ae099ecf0 WorkerThread "GC Thread#5"                     [id=18452, stack(0x00000046f0d00000,0x00000046f0e00000) (1024K)]
  0x0000022ae0b1c3a0 WorkerThread "GC Thread#6"                     [id=388, stack(0x00000046f0f00000,0x00000046f1000000) (1024K)]
  0x0000022ae0b22c00 WorkerThread "GC Thread#7"                     [id=17732, stack(0x00000046f1000000,0x00000046f1100000) (1024K)]
  0x0000022ae0c538f0 WorkerThread "GC Thread#8"                     [id=22880, stack(0x00000046f1100000,0x00000046f1200000) (1024K)]
  0x0000022af9e69270 ConcurrentGCThread "G1 Main Marker"            [id=2416, stack(0x00000046ef700000,0x00000046ef800000) (1024K)]
  0x0000022af9e6ac00 WorkerThread "G1 Conc#0"                       [id=1804, stack(0x00000046ef800000,0x00000046ef900000) (1024K)]
  0x0000022affc1c8a0 ConcurrentGCThread "G1 Refine#0"               [id=4936, stack(0x00000046ef900000,0x00000046efa00000) (1024K)]
  0x0000022affc1d0d0 ConcurrentGCThread "G1 Service"                [id=20972, stack(0x00000046efa00000,0x00000046efb00000) (1024K)]
Total: 15

Threads with active compile tasks:
C2 CompilerThread0  2379 2296       4       jdk.internal.jimage.ImageLocation::verify (218 bytes)
C1 CompilerThread0  2379 2330       3       java.nio.file.attribute.FileTime::<init> (21 bytes)
C2 CompilerThread1  2379 2008       4       java.lang.invoke.MethodType::makeImpl (109 bytes)
C2 CompilerThread2  2380 2324       4       java.util.LinkedHashMap::linkNodeAtEnd (76 bytes)
Total: 4

VM state: not at safepoint (normal execution)

VM Mutex/Monitor currently owned by a thread: None

Heap address: 0x0000000709c00000, size: 3940 MB, Compressed Oops mode: Zero based, Oop shift amount: 3

CDS archive(s) mapped at: [0x0000022a9b000000-0x0000022a9bce0000-0x0000022a9bce0000), size 13500416, SharedBaseAddress: 0x0000022a9b000000, ArchiveRelocationMode: 1.
Compressed class space mapped at: 0x0000022a9c000000-0x0000022adc000000, reserved size: 1073741824
Narrow klass base: 0x0000022a9b000000, Narrow klass shift: 0, Narrow klass range: 0x100000000

GC Precious Log:
 CardTable entry size: 512
 Card Set container configuration: InlinePtr #cards 4 size 8 Array Of Cards #cards 16 size 48 Howl #buckets 8 coarsen threshold 3686 Howl Bitmap #cards 512 size 80 coarsen threshold 460 Card regions per heap region 1 cards per card region 4096
 CPUs: 12 total, 12 available
 Memory: 15753M
 Large Page Support: Disabled
 NUMA Support: Disabled
 Compressed Oops: Enabled (Zero based)
 Heap Region Size: 2M
 Heap Min Capacity: 8M
 Heap Initial Capacity: 248M
 Heap Max Capacity: 3940M
 Pre-touch: Disabled
 Parallel Workers: 10
 Concurrent Workers: 3
 Concurrent Refinement Workers: 10
 Periodic GC: Disabled

Heap:
 garbage-first heap   total 253952K, used 28310K [0x0000000709c00000, 0x0000000800000000)
  region size 2048K, 13 young (26624K), 2 survivors (4096K)
 Metaspace       used 17802K, committed 18112K, reserved 1114112K
  class space    used 2160K, committed 2304K, reserved 1048576K

Heap Regions: E=young(eden), S=young(survivor), O=old, HS=humongous(starts), HC=humongous(continues), CS=collection set, F=free, TAMS=top-at-mark-start, PB=parsable bottom
|   0|0x0000000709c00000, 0x0000000709e00000, 0x0000000709e00000|100%| O|  |TAMS 0x0000000709c00000| PB 0x0000000709c00000| Untracked 
|   1|0x0000000709e00000, 0x000000070a000000, 0x000000070a000000|100%| O|  |TAMS 0x0000000709e00000| PB 0x0000000709e00000| Untracked 
|   2|0x000000070a000000, 0x000000070a200000, 0x000000070a200000|100%| O|  |TAMS 0x000000070a000000| PB 0x000000070a000000| Untracked 
|   3|0x000000070a200000, 0x000000070a3938b8, 0x000000070a400000| 78%| O|  |TAMS 0x000000070a200000| PB 0x000000070a200000| Untracked 
|   4|0x000000070a400000, 0x000000070a400000, 0x000000070a600000|  0%| F|  |TAMS 0x000000070a400000| PB 0x000000070a400000| Untracked 
|   5|0x000000070a600000, 0x000000070a600000, 0x000000070a800000|  0%| F|  |TAMS 0x000000070a600000| PB 0x000000070a600000| Untracked 
|   6|0x000000070a800000, 0x000000070a800000, 0x000000070aa00000|  0%| F|  |TAMS 0x000000070a800000| PB 0x000000070a800000| Untracked 
|   7|0x000000070aa00000, 0x000000070aa00000, 0x000000070ac00000|  0%| F|  |TAMS 0x000000070aa00000| PB 0x000000070aa00000| Untracked 
|   8|0x000000070ac00000, 0x000000070ac00000, 0x000000070ae00000|  0%| F|  |TAMS 0x000000070ac00000| PB 0x000000070ac00000| Untracked 
|   9|0x000000070ae00000, 0x000000070ae00000, 0x000000070b000000|  0%| F|  |TAMS 0x000000070ae00000| PB 0x000000070ae00000| Untracked 
|  10|0x000000070b000000, 0x000000070b000000, 0x000000070b200000|  0%| F|  |TAMS 0x000000070b000000| PB 0x000000070b000000| Untracked 
|  11|0x000000070b200000, 0x000000070b200000, 0x000000070b400000|  0%| F|  |TAMS 0x000000070b200000| PB 0x000000070b200000| Untracked 
|  12|0x000000070b400000, 0x000000070b400000, 0x000000070b600000|  0%| F|  |TAMS 0x000000070b400000| PB 0x000000070b400000| Untracked 
|  13|0x000000070b600000, 0x000000070b600000, 0x000000070b800000|  0%| F|  |TAMS 0x000000070b600000| PB 0x000000070b600000| Untracked 
|  14|0x000000070b800000, 0x000000070b800000, 0x000000070ba00000|  0%| F|  |TAMS 0x000000070b800000| PB 0x000000070b800000| Untracked 
|  15|0x000000070ba00000, 0x000000070ba00000, 0x000000070bc00000|  0%| F|  |TAMS 0x000000070ba00000| PB 0x000000070ba00000| Untracked 
|  16|0x000000070bc00000, 0x000000070bc00000, 0x000000070be00000|  0%| F|  |TAMS 0x000000070bc00000| PB 0x000000070bc00000| Untracked 
|  17|0x000000070be00000, 0x000000070be00000, 0x000000070c000000|  0%| F|  |TAMS 0x000000070be00000| PB 0x000000070be00000| Untracked 
|  18|0x000000070c000000, 0x000000070c000000, 0x000000070c200000|  0%| F|  |TAMS 0x000000070c000000| PB 0x000000070c000000| Untracked 
|  19|0x000000070c200000, 0x000000070c200000, 0x000000070c400000|  0%| F|  |TAMS 0x000000070c200000| PB 0x000000070c200000| Untracked 
|  20|0x000000070c400000, 0x000000070c400000, 0x000000070c600000|  0%| F|  |TAMS 0x000000070c400000| PB 0x000000070c400000| Untracked 
|  21|0x000000070c600000, 0x000000070c600000, 0x000000070c800000|  0%| F|  |TAMS 0x000000070c600000| PB 0x000000070c600000| Untracked 
|  22|0x000000070c800000, 0x000000070c800000, 0x000000070ca00000|  0%| F|  |TAMS 0x000000070c800000| PB 0x000000070c800000| Untracked 
|  23|0x000000070ca00000, 0x000000070ca00000, 0x000000070cc00000|  0%| F|  |TAMS 0x000000070ca00000| PB 0x000000070ca00000| Untracked 
|  24|0x000000070cc00000, 0x000000070cc00000, 0x000000070ce00000|  0%| F|  |TAMS 0x000000070cc00000| PB 0x000000070cc00000| Untracked 
|  25|0x000000070ce00000, 0x000000070ce00000, 0x000000070d000000|  0%| F|  |TAMS 0x000000070ce00000| PB 0x000000070ce00000| Untracked 
|  26|0x000000070d000000, 0x000000070d000000, 0x000000070d200000|  0%| F|  |TAMS 0x000000070d000000| PB 0x000000070d000000| Untracked 
|  27|0x000000070d200000, 0x000000070d200000, 0x000000070d400000|  0%| F|  |TAMS 0x000000070d200000| PB 0x000000070d200000| Untracked 
|  28|0x000000070d400000, 0x000000070d400000, 0x000000070d600000|  0%| F|  |TAMS 0x000000070d400000| PB 0x000000070d400000| Untracked 
|  29|0x000000070d600000, 0x000000070d600000, 0x000000070d800000|  0%| F|  |TAMS 0x000000070d600000| PB 0x000000070d600000| Untracked 
|  30|0x000000070d800000, 0x000000070d800000, 0x000000070da00000|  0%| F|  |TAMS 0x000000070d800000| PB 0x000000070d800000| Untracked 
|  31|0x000000070da00000, 0x000000070da00000, 0x000000070dc00000|  0%| F|  |TAMS 0x000000070da00000| PB 0x000000070da00000| Untracked 
|  32|0x000000070dc00000, 0x000000070dc00000, 0x000000070de00000|  0%| F|  |TAMS 0x000000070dc00000| PB 0x000000070dc00000| Untracked 
|  33|0x000000070de00000, 0x000000070de00000, 0x000000070e000000|  0%| F|  |TAMS 0x000000070de00000| PB 0x000000070de00000| Untracked 
|  34|0x000000070e000000, 0x000000070e000000, 0x000000070e200000|  0%| F|  |TAMS 0x000000070e000000| PB 0x000000070e000000| Untracked 
|  35|0x000000070e200000, 0x000000070e200000, 0x000000070e400000|  0%| F|  |TAMS 0x000000070e200000| PB 0x000000070e200000| Untracked 
|  36|0x000000070e400000, 0x000000070e400000, 0x000000070e600000|  0%| F|  |TAMS 0x000000070e400000| PB 0x000000070e400000| Untracked 
|  37|0x000000070e600000, 0x000000070e600000, 0x000000070e800000|  0%| F|  |TAMS 0x000000070e600000| PB 0x000000070e600000| Untracked 
|  38|0x000000070e800000, 0x000000070e800000, 0x000000070ea00000|  0%| F|  |TAMS 0x000000070e800000| PB 0x000000070e800000| Untracked 
|  39|0x000000070ea00000, 0x000000070ea00000, 0x000000070ec00000|  0%| F|  |TAMS 0x000000070ea00000| PB 0x000000070ea00000| Untracked 
|  40|0x000000070ec00000, 0x000000070ec00000, 0x000000070ee00000|  0%| F|  |TAMS 0x000000070ec00000| PB 0x000000070ec00000| Untracked 
|  41|0x000000070ee00000, 0x000000070ee00000, 0x000000070f000000|  0%| F|  |TAMS 0x000000070ee00000| PB 0x000000070ee00000| Untracked 
|  42|0x000000070f000000, 0x000000070f000000, 0x000000070f200000|  0%| F|  |TAMS 0x000000070f000000| PB 0x000000070f000000| Untracked 
|  43|0x000000070f200000, 0x000000070f200000, 0x000000070f400000|  0%| F|  |TAMS 0x000000070f200000| PB 0x000000070f200000| Untracked 
|  44|0x000000070f400000, 0x000000070f400000, 0x000000070f600000|  0%| F|  |TAMS 0x000000070f400000| PB 0x000000070f400000| Untracked 
|  45|0x000000070f600000, 0x000000070f600000, 0x000000070f800000|  0%| F|  |TAMS 0x000000070f600000| PB 0x000000070f600000| Untracked 
|  46|0x000000070f800000, 0x000000070f800000, 0x000000070fa00000|  0%| F|  |TAMS 0x000000070f800000| PB 0x000000070f800000| Untracked 
|  47|0x000000070fa00000, 0x000000070fa00000, 0x000000070fc00000|  0%| F|  |TAMS 0x000000070fa00000| PB 0x000000070fa00000| Untracked 
|  48|0x000000070fc00000, 0x000000070fc00000, 0x000000070fe00000|  0%| F|  |TAMS 0x000000070fc00000| PB 0x000000070fc00000| Untracked 
|  49|0x000000070fe00000, 0x000000070fe00000, 0x0000000710000000|  0%| F|  |TAMS 0x000000070fe00000| PB 0x000000070fe00000| Untracked 
|  50|0x0000000710000000, 0x0000000710000000, 0x0000000710200000|  0%| F|  |TAMS 0x0000000710000000| PB 0x0000000710000000| Untracked 
|  51|0x0000000710200000, 0x0000000710200000, 0x0000000710400000|  0%| F|  |TAMS 0x0000000710200000| PB 0x0000000710200000| Untracked 
|  52|0x0000000710400000, 0x0000000710400000, 0x0000000710600000|  0%| F|  |TAMS 0x0000000710400000| PB 0x0000000710400000| Untracked 
|  53|0x0000000710600000, 0x0000000710600000, 0x0000000710800000|  0%| F|  |TAMS 0x0000000710600000| PB 0x0000000710600000| Untracked 
|  54|0x0000000710800000, 0x0000000710800000, 0x0000000710a00000|  0%| F|  |TAMS 0x0000000710800000| PB 0x0000000710800000| Untracked 
|  55|0x0000000710a00000, 0x0000000710a00000, 0x0000000710c00000|  0%| F|  |TAMS 0x0000000710a00000| PB 0x0000000710a00000| Untracked 
|  56|0x0000000710c00000, 0x0000000710c00000, 0x0000000710e00000|  0%| F|  |TAMS 0x0000000710c00000| PB 0x0000000710c00000| Untracked 
|  57|0x0000000710e00000, 0x0000000710e00000, 0x0000000711000000|  0%| F|  |TAMS 0x0000000710e00000| PB 0x0000000710e00000| Untracked 
|  58|0x0000000711000000, 0x0000000711000000, 0x0000000711200000|  0%| F|  |TAMS 0x0000000711000000| PB 0x0000000711000000| Untracked 
|  59|0x0000000711200000, 0x0000000711200000, 0x0000000711400000|  0%| F|  |TAMS 0x0000000711200000| PB 0x0000000711200000| Untracked 
|  60|0x0000000711400000, 0x0000000711400000, 0x0000000711600000|  0%| F|  |TAMS 0x0000000711400000| PB 0x0000000711400000| Untracked 
|  61|0x0000000711600000, 0x0000000711600000, 0x0000000711800000|  0%| F|  |TAMS 0x0000000711600000| PB 0x0000000711600000| Untracked 
|  62|0x0000000711800000, 0x0000000711800000, 0x0000000711a00000|  0%| F|  |TAMS 0x0000000711800000| PB 0x0000000711800000| Untracked 
|  63|0x0000000711a00000, 0x0000000711a00000, 0x0000000711c00000|  0%| F|  |TAMS 0x0000000711a00000| PB 0x0000000711a00000| Untracked 
|  64|0x0000000711c00000, 0x0000000711c00000, 0x0000000711e00000|  0%| F|  |TAMS 0x0000000711c00000| PB 0x0000000711c00000| Untracked 
|  65|0x0000000711e00000, 0x0000000711e00000, 0x0000000712000000|  0%| F|  |TAMS 0x0000000711e00000| PB 0x0000000711e00000| Untracked 
|  66|0x0000000712000000, 0x0000000712000000, 0x0000000712200000|  0%| F|  |TAMS 0x0000000712000000| PB 0x0000000712000000| Untracked 
|  67|0x0000000712200000, 0x0000000712200000, 0x0000000712400000|  0%| F|  |TAMS 0x0000000712200000| PB 0x0000000712200000| Untracked 
|  68|0x0000000712400000, 0x0000000712400000, 0x0000000712600000|  0%| F|  |TAMS 0x0000000712400000| PB 0x0000000712400000| Untracked 
|  69|0x0000000712600000, 0x0000000712600000, 0x0000000712800000|  0%| F|  |TAMS 0x0000000712600000| PB 0x0000000712600000| Untracked 
|  70|0x0000000712800000, 0x0000000712800000, 0x0000000712a00000|  0%| F|  |TAMS 0x0000000712800000| PB 0x0000000712800000| Untracked 
|  71|0x0000000712a00000, 0x0000000712a00000, 0x0000000712c00000|  0%| F|  |TAMS 0x0000000712a00000| PB 0x0000000712a00000| Untracked 
|  72|0x0000000712c00000, 0x0000000712c00000, 0x0000000712e00000|  0%| F|  |TAMS 0x0000000712c00000| PB 0x0000000712c00000| Untracked 
|  73|0x0000000712e00000, 0x0000000712e00000, 0x0000000713000000|  0%| F|  |TAMS 0x0000000712e00000| PB 0x0000000712e00000| Untracked 
|  74|0x0000000713000000, 0x0000000713000000, 0x0000000713200000|  0%| F|  |TAMS 0x0000000713000000| PB 0x0000000713000000| Untracked 
|  75|0x0000000713200000, 0x0000000713200000, 0x0000000713400000|  0%| F|  |TAMS 0x0000000713200000| PB 0x0000000713200000| Untracked 
|  76|0x0000000713400000, 0x0000000713400000, 0x0000000713600000|  0%| F|  |TAMS 0x0000000713400000| PB 0x0000000713400000| Untracked 
|  77|0x0000000713600000, 0x0000000713600000, 0x0000000713800000|  0%| F|  |TAMS 0x0000000713600000| PB 0x0000000713600000| Untracked 
|  78|0x0000000713800000, 0x0000000713800000, 0x0000000713a00000|  0%| F|  |TAMS 0x0000000713800000| PB 0x0000000713800000| Untracked 
|  79|0x0000000713a00000, 0x0000000713a00000, 0x0000000713c00000|  0%| F|  |TAMS 0x0000000713a00000| PB 0x0000000713a00000| Untracked 
|  80|0x0000000713c00000, 0x0000000713c00000, 0x0000000713e00000|  0%| F|  |TAMS 0x0000000713c00000| PB 0x0000000713c00000| Untracked 
|  81|0x0000000713e00000, 0x0000000713e00000, 0x0000000714000000|  0%| F|  |TAMS 0x0000000713e00000| PB 0x0000000713e00000| Untracked 
|  82|0x0000000714000000, 0x0000000714000000, 0x0000000714200000|  0%| F|  |TAMS 0x0000000714000000| PB 0x0000000714000000| Untracked 
|  83|0x0000000714200000, 0x0000000714200000, 0x0000000714400000|  0%| F|  |TAMS 0x0000000714200000| PB 0x0000000714200000| Untracked 
|  84|0x0000000714400000, 0x0000000714400000, 0x0000000714600000|  0%| F|  |TAMS 0x0000000714400000| PB 0x0000000714400000| Untracked 
|  85|0x0000000714600000, 0x0000000714600000, 0x0000000714800000|  0%| F|  |TAMS 0x0000000714600000| PB 0x0000000714600000| Untracked 
|  86|0x0000000714800000, 0x0000000714800000, 0x0000000714a00000|  0%| F|  |TAMS 0x0000000714800000| PB 0x0000000714800000| Untracked 
|  87|0x0000000714a00000, 0x0000000714a00000, 0x0000000714c00000|  0%| F|  |TAMS 0x0000000714a00000| PB 0x0000000714a00000| Untracked 
|  88|0x0000000714c00000, 0x0000000714c00000, 0x0000000714e00000|  0%| F|  |TAMS 0x0000000714c00000| PB 0x0000000714c00000| Untracked 
|  89|0x0000000714e00000, 0x0000000714e00000, 0x0000000715000000|  0%| F|  |TAMS 0x0000000714e00000| PB 0x0000000714e00000| Untracked 
|  90|0x0000000715000000, 0x0000000715000000, 0x0000000715200000|  0%| F|  |TAMS 0x0000000715000000| PB 0x0000000715000000| Untracked 
|  91|0x0000000715200000, 0x0000000715200000, 0x0000000715400000|  0%| F|  |TAMS 0x0000000715200000| PB 0x0000000715200000| Untracked 
|  92|0x0000000715400000, 0x0000000715400000, 0x0000000715600000|  0%| F|  |TAMS 0x0000000715400000| PB 0x0000000715400000| Untracked 
|  93|0x0000000715600000, 0x0000000715600000, 0x0000000715800000|  0%| F|  |TAMS 0x0000000715600000| PB 0x0000000715600000| Untracked 
|  94|0x0000000715800000, 0x0000000715800000, 0x0000000715a00000|  0%| F|  |TAMS 0x0000000715800000| PB 0x0000000715800000| Untracked 
|  95|0x0000000715a00000, 0x0000000715a00000, 0x0000000715c00000|  0%| F|  |TAMS 0x0000000715a00000| PB 0x0000000715a00000| Untracked 
|  96|0x0000000715c00000, 0x0000000715c00000, 0x0000000715e00000|  0%| F|  |TAMS 0x0000000715c00000| PB 0x0000000715c00000| Untracked 
|  97|0x0000000715e00000, 0x0000000715e00000, 0x0000000716000000|  0%| F|  |TAMS 0x0000000715e00000| PB 0x0000000715e00000| Untracked 
|  98|0x0000000716000000, 0x0000000716000000, 0x0000000716200000|  0%| F|  |TAMS 0x0000000716000000| PB 0x0000000716000000| Untracked 
|  99|0x0000000716200000, 0x0000000716200000, 0x0000000716400000|  0%| F|  |TAMS 0x0000000716200000| PB 0x0000000716200000| Untracked 
| 100|0x0000000716400000, 0x0000000716400000, 0x0000000716600000|  0%| F|  |TAMS 0x0000000716400000| PB 0x0000000716400000| Untracked 
| 101|0x0000000716600000, 0x0000000716600000, 0x0000000716800000|  0%| F|  |TAMS 0x0000000716600000| PB 0x0000000716600000| Untracked 
| 102|0x0000000716800000, 0x0000000716800000, 0x0000000716a00000|  0%| F|  |TAMS 0x0000000716800000| PB 0x0000000716800000| Untracked 
| 103|0x0000000716a00000, 0x0000000716a00000, 0x0000000716c00000|  0%| F|  |TAMS 0x0000000716a00000| PB 0x0000000716a00000| Untracked 
| 104|0x0000000716c00000, 0x0000000716c00000, 0x0000000716e00000|  0%| F|  |TAMS 0x0000000716c00000| PB 0x0000000716c00000| Untracked 
| 105|0x0000000716e00000, 0x0000000716e00000, 0x0000000717000000|  0%| F|  |TAMS 0x0000000716e00000| PB 0x0000000716e00000| Untracked 
| 106|0x0000000717000000, 0x0000000717000000, 0x0000000717200000|  0%| F|  |TAMS 0x0000000717000000| PB 0x0000000717000000| Untracked 
| 107|0x0000000717200000, 0x0000000717200000, 0x0000000717400000|  0%| F|  |TAMS 0x0000000717200000| PB 0x0000000717200000| Untracked 
| 108|0x0000000717400000, 0x00000007174122a8, 0x0000000717600000|  3%| S|CS|TAMS 0x0000000717400000| PB 0x0000000717400000| Complete 
| 109|0x0000000717600000, 0x0000000717800000, 0x0000000717800000|100%| S|CS|TAMS 0x0000000717600000| PB 0x0000000717600000| Complete 
| 110|0x0000000717800000, 0x0000000717800000, 0x0000000717a00000|  0%| F|  |TAMS 0x0000000717800000| PB 0x0000000717800000| Untracked 
| 111|0x0000000717a00000, 0x0000000717a00000, 0x0000000717c00000|  0%| F|  |TAMS 0x0000000717a00000| PB 0x0000000717a00000| Untracked 
| 112|0x0000000717c00000, 0x0000000717c00000, 0x0000000717e00000|  0%| F|  |TAMS 0x0000000717c00000| PB 0x0000000717c00000| Untracked 
| 113|0x0000000717e00000, 0x0000000717f9b758, 0x0000000718000000| 80%| E|  |TAMS 0x0000000717e00000| PB 0x0000000717e00000| Complete 
| 114|0x0000000718000000, 0x0000000718200000, 0x0000000718200000|100%| E|CS|TAMS 0x0000000718000000| PB 0x0000000718000000| Complete 
| 115|0x0000000718200000, 0x0000000718400000, 0x0000000718400000|100%| E|CS|TAMS 0x0000000718200000| PB 0x0000000718200000| Complete 
| 116|0x0000000718400000, 0x0000000718600000, 0x0000000718600000|100%| E|CS|TAMS 0x0000000718400000| PB 0x0000000718400000| Complete 
| 117|0x0000000718600000, 0x0000000718800000, 0x0000000718800000|100%| E|CS|TAMS 0x0000000718600000| PB 0x0000000718600000| Complete 
| 118|0x0000000718800000, 0x0000000718a00000, 0x0000000718a00000|100%| E|CS|TAMS 0x0000000718800000| PB 0x0000000718800000| Complete 
| 119|0x0000000718a00000, 0x0000000718c00000, 0x0000000718c00000|100%| E|  |TAMS 0x0000000718a00000| PB 0x0000000718a00000| Complete 
| 120|0x0000000718c00000, 0x0000000718e00000, 0x0000000718e00000|100%| E|CS|TAMS 0x0000000718c00000| PB 0x0000000718c00000| Complete 
| 121|0x0000000718e00000, 0x0000000719000000, 0x0000000719000000|100%| E|CS|TAMS 0x0000000718e00000| PB 0x0000000718e00000| Complete 
| 122|0x0000000719000000, 0x0000000719200000, 0x0000000719200000|100%| E|CS|TAMS 0x0000000719000000| PB 0x0000000719000000| Complete 
| 123|0x0000000719200000, 0x0000000719400000, 0x0000000719400000|100%| E|CS|TAMS 0x0000000719200000| PB 0x0000000719200000| Complete 

Card table byte_map: [0x0000022afabc0000,0x0000022afb380000] _byte_map_base: 0x0000022af7372000

Marking Bits: (CMBitMap*) 0x0000022af9e59350
 Bits: [0x0000022afb380000, 0x0000022aff110000)

Polling page: 0x0000022af7c40000

Metaspace:

Usage:
  Non-class:     15.32 MB used.
      Class:      2.12 MB used.
       Both:     17.43 MB used.

Virtual space:
  Non-class space:       64.00 MB reserved,      15.50 MB ( 24%) committed,  1 nodes.
      Class space:        1.00 GB reserved,       2.25 MB ( <1%) committed,  1 nodes.
             Both:        1.06 GB reserved,      17.75 MB (  2%) committed. 

Chunk freelists:
   Non-Class:  80.00 KB
       Class:  13.78 MB
        Both:  13.86 MB

MaxMetaspaceSize: unlimited
CompressedClassSpaceSize: 1.00 GB
Initial GC threshold: 21.00 MB
Current GC threshold: 21.00 MB
CDS: on
 - commit_granule_bytes: 65536.
 - commit_granule_words: 8192.
 - virtual_space_node_default_size: 8388608.
 - enlarge_chunks_in_place: 1.
 - use_allocation_guard: 0.


Internal statistics:

num_allocs_failed_limit: 0.
num_arena_births: 304.
num_arena_deaths: 0.
num_vsnodes_births: 2.
num_vsnodes_deaths: 0.
num_space_committed: 284.
num_space_uncommitted: 0.
num_chunks_returned_to_freelist: 0.
num_chunks_taken_from_freelist: 917.
num_chunk_merges: 0.
num_chunk_splits: 604.
num_chunks_enlarged: 437.
num_inconsistent_stats: 0.

CodeHeap 'non-profiled nmethods': size=120000Kb used=880Kb max_used=880Kb free=119119Kb
 bounds [0x0000022a91300000, 0x0000022a91570000, 0x0000022a98830000]
CodeHeap 'profiled nmethods': size=120000Kb used=4304Kb max_used=4304Kb free=115695Kb
 bounds [0x0000022a89830000, 0x0000022a89c70000, 0x0000022a90d60000]
CodeHeap 'non-nmethods': size=5760Kb used=1445Kb max_used=1463Kb free=4314Kb
 bounds [0x0000022a90d60000, 0x0000022a90fd0000, 0x0000022a91300000]
 total_blobs=2866 nmethods=2338 adapters=432
 compilation: enabled
              stopped_count=0, restarted_count=0
 full_count=0

Compilation events (20 events):
Event: 2.231 Thread 0x0000022affd9ac00 2259       3       java.util.EnumSet::of (51 bytes)
Event: 2.231 Thread 0x0000022affd9ac00 nmethod 2259 0x0000022a89c36c10 code [0x0000022a89c36e20, 0x0000022a89c37268]
Event: 2.231 Thread 0x0000022affd9ac00 2258       3       org.springframework.asm.Type::getClassName (172 bytes)
Event: 2.232 Thread 0x0000022affd9a550 2265   !   4       java.nio.DirectIntBufferU::get (34 bytes)
Event: 2.232 Thread 0x0000022affd9ac00 nmethod 2258 0x0000022a89c37510 code [0x0000022a89c378e0, 0x0000022a89c38ed0]
Event: 2.233 Thread 0x0000022affd9ac00 2264       3       org.springframework.core.annotation.MergedAnnotationsCollection$AnnotationsSpliterator::getNextSuitableMapping (45 bytes)
Event: 2.234 Thread 0x0000022affd9ac00 nmethod 2264 0x0000022a89c39710 code [0x0000022a89c39960, 0x0000022a89c3a318]
Event: 2.234 Thread 0x0000022affd9ac00 2263       3       org.springframework.core.annotation.TypeMappedAnnotation::getType (8 bytes)
Event: 2.234 Thread 0x0000022affd9a550 nmethod 2265 0x0000022a913d3e10 code [0x0000022a913d3fa0, 0x0000022a913d40a0]
Event: 2.234 Thread 0x0000022affd9a550 2266       4       java.lang.StringUTF16::compress (20 bytes)
Event: 2.234 Thread 0x0000022affd9ac00 nmethod 2263 0x0000022a89c3a790 code [0x0000022a89c3a920, 0x0000022a89c3aa58]
Event: 2.234 Thread 0x0000022affd9ac00 2260       3       org.springframework.core.annotation.AbstractMergedAnnotation::<init> (5 bytes)
Event: 2.234 Thread 0x0000022affd9ac00 nmethod 2260 0x0000022a89c3ab10 code [0x0000022a89c3acc0, 0x0000022a89c3ae28]
Event: 2.234 Thread 0x0000022affd9ac00 2261       3       org.springframework.core.annotation.TypeMappedAnnotation::<init> (15 bytes)
Event: 2.235 Thread 0x0000022affd9ac00 nmethod 2261 0x0000022a89c3af10 code [0x0000022a89c3b0c0, 0x0000022a89c3b208]
Event: 2.235 Thread 0x0000022affd9ac00 2257       3       org.springframework.asm.Type::getTypeInternal (205 bytes)
Event: 2.236 Thread 0x0000022affd9ac00 nmethod 2257 0x0000022a89c3b310 code [0x0000022a89c3b600, 0x0000022a89c3c4f8]
Event: 2.236 Thread 0x0000022affd9ac00 2262       3       org.springframework.core.annotation.TypeMappedAnnotation::<init> (112 bytes)
Event: 2.236 Thread 0x0000022affd9a550 nmethod 2266 0x0000022a913d4190 code [0x0000022a913d4320, 0x0000022a913d4580]
Event: 2.238 Thread 0x0000022affd9ac00 nmethod 2262 0x0000022a89c3c990 code [0x0000022a89c3cc00, 0x0000022a89c3d7f0]

GC Heap History (4 events):
Event: 1.171 GC heap before
{Heap before GC invocations=0 (full 0):
 garbage-first heap   total 253952K, used 20480K [0x0000000709c00000, 0x0000000800000000)
  region size 2048K, 11 young (22528K), 0 survivors (0K)
 Metaspace       used 5637K, committed 5824K, reserved 1114112K
  class space    used 612K, committed 704K, reserved 1048576K
}
Event: 1.177 GC heap after
{Heap after GC invocations=1 (full 0):
 garbage-first heap   total 253952K, used 7934K [0x0000000709c00000, 0x0000000800000000)
  region size 2048K, 2 young (4096K), 2 survivors (4096K)
 Metaspace       used 5637K, committed 5824K, reserved 1114112K
  class space    used 612K, committed 704K, reserved 1048576K
}
Event: 1.900 GC heap before
{Heap before GC invocations=1 (full 0):
 garbage-first heap   total 253952K, used 32510K [0x0000000709c00000, 0x0000000800000000)
  region size 2048K, 14 young (28672K), 2 survivors (4096K)
 Metaspace       used 12213K, committed 12544K, reserved 1114112K
  class space    used 1562K, committed 1728K, reserved 1048576K
}
Event: 1.906 GC heap after
{Heap after GC invocations=2 (full 0):
 garbage-first heap   total 253952K, used 9878K [0x0000000709c00000, 0x0000000800000000)
  region size 2048K, 2 young (4096K), 2 survivors (4096K)
 Metaspace       used 12213K, committed 12544K, reserved 1114112K
  class space    used 1562K, committed 1728K, reserved 1048576K
}

Dll operation events (10 events):
Event: 0.019 Loaded shared library C:\Program Files\Java\zulu21.40.17-ca-fx-jdk21.0.6-win_x64\bin\java.dll
Event: 0.062 Loaded shared library C:\Program Files\Java\zulu21.40.17-ca-fx-jdk21.0.6-win_x64\bin\jsvml.dll
Event: 0.242 Loaded shared library C:\Program Files\Java\zulu21.40.17-ca-fx-jdk21.0.6-win_x64\bin\zip.dll
Event: 0.247 Loaded shared library C:\Program Files\Java\zulu21.40.17-ca-fx-jdk21.0.6-win_x64\bin\instrument.dll
Event: 0.255 Loaded shared library C:\Program Files\Java\zulu21.40.17-ca-fx-jdk21.0.6-win_x64\bin\net.dll
Event: 0.260 Loaded shared library C:\Program Files\Java\zulu21.40.17-ca-fx-jdk21.0.6-win_x64\bin\nio.dll
Event: 0.266 Loaded shared library C:\Program Files\Java\zulu21.40.17-ca-fx-jdk21.0.6-win_x64\bin\zip.dll
Event: 0.453 Loaded shared library C:\Program Files\JetBrains\IntelliJ IDEA Community Edition 2024.3.2.2\bin\breakgen64.dll
Event: 0.473 Loaded shared library C:\Program Files\Java\zulu21.40.17-ca-fx-jdk21.0.6-win_x64\bin\extnet.dll
Event: 0.546 Loaded shared library C:\Program Files\Java\zulu21.40.17-ca-fx-jdk21.0.6-win_x64\bin\jimage.dll

Deoptimization events (20 events):
Event: 2.111 Thread 0x0000022af793e0f0 DEOPT PACKING pc=0x0000022a9138a710 sp=0x00000046ef5fd550
Event: 2.111 Thread 0x0000022af793e0f0 DEOPT UNPACKING pc=0x0000022a90db46a2 sp=0x00000046ef5fd4f0 mode 2
Event: 2.123 Thread 0x0000022ae0a18640 DEOPT PACKING pc=0x0000022a89b41a27 sp=0x00000046f0efa370
Event: 2.123 Thread 0x0000022ae0a18640 DEOPT UNPACKING pc=0x0000022a90db4e42 sp=0x00000046f0ef9848 mode 0
Event: 2.199 Thread 0x0000022ae0a18640 Uncommon trap: trap_request=0xffffff45 fr.pc=0x0000022a9131d57c relative=0x000000000000049c
Event: 2.199 Thread 0x0000022ae0a18640 Uncommon trap: reason=unstable_if action=reinterpret pc=0x0000022a9131d57c method=java.lang.StringLatin1.canEncode(I)Z @ 4 c2
Event: 2.199 Thread 0x0000022ae0a18640 DEOPT PACKING pc=0x0000022a9131d57c sp=0x00000046f0efd8c0
Event: 2.199 Thread 0x0000022ae0a18640 DEOPT UNPACKING pc=0x0000022a90db46a2 sp=0x00000046f0efd7f8 mode 2
Event: 2.199 Thread 0x0000022ae0a18640 Uncommon trap: trap_request=0xffffff45 fr.pc=0x0000022a9131c3e4 relative=0x0000000000000484
Event: 2.199 Thread 0x0000022ae0a18640 Uncommon trap: reason=unstable_if action=reinterpret pc=0x0000022a9131c3e4 method=java.lang.AbstractStringBuilder.isLatin1()Z @ 10 c2
Event: 2.199 Thread 0x0000022ae0a18640 DEOPT PACKING pc=0x0000022a9131c3e4 sp=0x00000046f0efd8d0
Event: 2.199 Thread 0x0000022ae0a18640 DEOPT UNPACKING pc=0x0000022a90db46a2 sp=0x00000046f0efd860 mode 2
Event: 2.199 Thread 0x0000022ae0a18640 Uncommon trap: trap_request=0xffffff45 fr.pc=0x0000022a9136f30c relative=0x000000000000006c
Event: 2.199 Thread 0x0000022ae0a18640 Uncommon trap: reason=unstable_if action=reinterpret pc=0x0000022a9136f30c method=java.lang.AbstractStringBuilder.isLatin1()Z @ 10 c2
Event: 2.199 Thread 0x0000022ae0a18640 DEOPT PACKING pc=0x0000022a9136f30c sp=0x00000046f0efd8d0
Event: 2.199 Thread 0x0000022ae0a18640 DEOPT UNPACKING pc=0x0000022a90db46a2 sp=0x00000046f0efd860 mode 2
Event: 2.200 Thread 0x0000022ae0a18640 Uncommon trap: trap_request=0xffffff45 fr.pc=0x0000022a913629f4 relative=0x0000000000000054
Event: 2.200 Thread 0x0000022ae0a18640 Uncommon trap: reason=unstable_if action=reinterpret pc=0x0000022a913629f4 method=java.lang.CharacterData.of(I)Ljava/lang/CharacterData; @ 4 c2
Event: 2.200 Thread 0x0000022ae0a18640 DEOPT PACKING pc=0x0000022a913629f4 sp=0x00000046f0efd4f0
Event: 2.200 Thread 0x0000022ae0a18640 DEOPT UNPACKING pc=0x0000022a90db46a2 sp=0x00000046f0efd488 mode 2

Classes loaded (20 events):
Event: 2.143 Loading class java/io/InvalidObjectException
Event: 2.143 Loading class java/io/InvalidObjectException done
Event: 2.147 Loading class java/util/concurrent/ConcurrentLinkedQueue
Event: 2.147 Loading class java/util/concurrent/ConcurrentLinkedQueue done
Event: 2.147 Loading class java/util/concurrent/ConcurrentLinkedQueue$Node
Event: 2.147 Loading class java/util/concurrent/ConcurrentLinkedQueue$Node done
Event: 2.150 Loading class java/util/concurrent/atomic/AtomicLongArray
Event: 2.150 Loading class java/util/concurrent/atomic/AtomicLongArray done
Event: 2.150 Loading class java/lang/invoke/VarHandleLongs$Array
Event: 2.151 Loading class java/lang/invoke/VarHandleLongs$Array done
Event: 2.151 Loading class java/util/concurrent/atomic/AtomicReferenceArray
Event: 2.151 Loading class java/util/concurrent/atomic/AtomicReferenceArray done
Event: 2.151 Loading class java/lang/invoke/VarHandleReferences$Array
Event: 2.151 Loading class java/lang/invoke/VarHandleReferences$Array done
Event: 2.195 Loading class sun/text/resources/cldr/FormatData_en
Event: 2.196 Loading class sun/text/resources/cldr/FormatData_en done
Event: 2.196 Loading class sun/text/resources/cldr/FormatData_en_US
Event: 2.196 Loading class sun/text/resources/cldr/FormatData_en_US done
Event: 2.220 Loading class java/io/CharArrayReader
Event: 2.220 Loading class java/io/CharArrayReader done

Classes unloaded (0 events):
No events

Classes redefined (0 events):
No events

Internal exceptions (20 events):
Event: 1.402 Thread 0x0000022af793e0f0 Exception <a 'java/lang/NoSuchMethodError'{0x0000000718f74f88}: 'int java.lang.invoke.DirectMethodHandle$Holder.invokeVirtual(java.lang.Object, java.lang.Object)'> (0x0000000718f74f88) 
thrown [s\src\hotspot\share\interpreter\linkResolver.cpp, line 773]
Event: 1.428 Thread 0x0000022af793e0f0 Exception <a 'java/lang/NoSuchMethodError'{0x0000000718c0bda0}: 'java.lang.Object java.lang.invoke.DirectMethodHandle$Holder.invokeSpecial(java.lang.Object, java.lang.Object, java.lang.Object, int, java.lang.Object)'> (0x0000000718c0bda0) 
thrown [s\src\hotspot\share\interpreter\linkResolver.cpp, line 773]
Event: 1.429 Thread 0x0000022af793e0f0 Exception <a 'java/lang/NoSuchMethodError'{0x0000000718c13880}: 'java.lang.Object java.lang.invoke.DirectMethodHandle$Holder.newInvokeSpecial(java.lang.Object, java.lang.Object, java.lang.Object, int, java.lang.Object)'> (0x0000000718c13880) 
thrown [s\src\hotspot\share\interpreter\linkResolver.cpp, line 773]
Event: 1.430 Thread 0x0000022af793e0f0 Exception <a 'java/lang/NoSuchMethodError'{0x0000000718c1ae48}: 'java.lang.Object java.lang.invoke.Invokers$Holder.linkToTargetMethod(java.lang.Object, java.lang.Object, int, java.lang.Object, java.lang.Object)'> (0x0000000718c1ae48) 
thrown [s\src\hotspot\share\interpreter\linkResolver.cpp, line 773]
Event: 1.431 Thread 0x0000022af793e0f0 Exception <a 'java/lang/NoSuchMethodError'{0x0000000718c289a8}: 'java.lang.Object java.lang.invoke.DirectMethodHandle$Holder.newInvokeSpecial(java.lang.Object, int, java.lang.Object)'> (0x0000000718c289a8) 
thrown [s\src\hotspot\share\interpreter\linkResolver.cpp, line 773]
Event: 1.432 Thread 0x0000022af793e0f0 Exception <a 'java/lang/NoSuchMethodError'{0x0000000718c2d528}: 'int java.lang.invoke.DirectMethodHandle$Holder.invokeSpecialIFC(java.lang.Object, java.lang.Object, java.lang.Object, java.lang.Object)'> (0x0000000718c2d528) 
thrown [s\src\hotspot\share\interpreter\linkResolver.cpp, line 773]
Event: 1.464 Thread 0x0000022af793e0f0 Exception <a 'java/lang/NoSuchMethodError'{0x0000000718d0d940}: 'void java.lang.invoke.DirectMethodHandle$Holder.invokeInterface(java.lang.Object, java.lang.Object, java.lang.Object)'> (0x0000000718d0d940) 
thrown [s\src\hotspot\share\interpreter\linkResolver.cpp, line 773]
Event: 1.487 Thread 0x0000022af793e0f0 Exception <a 'java/lang/NoSuchMethodError'{0x0000000718d936a8}: 'void java.lang.invoke.DirectMethodHandle$Holder.invokeStaticInit(java.lang.Object, java.lang.Object, java.lang.Object)'> (0x0000000718d936a8) 
thrown [s\src\hotspot\share\interpreter\linkResolver.cpp, line 773]
Event: 1.497 Thread 0x0000022af793e0f0 Exception <a 'java/lang/NoSuchMethodError'{0x0000000718dde7a8}: 'java.lang.Object java.lang.invoke.DirectMethodHandle$Holder.invokeVirtual(java.lang.Object, java.lang.Object, java.lang.Object)'> (0x0000000718dde7a8) 
thrown [s\src\hotspot\share\interpreter\linkResolver.cpp, line 773]
Event: 1.527 Thread 0x0000022af793e0f0 Exception <a 'java/lang/NoSuchMethodError'{0x0000000718a85cd0}: 'void java.lang.invoke.DirectMethodHandle$Holder.invokeVirtual(java.lang.Object, java.lang.Object, java.lang.Object, java.lang.Object)'> (0x0000000718a85cd0) 
thrown [s\src\hotspot\share\interpreter\linkResolver.cpp, line 773]
Event: 1.625 Thread 0x0000022af793e0f0 Exception <a 'java/lang/NoSuchMethodError'{0x0000000718897730}: 'void java.lang.invoke.DirectMethodHandle$Holder.invokeSpecial(java.lang.Object, java.lang.Object, java.lang.Object)'> (0x0000000718897730) 
thrown [s\src\hotspot\share\interpreter\linkResolver.cpp, line 773]
Event: 1.636 Thread 0x0000022af793e0f0 Exception <a 'java/lang/NoSuchMethodError'{0x00000007188d6720}: 'java.lang.reflect.Field[] java.lang.Class.getDeclaredFields(java.lang.Class)'> (0x00000007188d6720) 
thrown [s\src\hotspot\share\interpreter\linkResolver.cpp, line 773]
Event: 1.638 Thread 0x0000022af793e0f0 Exception <a 'java/lang/NoSuchMethodError'{0x00000007188db130}: 'java.lang.Object java.lang.invoke.DirectMethodHandle$Holder.invokeStatic(java.lang.Object, java.lang.Object, int)'> (0x00000007188db130) 
thrown [s\src\hotspot\share\interpreter\linkResolver.cpp, line 773]
Event: 1.639 Thread 0x0000022af793e0f0 Exception <a 'java/lang/NoSuchMethodError'{0x00000007188e62d0}: 'void java.lang.invoke.DelegatingMethodHandle$Holder.delegate(java.lang.Object, java.lang.Object, int, java.lang.Object)'> (0x00000007188e62d0) 
thrown [s\src\hotspot\share\interpreter\linkResolver.cpp, line 773]
Event: 1.660 Thread 0x0000022af793e0f0 Exception <a 'java/lang/IncompatibleClassChangeError'{0x000000071863d538}: Found class java.lang.Object, but interface was expected> (0x000000071863d538) 
thrown [s\src\hotspot\share\interpreter\linkResolver.cpp, line 840]
Event: 1.666 Thread 0x0000022af793e0f0 Exception <a 'java/lang/NoSuchMethodError'{0x0000000718654320}: 'java.lang.Object java.lang.invoke.DirectMethodHandle$Holder.invokeStaticInit(java.lang.Object, int)'> (0x0000000718654320) 
thrown [s\src\hotspot\share\interpreter\linkResolver.cpp, line 773]
Event: 1.668 Thread 0x0000022af793e0f0 Exception <a 'java/lang/NoSuchMethodError'{0x000000071865e780}: 'java.lang.Object java.lang.invoke.DirectMethodHandle$Holder.invokeStatic(java.lang.Object, int, java.lang.Object)'> (0x000000071865e780) 
thrown [s\src\hotspot\share\interpreter\linkResolver.cpp, line 773]
Event: 1.669 Thread 0x0000022af793e0f0 Exception <a 'java/lang/NoSuchMethodError'{0x0000000718661e10}: 'java.lang.Object java.lang.invoke.DirectMethodHandle$Holder.invokeStaticInit(java.lang.Object, int, java.lang.Object)'> (0x0000000718661e10) 
thrown [s\src\hotspot\share\interpreter\linkResolver.cpp, line 773]
Event: 2.058 Thread 0x0000022af793e0f0 Exception <a 'java/lang/NoSuchMethodError'{0x0000000718a0f578}: 'int java.lang.invoke.DirectMethodHandle$Holder.invokeSpecial(java.lang.Object, java.lang.Object, java.lang.Object, java.lang.Object, java.lang.Object)'> (0x0000000718a0f578) 
thrown [s\src\hotspot\share\interpreter\linkResolver.cpp, line 773]
Event: 2.061 Thread 0x0000022af793e0f0 Exception <a 'java/lang/NoSuchMethodError'{0x0000000718a17b58}: 'void java.lang.invoke.DirectMethodHandle$Holder.invokeVirtual(java.lang.Object, java.lang.Object)'> (0x0000000718a17b58) 
thrown [s\src\hotspot\share\interpreter\linkResolver.cpp, line 773]

ZGC Phase Switch (0 events):
No events

VM Operations (20 events):
Event: 1.082 Executing VM operation: HandshakeAllThreads (Deoptimize)
Event: 1.082 Executing VM operation: HandshakeAllThreads (Deoptimize) done
Event: 1.171 Executing VM operation: G1CollectForAllocation (G1 Evacuation Pause)
Event: 1.177 Executing VM operation: G1CollectForAllocation (G1 Evacuation Pause) done
Event: 1.618 Executing VM operation: HandshakeAllThreads (Deoptimize)
Event: 1.618 Executing VM operation: HandshakeAllThreads (Deoptimize) done
Event: 1.622 Executing VM operation: HandshakeAllThreads (Deoptimize)
Event: 1.622 Executing VM operation: HandshakeAllThreads (Deoptimize) done
Event: 1.622 Executing VM operation: HandshakeAllThreads (Deoptimize)
Event: 1.622 Executing VM operation: HandshakeAllThreads (Deoptimize) done
Event: 1.637 Executing VM operation: HandshakeAllThreads (Deoptimize)
Event: 1.637 Executing VM operation: HandshakeAllThreads (Deoptimize) done
Event: 1.641 Executing VM operation: ICBufferFull
Event: 1.641 Executing VM operation: ICBufferFull done
Event: 1.900 Executing VM operation: G1CollectForAllocation (G1 Evacuation Pause)
Event: 1.907 Executing VM operation: G1CollectForAllocation (G1 Evacuation Pause) done
Event: 2.029 Executing VM operation: HandshakeAllThreads (Deoptimize)
Event: 2.029 Executing VM operation: HandshakeAllThreads (Deoptimize) done
Event: 2.201 Executing VM operation: HandshakeAllThreads (Deoptimize)
Event: 2.201 Executing VM operation: HandshakeAllThreads (Deoptimize) done

Memory protections (0 events):
No events

Nmethod flushes (0 events):
No events

Events (19 events):
Event: 0.036 Thread 0x0000022af793e0f0 Thread added: 0x0000022af793e0f0
Event: 0.058 Thread 0x0000022af793e0f0 Thread added: 0x0000022affd7c2a0
Event: 0.058 Thread 0x0000022af793e0f0 Thread added: 0x0000022affd80d20
Event: 0.058 Thread 0x0000022af793e0f0 Thread added: 0x0000022affd85c50
Event: 0.058 Thread 0x0000022af793e0f0 Thread added: 0x0000022affd86c70
Event: 0.058 Thread 0x0000022af793e0f0 Thread added: 0x0000022affd886e0
Event: 0.059 Thread 0x0000022af793e0f0 Thread added: 0x0000022affd93690
Event: 0.059 Thread 0x0000022af793e0f0 Thread added: 0x0000022affd9a550
Event: 0.059 Thread 0x0000022af793e0f0 Thread added: 0x0000022affd9ac00
Event: 0.212 Thread 0x0000022af793e0f0 Thread added: 0x0000022a9a90b4c0
Event: 0.232 Thread 0x0000022affd9ac00 Thread added: 0x0000022a9a935680
Event: 0.454 Thread 0x0000022af793e0f0 Thread added: 0x0000022a9ac368b0
Event: 0.454 Thread 0x0000022af793e0f0 Thread added: 0x0000022a9ac36f20
Event: 0.497 Thread 0x0000022a9a935680 Thread exited: 0x0000022a9a935680
Event: 0.759 Thread 0x0000022affd9ac00 Thread added: 0x0000022ae032bd00
Event: 0.974 Thread 0x0000022ae032bd00 Thread exited: 0x0000022ae032bd00
Event: 1.062 Thread 0x0000022affd9ac00 Thread added: 0x0000022ae0826560
Event: 1.631 Thread 0x0000022af793e0f0 Thread added: 0x0000022ae0a18640
Event: 2.202 Thread 0x0000022affd9ac00 Thread added: 0x0000022ae12a4fb0


Dynamic libraries:
0x00007ff657660000 - 0x00007ff65766e000 	C:\Program Files\Java\zulu21.40.17-ca-fx-jdk21.0.6-win_x64\bin\java.exe
0x00007ffc79380000 - 0x00007ffc795e6000 	C:\windows\SYSTEM32\ntdll.dll
0x00007ffc77f70000 - 0x00007ffc78039000 	C:\windows\System32\KERNEL32.DLL
0x00007ffc76cc0000 - 0x00007ffc7708c000 	C:\windows\System32\KERNELBASE.dll
0x00007ffc768b0000 - 0x00007ffc769fb000 	C:\windows\System32\ucrtbase.dll
0x00007ffc6b440000 - 0x00007ffc6b459000 	C:\Program Files\Java\zulu21.40.17-ca-fx-jdk21.0.6-win_x64\bin\jli.dll
0x00007ffc6b460000 - 0x00007ffc6b47b000 	C:\Program Files\Java\zulu21.40.17-ca-fx-jdk21.0.6-win_x64\bin\VCRUNTIME140.dll
0x00007ffc78850000 - 0x00007ffc78a1a000 	C:\windows\System32\USER32.dll
0x00007ffc76750000 - 0x00007ffc76777000 	C:\windows\System32\win32u.dll
0x00007ffc79180000 - 0x00007ffc791ab000 	C:\windows\System32\GDI32.dll
0x00007ffc76a00000 - 0x00007ffc76b32000 	C:\windows\System32\gdi32full.dll
0x00007ffc77090000 - 0x00007ffc77133000 	C:\windows\System32\msvcp_win.dll
0x00007ffc62260000 - 0x00007ffc624fa000 	C:\windows\WinSxS\amd64_microsoft.windows.common-controls_6595b64144ccf1df_6.0.26100.3912_none_3e07963ce335137e\COMCTL32.dll
0x00007ffc77140000 - 0x00007ffc771e9000 	C:\windows\System32\msvcrt.dll
0x00007ffc78810000 - 0x00007ffc78840000 	C:\windows\System32\IMM32.DLL
0x00007ffc6fed0000 - 0x00007ffc6fedc000 	C:\Program Files\Java\zulu21.40.17-ca-fx-jdk21.0.6-win_x64\bin\vcruntime140_1.dll
0x00007ffc59600000 - 0x00007ffc5968e000 	C:\Program Files\Java\zulu21.40.17-ca-fx-jdk21.0.6-win_x64\bin\msvcp140.dll
0x00007ffc1b820000 - 0x00007ffc1c5fd000 	C:\Program Files\Java\zulu21.40.17-ca-fx-jdk21.0.6-win_x64\bin\server\jvm.dll
0x00007ffc78a20000 - 0x00007ffc78ad2000 	C:\windows\System32\ADVAPI32.dll
0x00007ffc77360000 - 0x00007ffc77406000 	C:\windows\System32\sechost.dll
0x00007ffc78ae0000 - 0x00007ffc78bf6000 	C:\windows\System32\RPCRT4.dll
0x00007ffc791b0000 - 0x00007ffc79224000 	C:\windows\System32\WS2_32.dll
0x00007ffc6f160000 - 0x00007ffc6f16b000 	C:\windows\SYSTEM32\VERSION.dll
0x00007ffc6f120000 - 0x00007ffc6f156000 	C:\windows\SYSTEM32\WINMM.dll
0x00007ffc76360000 - 0x00007ffc763be000 	C:\windows\SYSTEM32\POWRPROF.dll
0x00007ffc76340000 - 0x00007ffc76354000 	C:\windows\SYSTEM32\UMPDC.dll
0x00007ffc752d0000 - 0x00007ffc752ea000 	C:\windows\SYSTEM32\kernel.appcore.dll
0x00007ffc6fae0000 - 0x00007ffc6faea000 	C:\Program Files\Java\zulu21.40.17-ca-fx-jdk21.0.6-win_x64\bin\jimage.dll
0x00007ffc6e130000 - 0x00007ffc6e371000 	C:\windows\SYSTEM32\DBGHELP.DLL
0x00007ffc78480000 - 0x00007ffc78804000 	C:\windows\System32\combase.dll
0x00007ffc78140000 - 0x00007ffc78220000 	C:\windows\System32\OLEAUT32.dll
0x00007ffc61b40000 - 0x00007ffc61b79000 	C:\windows\SYSTEM32\dbgcore.DLL
0x00007ffc76810000 - 0x00007ffc768a9000 	C:\windows\System32\bcryptPrimitives.dll
0x00007ffc6b0b0000 - 0x00007ffc6b0c0000 	C:\Program Files\Java\zulu21.40.17-ca-fx-jdk21.0.6-win_x64\bin\instrument.dll
0x00007ffc6b410000 - 0x00007ffc6b432000 	C:\Program Files\Java\zulu21.40.17-ca-fx-jdk21.0.6-win_x64\bin\java.dll
0x00007ffc775f0000 - 0x00007ffc77d1d000 	C:\windows\System32\SHELL32.dll
0x00007ffc76b40000 - 0x00007ffc76cb4000 	C:\windows\System32\wintypes.dll
0x00007ffc74170000 - 0x00007ffc749c6000 	C:\windows\SYSTEM32\windows.storage.dll
0x00007ffc79240000 - 0x00007ffc7932f000 	C:\windows\System32\SHCORE.dll
0x00007ffc77dd0000 - 0x00007ffc77e39000 	C:\windows\System32\shlwapi.dll
0x00007ffc76420000 - 0x00007ffc7644f000 	C:\windows\SYSTEM32\profapi.dll
0x00007ffc59520000 - 0x00007ffc595f7000 	C:\Program Files\Java\zulu21.40.17-ca-fx-jdk21.0.6-win_x64\bin\jsvml.dll
0x00007ffc6b0c0000 - 0x00007ffc6b0d8000 	C:\Program Files\Java\zulu21.40.17-ca-fx-jdk21.0.6-win_x64\bin\zip.dll
0x00007ffc6b340000 - 0x00007ffc6b352000 	C:\Program Files\Java\zulu21.40.17-ca-fx-jdk21.0.6-win_x64\bin\net.dll
0x00007ffc701b0000 - 0x00007ffc702ce000 	C:\windows\SYSTEM32\WINHTTP.dll
0x00007ffc75840000 - 0x00007ffc758aa000 	C:\windows\system32\mswsock.dll
0x00007ffc6b300000 - 0x00007ffc6b316000 	C:\Program Files\Java\zulu21.40.17-ca-fx-jdk21.0.6-win_x64\bin\nio.dll
0x00007ffc62050000 - 0x00007ffc6206a000 	C:\Program Files\JetBrains\IntelliJ IDEA Community Edition 2024.3.2.2\bin\breakgen64.dll
0x00007ffc6af70000 - 0x00007ffc6af79000 	C:\Program Files\Java\zulu21.40.17-ca-fx-jdk21.0.6-win_x64\bin\extnet.dll

dbghelp: loaded successfully - version: 4.0.5 - missing functions: none
symbol engine: initialized successfully - sym options: 0x614 - pdb path: .;C:\Program Files\Java\zulu21.40.17-ca-fx-jdk21.0.6-win_x64\bin;C:\windows\SYSTEM32;C:\windows\WinSxS\amd64_microsoft.windows.common-controls_6595b64144ccf1df_6.0.26100.3912_none_3e07963ce335137e;C:\Program Files\Java\zulu21.40.17-ca-fx-jdk21.0.6-win_x64\bin\server;C:\Program Files\JetBrains\IntelliJ IDEA Community Edition 2024.3.2.2\bin

VM Arguments:
jvm_args: -javaagent:C:\Program Files\JetBrains\IntelliJ IDEA Community Edition 2024.3.2.2\lib\idea_rt.jar=62455:C:\Program Files\JetBrains\IntelliJ IDEA Community Edition 2024.3.2.2\bin -Dfile.encoding=UTF-8 -Dsun.stdout.encoding=UTF-8 -Dsun.stderr.encoding=UTF-8 
java_command: com.noureddine.library.LibraryApplication
java_class_path (initial): D:\Projects\MultidisciplinaryProject\Library\library\target\classes;C:\Users\asus\.m2\repository\org\springframework\boot\spring-boot-starter-validation\3.4.4\spring-boot-starter-validation-3.4.4.jar;C:\Users\asus\.m2\repository\org\springframework\boot\spring-boot-starter\3.4.4\spring-boot-starter-3.4.4.jar;C:\Users\asus\.m2\repository\org\springframework\boot\spring-boot\3.4.4\spring-boot-3.4.4.jar;C:\Users\asus\.m2\repository\org\springframework\boot\spring-boot-autoconfigure\3.4.4\spring-boot-autoconfigure-3.4.4.jar;C:\Users\asus\.m2\repository\org\springframework\boot\spring-boot-starter-logging\3.4.4\spring-boot-starter-logging-3.4.4.jar;C:\Users\asus\.m2\repository\ch\qos\logback\logback-classic\1.5.18\logback-classic-1.5.18.jar;C:\Users\asus\.m2\repository\ch\qos\logback\logback-core\1.5.18\logback-core-1.5.18.jar;C:\Users\asus\.m2\repository\org\apache\logging\log4j\log4j-to-slf4j\2.24.3\log4j-to-slf4j-2.24.3.jar;C:\Users\asus\.m2\repository\org\apache\logging\log4j\log4j-api\2.24.3\log4j-api-2.24.3.jar;C:\Users\asus\.m2\repository\org\slf4j\jul-to-slf4j\2.0.17\jul-to-slf4j-2.0.17.jar;C:\Users\asus\.m2\repository\jakarta\annotation\jakarta.annotation-api\2.1.1\jakarta.annotation-api-2.1.1.jar;C:\Users\asus\.m2\repository\org\yaml\snakeyaml\2.3\snakeyaml-2.3.jar;C:\Users\asus\.m2\repository\org\apache\tomcat\embed\tomcat-embed-el\10.1.39\tomcat-embed-el-10.1.39.jar;C:\Users\asus\.m2\repository\org\hibernate\validator\hibernate-validator\8.0.2.Final\hibernate-validator-8.0.2.Final.jar;C:\Users\asus\.m2\repository\jakarta\validation\jakarta.validation-api\3.0.2\jakarta.validation-api-3.0.2.jar;C:\Users\asus\.m2\repository\org\jboss\logging\jboss-logging\3.6.1.Final\jboss-logging-3.6.1.Final.jar;C:\Users\asus\.m2\repository\com\fasterxml\classmate\1.7.0\classmate-1.7.0.jar;C:\Users\asus\.m2\repository\org\springframework\boot\spring-boot-starter-security\3.4.4\spring-boot-starter-security-3.4.4.jar;C:\Users\asus\.m2\repository\org\springframework\spring-aop\6.2.5\spring-aop-6.2.5.jar;C:\Users\asus\.m2\repository\org\springframework\spring-beans\6.2.5\spring-beans-6.2.5.jar;C:\Users\asus\.m2\repository\org\springframework\security\spring-security-config\6.4.4\spring-security-config-6.4.4.jar;C:\Users\asus\.m2\repository\org\springframework\security\spring-security-core\6.4.4\spring-security-core-6.4.4.jar;C:\Users\asus\.m2\repository\org\springframework\security\spring-security-crypto\6.4.4\spring-security-crypto-6.4.4.jar;C:\Users\asus\.m2\repository\org\springframework\spring-context\6.2.5\spring-context-6.2.5.jar;C:\Users\asus\.m2\repository\org\springframework\security\spring-security-web\6.4.4\spring-security-web-6.4.4.jar;C:\Users\asus\.m2\repository\org\springframework\spring-expression\6.2.5\spring-expression-6.2.5.jar;C:\Users\asus\.m2\repository\io\jsonwebtoken\jjwt-api\0.11.5\jjwt-api-0.11.5.jar;C:\Users\asus\.m2\repository\io\jsonwebtoken\jjwt-impl\0.11.5\jjwt-impl-0.11.5.jar;C:\Users\asus\.m2\repository\io\jsonwebtoken\jjwt-jackson\0.11.5\jjwt-jackson-0.11.5.jar;C:\Users\asus\.m2\repository\com\fasterxml\jackson\core\jackson-databind\2.18.3\jackson-databind-2.18.3.jar;C:\Users\asus\.m2\repository\com\fasterxml\jackson\core\jackson-annotations\2.18.3\jackson-annotations-2.18.3.jar;C:\Users\asus\.m2\repository\com\fasterxml\jackson\core\jackson-core\2.18.3\jackson-core-2.18.3.jar;C:\Users\asus\.m2\repository\org\springframework\boot\spring-boot-starter-hateoas\3.4.4\spring-boot-starter-hateoas-3.4.4.jar;C:\Users\asus\.m2\repository\org\springframework\hateoas\spring-hateoas\2.4.1\spring-hateoas-2.4.1.jar;C:\Users\asus\.m2\repository\org\springframework\plugin\spring-plugin-core\3.0.0\spring-plugin-core-3.0.0.jar;C:\Users\asus\.m2\repository\org\slf4j\slf4j-api\2.0.17\slf4j-api-2.0.17.jar;C:\Users\asus\.m2\repository\org\springframework\boot\spring-boot-starter-data-jpa\3.4.4\spring-boot-starter-data-jpa-3.4.4.jar;C:\Users\asus\.m2\repository\org\hibernate\orm\hibernate-core\6.6.11.Final\hibernate-core-6.6.11.Final.jar;C:\Users\asus\.m2\repository\jakarta\persistence\jakarta.persistence-api\3.1.0\jakarta.persistence-api-3.1.0.jar;C:\Users\asus\.m2\repository\jakarta\transaction\jakarta.transaction-api\2.0.1\jakarta.transaction-api-2.0.1.jar;C:\Users\asus\.m2\repository\org\hibernate\common\hibernate-commons-annotations\7.0.3.Final\hibernate-commons-annotations-7.0.3.Final.jar;C:\Users\asus\.m2\repository\io\smallrye\jandex\3.2.0\jandex-3.2.0.jar;C:\Users\asus\.m2\repository\net\bytebuddy\byte-buddy\1.15.11\byte-buddy-1.15.11.jar;C:\Users\asus\.m2\repository\org\glassfish\jaxb\jaxb-runtime\4.0.5\jaxb-runtime-4.0.5.jar;C:\Users\asus\.m2\repository\org\glassfish\jaxb\jaxb-core\4.0.5\jaxb-core-4.0.5.jar;C:\Users\asus\.m2\repository\org\glassfish\jaxb\txw2\4.0.5\txw2-4.0.5.jar;C:\Users\asus\.m2\repository\com\sun\istack\istack-commons-runtime\4.1.2\istack-commons-runtime-4.1.2.jar;C:\Users\asus\.m2\repository\jakarta\inject\jakarta.inject-api\2.0.1\jakarta.inject-api-2.0.1.jar;C:\Users\asus\.m2\repository\org\antlr\antlr4-runtime\4.13.0\antlr4-runtime-4.13.0.jar;C:\Users\asus\.m2\repository\org\springframework\data\spring-data-jpa\3.4.4\spring-data-jpa-3.4.4.jar;C:\Users\asus\.m2\repository\org\springframework\data\spring-data-commons\3.4.4\spring-data-commons-3.4.4.jar;C:\Users\asus\.m2\repository\org\springframework\spring-orm\6.2.5\spring-orm-6.2.5.jar;C:\Users\asus\.m2\repository\org\springframework\spring-tx\6.2.5\spring-tx-6.2.5.jar;C:\Users\asus\.m2\repository\org\springframework\spring-aspects\6.2.5\spring-aspects-6.2.5.jar;C:\Users\asus\.m2\repository\org\aspectj\aspectjweaver\1.9.23\aspectjweaver-1.9.23.jar;C:\Users\asus\.m2\repository\org\springframework\boot\spring-boot-starter-jdbc\3.4.4\spring-boot-starter-jdbc-3.4.4.jar;C:\Users\asus\.m2\repository\com\zaxxer\HikariCP\5.1.0\HikariCP-5.1.0.jar;C:\Users\asus\.m2\repository\org\springframework\spring-jdbc\6.2.5\spring-jdbc-6.2.5.jar;C:\Users\asus\.m2\repository\org\springframework\boot\spring-boot-starter-mail\3.4.4\spring-boot-starter-mail-3.4.4.jar;C:\Users\asus\.m2\repository\org\springframework\spring-context-support\6.2.5\spring-context-support-6.2.5.jar;C:\Users\asus\.m2\repository\org\eclipse\angus\jakarta.mail\2.0.3\jakarta.mail-2.0.3.jar;C:\Users\asus\.m2\repository\jakarta\activation\jakarta.activation-api\2.1.3\jakarta.activation-api-2.1.3.jar;C:\Users\asus\.m2\repository\org\eclipse\angus\angus-activation\2.0.2\angus-activation-2.0.2.jar;C:\Users\asus\.m2\repository\org\springframework\boot\spring-boot-starter-web\3.4.4\spring-boot-starter-web-3.4.4.jar;C:\Users\asus\.m2\repository\org\springframework\boot\spring-boot-starter-json\3.4.4\spring-boot-starter-json-3.4.4.jar;C:\Users\asus\.m2\repository\com\fasterxml\jackson\datatype\jackson-datatype-jdk8\2.18.3\jackson-datatype-jdk8-2.18.3.jar;C:\Users\asus\.m2\repository\com\fasterxml\jackson\datatype\jackson-datatype-jsr310\2.18.3\jackson-datatype-jsr310-2.18.3.jar;C:\Users\asus\.m2\repository\com\fasterxml\jackson\module\jackson-module-parameter-names\2.18.3\jackson-module-parameter-names-2.18.3.jar;C:\Users\asus\.m2\repository\org\springframework\boot\spring-boot-starter-tomcat\3.4.4\spring-boot-starter-tomcat-3.4.4.jar;C:\Users\asus\.m2\repository\org\apache\tomcat\embed\tomcat-embed-core\10.1.39\tomcat-embed-core-10.1.39.jar;C:\Users\asus\.m2\repository\org\apache\tomcat\embed\tomcat-embed-websocket\10.1.39\tomcat-embed-websocket-10.1.39.jar;C:\Users\asus\.m2\repository\org\springframework\spring-web\6.2.5\spring-web-6.2.5.jar;C:\Users\asus\.m2\repository\io\micrometer\micrometer-observation\1.14.5\micrometer-observation-1.14.5.jar;C:\Users\asus\.m2\repository\io\micrometer\micrometer-commons\1.14.5\micrometer-commons-1.14.5.jar;C:\Users\asus\.m2\repository\org\springframework\spring-webmvc\6.2.5\spring-webmvc-6.2.5.jar;C:\Users\asus\.m2\repository\com\mysql\mysql-connector-j\9.1.0\mysql-connector-j-9.1.0.jar;C:\Users\asus\.m2\repository\com\jayway\jsonpath\json-path\2.9.0\json-path-2.9.0.jar;C:\Users\asus\.m2\repository\jakarta\xml\bind\jakarta.xml.bind-api\4.0.2\jakarta.xml.bind-api-4.0.2.jar;C:\Users\asus\.m2\repository\net\minidev\json-smart\2.5.2\json-smart-2.5.2.jar;C:\Users\asus\.m2\repository\net\minidev\accessors-smart\2.5.2\accessors-smart-2.5.2.jar;C:\Users\asus\.m2\repository\org\ow2\asm\asm\9.7.1\asm-9.7.1.jar;C:\Users\asus\.m2\repository\org\springframework\spring-core\6.2.5\spring-core-6.2.5.jar;C:\Users\asus\.m2\repository\org\springframework\spring-jcl\6.2.5\spring-jcl-6.2.5.jar
Launcher Type: SUN_STANDARD

[Global flags]
     intx CICompilerCount                          = 4                                         {product} {ergonomic}
     uint ConcGCThreads                            = 3                                         {product} {ergonomic}
     uint G1ConcRefinementThreads                  = 10                                        {product} {ergonomic}
   size_t G1HeapRegionSize                         = 2097152                                   {product} {ergonomic}
    uintx GCDrainStackTargetSize                   = 64                                        {product} {ergonomic}
   size_t InitialHeapSize                          = 260046848                                 {product} {ergonomic}
   size_t MarkStackSize                            = 4194304                                   {product} {ergonomic}
   size_t MaxHeapSize                              = 4131389440                                {product} {ergonomic}
   size_t MaxNewSize                               = 2478833664                                {product} {ergonomic}
   size_t MinHeapDeltaBytes                        = 2097152                                   {product} {ergonomic}
   size_t MinHeapSize                              = 8388608                                   {product} {ergonomic}
    uintx NonNMethodCodeHeapSize                   = 5839372                                {pd product} {ergonomic}
    uintx NonProfiledCodeHeapSize                  = 122909434                              {pd product} {ergonomic}
    uintx ProfiledCodeHeapSize                     = 122909434                              {pd product} {ergonomic}
    uintx ReservedCodeCacheSize                    = 251658240                              {pd product} {ergonomic}
     bool SegmentedCodeCache                       = true                                      {product} {ergonomic}
   size_t SoftMaxHeapSize                          = 4131389440                             {manageable} {ergonomic}
     bool UseCompressedOops                        = true                           {product lp64_product} {ergonomic}
     bool UseG1GC                                  = true                                      {product} {ergonomic}
     bool UseLargePagesIndividualAllocation        = false                                  {pd product} {ergonomic}

Logging:
Log output configuration:
 #0: stdout all=warning uptime,level,tags foldmultilines=false
 #1: stderr all=off uptime,level,tags foldmultilines=false

Environment Variables:
JAVA_HOME=C:\Program Files\Java\jdk-17
PATH=C:\Program Files\Common Files\Oracle\Java\javapath;C:\Program Files (x86)\Common Files\Oracle\Java\java8path;C:\Program Files (x86)\Common Files\Oracle\Java\javapath;C:\Program Files (x86)\NVIDIA Corporation\PhysX\Common;C:\windows\system32;C:\windows;C:\windows\System32\Wbem;C:\windows\System32\WindowsPowerShell\v1.0\;C:\windows\System32\OpenSSH\;C:\Program Files (x86)\GtkSharp\2.12\bin;C:\Program Files\dotnet\;C:\Program Files\Git\cmd;C:\Program Files\nodejs\;C:\Program Files\Docker\Docker\resources\bin;C:\Users\asus\AppData\Local\Programs\Python\Launcher\;C:\Program Files\MySQL\MySQL Shell 8.0\bin\;C:\Users\asus\AppData\Local\Microsoft\WindowsApps;C:\Users\asus\AppData\Local\Programs\Microsoft VS Code\bin;C:\MinGW\bin;C:\src\flutter\bin;C:\Users\asus\AppData\Roaming\npm;C:\Program Files\NetBeans-24\netbeans\java\maven\bin;
USERNAME=asus
OS=Windows_NT
PROCESSOR_IDENTIFIER=AMD64 Family 23 Model 104 Stepping 1, AuthenticAMD
TMP=C:\Users\asus\AppData\Local\Temp
TEMP=C:\Users\asus\AppData\Local\Temp




Periodic native trim disabled

---------------  S Y S T E M  ---------------

OS:
 Windows 11 , 64 bit Build 26100 (10.0.26100.3912)
OS uptime: 0 days 4:14 hours
Hyper-V role detected

CPU: total 12 (initial active 12) (12 cores per cpu, 2 threads per core) family 23 model 104 stepping 1 microcode 0x8608104, cx8, cmov, fxsr, ht, mmx, 3dnowpref, sse, sse2, sse3, ssse3, sse4a, sse4.1, sse4.2, popcnt, lzcnt, tsc, tscinvbit, avx, avx2, aes, clmul, bmi1, bmi2, adx, sha, fma, vzeroupper, clflush, clflushopt, hv, rdtscp, rdpid, f16c
Processor Information for processor 0
  Max Mhz: 2100, Current Mhz: 2100, Mhz Limit: 2100
Processor Information for processor 1
  Max Mhz: 2100, Current Mhz: 2100, Mhz Limit: 2100
Processor Information for processor 2
  Max Mhz: 2100, Current Mhz: 2100, Mhz Limit: 2100
Processor Information for processor 3
  Max Mhz: 2100, Current Mhz: 2100, Mhz Limit: 2100
Processor Information for processor 4
  Max Mhz: 2100, Current Mhz: 1813, Mhz Limit: 2100
Processor Information for processor 5
  Max Mhz: 2100, Current Mhz: 2100, Mhz Limit: 2100
Processor Information for processor 6
  Max Mhz: 2100, Current Mhz: 2100, Mhz Limit: 2100
Processor Information for processor 7
  Max Mhz: 2100, Current Mhz: 2100, Mhz Limit: 2100
Processor Information for processor 8
  Max Mhz: 2100, Current Mhz: 2100, Mhz Limit: 2100
Processor Information for processor 9
  Max Mhz: 2100, Current Mhz: 2100, Mhz Limit: 2100
Processor Information for processor 10
  Max Mhz: 2100, Current Mhz: 1813, Mhz Limit: 2100
Processor Information for processor 11
  Max Mhz: 2100, Current Mhz: 1813, Mhz Limit: 2100

Memory: 4k page, system-wide physical 15753M (4932M free)
TotalPageFile size 17801M (AvailPageFile size 9M)
current process WorkingSet (physical memory assigned to process): 129M, peak: 129M
current process commit charge ("private bytes"): 385M, peak: 385M

vm_info: OpenJDK 64-Bit Server VM (21.0.6+7-LTS) for windows-amd64 JRE (21.0.6+7-LTS) (Zulu21.40+17-CA), built on 2025-01-07T13:05:06Z by "zulu_re" with MS VC++ 17.1 (VS2022)

END.
