#
# There is insufficient memory for the Java Runtime Environment to continue.
# Native memory allocation (malloc) failed to allocate 606160 bytes. Error detail: Chunk::new
# Possible reasons:
#   The system is out of physical RAM or swap space
#   This process is running with CompressedOops enabled, and the Java Heap may be blocking the growth of the native heap
# Possible solutions:
#   Reduce memory load on the system
#   Increase physical memory or swap space
#   Check if swap backing store is full
#   Decrease Java heap size (-Xmx/-Xms)
#   Decrease number of Java threads
#   Decrease Java thread stack sizes (-Xss)
#   Set larger code cache with -XX:ReservedCodeCacheSize=
#   JVM is running with Zero Based Compressed Oops mode in which the Java heap is
#     placed in the first 32GB address space. The Java Heap base address is the
#     maximum limit for the native heap growth. Please use -XX:HeapBaseMinAddress
#     to set the Java Heap base and to place the Java Heap above 32GB virtual address.
# This output file may be truncated or incomplete.
#
#  Out of Memory Error (arena.cpp:168), pid=13500, tid=5084
#
# JRE version: OpenJDK Runtime Environment Zulu21.40+17-CA (21.0.6+7) (build 21.0.6+7-LTS)
# Java VM: OpenJDK 64-Bit Server VM Zulu21.40+17-CA (21.0.6+7-LTS, mixed mode, sharing, tiered, compressed oops, compressed class ptrs, g1 gc, windows-amd64)
# No core dump will be written. Minidumps are not enabled by default on client versions of Windows
#

---------------  S U M M A R Y ------------

Command Line: -javaagent:C:\Program Files\JetBrains\IntelliJ IDEA Community Edition 2024.3.2.2\lib\idea_rt.jar=57562:C:\Program Files\JetBrains\IntelliJ IDEA Community Edition 2024.3.2.2\bin -Dfile.encoding=UTF-8 -Dsun.stdout.encoding=UTF-8 -Dsun.stderr.encoding=UTF-8 com.noureddine.library.LibraryApplication

Host: AMD Ryzen 5 5500U with Radeon Graphics         , 12 cores, 15G,  Windows 11 , 64 bit Build 26100 (10.0.26100.3912)
Time: Mon May 12 22:01:36 2025 W. Central Africa Standard Time elapsed time: 45.989024 seconds (0d 0h 0m 45s)

---------------  T H R E A D  ---------------

Current thread (0x000002717f500f70):  JavaThread "C2 CompilerThread0" daemon [_thread_in_native, id=5084, stack(0x000000b072b00000,0x000000b072c00000) (1024K)]


Current CompileTask:
C2:45989 7589       4       org.antlr.v4.runtime.misc.DoubleKeyMap::put (71 bytes)

Stack: [0x000000b072b00000,0x000000b072c00000]
Native frames: (J=compiled Java code, j=interpreted, Vv=VM code, C=native code)
V  [jvm.dll+0x6fb489]
V  [jvm.dll+0x8dee5f]
V  [jvm.dll+0x8e1258]
V  [jvm.dll+0x8e19c3]
V  [jvm.dll+0x299796]
V  [jvm.dll+0xd2b0d]
V  [jvm.dll+0xd3043]
V  [jvm.dll+0x3d86ac]
V  [jvm.dll+0x1f4359]
V  [jvm.dll+0x25d7b9]
V  [jvm.dll+0x25cc41]
V  [jvm.dll+0x1daf44]
V  [jvm.dll+0x26c860]
V  [jvm.dll+0x26ada9]
V  [jvm.dll+0x414054]
V  [jvm.dll+0x886176]
V  [jvm.dll+0x6f9b84]
C  [ucrtbase.dll+0x37b0]
C  [KERNEL32.DLL+0x2e8d7]
C  [ntdll.dll+0x9c5dc]


---------------  P R O C E S S  ---------------

Threads class SMR info:
_java_thread_list=0x00000271492f2240, length=31, elements={
0x000002717f4ea300, 0x000002717f4ead60, 0x000002717f4f73b0, 0x000002717f4f86e0,
0x000002717f4faa20, 0x000002717f4fb6e0, 0x000002717f500f70, 0x000002717f501b60,
0x000002717f4bfbe0, 0x000002717f91e7c0, 0x00000271471d8f60, 0x00000271490569c0,
0x00000271495537f0, 0x000002714a5baa00, 0x000002714af486b0, 0x0000027148ec60b0,
0x000002714840c710, 0x000002714840e150, 0x000002714840b360, 0x000002714840cda0,
0x000002714840d430, 0x000002714840acd0, 0x0000027148411c60, 0x00000271484108b0,
0x00000271484122f0, 0x000002714840ee70, 0x000002714840fb90, 0x00000271484115d0,
0x0000027148410220, 0x0000027148410f40, 0x000002714b11b610
}

Java Threads: ( => current thread )
  0x000002717f4ea300 JavaThread "Reference Handler"          daemon [_thread_blocked, id=32900, stack(0x000000b072500000,0x000000b072600000) (1024K)]
  0x000002717f4ead60 JavaThread "Finalizer"                  daemon [_thread_blocked, id=18452, stack(0x000000b072600000,0x000000b072700000) (1024K)]
  0x000002717f4f73b0 JavaThread "Signal Dispatcher"          daemon [_thread_blocked, id=6956, stack(0x000000b072700000,0x000000b072800000) (1024K)]
  0x000002717f4f86e0 JavaThread "Attach Listener"            daemon [_thread_blocked, id=10920, stack(0x000000b072800000,0x000000b072900000) (1024K)]
  0x000002717f4faa20 JavaThread "Service Thread"             daemon [_thread_blocked, id=31564, stack(0x000000b072900000,0x000000b072a00000) (1024K)]
  0x000002717f4fb6e0 JavaThread "Monitor Deflation Thread"   daemon [_thread_blocked, id=30016, stack(0x000000b072a00000,0x000000b072b00000) (1024K)]
=>0x000002717f500f70 JavaThread "C2 CompilerThread0"         daemon [_thread_in_native, id=5084, stack(0x000000b072b00000,0x000000b072c00000) (1024K)]
  0x000002717f501b60 JavaThread "C1 CompilerThread0"         daemon [_thread_blocked, id=21252, stack(0x000000b072c00000,0x000000b072d00000) (1024K)]
  0x000002717f4bfbe0 JavaThread "Common-Cleaner"             daemon [_thread_blocked, id=23776, stack(0x000000b072d00000,0x000000b072e00000) (1024K)]
  0x000002717f91e7c0 JavaThread "Monitor Ctrl-Break"         daemon [_thread_in_native, id=21568, stack(0x000000b072f00000,0x000000b073000000) (1024K)]
  0x00000271471d8f60 JavaThread "Notification Thread"        daemon [_thread_blocked, id=2880, stack(0x000000b073000000,0x000000b073100000) (1024K)]
  0x00000271490569c0 JavaThread "Catalina-utility-1"                [_thread_blocked, id=31788, stack(0x000000b073600000,0x000000b073700000) (1024K)]
  0x00000271495537f0 JavaThread "Catalina-utility-2"                [_thread_blocked, id=30660, stack(0x000000b073e00000,0x000000b073f00000) (1024K)]
  0x000002714a5baa00 JavaThread "container-0"                       [_thread_blocked, id=21824, stack(0x000000b073f00000,0x000000b074000000) (1024K)]
  0x000002714af486b0 JavaThread "mysql-cj-abandoned-connection-cleanup" daemon [_thread_blocked, id=31940, stack(0x000000b074000000,0x000000b074100000) (1024K)]
  0x0000027148ec60b0 JavaThread "HikariPool-1 housekeeper"   daemon [_thread_blocked, id=21984, stack(0x000000b074200000,0x000000b074300000) (1024K)]
  0x000002714840c710 JavaThread "http-nio-8080-exec-1"       daemon [_thread_blocked, id=32904, stack(0x000000b074300000,0x000000b074400000) (1024K)]
  0x000002714840e150 JavaThread "http-nio-8080-exec-2"       daemon [_thread_blocked, id=18924, stack(0x000000b074400000,0x000000b074500000) (1024K)]
  0x000002714840b360 JavaThread "http-nio-8080-exec-3"       daemon [_thread_blocked, id=34348, stack(0x000000b074500000,0x000000b074600000) (1024K)]
  0x000002714840cda0 JavaThread "http-nio-8080-exec-4"       daemon [_thread_blocked, id=29228, stack(0x000000b074600000,0x000000b074700000) (1024K)]
  0x000002714840d430 JavaThread "http-nio-8080-exec-5"       daemon [_thread_blocked, id=14980, stack(0x000000b074700000,0x000000b074800000) (1024K)]
  0x000002714840acd0 JavaThread "http-nio-8080-exec-6"       daemon [_thread_blocked, id=30424, stack(0x000000b074800000,0x000000b074900000) (1024K)]
  0x0000027148411c60 JavaThread "http-nio-8080-exec-7"       daemon [_thread_blocked, id=8580, stack(0x000000b074900000,0x000000b074a00000) (1024K)]
  0x00000271484108b0 JavaThread "http-nio-8080-exec-8"       daemon [_thread_blocked, id=20260, stack(0x000000b074a00000,0x000000b074b00000) (1024K)]
  0x00000271484122f0 JavaThread "http-nio-8080-exec-9"       daemon [_thread_blocked, id=32368, stack(0x000000b074b00000,0x000000b074c00000) (1024K)]
  0x000002714840ee70 JavaThread "http-nio-8080-exec-10"      daemon [_thread_blocked, id=27512, stack(0x000000b074c00000,0x000000b074d00000) (1024K)]
  0x000002714840fb90 JavaThread "http-nio-8080-Poller"       daemon [_thread_in_native, id=29616, stack(0x000000b074d00000,0x000000b074e00000) (1024K)]
  0x00000271484115d0 JavaThread "http-nio-8080-Acceptor"     daemon [_thread_in_native, id=34672, stack(0x000000b074e00000,0x000000b074f00000) (1024K)]
  0x0000027148410220 JavaThread "scheduling-1"                      [_thread_blocked, id=4852, stack(0x000000b074f00000,0x000000b075000000) (1024K)]
  0x0000027148410f40 JavaThread "DestroyJavaVM"                     [_thread_blocked, id=31404, stack(0x000000b071d00000,0x000000b071e00000) (1024K)]
  0x000002714b11b610 JavaThread "C2 CompilerThread1"         daemon [_thread_blocked, id=24720, stack(0x000000b075000000,0x000000b075100000) (1024K)]
Total: 31

Other Threads:
  0x000002717f4cfb90 VMThread "VM Thread"                           [id=31088, stack(0x000000b072400000,0x000000b072500000) (1024K)]
  0x000002717f4bee50 WatcherThread "VM Periodic Task Thread"        [id=26064, stack(0x000000b072300000,0x000000b072400000) (1024K)]
  0x0000027160d98cb0 WorkerThread "GC Thread#0"                     [id=15248, stack(0x000000b071e00000,0x000000b071f00000) (1024K)]
  0x000002714750f590 WorkerThread "GC Thread#1"                     [id=10168, stack(0x000000b073100000,0x000000b073200000) (1024K)]
  0x000002714750f940 WorkerThread "GC Thread#2"                     [id=30384, stack(0x000000b073200000,0x000000b073300000) (1024K)]
  0x00000271479139f0 WorkerThread "GC Thread#3"                     [id=18300, stack(0x000000b073300000,0x000000b073400000) (1024K)]
  0x0000027147913da0 WorkerThread "GC Thread#4"                     [id=29648, stack(0x000000b073400000,0x000000b073500000) (1024K)]
  0x000002714769b180 WorkerThread "GC Thread#5"                     [id=2248, stack(0x000000b073500000,0x000000b073600000) (1024K)]
  0x0000027147e67eb0 WorkerThread "GC Thread#6"                     [id=612, stack(0x000000b073700000,0x000000b073800000) (1024K)]
  0x0000027147e67750 WorkerThread "GC Thread#7"                     [id=32068, stack(0x000000b073800000,0x000000b073900000) (1024K)]
  0x0000027147e673a0 WorkerThread "GC Thread#8"                     [id=33808, stack(0x000000b073900000,0x000000b073a00000) (1024K)]
  0x0000027147e66ff0 WorkerThread "GC Thread#9"                     [id=20240, stack(0x000000b073b00000,0x000000b073c00000) (1024K)]
  0x0000027160daa770 ConcurrentGCThread "G1 Main Marker"            [id=30504, stack(0x000000b071f00000,0x000000b072000000) (1024K)]
  0x0000027160daba20 WorkerThread "G1 Conc#0"                       [id=16208, stack(0x000000b072000000,0x000000b072100000) (1024K)]
  0x0000027147e68260 WorkerThread "G1 Conc#1"                       [id=12236, stack(0x000000b073c00000,0x000000b073d00000) (1024K)]
  0x0000027147e67b00 WorkerThread "G1 Conc#2"                       [id=28348, stack(0x000000b073d00000,0x000000b073e00000) (1024K)]
  0x0000027160deea30 ConcurrentGCThread "G1 Refine#0"               [id=9384, stack(0x000000b072100000,0x000000b072200000) (1024K)]
  0x000002717f387610 ConcurrentGCThread "G1 Service"                [id=32304, stack(0x000000b072200000,0x000000b072300000) (1024K)]
Total: 18

Threads with active compile tasks:
C2 CompilerThread0  46036 7589       4       org.antlr.v4.runtime.misc.DoubleKeyMap::put (71 bytes)
Total: 1

VM state: not at safepoint (normal execution)

VM Mutex/Monitor currently owned by a thread: None

Heap address: 0x0000000709c00000, size: 3940 MB, Compressed Oops mode: Zero based, Oop shift amount: 3

CDS archive(s) mapped at: [0x0000027102000000-0x0000027102ce0000-0x0000027102ce0000), size 13500416, SharedBaseAddress: 0x0000027102000000, ArchiveRelocationMode: 1.
Compressed class space mapped at: 0x0000027103000000-0x0000027143000000, reserved size: 1073741824
Narrow klass base: 0x0000027102000000, Narrow klass shift: 0, Narrow klass range: 0x100000000

GC Precious Log:
 CardTable entry size: 512
 Card Set container configuration: InlinePtr #cards 4 size 8 Array Of Cards #cards 16 size 48 Howl #buckets 8 coarsen threshold 3686 Howl Bitmap #cards 512 size 80 coarsen threshold 460 Card regions per heap region 1 cards per card region 4096
 CPUs: 12 total, 12 available
 Memory: 15753M
 Large Page Support: Disabled
 NUMA Support: Disabled
 Compressed Oops: Enabled (Zero based)
 Heap Region Size: 2M
 Heap Min Capacity: 8M
 Heap Initial Capacity: 248M
 Heap Max Capacity: 3940M
 Pre-touch: Disabled
 Parallel Workers: 10
 Concurrent Workers: 3
 Concurrent Refinement Workers: 10
 Periodic GC: Disabled

Heap:
 garbage-first heap   total 530432K, used 215678K [0x0000000709c00000, 0x0000000800000000)
  region size 2048K, 12 young (24576K), 5 survivors (10240K)
 Metaspace       used 85196K, committed 85952K, reserved 1179648K
  class space    used 11378K, committed 11712K, reserved 1048576K

Heap Regions: E=young(eden), S=young(survivor), O=old, HS=humongous(starts), HC=humongous(continues), CS=collection set, F=free, TAMS=top-at-mark-start, PB=parsable bottom
|   0|0x0000000709c00000, 0x0000000709e00000, 0x0000000709e00000|100%| O|  |TAMS 0x0000000709c00000| PB 0x0000000709c00000| Untracked 
|   1|0x0000000709e00000, 0x000000070a000000, 0x000000070a000000|100%| O|  |TAMS 0x0000000709e00000| PB 0x0000000709e00000| Untracked 
|   2|0x000000070a000000, 0x000000070a200000, 0x000000070a200000|100%| O|  |TAMS 0x000000070a000000| PB 0x000000070a000000| Untracked 
|   3|0x000000070a200000, 0x000000070a3e6078, 0x000000070a400000| 94%| O|  |TAMS 0x000000070a200000| PB 0x000000070a200000| Untracked 
|   4|0x000000070a400000, 0x000000070a600000, 0x000000070a600000|100%| O|  |TAMS 0x000000070a400000| PB 0x000000070a400000| Untracked 
|   5|0x000000070a600000, 0x000000070a800000, 0x000000070a800000|100%| O|  |TAMS 0x000000070a600000| PB 0x000000070a600000| Untracked 
|   6|0x000000070a800000, 0x000000070aa00000, 0x000000070aa00000|100%| O|  |TAMS 0x000000070a800000| PB 0x000000070a800000| Untracked 
|   7|0x000000070aa00000, 0x000000070ac00000, 0x000000070ac00000|100%| O|  |TAMS 0x000000070aa00000| PB 0x000000070aa00000| Untracked 
|   8|0x000000070ac00000, 0x000000070ae00000, 0x000000070ae00000|100%| O|  |TAMS 0x000000070ac00000| PB 0x000000070ac00000| Untracked 
|   9|0x000000070ae00000, 0x000000070b000000, 0x000000070b000000|100%| O|  |TAMS 0x000000070ae00000| PB 0x000000070ae00000| Untracked 
|  10|0x000000070b000000, 0x000000070b200000, 0x000000070b200000|100%| O|  |TAMS 0x000000070b000000| PB 0x000000070b000000| Untracked 
|  11|0x000000070b200000, 0x000000070b400000, 0x000000070b400000|100%| O|  |TAMS 0x000000070b200000| PB 0x000000070b200000| Untracked 
|  12|0x000000070b400000, 0x000000070b600000, 0x000000070b600000|100%| O|  |TAMS 0x000000070b400000| PB 0x000000070b400000| Untracked 
|  13|0x000000070b600000, 0x000000070b800000, 0x000000070b800000|100%| O|  |TAMS 0x000000070b600000| PB 0x000000070b600000| Untracked 
|  14|0x000000070b800000, 0x000000070ba00000, 0x000000070ba00000|100%| O|  |TAMS 0x000000070b800000| PB 0x000000070b800000| Untracked 
|  15|0x000000070ba00000, 0x000000070bc00000, 0x000000070bc00000|100%| O|  |TAMS 0x000000070ba00000| PB 0x000000070ba00000| Untracked 
|  16|0x000000070bc00000, 0x000000070be00000, 0x000000070be00000|100%| O|  |TAMS 0x000000070bc00000| PB 0x000000070bc00000| Untracked 
|  17|0x000000070be00000, 0x000000070c000000, 0x000000070c000000|100%| O|  |TAMS 0x000000070be00000| PB 0x000000070be00000| Untracked 
|  18|0x000000070c000000, 0x000000070c200000, 0x000000070c200000|100%| O|  |TAMS 0x000000070c000000| PB 0x000000070c000000| Untracked 
|  19|0x000000070c200000, 0x000000070c400000, 0x000000070c400000|100%| O|  |TAMS 0x000000070c200000| PB 0x000000070c200000| Untracked 
|  20|0x000000070c400000, 0x000000070c600000, 0x000000070c600000|100%| O|  |TAMS 0x000000070c400000| PB 0x000000070c400000| Untracked 
|  21|0x000000070c600000, 0x000000070c600000, 0x000000070c800000|  0%| F|  |TAMS 0x000000070c600000| PB 0x000000070c600000| Untracked 
|  22|0x000000070c800000, 0x000000070ca00000, 0x000000070ca00000|100%| O|  |TAMS 0x000000070c800000| PB 0x000000070c800000| Untracked 
|  23|0x000000070ca00000, 0x000000070cc00000, 0x000000070cc00000|100%| O|  |TAMS 0x000000070ca00000| PB 0x000000070ca00000| Untracked 
|  24|0x000000070cc00000, 0x000000070ce00000, 0x000000070ce00000|100%| O|  |TAMS 0x000000070cc00000| PB 0x000000070cc00000| Untracked 
|  25|0x000000070ce00000, 0x000000070d000000, 0x000000070d000000|100%| O|  |TAMS 0x000000070ce00000| PB 0x000000070ce00000| Untracked 
|  26|0x000000070d000000, 0x000000070d200000, 0x000000070d200000|100%| O|  |TAMS 0x000000070d000000| PB 0x000000070d000000| Untracked 
|  27|0x000000070d200000, 0x000000070d400000, 0x000000070d400000|100%|HS|  |TAMS 0x000000070d200000| PB 0x000000070d200000| Complete 
|  28|0x000000070d400000, 0x000000070d600000, 0x000000070d600000|100%|HC|  |TAMS 0x000000070d400000| PB 0x000000070d400000| Complete 
|  29|0x000000070d600000, 0x000000070d800000, 0x000000070d800000|100%| O|  |TAMS 0x000000070d600000| PB 0x000000070d600000| Untracked 
|  30|0x000000070d800000, 0x000000070da00000, 0x000000070da00000|100%| O|  |TAMS 0x000000070d800000| PB 0x000000070d800000| Untracked 
|  31|0x000000070da00000, 0x000000070dc00000, 0x000000070dc00000|100%| O|  |TAMS 0x000000070da00000| PB 0x000000070da00000| Untracked 
|  32|0x000000070dc00000, 0x000000070de00000, 0x000000070de00000|100%| O|  |TAMS 0x000000070dc00000| PB 0x000000070dc00000| Untracked 
|  33|0x000000070de00000, 0x000000070e000000, 0x000000070e000000|100%| O|  |TAMS 0x000000070de00000| PB 0x000000070de00000| Untracked 
|  34|0x000000070e000000, 0x000000070e200000, 0x000000070e200000|100%| O|  |TAMS 0x000000070e000000| PB 0x000000070e000000| Untracked 
|  35|0x000000070e200000, 0x000000070e400000, 0x000000070e400000|100%| O|  |TAMS 0x000000070e200000| PB 0x000000070e200000| Untracked 
|  36|0x000000070e400000, 0x000000070e600000, 0x000000070e600000|100%| O|  |TAMS 0x000000070e400000| PB 0x000000070e400000| Untracked 
|  37|0x000000070e600000, 0x000000070e800000, 0x000000070e800000|100%| O|  |TAMS 0x000000070e600000| PB 0x000000070e600000| Untracked 
|  38|0x000000070e800000, 0x000000070ea00000, 0x000000070ea00000|100%| O|  |TAMS 0x000000070e800000| PB 0x000000070e800000| Untracked 
|  39|0x000000070ea00000, 0x000000070ec00000, 0x000000070ec00000|100%| O|  |TAMS 0x000000070ea00000| PB 0x000000070ea00000| Untracked 
|  40|0x000000070ec00000, 0x000000070ee00000, 0x000000070ee00000|100%| O|  |TAMS 0x000000070ec00000| PB 0x000000070ec00000| Untracked 
|  41|0x000000070ee00000, 0x000000070f000000, 0x000000070f000000|100%| O|  |TAMS 0x000000070ee00000| PB 0x000000070ee00000| Untracked 
|  42|0x000000070f000000, 0x000000070f200000, 0x000000070f200000|100%| O|  |TAMS 0x000000070f000000| PB 0x000000070f000000| Untracked 
|  43|0x000000070f200000, 0x000000070f400000, 0x000000070f400000|100%| O|  |TAMS 0x000000070f200000| PB 0x000000070f200000| Untracked 
|  44|0x000000070f400000, 0x000000070f600000, 0x000000070f600000|100%| O|  |TAMS 0x000000070f400000| PB 0x000000070f400000| Untracked 
|  45|0x000000070f600000, 0x000000070f800000, 0x000000070f800000|100%| O|  |TAMS 0x000000070f600000| PB 0x000000070f600000| Untracked 
|  46|0x000000070f800000, 0x000000070fa00000, 0x000000070fa00000|100%| O|  |TAMS 0x000000070f800000| PB 0x000000070f800000| Untracked 
|  47|0x000000070fa00000, 0x000000070fa00000, 0x000000070fc00000|  0%| F|  |TAMS 0x000000070fa00000| PB 0x000000070fa00000| Untracked 
|  48|0x000000070fc00000, 0x000000070fdc8390, 0x000000070fe00000| 89%| O|  |TAMS 0x000000070fc00000| PB 0x000000070fc00000| Untracked 
|  49|0x000000070fe00000, 0x0000000710000000, 0x0000000710000000|100%| O|  |TAMS 0x000000070fe00000| PB 0x000000070fe00000| Untracked 
|  50|0x0000000710000000, 0x0000000710200000, 0x0000000710200000|100%| O|  |TAMS 0x0000000710000000| PB 0x0000000710000000| Untracked 
|  51|0x0000000710200000, 0x0000000710400000, 0x0000000710400000|100%| O|  |TAMS 0x0000000710200000| PB 0x0000000710200000| Untracked 
|  52|0x0000000710400000, 0x0000000710600000, 0x0000000710600000|100%| O|  |TAMS 0x0000000710400000| PB 0x0000000710400000| Untracked 
|  53|0x0000000710600000, 0x0000000710800000, 0x0000000710800000|100%| O|  |TAMS 0x0000000710600000| PB 0x0000000710600000| Untracked 
|  54|0x0000000710800000, 0x0000000710a00000, 0x0000000710a00000|100%| O|  |TAMS 0x0000000710800000| PB 0x0000000710800000| Untracked 
|  55|0x0000000710a00000, 0x0000000710c00000, 0x0000000710c00000|100%| O|  |TAMS 0x0000000710a00000| PB 0x0000000710a00000| Untracked 
|  56|0x0000000710c00000, 0x0000000710e00000, 0x0000000710e00000|100%| O|  |TAMS 0x0000000710c00000| PB 0x0000000710c00000| Untracked 
|  57|0x0000000710e00000, 0x0000000711000000, 0x0000000711000000|100%| O|  |TAMS 0x0000000710e00000| PB 0x0000000710e00000| Untracked 
|  58|0x0000000711000000, 0x0000000711200000, 0x0000000711200000|100%| O|  |TAMS 0x0000000711000000| PB 0x0000000711000000| Untracked 
|  59|0x0000000711200000, 0x0000000711400000, 0x0000000711400000|100%| O|  |TAMS 0x0000000711200000| PB 0x0000000711200000| Untracked 
|  60|0x0000000711400000, 0x0000000711600000, 0x0000000711600000|100%| O|  |TAMS 0x0000000711400000| PB 0x0000000711400000| Untracked 
|  61|0x0000000711600000, 0x0000000711800000, 0x0000000711800000|100%| O|  |TAMS 0x0000000711600000| PB 0x0000000711600000| Untracked 
|  62|0x0000000711800000, 0x0000000711a00000, 0x0000000711a00000|100%| O|  |TAMS 0x0000000711800000| PB 0x0000000711800000| Untracked 
|  63|0x0000000711a00000, 0x0000000711c00000, 0x0000000711c00000|100%| O|  |TAMS 0x0000000711a00000| PB 0x0000000711a00000| Untracked 
|  64|0x0000000711c00000, 0x0000000711e00000, 0x0000000711e00000|100%| O|  |TAMS 0x0000000711c00000| PB 0x0000000711c00000| Untracked 
|  65|0x0000000711e00000, 0x0000000712000000, 0x0000000712000000|100%| O|  |TAMS 0x0000000711e00000| PB 0x0000000711e00000| Untracked 
|  66|0x0000000712000000, 0x0000000712200000, 0x0000000712200000|100%| O|  |TAMS 0x0000000712000000| PB 0x0000000712000000| Untracked 
|  67|0x0000000712200000, 0x0000000712400000, 0x0000000712400000|100%| O|  |TAMS 0x0000000712200000| PB 0x0000000712200000| Untracked 
|  68|0x0000000712400000, 0x0000000712600000, 0x0000000712600000|100%| O|  |TAMS 0x0000000712400000| PB 0x0000000712400000| Untracked 
|  69|0x0000000712600000, 0x0000000712800000, 0x0000000712800000|100%| O|  |TAMS 0x0000000712600000| PB 0x0000000712600000| Untracked 
|  70|0x0000000712800000, 0x0000000712a00000, 0x0000000712a00000|100%| O|  |TAMS 0x0000000712800000| PB 0x0000000712800000| Untracked 
|  71|0x0000000712a00000, 0x0000000712c00000, 0x0000000712c00000|100%| O|  |TAMS 0x0000000712a00000| PB 0x0000000712a00000| Untracked 
|  72|0x0000000712c00000, 0x0000000712e00000, 0x0000000712e00000|100%| O|  |TAMS 0x0000000712c00000| PB 0x0000000712c00000| Untracked 
|  73|0x0000000712e00000, 0x0000000713000000, 0x0000000713000000|100%| O|  |TAMS 0x0000000712e00000| PB 0x0000000712e00000| Untracked 
|  74|0x0000000713000000, 0x0000000713200000, 0x0000000713200000|100%| O|  |TAMS 0x0000000713000000| PB 0x0000000713000000| Untracked 
|  75|0x0000000713200000, 0x0000000713400000, 0x0000000713400000|100%| O|  |TAMS 0x0000000713200000| PB 0x0000000713200000| Untracked 
|  76|0x0000000713400000, 0x0000000713600000, 0x0000000713600000|100%| O|  |TAMS 0x0000000713400000| PB 0x0000000713400000| Untracked 
|  77|0x0000000713600000, 0x0000000713800000, 0x0000000713800000|100%| O|  |TAMS 0x0000000713600000| PB 0x0000000713600000| Untracked 
|  78|0x0000000713800000, 0x0000000713a00000, 0x0000000713a00000|100%| O|  |TAMS 0x0000000713800000| PB 0x0000000713800000| Untracked 
|  79|0x0000000713a00000, 0x0000000713c00000, 0x0000000713c00000|100%| O|  |TAMS 0x0000000713a00000| PB 0x0000000713a00000| Untracked 
|  80|0x0000000713c00000, 0x0000000713e00000, 0x0000000713e00000|100%| O|  |TAMS 0x0000000713c00000| PB 0x0000000713c00000| Untracked 
|  81|0x0000000713e00000, 0x0000000714000000, 0x0000000714000000|100%| O|  |TAMS 0x0000000713e00000| PB 0x0000000713e00000| Untracked 
|  82|0x0000000714000000, 0x0000000714200000, 0x0000000714200000|100%| O|  |TAMS 0x0000000714000000| PB 0x0000000714000000| Untracked 
|  83|0x0000000714200000, 0x0000000714400000, 0x0000000714400000|100%| O|  |TAMS 0x0000000714200000| PB 0x0000000714200000| Untracked 
|  84|0x0000000714400000, 0x0000000714600000, 0x0000000714600000|100%| O|  |TAMS 0x0000000714400000| PB 0x0000000714400000| Untracked 
|  85|0x0000000714600000, 0x0000000714800000, 0x0000000714800000|100%| O|  |TAMS 0x0000000714600000| PB 0x0000000714600000| Untracked 
|  86|0x0000000714800000, 0x0000000714a00000, 0x0000000714a00000|100%| O|  |TAMS 0x0000000714800000| PB 0x0000000714800000| Untracked 
|  87|0x0000000714a00000, 0x0000000714c00000, 0x0000000714c00000|100%| O|  |TAMS 0x0000000714a00000| PB 0x0000000714a00000| Untracked 
|  88|0x0000000714c00000, 0x0000000714e00000, 0x0000000714e00000|100%| O|  |TAMS 0x0000000714c00000| PB 0x0000000714c00000| Untracked 
|  89|0x0000000714e00000, 0x0000000715000000, 0x0000000715000000|100%| O|  |TAMS 0x0000000714e00000| PB 0x0000000714e00000| Untracked 
|  90|0x0000000715000000, 0x0000000715200000, 0x0000000715200000|100%| O|  |TAMS 0x0000000715000000| PB 0x0000000715000000| Untracked 
|  91|0x0000000715200000, 0x0000000715400000, 0x0000000715400000|100%| O|  |TAMS 0x0000000715200000| PB 0x0000000715200000| Untracked 
|  92|0x0000000715400000, 0x0000000715600000, 0x0000000715600000|100%| O|  |TAMS 0x0000000715400000| PB 0x0000000715400000| Untracked 
|  93|0x0000000715600000, 0x0000000715800000, 0x0000000715800000|100%| O|  |TAMS 0x0000000715600000| PB 0x0000000715600000| Untracked 
|  94|0x0000000715800000, 0x0000000715a00000, 0x0000000715a00000|100%| O|  |TAMS 0x0000000715800000| PB 0x0000000715800000| Untracked 
|  95|0x0000000715a00000, 0x0000000715b03488, 0x0000000715c00000| 50%| O|  |TAMS 0x0000000715a00000| PB 0x0000000715a00000| Untracked 
|  96|0x0000000715c00000, 0x0000000715c00000, 0x0000000715e00000|  0%| F|  |TAMS 0x0000000715c00000| PB 0x0000000715c00000| Untracked 
|  97|0x0000000715e00000, 0x0000000715e00000, 0x0000000716000000|  0%| F|  |TAMS 0x0000000715e00000| PB 0x0000000715e00000| Untracked 
|  98|0x0000000716000000, 0x0000000716000000, 0x0000000716200000|  0%| F|  |TAMS 0x0000000716000000| PB 0x0000000716000000| Untracked 
|  99|0x0000000716200000, 0x0000000716200000, 0x0000000716400000|  0%| F|  |TAMS 0x0000000716200000| PB 0x0000000716200000| Untracked 
| 100|0x0000000716400000, 0x0000000716400000, 0x0000000716600000|  0%| F|  |TAMS 0x0000000716400000| PB 0x0000000716400000| Untracked 
| 101|0x0000000716600000, 0x0000000716600000, 0x0000000716800000|  0%| F|  |TAMS 0x0000000716600000| PB 0x0000000716600000| Untracked 
| 102|0x0000000716800000, 0x0000000716800000, 0x0000000716a00000|  0%| F|  |TAMS 0x0000000716800000| PB 0x0000000716800000| Untracked 
| 103|0x0000000716a00000, 0x0000000716a00000, 0x0000000716c00000|  0%| F|  |TAMS 0x0000000716a00000| PB 0x0000000716a00000| Untracked 
| 104|0x0000000716c00000, 0x0000000716c00000, 0x0000000716e00000|  0%| F|  |TAMS 0x0000000716c00000| PB 0x0000000716c00000| Untracked 
| 105|0x0000000716e00000, 0x0000000716e00000, 0x0000000717000000|  0%| F|  |TAMS 0x0000000716e00000| PB 0x0000000716e00000| Untracked 
| 106|0x0000000717000000, 0x0000000717000000, 0x0000000717200000|  0%| F|  |TAMS 0x0000000717000000| PB 0x0000000717000000| Untracked 
| 107|0x0000000717200000, 0x0000000717200000, 0x0000000717400000|  0%| F|  |TAMS 0x0000000717200000| PB 0x0000000717200000| Untracked 
| 108|0x0000000717400000, 0x0000000717400000, 0x0000000717600000|  0%| F|  |TAMS 0x0000000717400000| PB 0x0000000717400000| Untracked 
| 109|0x0000000717600000, 0x0000000717600000, 0x0000000717800000|  0%| F|  |TAMS 0x0000000717600000| PB 0x0000000717600000| Untracked 
| 110|0x0000000717800000, 0x0000000717800000, 0x0000000717a00000|  0%| F|  |TAMS 0x0000000717800000| PB 0x0000000717800000| Untracked 
| 111|0x0000000717a00000, 0x0000000717a00000, 0x0000000717c00000|  0%| F|  |TAMS 0x0000000717a00000| PB 0x0000000717a00000| Untracked 
| 112|0x0000000717c00000, 0x0000000717c00000, 0x0000000717e00000|  0%| F|  |TAMS 0x0000000717c00000| PB 0x0000000717c00000| Untracked 
| 113|0x0000000717e00000, 0x0000000717e00000, 0x0000000718000000|  0%| F|  |TAMS 0x0000000717e00000| PB 0x0000000717e00000| Untracked 
| 114|0x0000000718000000, 0x0000000718000000, 0x0000000718200000|  0%| F|  |TAMS 0x0000000718000000| PB 0x0000000718000000| Untracked 
| 115|0x0000000718200000, 0x0000000718200000, 0x0000000718400000|  0%| F|  |TAMS 0x0000000718200000| PB 0x0000000718200000| Untracked 
| 116|0x0000000718400000, 0x0000000718400000, 0x0000000718600000|  0%| F|  |TAMS 0x0000000718400000| PB 0x0000000718400000| Untracked 
| 117|0x0000000718600000, 0x0000000718600000, 0x0000000718800000|  0%| F|  |TAMS 0x0000000718600000| PB 0x0000000718600000| Untracked 
| 118|0x0000000718800000, 0x0000000718800000, 0x0000000718a00000|  0%| F|  |TAMS 0x0000000718800000| PB 0x0000000718800000| Untracked 
| 119|0x0000000718a00000, 0x0000000718a00000, 0x0000000718c00000|  0%| F|  |TAMS 0x0000000718a00000| PB 0x0000000718a00000| Untracked 
| 120|0x0000000718c00000, 0x0000000718c00000, 0x0000000718e00000|  0%| F|  |TAMS 0x0000000718c00000| PB 0x0000000718c00000| Untracked 
| 121|0x0000000718e00000, 0x0000000718e00000, 0x0000000719000000|  0%| F|  |TAMS 0x0000000718e00000| PB 0x0000000718e00000| Untracked 
| 122|0x0000000719000000, 0x0000000719000000, 0x0000000719200000|  0%| F|  |TAMS 0x0000000719000000| PB 0x0000000719000000| Untracked 
| 123|0x0000000719200000, 0x0000000719200000, 0x0000000719400000|  0%| F|  |TAMS 0x0000000719200000| PB 0x0000000719200000| Untracked 
| 124|0x0000000719400000, 0x0000000719400000, 0x0000000719600000|  0%| F|  |TAMS 0x0000000719400000| PB 0x0000000719400000| Untracked 
| 125|0x0000000719600000, 0x0000000719600000, 0x0000000719800000|  0%| F|  |TAMS 0x0000000719600000| PB 0x0000000719600000| Untracked 
| 126|0x0000000719800000, 0x0000000719800000, 0x0000000719a00000|  0%| F|  |TAMS 0x0000000719800000| PB 0x0000000719800000| Untracked 
| 127|0x0000000719a00000, 0x0000000719a00000, 0x0000000719c00000|  0%| F|  |TAMS 0x0000000719a00000| PB 0x0000000719a00000| Untracked 
| 128|0x0000000719c00000, 0x0000000719c00000, 0x0000000719e00000|  0%| F|  |TAMS 0x0000000719c00000| PB 0x0000000719c00000| Untracked 
| 129|0x0000000719e00000, 0x0000000719e00000, 0x000000071a000000|  0%| F|  |TAMS 0x0000000719e00000| PB 0x0000000719e00000| Untracked 
| 130|0x000000071a000000, 0x000000071a000000, 0x000000071a200000|  0%| F|  |TAMS 0x000000071a000000| PB 0x000000071a000000| Untracked 
| 131|0x000000071a200000, 0x000000071a200000, 0x000000071a400000|  0%| F|  |TAMS 0x000000071a200000| PB 0x000000071a200000| Untracked 
| 132|0x000000071a400000, 0x000000071a400000, 0x000000071a600000|  0%| F|  |TAMS 0x000000071a400000| PB 0x000000071a400000| Untracked 
| 133|0x000000071a600000, 0x000000071a600000, 0x000000071a800000|  0%| F|  |TAMS 0x000000071a600000| PB 0x000000071a600000| Untracked 
| 134|0x000000071a800000, 0x000000071a800000, 0x000000071aa00000|  0%| F|  |TAMS 0x000000071a800000| PB 0x000000071a800000| Untracked 
| 135|0x000000071aa00000, 0x000000071aa00000, 0x000000071ac00000|  0%| F|  |TAMS 0x000000071aa00000| PB 0x000000071aa00000| Untracked 
| 136|0x000000071ac00000, 0x000000071ac00000, 0x000000071ae00000|  0%| F|  |TAMS 0x000000071ac00000| PB 0x000000071ac00000| Untracked 
| 137|0x000000071ae00000, 0x000000071ae00000, 0x000000071b000000|  0%| F|  |TAMS 0x000000071ae00000| PB 0x000000071ae00000| Untracked 
| 138|0x000000071b000000, 0x000000071b000000, 0x000000071b200000|  0%| F|  |TAMS 0x000000071b000000| PB 0x000000071b000000| Untracked 
| 139|0x000000071b200000, 0x000000071b200000, 0x000000071b400000|  0%| F|  |TAMS 0x000000071b200000| PB 0x000000071b200000| Untracked 
| 140|0x000000071b400000, 0x000000071b400000, 0x000000071b600000|  0%| F|  |TAMS 0x000000071b400000| PB 0x000000071b400000| Untracked 
| 141|0x000000071b600000, 0x000000071b600000, 0x000000071b800000|  0%| F|  |TAMS 0x000000071b600000| PB 0x000000071b600000| Untracked 
| 142|0x000000071b800000, 0x000000071b800000, 0x000000071ba00000|  0%| F|  |TAMS 0x000000071b800000| PB 0x000000071b800000| Untracked 
| 143|0x000000071ba00000, 0x000000071ba00000, 0x000000071bc00000|  0%| F|  |TAMS 0x000000071ba00000| PB 0x000000071ba00000| Untracked 
| 144|0x000000071bc00000, 0x000000071bc00000, 0x000000071be00000|  0%| F|  |TAMS 0x000000071bc00000| PB 0x000000071bc00000| Untracked 
| 145|0x000000071be00000, 0x000000071be00000, 0x000000071c000000|  0%| F|  |TAMS 0x000000071be00000| PB 0x000000071be00000| Untracked 
| 146|0x000000071c000000, 0x000000071c000000, 0x000000071c200000|  0%| F|  |TAMS 0x000000071c000000| PB 0x000000071c000000| Untracked 
| 147|0x000000071c200000, 0x000000071c200000, 0x000000071c400000|  0%| F|  |TAMS 0x000000071c200000| PB 0x000000071c200000| Untracked 
| 148|0x000000071c400000, 0x000000071c400000, 0x000000071c600000|  0%| F|  |TAMS 0x000000071c400000| PB 0x000000071c400000| Untracked 
| 149|0x000000071c600000, 0x000000071c600000, 0x000000071c800000|  0%| F|  |TAMS 0x000000071c600000| PB 0x000000071c600000| Untracked 
| 150|0x000000071c800000, 0x000000071c800000, 0x000000071ca00000|  0%| F|  |TAMS 0x000000071c800000| PB 0x000000071c800000| Untracked 
| 151|0x000000071ca00000, 0x000000071ca00000, 0x000000071cc00000|  0%| F|  |TAMS 0x000000071ca00000| PB 0x000000071ca00000| Untracked 
| 152|0x000000071cc00000, 0x000000071cc00000, 0x000000071ce00000|  0%| F|  |TAMS 0x000000071cc00000| PB 0x000000071cc00000| Untracked 
| 153|0x000000071ce00000, 0x000000071ce00000, 0x000000071d000000|  0%| F|  |TAMS 0x000000071ce00000| PB 0x000000071ce00000| Untracked 
| 154|0x000000071d000000, 0x000000071d000000, 0x000000071d200000|  0%| F|  |TAMS 0x000000071d000000| PB 0x000000071d000000| Untracked 
| 155|0x000000071d200000, 0x000000071d200000, 0x000000071d400000|  0%| F|  |TAMS 0x000000071d200000| PB 0x000000071d200000| Untracked 
| 156|0x000000071d400000, 0x000000071d400000, 0x000000071d600000|  0%| F|  |TAMS 0x000000071d400000| PB 0x000000071d400000| Untracked 
| 157|0x000000071d600000, 0x000000071d600000, 0x000000071d800000|  0%| F|  |TAMS 0x000000071d600000| PB 0x000000071d600000| Untracked 
| 158|0x000000071d800000, 0x000000071d9ee360, 0x000000071da00000| 96%| S|CS|TAMS 0x000000071d800000| PB 0x000000071d800000| Complete 
| 159|0x000000071da00000, 0x000000071dc00000, 0x000000071dc00000|100%| S|CS|TAMS 0x000000071da00000| PB 0x000000071da00000| Complete 
| 160|0x000000071dc00000, 0x000000071de00000, 0x000000071de00000|100%| S|CS|TAMS 0x000000071dc00000| PB 0x000000071dc00000| Complete 
| 161|0x000000071de00000, 0x000000071e000000, 0x000000071e000000|100%| S|CS|TAMS 0x000000071de00000| PB 0x000000071de00000| Complete 
| 162|0x000000071e000000, 0x000000071e200000, 0x000000071e200000|100%| S|CS|TAMS 0x000000071e000000| PB 0x000000071e000000| Complete 
| 163|0x000000071e200000, 0x000000071e200000, 0x000000071e400000|  0%| F|  |TAMS 0x000000071e200000| PB 0x000000071e200000| Untracked 
| 164|0x000000071e400000, 0x000000071e400000, 0x000000071e600000|  0%| F|  |TAMS 0x000000071e400000| PB 0x000000071e400000| Untracked 
| 165|0x000000071e600000, 0x000000071e600000, 0x000000071e800000|  0%| F|  |TAMS 0x000000071e600000| PB 0x000000071e600000| Untracked 
| 166|0x000000071e800000, 0x000000071e800000, 0x000000071ea00000|  0%| F|  |TAMS 0x000000071e800000| PB 0x000000071e800000| Untracked 
| 167|0x000000071ea00000, 0x000000071ea00000, 0x000000071ec00000|  0%| F|  |TAMS 0x000000071ea00000| PB 0x000000071ea00000| Untracked 
| 168|0x000000071ec00000, 0x000000071ec00000, 0x000000071ee00000|  0%| F|  |TAMS 0x000000071ec00000| PB 0x000000071ec00000| Untracked 
| 169|0x000000071ee00000, 0x000000071ee00000, 0x000000071f000000|  0%| F|  |TAMS 0x000000071ee00000| PB 0x000000071ee00000| Untracked 
| 170|0x000000071f000000, 0x000000071f000000, 0x000000071f200000|  0%| F|  |TAMS 0x000000071f000000| PB 0x000000071f000000| Untracked 
| 171|0x000000071f200000, 0x000000071f200000, 0x000000071f400000|  0%| F|  |TAMS 0x000000071f200000| PB 0x000000071f200000| Untracked 
| 172|0x000000071f400000, 0x000000071f400000, 0x000000071f600000|  0%| F|  |TAMS 0x000000071f400000| PB 0x000000071f400000| Untracked 
| 173|0x000000071f600000, 0x000000071f600000, 0x000000071f800000|  0%| F|  |TAMS 0x000000071f600000| PB 0x000000071f600000| Untracked 
| 174|0x000000071f800000, 0x000000071f800000, 0x000000071fa00000|  0%| F|  |TAMS 0x000000071f800000| PB 0x000000071f800000| Untracked 
| 175|0x000000071fa00000, 0x000000071fa00000, 0x000000071fc00000|  0%| F|  |TAMS 0x000000071fa00000| PB 0x000000071fa00000| Untracked 
| 176|0x000000071fc00000, 0x000000071fc00000, 0x000000071fe00000|  0%| F|  |TAMS 0x000000071fc00000| PB 0x000000071fc00000| Untracked 
| 177|0x000000071fe00000, 0x000000071fe00000, 0x0000000720000000|  0%| F|  |TAMS 0x000000071fe00000| PB 0x000000071fe00000| Untracked 
| 178|0x0000000720000000, 0x0000000720000000, 0x0000000720200000|  0%| F|  |TAMS 0x0000000720000000| PB 0x0000000720000000| Untracked 
| 179|0x0000000720200000, 0x0000000720200000, 0x0000000720400000|  0%| F|  |TAMS 0x0000000720200000| PB 0x0000000720200000| Untracked 
| 180|0x0000000720400000, 0x0000000720400000, 0x0000000720600000|  0%| F|  |TAMS 0x0000000720400000| PB 0x0000000720400000| Untracked 
| 181|0x0000000720600000, 0x0000000720600000, 0x0000000720800000|  0%| F|  |TAMS 0x0000000720600000| PB 0x0000000720600000| Untracked 
| 182|0x0000000720800000, 0x0000000720800000, 0x0000000720a00000|  0%| F|  |TAMS 0x0000000720800000| PB 0x0000000720800000| Untracked 
| 183|0x0000000720a00000, 0x0000000720a00000, 0x0000000720c00000|  0%| F|  |TAMS 0x0000000720a00000| PB 0x0000000720a00000| Untracked 
| 184|0x0000000720c00000, 0x0000000720c00000, 0x0000000720e00000|  0%| F|  |TAMS 0x0000000720c00000| PB 0x0000000720c00000| Untracked 
| 185|0x0000000720e00000, 0x0000000720e00000, 0x0000000721000000|  0%| F|  |TAMS 0x0000000720e00000| PB 0x0000000720e00000| Untracked 
| 186|0x0000000721000000, 0x0000000721000000, 0x0000000721200000|  0%| F|  |TAMS 0x0000000721000000| PB 0x0000000721000000| Untracked 
| 187|0x0000000721200000, 0x0000000721200000, 0x0000000721400000|  0%| F|  |TAMS 0x0000000721200000| PB 0x0000000721200000| Untracked 
| 188|0x0000000721400000, 0x0000000721400000, 0x0000000721600000|  0%| F|  |TAMS 0x0000000721400000| PB 0x0000000721400000| Untracked 
| 189|0x0000000721600000, 0x0000000721600000, 0x0000000721800000|  0%| F|  |TAMS 0x0000000721600000| PB 0x0000000721600000| Untracked 
| 190|0x0000000721800000, 0x0000000721800000, 0x0000000721a00000|  0%| F|  |TAMS 0x0000000721800000| PB 0x0000000721800000| Untracked 
| 191|0x0000000721a00000, 0x0000000721a00000, 0x0000000721c00000|  0%| F|  |TAMS 0x0000000721a00000| PB 0x0000000721a00000| Untracked 
| 192|0x0000000721c00000, 0x0000000721c00000, 0x0000000721e00000|  0%| F|  |TAMS 0x0000000721c00000| PB 0x0000000721c00000| Untracked 
| 193|0x0000000721e00000, 0x0000000721e00000, 0x0000000722000000|  0%| F|  |TAMS 0x0000000721e00000| PB 0x0000000721e00000| Untracked 
| 194|0x0000000722000000, 0x0000000722000000, 0x0000000722200000|  0%| F|  |TAMS 0x0000000722000000| PB 0x0000000722000000| Untracked 
| 195|0x0000000722200000, 0x0000000722200000, 0x0000000722400000|  0%| F|  |TAMS 0x0000000722200000| PB 0x0000000722200000| Untracked 
| 196|0x0000000722400000, 0x0000000722400000, 0x0000000722600000|  0%| F|  |TAMS 0x0000000722400000| PB 0x0000000722400000| Untracked 
| 197|0x0000000722600000, 0x0000000722600000, 0x0000000722800000|  0%| F|  |TAMS 0x0000000722600000| PB 0x0000000722600000| Untracked 
| 198|0x0000000722800000, 0x0000000722800000, 0x0000000722a00000|  0%| F|  |TAMS 0x0000000722800000| PB 0x0000000722800000| Untracked 
| 199|0x0000000722a00000, 0x0000000722a00000, 0x0000000722c00000|  0%| F|  |TAMS 0x0000000722a00000| PB 0x0000000722a00000| Untracked 
| 200|0x0000000722c00000, 0x0000000722c00000, 0x0000000722e00000|  0%| F|  |TAMS 0x0000000722c00000| PB 0x0000000722c00000| Untracked 
| 201|0x0000000722e00000, 0x0000000722e00000, 0x0000000723000000|  0%| F|  |TAMS 0x0000000722e00000| PB 0x0000000722e00000| Untracked 
| 202|0x0000000723000000, 0x0000000723000000, 0x0000000723200000|  0%| F|  |TAMS 0x0000000723000000| PB 0x0000000723000000| Untracked 
| 203|0x0000000723200000, 0x0000000723200000, 0x0000000723400000|  0%| F|  |TAMS 0x0000000723200000| PB 0x0000000723200000| Untracked 
| 204|0x0000000723400000, 0x0000000723400000, 0x0000000723600000|  0%| F|  |TAMS 0x0000000723400000| PB 0x0000000723400000| Untracked 
| 205|0x0000000723600000, 0x0000000723600000, 0x0000000723800000|  0%| F|  |TAMS 0x0000000723600000| PB 0x0000000723600000| Untracked 
| 206|0x0000000723800000, 0x0000000723800000, 0x0000000723a00000|  0%| F|  |TAMS 0x0000000723800000| PB 0x0000000723800000| Untracked 
| 207|0x0000000723a00000, 0x0000000723a00000, 0x0000000723c00000|  0%| F|  |TAMS 0x0000000723a00000| PB 0x0000000723a00000| Untracked 
| 208|0x0000000723c00000, 0x0000000723c00000, 0x0000000723e00000|  0%| F|  |TAMS 0x0000000723c00000| PB 0x0000000723c00000| Untracked 
| 209|0x0000000723e00000, 0x0000000723e00000, 0x0000000724000000|  0%| F|  |TAMS 0x0000000723e00000| PB 0x0000000723e00000| Untracked 
| 210|0x0000000724000000, 0x0000000724000000, 0x0000000724200000|  0%| F|  |TAMS 0x0000000724000000| PB 0x0000000724000000| Untracked 
| 211|0x0000000724200000, 0x0000000724200000, 0x0000000724400000|  0%| F|  |TAMS 0x0000000724200000| PB 0x0000000724200000| Untracked 
| 212|0x0000000724400000, 0x0000000724400000, 0x0000000724600000|  0%| F|  |TAMS 0x0000000724400000| PB 0x0000000724400000| Untracked 
| 213|0x0000000724600000, 0x0000000724600000, 0x0000000724800000|  0%| F|  |TAMS 0x0000000724600000| PB 0x0000000724600000| Untracked 
| 214|0x0000000724800000, 0x0000000724800000, 0x0000000724a00000|  0%| F|  |TAMS 0x0000000724800000| PB 0x0000000724800000| Untracked 
| 215|0x0000000724a00000, 0x0000000724a00000, 0x0000000724c00000|  0%| F|  |TAMS 0x0000000724a00000| PB 0x0000000724a00000| Untracked 
| 216|0x0000000724c00000, 0x0000000724c00000, 0x0000000724e00000|  0%| F|  |TAMS 0x0000000724c00000| PB 0x0000000724c00000| Untracked 
| 217|0x0000000724e00000, 0x0000000724e00000, 0x0000000725000000|  0%| F|  |TAMS 0x0000000724e00000| PB 0x0000000724e00000| Untracked 
| 218|0x0000000725000000, 0x0000000725000000, 0x0000000725200000|  0%| F|  |TAMS 0x0000000725000000| PB 0x0000000725000000| Untracked 
| 219|0x0000000725200000, 0x0000000725200000, 0x0000000725400000|  0%| F|  |TAMS 0x0000000725200000| PB 0x0000000725200000| Untracked 
| 220|0x0000000725400000, 0x0000000725400000, 0x0000000725600000|  0%| F|  |TAMS 0x0000000725400000| PB 0x0000000725400000| Untracked 
| 221|0x0000000725600000, 0x0000000725600000, 0x0000000725800000|  0%| F|  |TAMS 0x0000000725600000| PB 0x0000000725600000| Untracked 
| 222|0x0000000725800000, 0x0000000725800000, 0x0000000725a00000|  0%| F|  |TAMS 0x0000000725800000| PB 0x0000000725800000| Untracked 
| 223|0x0000000725a00000, 0x0000000725a00000, 0x0000000725c00000|  0%| F|  |TAMS 0x0000000725a00000| PB 0x0000000725a00000| Untracked 
| 224|0x0000000725c00000, 0x0000000725c00000, 0x0000000725e00000|  0%| F|  |TAMS 0x0000000725c00000| PB 0x0000000725c00000| Untracked 
| 225|0x0000000725e00000, 0x0000000725e00000, 0x0000000726000000|  0%| F|  |TAMS 0x0000000725e00000| PB 0x0000000725e00000| Untracked 
| 226|0x0000000726000000, 0x0000000726000000, 0x0000000726200000|  0%| F|  |TAMS 0x0000000726000000| PB 0x0000000726000000| Untracked 
| 227|0x0000000726200000, 0x0000000726200000, 0x0000000726400000|  0%| F|  |TAMS 0x0000000726200000| PB 0x0000000726200000| Untracked 
| 228|0x0000000726400000, 0x0000000726400000, 0x0000000726600000|  0%| F|  |TAMS 0x0000000726400000| PB 0x0000000726400000| Untracked 
| 229|0x0000000726600000, 0x0000000726600000, 0x0000000726800000|  0%| F|  |TAMS 0x0000000726600000| PB 0x0000000726600000| Untracked 
| 230|0x0000000726800000, 0x0000000726800000, 0x0000000726a00000|  0%| F|  |TAMS 0x0000000726800000| PB 0x0000000726800000| Untracked 
| 231|0x0000000726a00000, 0x0000000726a00000, 0x0000000726c00000|  0%| F|  |TAMS 0x0000000726a00000| PB 0x0000000726a00000| Untracked 
| 232|0x0000000726c00000, 0x0000000726c00000, 0x0000000726e00000|  0%| F|  |TAMS 0x0000000726c00000| PB 0x0000000726c00000| Untracked 
| 233|0x0000000726e00000, 0x0000000726e00000, 0x0000000727000000|  0%| F|  |TAMS 0x0000000726e00000| PB 0x0000000726e00000| Untracked 
| 234|0x0000000727000000, 0x0000000727000000, 0x0000000727200000|  0%| F|  |TAMS 0x0000000727000000| PB 0x0000000727000000| Untracked 
| 235|0x0000000727200000, 0x0000000727200000, 0x0000000727400000|  0%| F|  |TAMS 0x0000000727200000| PB 0x0000000727200000| Untracked 
| 236|0x0000000727400000, 0x0000000727400000, 0x0000000727600000|  0%| F|  |TAMS 0x0000000727400000| PB 0x0000000727400000| Untracked 
| 237|0x0000000727600000, 0x0000000727600000, 0x0000000727800000|  0%| F|  |TAMS 0x0000000727600000| PB 0x0000000727600000| Untracked 
| 238|0x0000000727800000, 0x0000000727800000, 0x0000000727a00000|  0%| F|  |TAMS 0x0000000727800000| PB 0x0000000727800000| Untracked 
| 239|0x0000000727a00000, 0x0000000727a00000, 0x0000000727c00000|  0%| F|  |TAMS 0x0000000727a00000| PB 0x0000000727a00000| Untracked 
| 240|0x0000000727c00000, 0x0000000727c00000, 0x0000000727e00000|  0%| F|  |TAMS 0x0000000727c00000| PB 0x0000000727c00000| Untracked 
| 241|0x0000000727e00000, 0x0000000727e00000, 0x0000000728000000|  0%| F|  |TAMS 0x0000000727e00000| PB 0x0000000727e00000| Untracked 
| 242|0x0000000728000000, 0x0000000728000000, 0x0000000728200000|  0%| F|  |TAMS 0x0000000728000000| PB 0x0000000728000000| Untracked 
| 243|0x0000000728200000, 0x0000000728200000, 0x0000000728400000|  0%| F|  |TAMS 0x0000000728200000| PB 0x0000000728200000| Untracked 
| 244|0x0000000728400000, 0x0000000728400000, 0x0000000728600000|  0%| F|  |TAMS 0x0000000728400000| PB 0x0000000728400000| Untracked 
| 245|0x0000000728600000, 0x0000000728600000, 0x0000000728800000|  0%| F|  |TAMS 0x0000000728600000| PB 0x0000000728600000| Untracked 
| 246|0x0000000728800000, 0x0000000728800000, 0x0000000728a00000|  0%| F|  |TAMS 0x0000000728800000| PB 0x0000000728800000| Untracked 
| 247|0x0000000728a00000, 0x0000000728a00000, 0x0000000728c00000|  0%| F|  |TAMS 0x0000000728a00000| PB 0x0000000728a00000| Untracked 
| 248|0x0000000728c00000, 0x0000000728c00000, 0x0000000728e00000|  0%| F|  |TAMS 0x0000000728c00000| PB 0x0000000728c00000| Untracked 
| 249|0x0000000728e00000, 0x0000000728e00000, 0x0000000729000000|  0%| F|  |TAMS 0x0000000728e00000| PB 0x0000000728e00000| Untracked 
| 250|0x0000000729000000, 0x000000072908d6a0, 0x0000000729200000| 27%| E|  |TAMS 0x0000000729000000| PB 0x0000000729000000| Complete 
| 251|0x0000000729200000, 0x0000000729400000, 0x0000000729400000|100%| E|CS|TAMS 0x0000000729200000| PB 0x0000000729200000| Complete 
| 252|0x0000000729400000, 0x0000000729600000, 0x0000000729600000|100%| E|CS|TAMS 0x0000000729400000| PB 0x0000000729400000| Complete 
| 253|0x0000000729600000, 0x0000000729800000, 0x0000000729800000|100%| E|CS|TAMS 0x0000000729600000| PB 0x0000000729600000| Complete 
| 254|0x0000000729800000, 0x0000000729a00000, 0x0000000729a00000|100%| E|CS|TAMS 0x0000000729800000| PB 0x0000000729800000| Complete 
| 255|0x0000000729a00000, 0x0000000729c00000, 0x0000000729c00000|100%| E|  |TAMS 0x0000000729a00000| PB 0x0000000729a00000| Complete 
| 256|0x0000000729c00000, 0x0000000729e00000, 0x0000000729e00000|100%| E|CS|TAMS 0x0000000729c00000| PB 0x0000000729c00000| Complete 
|1968|0x00000007ffc00000, 0x00000007ffe00000, 0x00000007ffe00000|100%| O|  |TAMS 0x00000007ffc00000| PB 0x00000007ffc00000| Untracked 
|1969|0x00000007ffe00000, 0x0000000800000000, 0x0000000800000000|100%| O|  |TAMS 0x00000007ffe00000| PB 0x00000007ffe00000| Untracked 

Card table byte_map: [0x000002717a330000,0x000002717aaf0000] _byte_map_base: 0x0000027176ae2000

Marking Bits: (CMBitMap*) 0x0000027160d993c0
 Bits: [0x000002717aaf0000, 0x000002717e880000)

Polling page: 0x000002715eb60000

Metaspace:

Usage:
  Non-class:     72.09 MB used.
      Class:     11.11 MB used.
       Both:     83.20 MB used.

Virtual space:
  Non-class space:      128.00 MB reserved,      72.50 MB ( 57%) committed,  2 nodes.
      Class space:        1.00 GB reserved,      11.44 MB (  1%) committed,  1 nodes.
             Both:        1.12 GB reserved,      83.94 MB (  7%) committed. 

Chunk freelists:
   Non-Class:  7.39 MB
       Class:  4.53 MB
        Both:  11.92 MB

MaxMetaspaceSize: unlimited
CompressedClassSpaceSize: 1.00 GB
Initial GC threshold: 21.00 MB
Current GC threshold: 119.31 MB
CDS: on
 - commit_granule_bytes: 65536.
 - commit_granule_words: 8192.
 - virtual_space_node_default_size: 8388608.
 - enlarge_chunks_in_place: 1.
 - use_allocation_guard: 0.


Internal statistics:

num_allocs_failed_limit: 9.
num_arena_births: 1090.
num_arena_deaths: 0.
num_vsnodes_births: 3.
num_vsnodes_deaths: 0.
num_space_committed: 1343.
num_space_uncommitted: 0.
num_chunks_returned_to_freelist: 9.
num_chunks_taken_from_freelist: 4093.
num_chunk_merges: 9.
num_chunk_splits: 2987.
num_chunks_enlarged: 2365.
num_inconsistent_stats: 0.

CodeHeap 'non-profiled nmethods': size=120000Kb used=4932Kb max_used=4932Kb free=115067Kb
 bounds [0x00000271720f0000, 0x00000271725d0000, 0x0000027179620000]
CodeHeap 'profiled nmethods': size=120000Kb used=12112Kb max_used=12112Kb free=107887Kb
 bounds [0x000002716a620000, 0x000002716b200000, 0x0000027171b50000]
CodeHeap 'non-nmethods': size=5760Kb used=1759Kb max_used=1790Kb free=4000Kb
 bounds [0x0000027171b50000, 0x0000027171dc0000, 0x00000271720f0000]
 total_blobs=7185 nmethods=6412 adapters=677
 compilation: enabled
              stopped_count=0, restarted_count=0
 full_count=0

Compilation events (20 events):
Event: 42.884 Thread 0x000002717f501b60 7608       1       org.hibernate.sql.results.internal.SqlSelectionImpl::getValuesArrayPosition (5 bytes)
Event: 42.884 Thread 0x000002717f501b60 nmethod 7608 0x00000271725bdf10 code [0x00000271725be0a0, 0x00000271725be168]
Event: 42.894 Thread 0x000002717f501b60 7610       3       org.springframework.util.ConcurrentLruCache$ReadOperations::drainReadBuffer (103 bytes)
Event: 42.900 Thread 0x000002717f501b60 nmethod 7610 0x000002716b1ed990 code [0x000002716b1eddc0, 0x000002716b1efd68]
Event: 42.900 Thread 0x000002717f501b60 7611       3       java.lang.invoke.LambdaForm$MH/0x0000027103388400::invoke (36 bytes)
Event: 42.900 Thread 0x000002717f501b60 nmethod 7611 0x000002716b1f0990 code [0x000002716b1f0ba0, 0x000002716b1f1570]
Event: 42.915 Thread 0x000002717f501b60 7612       3       com.fasterxml.jackson.databind.util.internal.PrivateMaxEntriesMap::readBufferIndex (7 bytes)
Event: 42.915 Thread 0x000002717f501b60 nmethod 7612 0x000002716a8ec310 code [0x000002716a8ec4a0, 0x000002716a8ec598]
Event: 42.922 Thread 0x000002717f501b60 7613       1       com.fasterxml.jackson.databind.util.internal.PrivateMaxEntriesMap$Node::setNext (6 bytes)
Event: 42.923 Thread 0x000002717f501b60 nmethod 7613 0x00000271725be510 code [0x00000271725be6a0, 0x00000271725be7b8]
Event: 42.923 Thread 0x000002717f501b60 7614       1       com.fasterxml.jackson.databind.util.internal.PrivateMaxEntriesMap$Node::setPrevious (6 bytes)
Event: 42.923 Thread 0x000002717f501b60 nmethod 7614 0x00000271725be810 code [0x00000271725be9a0, 0x00000271725beab8]
Event: 43.938 Thread 0x000002714b11b610 7615       4       java.lang.invoke.MemberName::getInvocationType (56 bytes)
Event: 43.939 Thread 0x000002717f501b60 7616   !   3       java.io.StringReader::read (52 bytes)
Event: 43.940 Thread 0x000002717f501b60 nmethod 7616 0x000002716b1f1790 code [0x000002716b1f19c0, 0x000002716b1f2278]
Event: 43.940 Thread 0x000002717f501b60 7617       3       java.util.Locale::getDefault (4 bytes)
Event: 43.940 Thread 0x000002717f501b60 nmethod 7617 0x000002716a965710 code [0x000002716a9658a0, 0x000002716a9659a0]
Event: 43.958 Thread 0x000002717f501b60 7618       1       com.fasterxml.jackson.databind.introspect.AnnotationCollector$NoAnnotations::get (2 bytes)
Event: 43.958 Thread 0x000002717f501b60 nmethod 7618 0x00000271725beb10 code [0x00000271725beca0, 0x00000271725bed70]
Event: 44.292 Thread 0x000002717f501b60 7619       3       java.util.concurrent.ScheduledThreadPoolExecutor$DelayedWorkQueue::setIndex (16 bytes)

GC Heap History (20 events):
Event: 10.224 GC heap before
{Heap before GC invocations=16 (full 0):
 garbage-first heap   total 157696K, used 118332K [0x0000000709c00000, 0x0000000800000000)
  region size 2048K, 28 young (57344K), 5 survivors (10240K)
 Metaspace       used 70834K, committed 71424K, reserved 1114112K
  class space    used 9320K, committed 9600K, reserved 1048576K
}
Event: 10.239 GC heap after
{Heap after GC invocations=17 (full 0):
 garbage-first heap   total 157696K, used 88438K [0x0000000709c00000, 0x0000000800000000)
  region size 2048K, 4 young (8192K), 4 survivors (8192K)
 Metaspace       used 70834K, committed 71424K, reserved 1114112K
  class space    used 9320K, committed 9600K, reserved 1048576K
}
Event: 10.315 GC heap before
{Heap before GC invocations=18 (full 0):
 garbage-first heap   total 157696K, used 125302K [0x0000000709c00000, 0x0000000800000000)
  region size 2048K, 22 young (45056K), 4 survivors (8192K)
 Metaspace       used 70844K, committed 71424K, reserved 1114112K
  class space    used 9320K, committed 9600K, reserved 1048576K
}
Event: 10.325 GC heap after
{Heap after GC invocations=19 (full 0):
 garbage-first heap   total 157696K, used 97947K [0x0000000709c00000, 0x0000000800000000)
  region size 2048K, 3 young (6144K), 3 survivors (6144K)
 Metaspace       used 70844K, committed 71424K, reserved 1114112K
  class space    used 9320K, committed 9600K, reserved 1048576K
}
Event: 10.372 GC heap before
{Heap before GC invocations=19 (full 0):
 garbage-first heap   total 157696K, used 130715K [0x0000000709c00000, 0x0000000800000000)
  region size 2048K, 19 young (38912K), 3 survivors (6144K)
 Metaspace       used 70844K, committed 71424K, reserved 1114112K
  class space    used 9320K, committed 9600K, reserved 1048576K
}
Event: 10.378 GC heap after
{Heap after GC invocations=20 (full 0):
 garbage-first heap   total 157696K, used 99500K [0x0000000709c00000, 0x0000000800000000)
  region size 2048K, 1 young (2048K), 1 survivors (2048K)
 Metaspace       used 70844K, committed 71424K, reserved 1114112K
  class space    used 9320K, committed 9600K, reserved 1048576K
}
Event: 10.444 GC heap before
{Heap before GC invocations=20 (full 0):
 garbage-first heap   total 157696K, used 134316K [0x0000000709c00000, 0x0000000800000000)
  region size 2048K, 18 young (36864K), 1 survivors (2048K)
 Metaspace       used 70844K, committed 71424K, reserved 1114112K
  class space    used 9320K, committed 9600K, reserved 1048576K
}
Event: 10.447 GC heap after
{Heap after GC invocations=21 (full 0):
 garbage-first heap   total 342016K, used 98737K [0x0000000709c00000, 0x0000000800000000)
  region size 2048K, 1 young (2048K), 1 survivors (2048K)
 Metaspace       used 70844K, committed 71424K, reserved 1114112K
  class space    used 9320K, committed 9600K, reserved 1048576K
}
Event: 10.910 GC heap before
{Heap before GC invocations=22 (full 0):
 garbage-first heap   total 266240K, used 223665K [0x0000000709c00000, 0x0000000800000000)
  region size 2048K, 72 young (147456K), 1 survivors (2048K)
 Metaspace       used 72618K, committed 73280K, reserved 1114112K
  class space    used 9697K, committed 9984K, reserved 1048576K
}
Event: 10.916 GC heap after
{Heap after GC invocations=23 (full 0):
 garbage-first heap   total 266240K, used 83587K [0x0000000709c00000, 0x0000000800000000)
  region size 2048K, 3 young (6144K), 3 survivors (6144K)
 Metaspace       used 72618K, committed 73280K, reserved 1114112K
  class space    used 9697K, committed 9984K, reserved 1048576K
}
Event: 11.090 GC heap before
{Heap before GC invocations=23 (full 0):
 garbage-first heap   total 266240K, used 214659K [0x0000000709c00000, 0x0000000800000000)
  region size 2048K, 66 young (135168K), 3 survivors (6144K)
 Metaspace       used 72618K, committed 73280K, reserved 1114112K
  class space    used 9697K, committed 9984K, reserved 1048576K
}
Event: 11.122 GC heap after
{Heap after GC invocations=24 (full 0):
 garbage-first heap   total 270336K, used 107098K [0x0000000709c00000, 0x0000000800000000)
  region size 2048K, 9 young (18432K), 9 survivors (18432K)
 Metaspace       used 72618K, committed 73280K, reserved 1114112K
  class space    used 9697K, committed 9984K, reserved 1048576K
}
Event: 11.269 GC heap before
{Heap before GC invocations=24 (full 0):
 garbage-first heap   total 270336K, used 205402K [0x0000000709c00000, 0x0000000800000000)
  region size 2048K, 55 young (112640K), 9 survivors (18432K)
 Metaspace       used 72618K, committed 73280K, reserved 1114112K
  class space    used 9697K, committed 9984K, reserved 1048576K
}
Event: 11.296 GC heap after
{Heap after GC invocations=25 (full 0):
 garbage-first heap   total 270336K, used 136889K [0x0000000709c00000, 0x0000000800000000)
  region size 2048K, 7 young (14336K), 7 survivors (14336K)
 Metaspace       used 72618K, committed 73280K, reserved 1114112K
  class space    used 9697K, committed 9984K, reserved 1048576K
}
Event: 11.396 GC heap before
{Heap before GC invocations=25 (full 0):
 garbage-first heap   total 270336K, used 212665K [0x0000000709c00000, 0x0000000800000000)
  region size 2048K, 44 young (90112K), 7 survivors (14336K)
 Metaspace       used 72618K, committed 73280K, reserved 1114112K
  class space    used 9697K, committed 9984K, reserved 1048576K
}
Event: 11.420 GC heap after
{Heap after GC invocations=26 (full 0):
 garbage-first heap   total 530432K, used 166382K [0x0000000709c00000, 0x0000000800000000)
  region size 2048K, 6 young (12288K), 6 survivors (12288K)
 Metaspace       used 72618K, committed 73280K, reserved 1114112K
  class space    used 9697K, committed 9984K, reserved 1048576K
}
Event: 11.764 GC heap before
{Heap before GC invocations=27 (full 0):
 garbage-first heap   total 530432K, used 379374K [0x0000000709c00000, 0x0000000800000000)
  region size 2048K, 111 young (227328K), 6 survivors (12288K)
 Metaspace       used 72618K, committed 73280K, reserved 1114112K
  class space    used 9697K, committed 9984K, reserved 1048576K
}
Event: 11.808 GC heap after
{Heap after GC invocations=28 (full 0):
 garbage-first heap   total 530432K, used 196281K [0x0000000709c00000, 0x0000000800000000)
  region size 2048K, 14 young (28672K), 14 survivors (28672K)
 Metaspace       used 72618K, committed 73280K, reserved 1114112K
  class space    used 9697K, committed 9984K, reserved 1048576K
}
Event: 42.353 GC heap before
{Heap before GC invocations=28 (full 0):
 garbage-first heap   total 530432K, used 388793K [0x0000000709c00000, 0x0000000800000000)
  region size 2048K, 108 young (221184K), 14 survivors (28672K)
 Metaspace       used 82897K, committed 83648K, reserved 1179648K
  class space    used 11057K, committed 11392K, reserved 1048576K
}
Event: 42.400 GC heap after
{Heap after GC invocations=29 (full 0):
 garbage-first heap   total 530432K, used 205438K [0x0000000709c00000, 0x0000000800000000)
  region size 2048K, 5 young (10240K), 5 survivors (10240K)
 Metaspace       used 82897K, committed 83648K, reserved 1179648K
  class space    used 11057K, committed 11392K, reserved 1048576K
}

Dll operation events (14 events):
Event: 0.020 Loaded shared library C:\Program Files\Java\zulu21.40.17-ca-fx-jdk21.0.6-win_x64\bin\java.dll
Event: 0.069 Loaded shared library C:\Program Files\Java\zulu21.40.17-ca-fx-jdk21.0.6-win_x64\bin\jsvml.dll
Event: 0.322 Loaded shared library C:\Program Files\Java\zulu21.40.17-ca-fx-jdk21.0.6-win_x64\bin\zip.dll
Event: 0.327 Loaded shared library C:\Program Files\Java\zulu21.40.17-ca-fx-jdk21.0.6-win_x64\bin\instrument.dll
Event: 0.336 Loaded shared library C:\Program Files\Java\zulu21.40.17-ca-fx-jdk21.0.6-win_x64\bin\net.dll
Event: 0.340 Loaded shared library C:\Program Files\Java\zulu21.40.17-ca-fx-jdk21.0.6-win_x64\bin\nio.dll
Event: 0.346 Loaded shared library C:\Program Files\Java\zulu21.40.17-ca-fx-jdk21.0.6-win_x64\bin\zip.dll
Event: 0.606 Loaded shared library C:\Program Files\JetBrains\IntelliJ IDEA Community Edition 2024.3.2.2\bin\breakgen64.dll
Event: 0.639 Loaded shared library C:\Program Files\Java\zulu21.40.17-ca-fx-jdk21.0.6-win_x64\bin\extnet.dll
Event: 0.681 Loaded shared library C:\Program Files\Java\zulu21.40.17-ca-fx-jdk21.0.6-win_x64\bin\jimage.dll
Event: 2.786 Loaded shared library C:\Program Files\Java\zulu21.40.17-ca-fx-jdk21.0.6-win_x64\bin\sunmscapi.dll
Event: 5.043 Loaded shared library C:\Program Files\Java\zulu21.40.17-ca-fx-jdk21.0.6-win_x64\bin\management.dll
Event: 5.049 Loaded shared library C:\Program Files\Java\zulu21.40.17-ca-fx-jdk21.0.6-win_x64\bin\management_ext.dll
Event: 6.202 Loaded shared library C:\Program Files\Java\zulu21.40.17-ca-fx-jdk21.0.6-win_x64\bin\verify.dll

Deoptimization events (20 events):
Event: 25.404 Thread 0x000002714af486b0 DEOPT UNPACKING pc=0x0000027171ba46a2 sp=0x000000b0740fed30 mode 2
Event: 42.538 Thread 0x000002714840cda0 Uncommon trap: trap_request=0xfffffff4 fr.pc=0x000002717230ab18 relative=0x0000000000000178
Event: 42.538 Thread 0x000002714840cda0 Uncommon trap: reason=null_check action=make_not_entrant pc=0x000002717230ab18 method=java.lang.reflect.Array.newInstance(Ljava/lang/Class;I)Ljava/lang/Object; @ 2 c2
Event: 42.538 Thread 0x000002714840cda0 DEOPT PACKING pc=0x000002717230ab18 sp=0x000000b0746fbb40
Event: 42.538 Thread 0x000002714840cda0 DEOPT UNPACKING pc=0x0000027171ba46a2 sp=0x000000b0746fbad8 mode 2
Event: 42.710 Thread 0x000002714840cda0 DEOPT PACKING pc=0x000002716af15e57 sp=0x000000b0746fc9e0
Event: 42.710 Thread 0x000002714840cda0 DEOPT UNPACKING pc=0x0000027171ba4e42 sp=0x000000b0746fbe58 mode 0
Event: 42.800 Thread 0x000002714840cda0 Uncommon trap: trap_request=0xffffff45 fr.pc=0x0000027172231430 relative=0x0000000000000190
Event: 42.800 Thread 0x000002714840cda0 Uncommon trap: reason=unstable_if action=reinterpret pc=0x0000027172231430 method=java.lang.String.equals(Ljava/lang/Object;)Z @ 33 c2
Event: 42.800 Thread 0x000002714840cda0 DEOPT PACKING pc=0x0000027172231430 sp=0x000000b0746fbcd0
Event: 42.800 Thread 0x000002714840cda0 DEOPT UNPACKING pc=0x0000027171ba46a2 sp=0x000000b0746fbc60 mode 2
Event: 42.891 Thread 0x000002714840cda0 Uncommon trap: trap_request=0xffffff45 fr.pc=0x0000027172296454 relative=0x0000000000000434
Event: 42.891 Thread 0x000002714840cda0 Uncommon trap: reason=unstable_if action=reinterpret pc=0x0000027172296454 method=jdk.internal.org.objectweb.asm.MethodWriter.visitFieldInsn(ILjava/lang/String;Ljava/lang/String;Ljava/lang/String;)V @ 223 c2
Event: 42.891 Thread 0x000002714840cda0 DEOPT PACKING pc=0x0000027172296454 sp=0x000000b0746f9a60
Event: 42.891 Thread 0x000002714840cda0 DEOPT UNPACKING pc=0x0000027171ba46a2 sp=0x000000b0746f99e0 mode 2
Event: 42.896 Thread 0x000002714840cda0 Uncommon trap: trap_request=0xffffff45 fr.pc=0x0000027172246d38 relative=0x00000000000005f8
Event: 42.896 Thread 0x000002714840cda0 Uncommon trap: reason=unstable_if action=reinterpret pc=0x0000027172246d38 method=java.util.ArrayList.toArray([Ljava/lang/Object;)[Ljava/lang/Object; @ 45 c2
Event: 42.896 Thread 0x000002714840cda0 DEOPT PACKING pc=0x0000027172246d38 sp=0x000000b0746fbe70
Event: 42.896 Thread 0x000002714840cda0 DEOPT UNPACKING pc=0x0000027171ba46a2 sp=0x000000b0746fbe78 mode 2
Event: 43.958 Thread 0x000002714840cda0 Uncommon trap: trap_request=0xffffff45 fr.pc=0x0000027172446770 relative=0x0000000000000510

Classes loaded (20 events):
Event: 20.525 Loading class sun/nio/cs/ThreadLocalCoders$Cache done
Event: 20.525 Loading class sun/nio/cs/ThreadLocalCoders$1 done
Event: 20.525 Loading class sun/nio/cs/ThreadLocalCoders$2
Event: 20.526 Loading class sun/nio/cs/ThreadLocalCoders$2 done
Event: 22.746 Loading class java/time/format/DateTimeFormatterBuilder$ZoneTextPrinterParser
Event: 22.746 Loading class java/time/format/DateTimeFormatterBuilder$ZoneTextPrinterParser done
Event: 22.746 Loading class java/time/format/DateTimeFormatterBuilder$ReducedPrinterParser
Event: 22.747 Loading class java/time/format/DateTimeFormatterBuilder$ReducedPrinterParser done
Event: 42.235 Loading class java/util/zip/DeflaterOutputStream
Event: 42.235 Loading class java/util/zip/DeflaterOutputStream done
Event: 42.235 Loading class java/util/zip/GZIPInputStream
Event: 42.236 Loading class java/util/zip/GZIPInputStream done
Event: 42.237 Loading class java/util/zip/GZIPOutputStream
Event: 42.237 Loading class java/util/zip/GZIPOutputStream done
Event: 42.293 Loading class com/sun/crypto/provider/HmacCore$HmacSHA256
Event: 42.293 Loading class com/sun/crypto/provider/HmacCore$HmacSHA256 done
Event: 42.544 Loading class java/util/AbstractMap$SimpleEntry
Event: 42.544 Loading class java/util/AbstractMap$SimpleEntry done
Event: 42.884 Loading class java/util/function/LongSupplier
Event: 42.884 Loading class java/util/function/LongSupplier done

Classes unloaded (0 events):
No events

Classes redefined (0 events):
No events

Internal exceptions (20 events):
Event: 12.272 Thread 0x000002715e8be050 Exception <a 'java/lang/NoSuchMethodError'{0x0000000721ef5638}: 'java.lang.Object java.lang.invoke.DirectMethodHandle$Holder.newInvokeSpecial(java.lang.Object, java.lang.Object, java.lang.Object, java.lang.Object, java.lang.Object, java.lang.Object, java.lang.Object, java.lang.Object)'> (0x0000000721ef5638) 
thrown [s\src\hotspot\share\interpreter\linkResolver.cpp, line 773]
Event: 12.333 Thread 0x000002715e8be050 Exception <a 'java/lang/IncompatibleClassChangeError'{0x0000000721ce2fd8}: Found class java.lang.Object, but interface was expected> (0x0000000721ce2fd8) 
thrown [s\src\hotspot\share\interpreter\linkResolver.cpp, line 840]
Event: 12.714 Thread 0x000002715e8be050 Implicit null exception at 0x0000027172482508 to 0x0000027172482a14
Event: 12.763 Thread 0x000002715e8be050 Exception <a 'java/lang/IncompatibleClassChangeError'{0x0000000720dd31e8}: Found class java.lang.Object, but interface was expected> (0x0000000720dd31e8) 
thrown [s\src\hotspot\share\interpreter\linkResolver.cpp, line 840]
Event: 12.899 Thread 0x000002715e8be050 Exception <a 'java/lang/NoSuchMethodError'{0x0000000720777e40}: 'java.lang.Object java.lang.invoke.DirectMethodHandle$Holder.invokeInterface(java.lang.Object, java.lang.Object, java.lang.Object, java.lang.Object)'> (0x0000000720777e40) 
thrown [s\src\hotspot\share\interpreter\linkResolver.cpp, line 773]
Event: 12.964 Thread 0x000002715e8be050 Exception <a 'java/lang/NoSuchMethodError'{0x00000007205b5798}: 'void java.lang.invoke.DirectMethodHandle$Holder.invokeVirtual(java.lang.Object, java.lang.Object, long)'> (0x00000007205b5798) 
thrown [s\src\hotspot\share\interpreter\linkResolver.cpp, line 773]
Event: 13.031 Thread 0x000002715e8be050 Exception <a 'java/lang/NoSuchMethodError'{0x000000072002a7d0}: 'int java.lang.invoke.DirectMethodHandle$Holder.invokeStaticInit(java.lang.Object, java.lang.Object, java.lang.Object, java.lang.Object)'> (0x000000072002a7d0) 
thrown [s\src\hotspot\share\interpreter\linkResolver.cpp, line 773]
Event: 13.069 Thread 0x000002715e8be050 Exception <a 'java/lang/NoSuchMethodError'{0x0000000720186b50}: 'java.lang.Object java.lang.invoke.Invokers$Holder.invoke_MT(java.lang.Object, java.lang.Object, java.lang.Object, java.lang.Object, java.lang.Object, java.lang.Object, java.lang.Object, java.lang.Object, java.lang.Object)'> (0x0000000720186b50) 
thrown [s\src\hotspot\share\interpreter\linkResolver.cpp, line 773]
Event: 13.094 Thread 0x000002715e8be050 Exception <a 'java/lang/IncompatibleClassChangeError'{0x000000071fe452a0}: Found class java.lang.Object, but interface was expected> (0x000000071fe452a0) 
thrown [s\src\hotspot\share\interpreter\linkResolver.cpp, line 840]
Event: 13.173 Thread 0x000002715e8be050 Exception <a 'java/lang/NoSuchMethodError'{0x000000071fd511d0}: 'java.lang.Object java.lang.invoke.Invokers$Holder.invoke_MT(java.lang.Object, java.lang.Object, java.lang.Object, java.lang.Object, java.lang.Object, java.lang.Object, java.lang.Object, java.lang.Object, java.lang.Object, java.lang.Object, java.lang.Object)'> (0x000000071fd511d0) 
thrown [s\src\hotspot\share\interpreter\linkResolver.cpp, line 773]
Event: 13.251 Thread 0x000002715e8be050 Exception <a 'java/lang/NoSuchMethodError'{0x000000071f871468}: 'java.lang.Object java.lang.invoke.DirectMethodHandle$Holder.newInvokeSpecial(java.lang.Object, java.lang.Object, int, java.lang.Object, java.lang.Object)'> (0x000000071f871468) 
thrown [s\src\hotspot\share\interpreter\linkResolver.cpp, line 773]
Event: 20.521 Thread 0x000002714840e150 Exception <a 'java/lang/NoSuchMethodError'{0x000000071e9806a8}: 'java.lang.Object java.lang.invoke.DirectMethodHandle$Holder.invokeSpecial(java.lang.Object, java.lang.Object, java.lang.Object, java.lang.Object, java.lang.Object, long)'> (0x000000071e9806a8) 
thrown [s\src\hotspot\share\interpreter\linkResolver.cpp, line 773]
Event: 20.521 Thread 0x000002714840e150 Exception <a 'java/lang/NoSuchMethodError'{0x000000071e983e30}: 'java.lang.Object java.lang.invoke.Invokers$Holder.linkToTargetMethod(java.lang.Object, java.lang.Object, java.lang.Object, long, java.lang.Object)'> (0x000000071e983e30) 
thrown [s\src\hotspot\share\interpreter\linkResolver.cpp, line 773]
Event: 42.538 Thread 0x000002714840cda0 Implicit null exception at 0x000002717230a9c1 to 0x000002717230ab04
Event: 42.571 Thread 0x000002714840cda0 Exception <a 'java/lang/NoSuchMethodError'{0x00000007299387e0}: 'void java.lang.invoke.DirectMethodHandle$Holder.invokeSpecialIFC(java.lang.Object, java.lang.Object, int, java.lang.Object, java.lang.Object, java.lang.Object, java.lang.Object)'> (0x00000007299387e0) 
thrown [s\src\hotspot\share\interpreter\linkResolver.cpp, line 773]
Event: 42.682 Thread 0x000002714840cda0 Exception <a 'java/lang/NoSuchMethodError'{0x00000007296f7f20}: 'void java.lang.invoke.Invokers$Holder.invokeExact_MT(java.lang.Object, java.lang.Object, int, java.lang.Object)'> (0x00000007296f7f20) 
thrown [s\src\hotspot\share\interpreter\linkResolver.cpp, line 773]
Event: 42.805 Thread 0x000002714840cda0 Exception <a 'java/lang/NoSuchMethodError'{0x00000007294a77d0}: 'java.lang.Object java.lang.invoke.DelegatingMethodHandle$Holder.reinvoke_L(java.lang.Object, java.lang.Object, java.lang.Object, java.lang.Object, int, int, java.lang.Object, java.lang.Object)'> (0x00000007294a77d0) 
thrown [s\src\hotspot\share\interpreter\linkResolver.cpp, line 773]
Event: 42.848 Thread 0x000002714840cda0 Exception <a 'java/lang/NoSuchMethodError'{0x00000007295dd0c8}: 'java.lang.Object java.lang.invoke.DirectMethodHandle$Holder.invokeInterface(java.lang.Object, java.lang.Object, int)'> (0x00000007295dd0c8) 
thrown [s\src\hotspot\share\interpreter\linkResolver.cpp, line 773]
Event: 42.850 Thread 0x000002714840cda0 Exception <a 'java/lang/IncompatibleClassChangeError'{0x00000007295e7f38}: Found class java.lang.Object, but interface was expected> (0x00000007295e7f38) 
thrown [s\src\hotspot\share\interpreter\linkResolver.cpp, line 840]
Event: 43.958 Thread 0x000002714840cda0 Implicit null exception at 0x00000271724462ad to 0x000002717244675c

ZGC Phase Switch (0 events):
No events

VM Operations (20 events):
Event: 20.552 Executing VM operation: Cleanup
Event: 20.552 Executing VM operation: Cleanup done
Event: 21.554 Executing VM operation: Cleanup
Event: 21.554 Executing VM operation: Cleanup done
Event: 23.580 Executing VM operation: Cleanup
Event: 23.580 Executing VM operation: Cleanup done
Event: 25.593 Executing VM operation: Cleanup
Event: 25.593 Executing VM operation: Cleanup done
Event: 42.269 Executing VM operation: HandshakeAllThreads (Deoptimize)
Event: 42.269 Executing VM operation: HandshakeAllThreads (Deoptimize) done
Event: 42.269 Executing VM operation: Cleanup
Event: 42.269 Executing VM operation: Cleanup done
Event: 42.353 Executing VM operation: G1CollectForAllocation (G1 Evacuation Pause)
Event: 42.400 Executing VM operation: G1CollectForAllocation (G1 Evacuation Pause) done
Event: 42.763 Executing VM operation: HandshakeAllThreads (Deoptimize)
Event: 42.763 Executing VM operation: HandshakeAllThreads (Deoptimize) done
Event: 42.900 Executing VM operation: HandshakeAllThreads (Deoptimize)
Event: 42.901 Executing VM operation: HandshakeAllThreads (Deoptimize) done
Event: 43.915 Executing VM operation: Cleanup
Event: 43.916 Executing VM operation: Cleanup done

Memory protections (0 events):
No events

Nmethod flushes (20 events):
Event: 10.474 Thread 0x000002717f4cfb90 flushing  nmethod 0x000002716b0cdb10
Event: 10.474 Thread 0x000002717f4cfb90 flushing  nmethod 0x000002716b0ce310
Event: 11.489 Thread 0x000002717f4cfb90 flushing  nmethod 0x000002716b112290
Event: 11.489 Thread 0x000002717f4cfb90 flushing  nmethod 0x000002716b113010
Event: 11.489 Thread 0x000002717f4cfb90 flushing osr nmethod 0x000002716b11c190
Event: 11.489 Thread 0x000002717f4cfb90 flushing  nmethod 0x00000271724f6f10
Event: 11.489 Thread 0x000002717f4cfb90 flushing  nmethod 0x000002716b0d5e90
Event: 11.489 Thread 0x000002717f4cfb90 flushing  nmethod 0x000002716b0d8a10
Event: 11.489 Thread 0x000002717f4cfb90 flushing  nmethod 0x000002716b0e2d10
Event: 11.489 Thread 0x000002717f4cfb90 flushing  nmethod 0x000002716b0e4890
Event: 11.489 Thread 0x000002717f4cfb90 flushing  nmethod 0x000002716b0e6b90
Event: 11.489 Thread 0x000002717f4cfb90 flushing  nmethod 0x00000271723bdb90
Event: 11.489 Thread 0x000002717f4cfb90 flushing  nmethod 0x00000271724fa090
Event: 11.489 Thread 0x000002717f4cfb90 flushing  nmethod 0x0000027172500d10
Event: 11.489 Thread 0x000002717f4cfb90 flushing  nmethod 0x00000271724d8290
Event: 11.489 Thread 0x000002717f4cfb90 flushing  nmethod 0x000002716b0f4910
Event: 11.489 Thread 0x000002717f4cfb90 flushing  nmethod 0x00000271723f3510
Event: 11.489 Thread 0x000002717f4cfb90 flushing  nmethod 0x0000027172517710
Event: 11.489 Thread 0x000002717f4cfb90 flushing  nmethod 0x000002716b0afe90
Event: 11.489 Thread 0x000002717f4cfb90 flushing  nmethod 0x000002716b0b0290

Events (20 events):
Event: 13.262 Thread 0x000002715e8be050 Thread added: 0x000002714840c710
Event: 13.262 Thread 0x000002715e8be050 Thread added: 0x000002714840e150
Event: 13.262 Thread 0x000002715e8be050 Thread added: 0x000002714840b360
Event: 13.262 Thread 0x000002715e8be050 Thread added: 0x000002714840cda0
Event: 13.262 Thread 0x000002715e8be050 Thread added: 0x000002714840d430
Event: 13.262 Thread 0x000002715e8be050 Thread added: 0x000002714840acd0
Event: 13.262 Thread 0x000002715e8be050 Thread added: 0x0000027148411c60
Event: 13.262 Thread 0x000002715e8be050 Thread added: 0x00000271484108b0
Event: 13.262 Thread 0x000002715e8be050 Thread added: 0x00000271484122f0
Event: 13.263 Thread 0x000002715e8be050 Thread added: 0x000002714840ee70
Event: 13.281 Thread 0x000002715e8be050 Thread added: 0x000002714840fb90
Event: 13.283 Thread 0x000002715e8be050 Thread added: 0x00000271484115d0
Event: 13.304 Thread 0x000002715e8be050 Thread added: 0x0000027148410220
Event: 13.310 Thread 0x000002715e8be050 Thread exited: 0x000002715e8be050
Event: 13.311 Thread 0x0000027148410f40 Thread added: 0x0000027148410f40
Event: 15.332 Thread 0x000002714b11a1a0 Thread exited: 0x000002714b11a1a0
Event: 15.332 Thread 0x000002714b11a870 Thread exited: 0x000002714b11a870
Event: 21.673 Thread 0x000002717f500f70 Thread added: 0x000002714b11c3b0
Event: 28.777 Thread 0x000002714b11c3b0 Thread exited: 0x000002714b11c3b0
Event: 42.504 Thread 0x000002717f501b60 Thread added: 0x000002714b11b610


Dynamic libraries:
0x00007ff7ddca0000 - 0x00007ff7ddcae000 	C:\Program Files\Java\zulu21.40.17-ca-fx-jdk21.0.6-win_x64\bin\java.exe
0x00007ffb1ef40000 - 0x00007ffb1f1a6000 	C:\windows\SYSTEM32\ntdll.dll
0x00007ffb1db10000 - 0x00007ffb1dbd9000 	C:\windows\System32\KERNEL32.DLL
0x00007ffb1c930000 - 0x00007ffb1ccfc000 	C:\windows\System32\KERNELBASE.dll
0x00007ffb1c180000 - 0x00007ffb1c2cb000 	C:\windows\System32\ucrtbase.dll
0x00007ffb18a40000 - 0x00007ffb18a59000 	C:\Program Files\Java\zulu21.40.17-ca-fx-jdk21.0.6-win_x64\bin\jli.dll
0x00007ffb189f0000 - 0x00007ffb18a0b000 	C:\Program Files\Java\zulu21.40.17-ca-fx-jdk21.0.6-win_x64\bin\VCRUNTIME140.dll
0x00007ffb1d830000 - 0x00007ffb1d9fa000 	C:\windows\System32\USER32.dll
0x00007ffb1c900000 - 0x00007ffb1c927000 	C:\windows\System32\win32u.dll
0x00007ffb1e6a0000 - 0x00007ffb1e6cb000 	C:\windows\System32\GDI32.dll
0x00007ffb1c7c0000 - 0x00007ffb1c8f2000 	C:\windows\System32\gdi32full.dll
0x00007ffb1c0d0000 - 0x00007ffb1c173000 	C:\windows\System32\msvcp_win.dll
0x00007ffb065d0000 - 0x00007ffb0686a000 	C:\windows\WinSxS\amd64_microsoft.windows.common-controls_6595b64144ccf1df_6.0.26100.3912_none_3e07963ce335137e\COMCTL32.dll
0x00007ffb1e6d0000 - 0x00007ffb1e779000 	C:\windows\System32\msvcrt.dll
0x00007ffb1ce60000 - 0x00007ffb1ce90000 	C:\windows\System32\IMM32.DLL
0x00007ffb18f50000 - 0x00007ffb18f5c000 	C:\Program Files\Java\zulu21.40.17-ca-fx-jdk21.0.6-win_x64\bin\vcruntime140_1.dll
0x00007ffafea50000 - 0x00007ffafeade000 	C:\Program Files\Java\zulu21.40.17-ca-fx-jdk21.0.6-win_x64\bin\msvcp140.dll
0x00007ffabe7c0000 - 0x00007ffabf59d000 	C:\Program Files\Java\zulu21.40.17-ca-fx-jdk21.0.6-win_x64\bin\server\jvm.dll
0x00007ffb1e5e0000 - 0x00007ffb1e692000 	C:\windows\System32\ADVAPI32.dll
0x00007ffb1e530000 - 0x00007ffb1e5d6000 	C:\windows\System32\sechost.dll
0x00007ffb1dd90000 - 0x00007ffb1dea6000 	C:\windows\System32\RPCRT4.dll
0x00007ffb1df30000 - 0x00007ffb1dfa4000 	C:\windows\System32\WS2_32.dll
0x00007ffb137f0000 - 0x00007ffb13826000 	C:\windows\SYSTEM32\WINMM.dll
0x00007ffb1bf20000 - 0x00007ffb1bf7e000 	C:\windows\SYSTEM32\POWRPROF.dll
0x00007ffb15f60000 - 0x00007ffb15f6b000 	C:\windows\SYSTEM32\VERSION.dll
0x00007ffb1bf00000 - 0x00007ffb1bf14000 	C:\windows\SYSTEM32\UMPDC.dll
0x00007ffb1ae90000 - 0x00007ffb1aeaa000 	C:\windows\SYSTEM32\kernel.appcore.dll
0x00007ffb18f10000 - 0x00007ffb18f1a000 	C:\Program Files\Java\zulu21.40.17-ca-fx-jdk21.0.6-win_x64\bin\jimage.dll
0x00007ffb13830000 - 0x00007ffb13a71000 	C:\windows\SYSTEM32\DBGHELP.DLL
0x00007ffb1e020000 - 0x00007ffb1e3a4000 	C:\windows\System32\combase.dll
0x00007ffb1d0a0000 - 0x00007ffb1d180000 	C:\windows\System32\OLEAUT32.dll
0x00007ffb069d0000 - 0x00007ffb06a09000 	C:\windows\SYSTEM32\dbgcore.DLL
0x00007ffb1c450000 - 0x00007ffb1c4e9000 	C:\windows\System32\bcryptPrimitives.dll
0x00007ffb18a30000 - 0x00007ffb18a40000 	C:\Program Files\Java\zulu21.40.17-ca-fx-jdk21.0.6-win_x64\bin\instrument.dll
0x00007ffb13550000 - 0x00007ffb13572000 	C:\Program Files\Java\zulu21.40.17-ca-fx-jdk21.0.6-win_x64\bin\java.dll
0x00007ffb1e780000 - 0x00007ffb1eead000 	C:\windows\System32\SHELL32.dll
0x00007ffb1c640000 - 0x00007ffb1c7b4000 	C:\windows\System32\wintypes.dll
0x00007ffb19d30000 - 0x00007ffb1a586000 	C:\windows\SYSTEM32\windows.storage.dll
0x00007ffb1da10000 - 0x00007ffb1daff000 	C:\windows\System32\SHCORE.dll
0x00007ffb1dfb0000 - 0x00007ffb1e019000 	C:\windows\System32\shlwapi.dll
0x00007ffb1bfe0000 - 0x00007ffb1c00f000 	C:\windows\SYSTEM32\profapi.dll
0x00007ffafd5e0000 - 0x00007ffafd6b7000 	C:\Program Files\Java\zulu21.40.17-ca-fx-jdk21.0.6-win_x64\bin\jsvml.dll
0x00007ffb12ac0000 - 0x00007ffb12ad8000 	C:\Program Files\Java\zulu21.40.17-ca-fx-jdk21.0.6-win_x64\bin\zip.dll
0x00007ffb15490000 - 0x00007ffb154a2000 	C:\Program Files\Java\zulu21.40.17-ca-fx-jdk21.0.6-win_x64\bin\net.dll
0x00007ffb15130000 - 0x00007ffb1524e000 	C:\windows\SYSTEM32\WINHTTP.dll
0x00007ffb1b400000 - 0x00007ffb1b46a000 	C:\windows\system32\mswsock.dll
0x00007ffb12e40000 - 0x00007ffb12e56000 	C:\Program Files\Java\zulu21.40.17-ca-fx-jdk21.0.6-win_x64\bin\nio.dll
0x00007ffb10990000 - 0x00007ffb109aa000 	C:\Program Files\JetBrains\IntelliJ IDEA Community Edition 2024.3.2.2\bin\breakgen64.dll
0x00007ffb17270000 - 0x00007ffb17279000 	C:\Program Files\Java\zulu21.40.17-ca-fx-jdk21.0.6-win_x64\bin\extnet.dll
0x00007ffb172d0000 - 0x00007ffb172de000 	C:\Program Files\Java\zulu21.40.17-ca-fx-jdk21.0.6-win_x64\bin\sunmscapi.dll
0x00007ffb1c2d0000 - 0x00007ffb1c447000 	C:\windows\System32\CRYPT32.dll
0x00007ffb1b8b0000 - 0x00007ffb1b8e0000 	C:\windows\SYSTEM32\ncrypt.dll
0x00007ffb1b860000 - 0x00007ffb1b89f000 	C:\windows\SYSTEM32\NTASN1.dll
0x00007ffb1b6a0000 - 0x00007ffb1b6bc000 	C:\windows\SYSTEM32\CRYPTSP.dll
0x00007ffb1adf0000 - 0x00007ffb1ae2a000 	C:\windows\system32\rsaenh.dll
0x00007ffb1b4a0000 - 0x00007ffb1b4cb000 	C:\windows\SYSTEM32\USERENV.dll
0x00007ffb1bfb0000 - 0x00007ffb1bfd6000 	C:\windows\SYSTEM32\bcrypt.dll
0x00007ffb1b6c0000 - 0x00007ffb1b6cc000 	C:\windows\SYSTEM32\CRYPTBASE.dll
0x00007ffb1a890000 - 0x00007ffb1a8c3000 	C:\windows\SYSTEM32\IPHLPAPI.DLL
0x00007ffb1d190000 - 0x00007ffb1d19a000 	C:\windows\System32\NSI.dll
0x00007ffb135c0000 - 0x00007ffb135ca000 	C:\Program Files\Java\zulu21.40.17-ca-fx-jdk21.0.6-win_x64\bin\management.dll
0x00007ffb135a0000 - 0x00007ffb135ac000 	C:\Program Files\Java\zulu21.40.17-ca-fx-jdk21.0.6-win_x64\bin\management_ext.dll
0x00007ffb1da00000 - 0x00007ffb1da08000 	C:\windows\System32\PSAPI.DLL
0x00007ffb12b60000 - 0x00007ffb12b70000 	C:\Program Files\Java\zulu21.40.17-ca-fx-jdk21.0.6-win_x64\bin\verify.dll
0x00007ffb1a8d0000 - 0x00007ffb1a9f7000 	C:\windows\SYSTEM32\DNSAPI.dll
0x00007ffb15990000 - 0x00007ffb1599b000 	C:\Windows\System32\rasadhlp.dll
0x00007ffb136c0000 - 0x00007ffb13746000 	C:\windows\System32\fwpuclnt.dll
0x00007ffae8550000 - 0x00007ffae8558000 	C:\windows\system32\wshunix.dll

dbghelp: loaded successfully - version: 4.0.5 - missing functions: none
symbol engine: initialized successfully - sym options: 0x614 - pdb path: .;C:\Program Files\Java\zulu21.40.17-ca-fx-jdk21.0.6-win_x64\bin;C:\windows\SYSTEM32;C:\windows\WinSxS\amd64_microsoft.windows.common-controls_6595b64144ccf1df_6.0.26100.3912_none_3e07963ce335137e;C:\Program Files\Java\zulu21.40.17-ca-fx-jdk21.0.6-win_x64\bin\server;C:\Program Files\JetBrains\IntelliJ IDEA Community Edition 2024.3.2.2\bin

VM Arguments:
jvm_args: -javaagent:C:\Program Files\JetBrains\IntelliJ IDEA Community Edition 2024.3.2.2\lib\idea_rt.jar=57562:C:\Program Files\JetBrains\IntelliJ IDEA Community Edition 2024.3.2.2\bin -Dfile.encoding=UTF-8 -Dsun.stdout.encoding=UTF-8 -Dsun.stderr.encoding=UTF-8 
java_command: com.noureddine.library.LibraryApplication
java_class_path (initial): D:\Projects\MultidisciplinaryProject\Library\library\target\classes;C:\Users\asus\.m2\repository\org\springframework\boot\spring-boot-starter-validation\3.4.4\spring-boot-starter-validation-3.4.4.jar;C:\Users\asus\.m2\repository\org\springframework\boot\spring-boot-starter\3.4.4\spring-boot-starter-3.4.4.jar;C:\Users\asus\.m2\repository\org\springframework\boot\spring-boot\3.4.4\spring-boot-3.4.4.jar;C:\Users\asus\.m2\repository\org\springframework\boot\spring-boot-autoconfigure\3.4.4\spring-boot-autoconfigure-3.4.4.jar;C:\Users\asus\.m2\repository\org\springframework\boot\spring-boot-starter-logging\3.4.4\spring-boot-starter-logging-3.4.4.jar;C:\Users\asus\.m2\repository\ch\qos\logback\logback-classic\1.5.18\logback-classic-1.5.18.jar;C:\Users\asus\.m2\repository\ch\qos\logback\logback-core\1.5.18\logback-core-1.5.18.jar;C:\Users\asus\.m2\repository\org\apache\logging\log4j\log4j-to-slf4j\2.24.3\log4j-to-slf4j-2.24.3.jar;C:\Users\asus\.m2\repository\org\apache\logging\log4j\log4j-api\2.24.3\log4j-api-2.24.3.jar;C:\Users\asus\.m2\repository\org\slf4j\jul-to-slf4j\2.0.17\jul-to-slf4j-2.0.17.jar;C:\Users\asus\.m2\repository\jakarta\annotation\jakarta.annotation-api\2.1.1\jakarta.annotation-api-2.1.1.jar;C:\Users\asus\.m2\repository\org\yaml\snakeyaml\2.3\snakeyaml-2.3.jar;C:\Users\asus\.m2\repository\org\apache\tomcat\embed\tomcat-embed-el\10.1.39\tomcat-embed-el-10.1.39.jar;C:\Users\asus\.m2\repository\org\hibernate\validator\hibernate-validator\8.0.2.Final\hibernate-validator-8.0.2.Final.jar;C:\Users\asus\.m2\repository\jakarta\validation\jakarta.validation-api\3.0.2\jakarta.validation-api-3.0.2.jar;C:\Users\asus\.m2\repository\org\jboss\logging\jboss-logging\3.6.1.Final\jboss-logging-3.6.1.Final.jar;C:\Users\asus\.m2\repository\com\fasterxml\classmate\1.7.0\classmate-1.7.0.jar;C:\Users\asus\.m2\repository\org\springframework\boot\spring-boot-starter-security\3.4.4\spring-boot-starter-security-3.4.4.jar;C:\Users\asus\.m2\repository\org\springframework\spring-aop\6.2.5\spring-aop-6.2.5.jar;C:\Users\asus\.m2\repository\org\springframework\spring-beans\6.2.5\spring-beans-6.2.5.jar;C:\Users\asus\.m2\repository\org\springframework\security\spring-security-config\6.4.4\spring-security-config-6.4.4.jar;C:\Users\asus\.m2\repository\org\springframework\security\spring-security-core\6.4.4\spring-security-core-6.4.4.jar;C:\Users\asus\.m2\repository\org\springframework\security\spring-security-crypto\6.4.4\spring-security-crypto-6.4.4.jar;C:\Users\asus\.m2\repository\org\springframework\spring-context\6.2.5\spring-context-6.2.5.jar;C:\Users\asus\.m2\repository\org\springframework\security\spring-security-web\6.4.4\spring-security-web-6.4.4.jar;C:\Users\asus\.m2\repository\org\springframework\spring-expression\6.2.5\spring-expression-6.2.5.jar;C:\Users\asus\.m2\repository\io\jsonwebtoken\jjwt-api\0.11.5\jjwt-api-0.11.5.jar;C:\Users\asus\.m2\repository\io\jsonwebtoken\jjwt-impl\0.11.5\jjwt-impl-0.11.5.jar;C:\Users\asus\.m2\repository\io\jsonwebtoken\jjwt-jackson\0.11.5\jjwt-jackson-0.11.5.jar;C:\Users\asus\.m2\repository\com\fasterxml\jackson\core\jackson-databind\2.18.3\jackson-databind-2.18.3.jar;C:\Users\asus\.m2\repository\com\fasterxml\jackson\core\jackson-annotations\2.18.3\jackson-annotations-2.18.3.jar;C:\Users\asus\.m2\repository\com\fasterxml\jackson\core\jackson-core\2.18.3\jackson-core-2.18.3.jar;C:\Users\asus\.m2\repository\org\springframework\boot\spring-boot-starter-hateoas\3.4.4\spring-boot-starter-hateoas-3.4.4.jar;C:\Users\asus\.m2\repository\org\springframework\hateoas\spring-hateoas\2.4.1\spring-hateoas-2.4.1.jar;C:\Users\asus\.m2\repository\org\springframework\plugin\spring-plugin-core\3.0.0\spring-plugin-core-3.0.0.jar;C:\Users\asus\.m2\repository\org\slf4j\slf4j-api\2.0.17\slf4j-api-2.0.17.jar;C:\Users\asus\.m2\repository\org\springframework\boot\spring-boot-starter-data-jpa\3.4.4\spring-boot-starter-data-jpa-3.4.4.jar;C:\Users\asus\.m2\repository\org\hibernate\orm\hibernate-core\6.6.11.Final\hibernate-core-6.6.11.Final.jar;C:\Users\asus\.m2\repository\jakarta\persistence\jakarta.persistence-api\3.1.0\jakarta.persistence-api-3.1.0.jar;C:\Users\asus\.m2\repository\jakarta\transaction\jakarta.transaction-api\2.0.1\jakarta.transaction-api-2.0.1.jar;C:\Users\asus\.m2\repository\org\hibernate\common\hibernate-commons-annotations\7.0.3.Final\hibernate-commons-annotations-7.0.3.Final.jar;C:\Users\asus\.m2\repository\io\smallrye\jandex\3.2.0\jandex-3.2.0.jar;C:\Users\asus\.m2\repository\net\bytebuddy\byte-buddy\1.15.11\byte-buddy-1.15.11.jar;C:\Users\asus\.m2\repository\org\glassfish\jaxb\jaxb-runtime\4.0.5\jaxb-runtime-4.0.5.jar;C:\Users\asus\.m2\repository\org\glassfish\jaxb\jaxb-core\4.0.5\jaxb-core-4.0.5.jar;C:\Users\asus\.m2\repository\org\glassfish\jaxb\txw2\4.0.5\txw2-4.0.5.jar;C:\Users\asus\.m2\repository\com\sun\istack\istack-commons-runtime\4.1.2\istack-commons-runtime-4.1.2.jar;C:\Users\asus\.m2\repository\jakarta\inject\jakarta.inject-api\2.0.1\jakarta.inject-api-2.0.1.jar;C:\Users\asus\.m2\repository\org\antlr\antlr4-runtime\4.13.0\antlr4-runtime-4.13.0.jar;C:\Users\asus\.m2\repository\org\springframework\data\spring-data-jpa\3.4.4\spring-data-jpa-3.4.4.jar;C:\Users\asus\.m2\repository\org\springframework\data\spring-data-commons\3.4.4\spring-data-commons-3.4.4.jar;C:\Users\asus\.m2\repository\org\springframework\spring-orm\6.2.5\spring-orm-6.2.5.jar;C:\Users\asus\.m2\repository\org\springframework\spring-tx\6.2.5\spring-tx-6.2.5.jar;C:\Users\asus\.m2\repository\org\springframework\spring-aspects\6.2.5\spring-aspects-6.2.5.jar;C:\Users\asus\.m2\repository\org\aspectj\aspectjweaver\1.9.23\aspectjweaver-1.9.23.jar;C:\Users\asus\.m2\repository\org\springframework\boot\spring-boot-starter-jdbc\3.4.4\spring-boot-starter-jdbc-3.4.4.jar;C:\Users\asus\.m2\repository\com\zaxxer\HikariCP\5.1.0\HikariCP-5.1.0.jar;C:\Users\asus\.m2\repository\org\springframework\spring-jdbc\6.2.5\spring-jdbc-6.2.5.jar;C:\Users\asus\.m2\repository\org\springframework\boot\spring-boot-starter-mail\3.4.4\spring-boot-starter-mail-3.4.4.jar;C:\Users\asus\.m2\repository\org\springframework\spring-context-support\6.2.5\spring-context-support-6.2.5.jar;C:\Users\asus\.m2\repository\org\eclipse\angus\jakarta.mail\2.0.3\jakarta.mail-2.0.3.jar;C:\Users\asus\.m2\repository\jakarta\activation\jakarta.activation-api\2.1.3\jakarta.activation-api-2.1.3.jar;C:\Users\asus\.m2\repository\org\eclipse\angus\angus-activation\2.0.2\angus-activation-2.0.2.jar;C:\Users\asus\.m2\repository\org\springframework\boot\spring-boot-starter-web\3.4.4\spring-boot-starter-web-3.4.4.jar;C:\Users\asus\.m2\repository\org\springframework\boot\spring-boot-starter-json\3.4.4\spring-boot-starter-json-3.4.4.jar;C:\Users\asus\.m2\repository\com\fasterxml\jackson\datatype\jackson-datatype-jdk8\2.18.3\jackson-datatype-jdk8-2.18.3.jar;C:\Users\asus\.m2\repository\com\fasterxml\jackson\datatype\jackson-datatype-jsr310\2.18.3\jackson-datatype-jsr310-2.18.3.jar;C:\Users\asus\.m2\repository\com\fasterxml\jackson\module\jackson-module-parameter-names\2.18.3\jackson-module-parameter-names-2.18.3.jar;C:\Users\asus\.m2\repository\org\springframework\boot\spring-boot-starter-tomcat\3.4.4\spring-boot-starter-tomcat-3.4.4.jar;C:\Users\asus\.m2\repository\org\apache\tomcat\embed\tomcat-embed-core\10.1.39\tomcat-embed-core-10.1.39.jar;C:\Users\asus\.m2\repository\org\apache\tomcat\embed\tomcat-embed-websocket\10.1.39\tomcat-embed-websocket-10.1.39.jar;C:\Users\asus\.m2\repository\org\springframework\spring-web\6.2.5\spring-web-6.2.5.jar;C:\Users\asus\.m2\repository\io\micrometer\micrometer-observation\1.14.5\micrometer-observation-1.14.5.jar;C:\Users\asus\.m2\repository\io\micrometer\micrometer-commons\1.14.5\micrometer-commons-1.14.5.jar;C:\Users\asus\.m2\repository\org\springframework\spring-webmvc\6.2.5\spring-webmvc-6.2.5.jar;C:\Users\asus\.m2\repository\com\mysql\mysql-connector-j\9.1.0\mysql-connector-j-9.1.0.jar;C:\Users\asus\.m2\repository\com\jayway\jsonpath\json-path\2.9.0\json-path-2.9.0.jar;C:\Users\asus\.m2\repository\jakarta\xml\bind\jakarta.xml.bind-api\4.0.2\jakarta.xml.bind-api-4.0.2.jar;C:\Users\asus\.m2\repository\net\minidev\json-smart\2.5.2\json-smart-2.5.2.jar;C:\Users\asus\.m2\repository\net\minidev\accessors-smart\2.5.2\accessors-smart-2.5.2.jar;C:\Users\asus\.m2\repository\org\ow2\asm\asm\9.7.1\asm-9.7.1.jar;C:\Users\asus\.m2\repository\org\springframework\spring-core\6.2.5\spring-core-6.2.5.jar;C:\Users\asus\.m2\repository\org\springframework\spring-jcl\6.2.5\spring-jcl-6.2.5.jar
Launcher Type: SUN_STANDARD

[Global flags]
     intx CICompilerCount                          = 4                                         {product} {ergonomic}
     uint ConcGCThreads                            = 3                                         {product} {ergonomic}
     uint G1ConcRefinementThreads                  = 10                                        {product} {ergonomic}
   size_t G1HeapRegionSize                         = 2097152                                   {product} {ergonomic}
    uintx GCDrainStackTargetSize                   = 64                                        {product} {ergonomic}
   size_t InitialHeapSize                          = 260046848                                 {product} {ergonomic}
   size_t MarkStackSize                            = 4194304                                   {product} {ergonomic}
   size_t MaxHeapSize                              = 4131389440                                {product} {ergonomic}
   size_t MaxNewSize                               = 2478833664                                {product} {ergonomic}
   size_t MinHeapDeltaBytes                        = 2097152                                   {product} {ergonomic}
   size_t MinHeapSize                              = 8388608                                   {product} {ergonomic}
    uintx NonNMethodCodeHeapSize                   = 5839372                                {pd product} {ergonomic}
    uintx NonProfiledCodeHeapSize                  = 122909434                              {pd product} {ergonomic}
    uintx ProfiledCodeHeapSize                     = 122909434                              {pd product} {ergonomic}
    uintx ReservedCodeCacheSize                    = 251658240                              {pd product} {ergonomic}
     bool SegmentedCodeCache                       = true                                      {product} {ergonomic}
   size_t SoftMaxHeapSize                          = 4131389440                             {manageable} {ergonomic}
     bool UseCompressedOops                        = true                           {product lp64_product} {ergonomic}
     bool UseG1GC                                  = true                                      {product} {ergonomic}
     bool UseLargePagesIndividualAllocation        = false                                  {pd product} {ergonomic}

Logging:
Log output configuration:
 #0: stdout all=warning uptime,level,tags foldmultilines=false
 #1: stderr all=off uptime,level,tags foldmultilines=false

Environment Variables:
JAVA_HOME=C:\Program Files\Java\jdk-17
PATH=C:\Program Files\Common Files\Oracle\Java\javapath;C:\Program Files (x86)\Common Files\Oracle\Java\java8path;C:\Program Files (x86)\Common Files\Oracle\Java\javapath;C:\Program Files (x86)\NVIDIA Corporation\PhysX\Common;C:\windows\system32;C:\windows;C:\windows\System32\Wbem;C:\windows\System32\WindowsPowerShell\v1.0\;C:\windows\System32\OpenSSH\;C:\Program Files (x86)\GtkSharp\2.12\bin;C:\Program Files\dotnet\;C:\Program Files\Git\cmd;C:\Program Files\nodejs\;C:\Program Files\Docker\Docker\resources\bin;C:\Users\asus\AppData\Local\Programs\Python\Launcher\;C:\Program Files\MySQL\MySQL Shell 8.0\bin\;C:\Users\asus\AppData\Local\Microsoft\WindowsApps;C:\Users\asus\AppData\Local\Programs\Microsoft VS Code\bin;C:\MinGW\bin;C:\src\flutter\bin;C:\Users\asus\AppData\Roaming\npm;C:\Program Files\NetBeans-24\netbeans\java\maven\bin;
USERNAME=asus
OS=Windows_NT
PROCESSOR_IDENTIFIER=AMD64 Family 23 Model 104 Stepping 1, AuthenticAMD
TMP=C:\Users\asus\AppData\Local\Temp
TEMP=C:\Users\asus\AppData\Local\Temp




Periodic native trim disabled

---------------  S Y S T E M  ---------------

OS:
 Windows 11 , 64 bit Build 26100 (10.0.26100.3912)
OS uptime: 3 days 14:28 hours
Hyper-V role detected

CPU: total 12 (initial active 12) (12 cores per cpu, 2 threads per core) family 23 model 104 stepping 1 microcode 0x8608104, cx8, cmov, fxsr, ht, mmx, 3dnowpref, sse, sse2, sse3, ssse3, sse4a, sse4.1, sse4.2, popcnt, lzcnt, tsc, tscinvbit, avx, avx2, aes, clmul, bmi1, bmi2, adx, sha, fma, vzeroupper, clflush, clflushopt, hv, rdtscp, rdpid, f16c
Processor Information for processor 0
  Max Mhz: 2100, Current Mhz: 2100, Mhz Limit: 2100
Processor Information for processor 1
  Max Mhz: 2100, Current Mhz: 2100, Mhz Limit: 2100
Processor Information for processor 2
  Max Mhz: 2100, Current Mhz: 2100, Mhz Limit: 2100
Processor Information for processor 3
  Max Mhz: 2100, Current Mhz: 2100, Mhz Limit: 2100
Processor Information for processor 4
  Max Mhz: 2100, Current Mhz: 2100, Mhz Limit: 2100
Processor Information for processor 5
  Max Mhz: 2100, Current Mhz: 2100, Mhz Limit: 2100
Processor Information for processor 6
  Max Mhz: 2100, Current Mhz: 1813, Mhz Limit: 2100
Processor Information for processor 7
  Max Mhz: 2100, Current Mhz: 1813, Mhz Limit: 2100
Processor Information for processor 8
  Max Mhz: 2100, Current Mhz: 1813, Mhz Limit: 2100
Processor Information for processor 9
  Max Mhz: 2100, Current Mhz: 1813, Mhz Limit: 2100
Processor Information for processor 10
  Max Mhz: 2100, Current Mhz: 1813, Mhz Limit: 2100
Processor Information for processor 11
  Max Mhz: 2100, Current Mhz: 1813, Mhz Limit: 2100

Memory: 4k page, system-wide physical 15753M (4846M free)
TotalPageFile size 17801M (AvailPageFile size 13M)
current process WorkingSet (physical memory assigned to process): 718M, peak: 754M
current process commit charge ("private bytes"): 781M, peak: 818M

vm_info: OpenJDK 64-Bit Server VM (21.0.6+7-LTS) for windows-amd64 JRE (21.0.6+7-LTS) (Zulu21.40+17-CA), built on 2025-01-07T13:05:06Z by "zulu_re" with MS VC++ 17.1 (VS2022)

END.
