#
# There is insufficient memory for the Java Runtime Environment to continue.
# Native memory allocation (mmap) failed to map 322961408 bytes. Error detail: G1 virtual space
# Possible reasons:
#   The system is out of physical RAM or swap space
#   This process is running with CompressedOops enabled, and the Java Heap may be blocking the growth of the native heap
# Possible solutions:
#   Reduce memory load on the system
#   Increase physical memory or swap space
#   Check if swap backing store is full
#   Decrease Java heap size (-Xmx/-Xms)
#   Decrease number of Java threads
#   Decrease Java thread stack sizes (-Xss)
#   Set larger code cache with -XX:ReservedCodeCacheSize=
#   JVM is running with Zero Based Compressed Oops mode in which the Java heap is
#     placed in the first 32GB address space. The Java Heap base address is the
#     maximum limit for the native heap growth. Please use -XX:HeapBaseMinAddress
#     to set the Java Heap base and to place the Java Heap above 32GB virtual address.
# This output file may be truncated or incomplete.
#
#  Out of Memory Error (os_windows.cpp:3686), pid=7516, tid=27892
#
# JRE version: OpenJDK Runtime Environment Zulu21.40+17-CA (21.0.6+7) (build 21.0.6+7-LTS)
# Java VM: OpenJDK 64-Bit Server VM Zulu21.40+17-CA (21.0.6+7-LTS, mixed mode, sharing, tiered, compressed oops, compressed class ptrs, g1 gc, windows-amd64)
# No core dump will be written. Minidumps are not enabled by default on client versions of Windows
#

---------------  S U M M A R Y ------------

Command Line: -javaagent:C:\Program Files\JetBrains\IntelliJ IDEA Community Edition 2024.3.2.2\lib\idea_rt.jar=57625:C:\Program Files\JetBrains\IntelliJ IDEA Community Edition 2024.3.2.2\bin -Dfile.encoding=UTF-8 -Dsun.stdout.encoding=UTF-8 -Dsun.stderr.encoding=UTF-8 com.noureddine.library.LibraryApplication

Host: AMD Ryzen 5 5500U with Radeon Graphics         , 12 cores, 15G,  Windows 11 , 64 bit Build 26100 (10.0.26100.3912)
Time: Mon May 12 22:02:05 2025 W. Central Africa Standard Time elapsed time: 12.153942 seconds (0d 0h 0m 12s)

---------------  T H R E A D  ---------------

Current thread (0x000001dffd414160):  VMThread "VM Thread"          [id=27892, stack(0x0000002731100000,0x0000002731200000) (1024K)]

Stack: [0x0000002731100000,0x0000002731200000]
Native frames: (J=compiled Java code, j=interpreted, Vv=VM code, C=native code)
V  [jvm.dll+0x6fb489]
V  [jvm.dll+0x8dee5f]
V  [jvm.dll+0x8e1258]
V  [jvm.dll+0x8e19c3]
V  [jvm.dll+0x299796]
V  [jvm.dll+0x6f7c15]
V  [jvm.dll+0x6ebb4a]
V  [jvm.dll+0x374a6a]
V  [jvm.dll+0x37c776]
V  [jvm.dll+0x3d1195]
V  [jvm.dll+0x3d1458]
V  [jvm.dll+0x3467e3]
V  [jvm.dll+0x346877]
V  [jvm.dll+0x38d11c]
V  [jvm.dll+0x38b932]
V  [jvm.dll+0x345f81]
V  [jvm.dll+0x38afea]
V  [jvm.dll+0x8e7946]
V  [jvm.dll+0x8e8d64]
V  [jvm.dll+0x8e92b0]
V  [jvm.dll+0x8e9553]
V  [jvm.dll+0x886176]
V  [jvm.dll+0x6f9b84]
C  [ucrtbase.dll+0x37b0]
C  [KERNEL32.DLL+0x2e8d7]
C  [ntdll.dll+0x9c5dc]

VM_Operation (0x0000002730afa040): G1CollectForAllocation, mode: safepoint, requested by thread 0x000001dfebc728c0


---------------  P R O C E S S  ---------------

Threads class SMR info:
_java_thread_list=0x000001dfd44b0810, length=18, elements={
0x000001dfebc728c0, 0x000001dffd42e270, 0x000001dffd42ecd0, 0x000001dffd433c00,
0x000001dffd434c20, 0x000001dffd4406b0, 0x000001dffd445750, 0x000001dffd4464e0,
0x000001dffd446f80, 0x000001dffd529930, 0x000001dffd8586c0, 0x000001dffd858d30,
0x000001dfd5a48900, 0x000001dfd4f6a020, 0x000001dfff8b7fc0, 0x000001dfd4f94ad0,
0x000001dfd44efd00, 0x000001dfd4bee850
}

Java Threads: ( => current thread )
  0x000001dfebc728c0 JavaThread "main"                              [_thread_blocked, id=16216, stack(0x0000002730a00000,0x0000002730b00000) (1024K)]
  0x000001dffd42e270 JavaThread "Reference Handler"          daemon [_thread_blocked, id=33240, stack(0x0000002731200000,0x0000002731300000) (1024K)]
  0x000001dffd42ecd0 JavaThread "Finalizer"                  daemon [_thread_blocked, id=5556, stack(0x0000002731300000,0x0000002731400000) (1024K)]
  0x000001dffd433c00 JavaThread "Signal Dispatcher"          daemon [_thread_blocked, id=32100, stack(0x0000002731400000,0x0000002731500000) (1024K)]
  0x000001dffd434c20 JavaThread "Attach Listener"            daemon [_thread_blocked, id=31336, stack(0x0000002731500000,0x0000002731600000) (1024K)]
  0x000001dffd4406b0 JavaThread "Service Thread"             daemon [_thread_blocked, id=32088, stack(0x0000002731600000,0x0000002731700000) (1024K)]
  0x000001dffd445750 JavaThread "Monitor Deflation Thread"   daemon [_thread_blocked, id=6652, stack(0x0000002731700000,0x0000002731800000) (1024K)]
  0x000001dffd4464e0 JavaThread "C2 CompilerThread0"         daemon [_thread_blocked, id=29612, stack(0x0000002731800000,0x0000002731900000) (1024K)]
  0x000001dffd446f80 JavaThread "C1 CompilerThread0"         daemon [_thread_blocked, id=2008, stack(0x0000002731900000,0x0000002731a00000) (1024K)]
  0x000001dffd529930 JavaThread "Common-Cleaner"             daemon [_thread_blocked, id=12884, stack(0x0000002731a00000,0x0000002731b00000) (1024K)]
  0x000001dffd8586c0 JavaThread "Monitor Ctrl-Break"         daemon [_thread_in_native, id=9220, stack(0x0000002731c00000,0x0000002731d00000) (1024K)]
  0x000001dffd858d30 JavaThread "Notification Thread"        daemon [_thread_blocked, id=388, stack(0x0000002731d00000,0x0000002731e00000) (1024K)]
  0x000001dfd5a48900 JavaThread "Catalina-utility-1"                [_thread_blocked, id=27876, stack(0x0000002732300000,0x0000002732400000) (1024K)]
  0x000001dfd4f6a020 JavaThread "Catalina-utility-2"                [_thread_blocked, id=33384, stack(0x0000002732b00000,0x0000002732c00000) (1024K)]
  0x000001dfff8b7fc0 JavaThread "container-0"                       [_thread_blocked, id=27872, stack(0x0000002732c00000,0x0000002732d00000) (1024K)]
  0x000001dfd4f94ad0 JavaThread "mysql-cj-abandoned-connection-cleanup" daemon [_thread_blocked, id=23920, stack(0x0000002732d00000,0x0000002732e00000) (1024K)]
  0x000001dfd44efd00 JavaThread "HikariPool-1 housekeeper"   daemon [_thread_blocked, id=18852, stack(0x0000002732f00000,0x0000002733000000) (1024K)]
  0x000001dfd4bee850 JavaThread "HikariPool-1 connection adder" daemon [_thread_blocked, id=20560, stack(0x0000002733000000,0x0000002733100000) (1024K)]
Total: 18

Other Threads:
=>0x000001dffd414160 VMThread "VM Thread"                           [id=27892, stack(0x0000002731100000,0x0000002731200000) (1024K)]
  0x000001dffd3fa4f0 WatcherThread "VM Periodic Task Thread"        [id=16960, stack(0x0000002731000000,0x0000002731100000) (1024K)]
  0x000001dfebcd8d20 WorkerThread "GC Thread#0"                     [id=17228, stack(0x0000002730b00000,0x0000002730c00000) (1024K)]
  0x000001dffddc8900 WorkerThread "GC Thread#1"                     [id=26276, stack(0x0000002731e00000,0x0000002731f00000) (1024K)]
  0x000001dffde05df0 WorkerThread "GC Thread#2"                     [id=33980, stack(0x0000002731f00000,0x0000002732000000) (1024K)]
  0x000001dffde061a0 WorkerThread "GC Thread#3"                     [id=22444, stack(0x0000002732000000,0x0000002732100000) (1024K)]
  0x000001dffde06550 WorkerThread "GC Thread#4"                     [id=28496, stack(0x0000002732100000,0x0000002732200000) (1024K)]
  0x000001dffe1e3a20 WorkerThread "GC Thread#5"                     [id=28480, stack(0x0000002732200000,0x0000002732300000) (1024K)]
  0x000001dffe57f6b0 WorkerThread "GC Thread#6"                     [id=33416, stack(0x0000002732400000,0x0000002732500000) (1024K)]
  0x000001dffe57fa60 WorkerThread "GC Thread#7"                     [id=17860, stack(0x0000002732500000,0x0000002732600000) (1024K)]
  0x000001dffe315e90 WorkerThread "GC Thread#8"                     [id=23968, stack(0x0000002732600000,0x0000002732700000) (1024K)]
  0x000001dfff608ba0 WorkerThread "GC Thread#9"                     [id=31992, stack(0x0000002732800000,0x0000002732900000) (1024K)]
  0x000001dfebce94b0 ConcurrentGCThread "G1 Main Marker"            [id=30976, stack(0x0000002730c00000,0x0000002730d00000) (1024K)]
  0x000001dfebcebb90 WorkerThread "G1 Conc#0"                       [id=24832, stack(0x0000002730d00000,0x0000002730e00000) (1024K)]
  0x000001dfff9fc2a0 WorkerThread "G1 Conc#1"                       [id=28076, stack(0x0000002732900000,0x0000002732a00000) (1024K)]
  0x000001dfffb1e290 WorkerThread "G1 Conc#2"                       [id=33752, stack(0x0000002732a00000,0x0000002732b00000) (1024K)]
  0x000001dffd2cb480 ConcurrentGCThread "G1 Refine#0"               [id=19644, stack(0x0000002730e00000,0x0000002730f00000) (1024K)]
  0x000001dffd2cbcb0 ConcurrentGCThread "G1 Service"                [id=29392, stack(0x0000002730f00000,0x0000002731000000) (1024K)]
Total: 18

Threads with active compile tasks:
Total: 0

VM state: at safepoint (normal execution)

VM Mutex/Monitor currently owned by a thread:  ([mutex/lock_event])
[0x00007ffabf4b9bb0] Threads_lock - owner thread: 0x000001dffd414160
[0x00007ffabf4b9cb0] Heap_lock - owner thread: 0x000001dfebc728c0

Heap address: 0x0000000709c00000, size: 3940 MB, Compressed Oops mode: Zero based, Oop shift amount: 3

CDS archive(s) mapped at: [0x000001df8f000000-0x000001df8fce0000-0x000001df8fce0000), size 13500416, SharedBaseAddress: 0x000001df8f000000, ArchiveRelocationMode: 1.
Compressed class space mapped at: 0x000001df90000000-0x000001dfd0000000, reserved size: 1073741824
Narrow klass base: 0x000001df8f000000, Narrow klass shift: 0, Narrow klass range: 0x100000000

GC Precious Log:
 CardTable entry size: 512
 Card Set container configuration: InlinePtr #cards 4 size 8 Array Of Cards #cards 16 size 48 Howl #buckets 8 coarsen threshold 3686 Howl Bitmap #cards 512 size 80 coarsen threshold 460 Card regions per heap region 1 cards per card region 4096
 CPUs: 12 total, 12 available
 Memory: 15753M
 Large Page Support: Disabled
 NUMA Support: Disabled
 Compressed Oops: Enabled (Zero based)
 Heap Region Size: 2M
 Heap Min Capacity: 8M
 Heap Initial Capacity: 248M
 Heap Max Capacity: 3940M
 Pre-touch: Disabled
 Parallel Workers: 10
 Concurrent Workers: 3
 Concurrent Refinement Workers: 10
 Periodic GC: Disabled

Heap:
 garbage-first heap   total 315392K, used 193261K [0x0000000709c00000, 0x0000000800000000)
  region size 2048K, 6 young (12288K), 6 survivors (12288K)
 Metaspace       used 72624K, committed 73280K, reserved 1114112K
  class space    used 9695K, committed 9984K, reserved 1048576K

Heap Regions: E=young(eden), S=young(survivor), O=old, HS=humongous(starts), HC=humongous(continues), CS=collection set, F=free, TAMS=top-at-mark-start, PB=parsable bottom
|   0|0x0000000709c00000, 0x0000000709e00000, 0x0000000709e00000|100%| O|  |TAMS 0x0000000709e00000| PB 0x0000000709c00000| Untracked 
|   1|0x0000000709e00000, 0x000000070a000000, 0x000000070a000000|100%| O|  |TAMS 0x000000070a000000| PB 0x0000000709e00000| Untracked 
|   2|0x000000070a000000, 0x000000070a200000, 0x000000070a200000|100%| O|  |TAMS 0x000000070a200000| PB 0x000000070a000000| Untracked 
|   3|0x000000070a200000, 0x000000070a400000, 0x000000070a400000|100%| O|  |TAMS 0x000000070a400000| PB 0x000000070a200000| Untracked 
|   4|0x000000070a400000, 0x000000070a600000, 0x000000070a600000|100%| O|  |TAMS 0x000000070a600000| PB 0x000000070a400000| Untracked 
|   5|0x000000070a600000, 0x000000070a800000, 0x000000070a800000|100%| O|  |TAMS 0x000000070a800000| PB 0x000000070a600000| Untracked 
|   6|0x000000070a800000, 0x000000070aa00000, 0x000000070aa00000|100%| O|  |TAMS 0x000000070aa00000| PB 0x000000070a800000| Untracked 
|   7|0x000000070aa00000, 0x000000070ac00000, 0x000000070ac00000|100%| O|  |TAMS 0x000000070ac00000| PB 0x000000070aa00000| Untracked 
|   8|0x000000070ac00000, 0x000000070ae00000, 0x000000070ae00000|100%| O|  |TAMS 0x000000070ae00000| PB 0x000000070ac00000| Untracked 
|   9|0x000000070ae00000, 0x000000070b000000, 0x000000070b000000|100%| O|  |TAMS 0x000000070b000000| PB 0x000000070ae00000| Untracked 
|  10|0x000000070b000000, 0x000000070b200000, 0x000000070b200000|100%| O|  |TAMS 0x000000070b200000| PB 0x000000070b000000| Untracked 
|  11|0x000000070b200000, 0x000000070b400000, 0x000000070b400000|100%| O|  |TAMS 0x000000070b400000| PB 0x000000070b200000| Untracked 
|  12|0x000000070b400000, 0x000000070b600000, 0x000000070b600000|100%| O|  |TAMS 0x000000070b600000| PB 0x000000070b400000| Untracked 
|  13|0x000000070b600000, 0x000000070b800000, 0x000000070b800000|100%| O|  |TAMS 0x000000070b600000| PB 0x000000070b600000| Untracked 
|  14|0x000000070b800000, 0x000000070ba00000, 0x000000070ba00000|100%|HS|  |TAMS 0x000000070ba00000| PB 0x000000070b800000| Complete 
|  15|0x000000070ba00000, 0x000000070bc00000, 0x000000070bc00000|100%|HC|  |TAMS 0x000000070bc00000| PB 0x000000070ba00000| Complete 
|  16|0x000000070bc00000, 0x000000070be00000, 0x000000070be00000|100%| O|  |TAMS 0x000000070be00000| PB 0x000000070bc00000| Untracked 
|  17|0x000000070be00000, 0x000000070c000000, 0x000000070c000000|100%| O|  |TAMS 0x000000070be00000| PB 0x000000070be00000| Untracked 
|  18|0x000000070c000000, 0x000000070c200000, 0x000000070c200000|100%| O|  |TAMS 0x000000070c200000| PB 0x000000070c000000| Untracked 
|  19|0x000000070c200000, 0x000000070c400000, 0x000000070c400000|100%| O|  |TAMS 0x000000070c400000| PB 0x000000070c200000| Untracked 
|  20|0x000000070c400000, 0x000000070c600000, 0x000000070c600000|100%| O|  |TAMS 0x000000070c600000| PB 0x000000070c400000| Untracked 
|  21|0x000000070c600000, 0x000000070c800000, 0x000000070c800000|100%| O|  |TAMS 0x000000070c800000| PB 0x000000070c600000| Untracked 
|  22|0x000000070c800000, 0x000000070ca00000, 0x000000070ca00000|100%| O|  |TAMS 0x000000070ca00000| PB 0x000000070c800000| Untracked 
|  23|0x000000070ca00000, 0x000000070cc00000, 0x000000070cc00000|100%| O|  |TAMS 0x000000070cc00000| PB 0x000000070ca00000| Untracked 
|  24|0x000000070cc00000, 0x000000070ce00000, 0x000000070ce00000|100%| O|  |TAMS 0x000000070ce00000| PB 0x000000070cc00000| Untracked 
|  25|0x000000070ce00000, 0x000000070d000000, 0x000000070d000000|100%| O|  |TAMS 0x000000070d000000| PB 0x000000070ce00000| Untracked 
|  26|0x000000070d000000, 0x000000070d200000, 0x000000070d200000|100%| O|  |TAMS 0x000000070d000000| PB 0x000000070d000000| Untracked 
|  27|0x000000070d200000, 0x000000070d400000, 0x000000070d400000|100%| O|  |TAMS 0x000000070d200000| PB 0x000000070d200000| Untracked 
|  28|0x000000070d400000, 0x000000070d600000, 0x000000070d600000|100%| O|  |TAMS 0x000000070d400000| PB 0x000000070d400000| Untracked 
|  29|0x000000070d600000, 0x000000070d800000, 0x000000070d800000|100%| O|  |TAMS 0x000000070d600000| PB 0x000000070d600000| Untracked 
|  30|0x000000070d800000, 0x000000070da00000, 0x000000070da00000|100%| O|  |TAMS 0x000000070d800000| PB 0x000000070d800000| Untracked 
|  31|0x000000070da00000, 0x000000070dc00000, 0x000000070dc00000|100%| O|  |TAMS 0x000000070da00000| PB 0x000000070da00000| Untracked 
|  32|0x000000070dc00000, 0x000000070de00000, 0x000000070de00000|100%| O|  |TAMS 0x000000070de00000| PB 0x000000070dc00000| Untracked 
|  33|0x000000070de00000, 0x000000070e000000, 0x000000070e000000|100%| O|  |TAMS 0x000000070e000000| PB 0x000000070de00000| Untracked 
|  34|0x000000070e000000, 0x000000070e200000, 0x000000070e200000|100%| O|  |TAMS 0x000000070e000000| PB 0x000000070e000000| Untracked 
|  35|0x000000070e200000, 0x000000070e400000, 0x000000070e400000|100%| O|  |TAMS 0x000000070e400000| PB 0x000000070e200000| Untracked 
|  36|0x000000070e400000, 0x000000070e600000, 0x000000070e600000|100%| O|  |TAMS 0x000000070e400000| PB 0x000000070e400000| Untracked 
|  37|0x000000070e600000, 0x000000070e800000, 0x000000070e800000|100%| O|  |TAMS 0x000000070e800000| PB 0x000000070e600000| Untracked 
|  38|0x000000070e800000, 0x000000070ea00000, 0x000000070ea00000|100%| O|  |TAMS 0x000000070ea00000| PB 0x000000070e800000| Untracked 
|  39|0x000000070ea00000, 0x000000070ec00000, 0x000000070ec00000|100%| O|  |TAMS 0x000000070ec00000| PB 0x000000070ea00000| Untracked 
|  40|0x000000070ec00000, 0x000000070ee00000, 0x000000070ee00000|100%| O|  |TAMS 0x000000070ee00000| PB 0x000000070ec00000| Untracked 
|  41|0x000000070ee00000, 0x000000070f000000, 0x000000070f000000|100%| O|  |TAMS 0x000000070ee00000| PB 0x000000070ee00000| Untracked 
|  42|0x000000070f000000, 0x000000070f200000, 0x000000070f200000|100%| O|  |TAMS 0x000000070f000000| PB 0x000000070f000000| Untracked 
|  43|0x000000070f200000, 0x000000070f400000, 0x000000070f400000|100%| O|  |TAMS 0x000000070f200000| PB 0x000000070f200000| Untracked 
|  44|0x000000070f400000, 0x000000070f600000, 0x000000070f600000|100%| O|  |TAMS 0x000000070f600000| PB 0x000000070f400000| Untracked 
|  45|0x000000070f600000, 0x000000070f800000, 0x000000070f800000|100%| O|  |TAMS 0x000000070f600000| PB 0x000000070f600000| Untracked 
|  46|0x000000070f800000, 0x000000070f8bb4b0, 0x000000070fa00000| 36%| O|  |TAMS 0x000000070f800000| PB 0x000000070f800000| Untracked 
|  47|0x000000070fa00000, 0x000000070fa00000, 0x000000070fc00000|  0%| F|  |TAMS 0x000000070fa00000| PB 0x000000070fa00000| Untracked 
|  48|0x000000070fc00000, 0x000000070fe00000, 0x000000070fe00000|100%| O|  |TAMS 0x000000070fe00000| PB 0x000000070fc00000| Untracked 
|  49|0x000000070fe00000, 0x0000000710000000, 0x0000000710000000|100%| O|  |TAMS 0x0000000710000000| PB 0x000000070fe00000| Untracked 
|  50|0x0000000710000000, 0x0000000710200000, 0x0000000710200000|100%| O|  |TAMS 0x0000000710200000| PB 0x0000000710000000| Untracked 
|  51|0x0000000710200000, 0x0000000710400000, 0x0000000710400000|100%| O|  |TAMS 0x0000000710400000| PB 0x0000000710200000| Untracked 
|  52|0x0000000710400000, 0x0000000710600000, 0x0000000710600000|100%| O|  |TAMS 0x0000000710600000| PB 0x0000000710400000| Untracked 
|  53|0x0000000710600000, 0x0000000710800000, 0x0000000710800000|100%| O|  |TAMS 0x0000000710800000| PB 0x0000000710600000| Untracked 
|  54|0x0000000710800000, 0x0000000710a00000, 0x0000000710a00000|100%| O|  |TAMS 0x0000000710a00000| PB 0x0000000710800000| Untracked 
|  55|0x0000000710a00000, 0x0000000710c00000, 0x0000000710c00000|100%| O|  |TAMS 0x0000000710c00000| PB 0x0000000710a00000| Untracked 
|  56|0x0000000710c00000, 0x0000000710e00000, 0x0000000710e00000|100%| O|  |TAMS 0x0000000710e00000| PB 0x0000000710c00000| Untracked 
|  57|0x0000000710e00000, 0x0000000711000000, 0x0000000711000000|100%| O|  |TAMS 0x0000000711000000| PB 0x0000000710e00000| Untracked 
|  58|0x0000000711000000, 0x0000000711200000, 0x0000000711200000|100%| O|  |TAMS 0x0000000711200000| PB 0x0000000711000000| Untracked 
|  59|0x0000000711200000, 0x0000000711400000, 0x0000000711400000|100%| O|  |TAMS 0x0000000711400000| PB 0x0000000711200000| Untracked 
|  60|0x0000000711400000, 0x0000000711600000, 0x0000000711600000|100%| O|  |TAMS 0x0000000711600000| PB 0x0000000711400000| Untracked 
|  61|0x0000000711600000, 0x0000000711800000, 0x0000000711800000|100%| O|  |TAMS 0x0000000711800000| PB 0x0000000711600000| Untracked 
|  62|0x0000000711800000, 0x0000000711a00000, 0x0000000711a00000|100%| O|  |TAMS 0x0000000711a00000| PB 0x0000000711800000| Untracked 
|  63|0x0000000711a00000, 0x0000000711c00000, 0x0000000711c00000|100%| O|  |TAMS 0x0000000711c00000| PB 0x0000000711a00000| Untracked 
|  64|0x0000000711c00000, 0x0000000711e00000, 0x0000000711e00000|100%| O|  |TAMS 0x0000000711e00000| PB 0x0000000711c00000| Untracked 
|  65|0x0000000711e00000, 0x0000000712000000, 0x0000000712000000|100%|HS|  |TAMS 0x0000000712000000| PB 0x0000000711e00000| Complete 
|  66|0x0000000712000000, 0x0000000712200000, 0x0000000712200000|100%| O|  |TAMS 0x0000000712200000| PB 0x0000000712000000| Untracked 
|  67|0x0000000712200000, 0x0000000712400000, 0x0000000712400000|100%| O|  |TAMS 0x0000000712400000| PB 0x0000000712200000| Untracked 
|  68|0x0000000712400000, 0x0000000712600000, 0x0000000712600000|100%| O|  |TAMS 0x0000000712600000| PB 0x0000000712400000| Untracked 
|  69|0x0000000712600000, 0x0000000712800000, 0x0000000712800000|100%| O|  |TAMS 0x0000000712800000| PB 0x0000000712600000| Untracked 
|  70|0x0000000712800000, 0x0000000712a00000, 0x0000000712a00000|100%| O|  |TAMS 0x0000000712a00000| PB 0x0000000712800000| Untracked 
|  71|0x0000000712a00000, 0x0000000712c00000, 0x0000000712c00000|100%| O|  |TAMS 0x0000000712c00000| PB 0x0000000712a00000| Untracked 
|  72|0x0000000712c00000, 0x0000000712e00000, 0x0000000712e00000|100%| O|  |TAMS 0x0000000712e00000| PB 0x0000000712c00000| Untracked 
|  73|0x0000000712e00000, 0x0000000713000000, 0x0000000713000000|100%| O|  |TAMS 0x0000000713000000| PB 0x0000000712e00000| Untracked 
|  74|0x0000000713000000, 0x0000000713200000, 0x0000000713200000|100%| O|  |TAMS 0x0000000713200000| PB 0x0000000713000000| Untracked 
|  75|0x0000000713200000, 0x0000000713400000, 0x0000000713400000|100%| O|  |TAMS 0x0000000713400000| PB 0x0000000713200000| Untracked 
|  76|0x0000000713400000, 0x0000000713600000, 0x0000000713600000|100%| O|  |TAMS 0x0000000713600000| PB 0x0000000713400000| Untracked 
|  77|0x0000000713600000, 0x0000000713800000, 0x0000000713800000|100%| O|  |TAMS 0x0000000713800000| PB 0x0000000713600000| Untracked 
|  78|0x0000000713800000, 0x0000000713a00000, 0x0000000713a00000|100%| O|  |TAMS 0x0000000713a00000| PB 0x0000000713800000| Untracked 
|  79|0x0000000713a00000, 0x0000000713c00000, 0x0000000713c00000|100%| O|  |TAMS 0x0000000713c00000| PB 0x0000000713a00000| Untracked 
|  80|0x0000000713c00000, 0x0000000713e00000, 0x0000000713e00000|100%| O|  |TAMS 0x0000000713e00000| PB 0x0000000713c00000| Untracked 
|  81|0x0000000713e00000, 0x0000000714000000, 0x0000000714000000|100%| O|  |TAMS 0x0000000714000000| PB 0x0000000713e00000| Untracked 
|  82|0x0000000714000000, 0x0000000714200000, 0x0000000714200000|100%| O|  |TAMS 0x0000000714200000| PB 0x0000000714000000| Untracked 
|  83|0x0000000714200000, 0x0000000714400000, 0x0000000714400000|100%| O|  |TAMS 0x0000000714400000| PB 0x0000000714200000| Untracked 
|  84|0x0000000714400000, 0x0000000714600000, 0x0000000714600000|100%| O|  |TAMS 0x0000000714600000| PB 0x0000000714400000| Untracked 
|  85|0x0000000714600000, 0x0000000714800000, 0x0000000714800000|100%| O|  |TAMS 0x0000000714800000| PB 0x0000000714600000| Untracked 
|  86|0x0000000714800000, 0x0000000714a00000, 0x0000000714a00000|100%| O|  |TAMS 0x0000000714a00000| PB 0x0000000714800000| Untracked 
|  87|0x0000000714a00000, 0x0000000714c00000, 0x0000000714c00000|100%| O|  |TAMS 0x0000000714c00000| PB 0x0000000714a00000| Untracked 
|  88|0x0000000714c00000, 0x0000000714e00000, 0x0000000714e00000|100%| O|  |TAMS 0x0000000714e00000| PB 0x0000000714c00000| Untracked 
|  89|0x0000000714e00000, 0x0000000715000000, 0x0000000715000000|100%| O|  |TAMS 0x0000000714f00000| PB 0x0000000714e00000| Untracked 
|  90|0x0000000715000000, 0x0000000715000000, 0x0000000715200000|  0%| F|  |TAMS 0x0000000715000000| PB 0x0000000715000000| Untracked 
|  91|0x0000000715200000, 0x0000000715200000, 0x0000000715400000|  0%| F|  |TAMS 0x0000000715200000| PB 0x0000000715200000| Untracked 
|  92|0x0000000715400000, 0x0000000715400000, 0x0000000715600000|  0%| F|  |TAMS 0x0000000715400000| PB 0x0000000715400000| Untracked 
|  93|0x0000000715600000, 0x0000000715600000, 0x0000000715800000|  0%| F|  |TAMS 0x0000000715600000| PB 0x0000000715600000| Untracked 
|  94|0x0000000715800000, 0x0000000715800000, 0x0000000715a00000|  0%| F|  |TAMS 0x0000000715800000| PB 0x0000000715800000| Untracked 
|  95|0x0000000715a00000, 0x0000000715a00000, 0x0000000715c00000|  0%| F|  |TAMS 0x0000000715a00000| PB 0x0000000715a00000| Untracked 
|  96|0x0000000715c00000, 0x0000000715c00000, 0x0000000715e00000|  0%| F|  |TAMS 0x0000000715c00000| PB 0x0000000715c00000| Untracked 
|  97|0x0000000715e00000, 0x0000000715e00000, 0x0000000716000000|  0%| F|  |TAMS 0x0000000715e00000| PB 0x0000000715e00000| Untracked 
|  98|0x0000000716000000, 0x0000000716000000, 0x0000000716200000|  0%| F|  |TAMS 0x0000000716000000| PB 0x0000000716000000| Untracked 
|  99|0x0000000716200000, 0x0000000716200000, 0x0000000716400000|  0%| F|  |TAMS 0x0000000716200000| PB 0x0000000716200000| Untracked 
| 100|0x0000000716400000, 0x0000000716400000, 0x0000000716600000|  0%| F|  |TAMS 0x0000000716400000| PB 0x0000000716400000| Untracked 
| 101|0x0000000716600000, 0x0000000716600000, 0x0000000716800000|  0%| F|  |TAMS 0x0000000716600000| PB 0x0000000716600000| Untracked 
| 102|0x0000000716800000, 0x0000000716a00000, 0x0000000716a00000|100%| S|CS|TAMS 0x0000000716800000| PB 0x0000000716800000| Complete 
| 103|0x0000000716a00000, 0x0000000716c00000, 0x0000000716c00000|100%| S|CS|TAMS 0x0000000716a00000| PB 0x0000000716a00000| Complete 
| 104|0x0000000716c00000, 0x0000000716e00000, 0x0000000716e00000|100%| S|CS|TAMS 0x0000000716c00000| PB 0x0000000716c00000| Complete 
| 105|0x0000000716e00000, 0x0000000717000000, 0x0000000717000000|100%| S|CS|TAMS 0x0000000716e00000| PB 0x0000000716e00000| Complete 
| 106|0x0000000717000000, 0x0000000717200000, 0x0000000717200000|100%| S|CS|TAMS 0x0000000717000000| PB 0x0000000717000000| Complete 
| 107|0x0000000717200000, 0x0000000717200000, 0x0000000717400000|  0%| F|  |TAMS 0x0000000717200000| PB 0x0000000717200000| Untracked 
| 108|0x0000000717400000, 0x0000000717400000, 0x0000000717600000|  0%| F|  |TAMS 0x0000000717400000| PB 0x0000000717400000| Untracked 
| 109|0x0000000717600000, 0x0000000717600000, 0x0000000717800000|  0%| F|  |TAMS 0x0000000717600000| PB 0x0000000717600000| Untracked 
| 110|0x0000000717800000, 0x0000000717800000, 0x0000000717a00000|  0%| F|  |TAMS 0x0000000717800000| PB 0x0000000717800000| Untracked 
| 111|0x0000000717a00000, 0x0000000717a00000, 0x0000000717c00000|  0%| F|  |TAMS 0x0000000717a00000| PB 0x0000000717a00000| Untracked 
| 112|0x0000000717c00000, 0x0000000717c00000, 0x0000000717e00000|  0%| F|  |TAMS 0x0000000717c00000| PB 0x0000000717c00000| Untracked 
| 113|0x0000000717e00000, 0x0000000718000000, 0x0000000718000000|100%| S|CS|TAMS 0x0000000717e00000| PB 0x0000000717e00000| Complete 
| 114|0x0000000718000000, 0x0000000718000000, 0x0000000718200000|  0%| F|  |TAMS 0x0000000718000000| PB 0x0000000718000000| Untracked 
| 115|0x0000000718200000, 0x0000000718200000, 0x0000000718400000|  0%| F|  |TAMS 0x0000000718200000| PB 0x0000000718200000| Untracked 
| 116|0x0000000718400000, 0x0000000718400000, 0x0000000718600000|  0%| F|  |TAMS 0x0000000718400000| PB 0x0000000718400000| Untracked 
| 117|0x0000000718600000, 0x0000000718600000, 0x0000000718800000|  0%| F|  |TAMS 0x0000000718600000| PB 0x0000000718600000| Untracked 
| 118|0x0000000718800000, 0x0000000718800000, 0x0000000718a00000|  0%| F|  |TAMS 0x0000000718800000| PB 0x0000000718800000| Untracked 
| 119|0x0000000718a00000, 0x0000000718a00000, 0x0000000718c00000|  0%| F|  |TAMS 0x0000000718a00000| PB 0x0000000718a00000| Untracked 
| 120|0x0000000718c00000, 0x0000000718c00000, 0x0000000718e00000|  0%| F|  |TAMS 0x0000000718c00000| PB 0x0000000718c00000| Untracked 
| 121|0x0000000718e00000, 0x0000000718e00000, 0x0000000719000000|  0%| F|  |TAMS 0x0000000718e00000| PB 0x0000000718e00000| Untracked 
| 122|0x0000000719000000, 0x0000000719000000, 0x0000000719200000|  0%| F|  |TAMS 0x0000000719000000| PB 0x0000000719000000| Untracked 
| 123|0x0000000719200000, 0x0000000719200000, 0x0000000719400000|  0%| F|  |TAMS 0x0000000719200000| PB 0x0000000719200000| Untracked 
| 124|0x0000000719400000, 0x0000000719400000, 0x0000000719600000|  0%| F|  |TAMS 0x0000000719400000| PB 0x0000000719400000| Untracked 
| 125|0x0000000719600000, 0x0000000719600000, 0x0000000719800000|  0%| F|  |TAMS 0x0000000719600000| PB 0x0000000719600000| Untracked 
| 126|0x0000000719800000, 0x0000000719800000, 0x0000000719a00000|  0%| F|  |TAMS 0x0000000719800000| PB 0x0000000719800000| Untracked 
| 127|0x0000000719a00000, 0x0000000719a00000, 0x0000000719c00000|  0%| F|  |TAMS 0x0000000719a00000| PB 0x0000000719a00000| Untracked 
| 128|0x0000000719c00000, 0x0000000719c00000, 0x0000000719e00000|  0%| F|  |TAMS 0x0000000719c00000| PB 0x0000000719c00000| Untracked 
| 129|0x0000000719e00000, 0x0000000719e00000, 0x000000071a000000|  0%| F|  |TAMS 0x0000000719e00000| PB 0x0000000719e00000| Untracked 
| 130|0x000000071a000000, 0x000000071a000000, 0x000000071a200000|  0%| F|  |TAMS 0x000000071a000000| PB 0x000000071a000000| Untracked 
| 131|0x000000071a200000, 0x000000071a200000, 0x000000071a400000|  0%| F|  |TAMS 0x000000071a200000| PB 0x000000071a200000| Untracked 
| 132|0x000000071a400000, 0x000000071a400000, 0x000000071a600000|  0%| F|  |TAMS 0x000000071a400000| PB 0x000000071a400000| Untracked 
| 133|0x000000071a600000, 0x000000071a600000, 0x000000071a800000|  0%| F|  |TAMS 0x000000071a600000| PB 0x000000071a600000| Untracked 
| 134|0x000000071a800000, 0x000000071a800000, 0x000000071aa00000|  0%| F|  |TAMS 0x000000071a800000| PB 0x000000071a800000| Untracked 
| 135|0x000000071aa00000, 0x000000071aa00000, 0x000000071ac00000|  0%| F|  |TAMS 0x000000071aa00000| PB 0x000000071aa00000| Untracked 
| 136|0x000000071ac00000, 0x000000071ac00000, 0x000000071ae00000|  0%| F|  |TAMS 0x000000071ac00000| PB 0x000000071ac00000| Untracked 
| 137|0x000000071ae00000, 0x000000071ae00000, 0x000000071b000000|  0%| F|  |TAMS 0x000000071ae00000| PB 0x000000071ae00000| Untracked 
| 138|0x000000071b000000, 0x000000071b000000, 0x000000071b200000|  0%| F|  |TAMS 0x000000071b000000| PB 0x000000071b000000| Untracked 
| 139|0x000000071b200000, 0x000000071b200000, 0x000000071b400000|  0%| F|  |TAMS 0x000000071b200000| PB 0x000000071b200000| Untracked 
| 140|0x000000071b400000, 0x000000071b400000, 0x000000071b600000|  0%| F|  |TAMS 0x000000071b400000| PB 0x000000071b400000| Untracked 
| 141|0x000000071b600000, 0x000000071b600000, 0x000000071b800000|  0%| F|  |TAMS 0x000000071b600000| PB 0x000000071b600000| Untracked 
| 142|0x000000071b800000, 0x000000071b800000, 0x000000071ba00000|  0%| F|  |TAMS 0x000000071b800000| PB 0x000000071b800000| Untracked 
| 143|0x000000071ba00000, 0x000000071ba00000, 0x000000071bc00000|  0%| F|  |TAMS 0x000000071ba00000| PB 0x000000071ba00000| Untracked 
| 144|0x000000071bc00000, 0x000000071bc00000, 0x000000071be00000|  0%| F|  |TAMS 0x000000071bc00000| PB 0x000000071bc00000| Untracked 
| 145|0x000000071be00000, 0x000000071be00000, 0x000000071c000000|  0%| F|  |TAMS 0x000000071be00000| PB 0x000000071be00000| Untracked 
| 146|0x000000071c000000, 0x000000071c000000, 0x000000071c200000|  0%| F|  |TAMS 0x000000071c000000| PB 0x000000071c000000| Untracked 
| 147|0x000000071c200000, 0x000000071c200000, 0x000000071c400000|  0%| F|  |TAMS 0x000000071c200000| PB 0x000000071c200000| Untracked 
| 148|0x000000071c400000, 0x000000071c400000, 0x000000071c600000|  0%| F|  |TAMS 0x000000071c400000| PB 0x000000071c400000| Untracked 
| 149|0x000000071c600000, 0x000000071c600000, 0x000000071c800000|  0%| F|  |TAMS 0x000000071c600000| PB 0x000000071c600000| Untracked 
| 150|0x000000071c800000, 0x000000071c800000, 0x000000071ca00000|  0%| F|  |TAMS 0x000000071c800000| PB 0x000000071c800000| Untracked 
| 151|0x000000071ca00000, 0x000000071ca00000, 0x000000071cc00000|  0%| F|  |TAMS 0x000000071ca00000| PB 0x000000071ca00000| Untracked 
| 152|0x000000071cc00000, 0x000000071cc00000, 0x000000071ce00000|  0%| F|  |TAMS 0x000000071cc00000| PB 0x000000071cc00000| Untracked 
| 153|0x000000071ce00000, 0x000000071ce00000, 0x000000071d000000|  0%| F|  |TAMS 0x000000071ce00000| PB 0x000000071ce00000| Untracked 

Card table byte_map: [0x000001dff6270000,0x000001dff6a30000] _byte_map_base: 0x000001dff2a22000

Marking Bits: (CMBitMap*) 0x000001dfebcd9430
 Bits: [0x000001dff6a30000, 0x000001dffa7c0000)

Polling page: 0x000001dfe9b20000

Metaspace:

Usage:
  Non-class:     61.45 MB used.
      Class:      9.47 MB used.
       Both:     70.92 MB used.

Virtual space:
  Non-class space:       64.00 MB reserved,      61.81 MB ( 97%) committed,  1 nodes.
      Class space:        1.00 GB reserved,       9.75 MB ( <1%) committed,  1 nodes.
             Both:        1.06 GB reserved,      71.56 MB (  7%) committed. 

Chunk freelists:
   Non-Class:  1.56 MB
       Class:  6.19 MB
        Both:  7.75 MB

MaxMetaspaceSize: unlimited
CompressedClassSpaceSize: 1.00 GB
Initial GC threshold: 21.00 MB
Current GC threshold: 119.31 MB
CDS: on
 - commit_granule_bytes: 65536.
 - commit_granule_words: 8192.
 - virtual_space_node_default_size: 8388608.
 - enlarge_chunks_in_place: 1.
 - use_allocation_guard: 0.


Internal statistics:

num_allocs_failed_limit: 9.
num_arena_births: 874.
num_arena_deaths: 0.
num_vsnodes_births: 2.
num_vsnodes_deaths: 0.
num_space_committed: 1145.
num_space_uncommitted: 0.
num_chunks_returned_to_freelist: 9.
num_chunks_taken_from_freelist: 3375.
num_chunk_merges: 9.
num_chunk_splits: 2483.
num_chunks_enlarged: 1957.
num_inconsistent_stats: 0.

CodeHeap 'non-profiled nmethods': size=120000Kb used=3851Kb max_used=4274Kb free=116148Kb
 bounds [0x000001df87ad0000, 0x000001df87f10000, 0x000001df8f000000]
CodeHeap 'profiled nmethods': size=120000Kb used=10104Kb max_used=11273Kb free=109895Kb
 bounds [0x000001df80000000, 0x000001df80b10000, 0x000001df87530000]
CodeHeap 'non-nmethods': size=5760Kb used=1732Kb max_used=1789Kb free=4028Kb
 bounds [0x000001df87530000, 0x000001df877a0000, 0x000001df87ad0000]
 total_blobs=6278 nmethods=5527 adapters=655
 compilation: enabled
              stopped_count=0, restarted_count=0
 full_count=0

Compilation events (20 events):
Event: 10.539 Thread 0x000001dffd4464e0 6708       4       org.antlr.v4.runtime.atn.ParserATNSimulator::actionTransition (60 bytes)
Event: 10.556 Thread 0x000001dffd4464e0 nmethod 6708 0x000001df87d78710 code [0x000001df87d788c0, 0x000001df87d78c98]
Event: 10.596 Thread 0x000001dffd4464e0 6709 %     4       org.antlr.v4.runtime.atn.PredictionMode::getConflictingAltSubsets @ 13 (81 bytes)
Event: 10.613 Thread 0x000001dffd4464e0 nmethod 6709% 0x000001df87ebdb90 code [0x000001df87ebde00, 0x000001df87ebea00]
Event: 10.660 Thread 0x000001dffd4464e0 6710 %     4       org.antlr.v4.runtime.atn.ATNConfigSet::optimizeConfigs @ 36 (71 bytes)
Event: 10.668 Thread 0x000001dffd4464e0 nmethod 6710% 0x000001df87afe710 code [0x000001df87afe900, 0x000001df87aff198]
Event: 10.681 Thread 0x000001dffd4464e0 6711 %     4       org.antlr.v4.runtime.atn.PredictionMode::hasConflictingAltSet @ 7 (41 bytes)
Event: 10.685 Thread 0x000001dffd4464e0 nmethod 6711% 0x000001df87df0490 code [0x000001df87df0640, 0x000001df87df08e0]
Event: 10.704 Thread 0x000001dffd4464e0 6712       4       org.antlr.v4.runtime.atn.PredictionMode::getConflictingAltSubsets (81 bytes)
Event: 10.726 Thread 0x000001dffd4464e0 nmethod 6712 0x000001df87e74690 code [0x000001df87e74940, 0x000001df87e75898]
Event: 10.726 Thread 0x000001dffd4464e0 6713       4       org.antlr.v4.runtime.atn.ParserATNSimulator::computeReachSet (575 bytes)
Event: 10.842 Thread 0x000001dffd4464e0 nmethod 6713 0x000001df87e92410 code [0x000001df87e92800, 0x000001df87e95348]
Event: 10.843 Thread 0x000001dffd4464e0 6716       4       org.antlr.v4.runtime.atn.ATNConfigSet::optimizeConfigs (71 bytes)
Event: 10.851 Thread 0x000001dffd4464e0 nmethod 6716 0x000001df87af0b10 code [0x000001df87af0d00, 0x000001df87af1728]
Event: 10.851 Thread 0x000001dffd4464e0 6715       4       org.antlr.v4.runtime.atn.PredictionMode::hasConflictingAltSet (41 bytes)
Event: 10.855 Thread 0x000001dffd4464e0 nmethod 6715 0x000001df87e11e90 code [0x000001df87e12040, 0x000001df87e12328]
Event: 10.855 Thread 0x000001dffd4464e0 6714       4       org.antlr.v4.runtime.atn.ParserATNSimulator::precedenceTransition (266 bytes)
Event: 10.861 Thread 0x000001dffd4464e0 nmethod 6714 0x000001df87bbc510 code [0x000001df87bbc760, 0x000001df87bbcf80]
Event: 10.861 Thread 0x000001dffd4464e0 6717       4       org.antlr.v4.runtime.atn.ParserATNSimulator::getUniqueAlt (53 bytes)
Event: 10.866 Thread 0x000001dffd4464e0 nmethod 6717 0x000001df87db3e90 code [0x000001df87db4040, 0x000001df87db4400]

GC Heap History (20 events):
Event: 9.549 GC heap after
{Heap after GC invocations=15 (full 0):
 garbage-first heap   total 157696K, used 47601K [0x0000000709c00000, 0x0000000800000000)
  region size 2048K, 6 young (12288K), 6 survivors (12288K)
 Metaspace       used 70834K, committed 71488K, reserved 1114112K
  class space    used 9318K, committed 9664K, reserved 1048576K
}
Event: 9.681 GC heap before
{Heap before GC invocations=15 (full 0):
 garbage-first heap   total 157696K, used 113137K [0x0000000709c00000, 0x0000000800000000)
  region size 2048K, 38 young (77824K), 6 survivors (12288K)
 Metaspace       used 70835K, committed 71488K, reserved 1114112K
  class space    used 9318K, committed 9664K, reserved 1048576K
}
Event: 9.700 GC heap after
{Heap after GC invocations=16 (full 0):
 garbage-first heap   total 157696K, used 71598K [0x0000000709c00000, 0x0000000800000000)
  region size 2048K, 5 young (10240K), 5 survivors (10240K)
 Metaspace       used 70835K, committed 71488K, reserved 1114112K
  class space    used 9318K, committed 9664K, reserved 1048576K
}
Event: 9.770 GC heap before
{Heap before GC invocations=16 (full 0):
 garbage-first heap   total 157696K, used 118702K [0x0000000709c00000, 0x0000000800000000)
  region size 2048K, 28 young (57344K), 5 survivors (10240K)
 Metaspace       used 70841K, committed 71488K, reserved 1114112K
  class space    used 9318K, committed 9664K, reserved 1048576K
}
Event: 9.785 GC heap after
{Heap after GC invocations=17 (full 0):
 garbage-first heap   total 157696K, used 88533K [0x0000000709c00000, 0x0000000800000000)
  region size 2048K, 4 young (8192K), 4 survivors (8192K)
 Metaspace       used 70841K, committed 71488K, reserved 1114112K
  class space    used 9318K, committed 9664K, reserved 1048576K
}
Event: 9.850 GC heap before
{Heap before GC invocations=17 (full 0):
 garbage-first heap   total 157696K, used 125397K [0x0000000709c00000, 0x0000000800000000)
  region size 2048K, 22 young (45056K), 4 survivors (8192K)
 Metaspace       used 70851K, committed 71552K, reserved 1114112K
  class space    used 9318K, committed 9664K, reserved 1048576K
}
Event: 9.861 GC heap after
{Heap after GC invocations=18 (full 0):
 garbage-first heap   total 157696K, used 98038K [0x0000000709c00000, 0x0000000800000000)
  region size 2048K, 3 young (6144K), 3 survivors (6144K)
 Metaspace       used 70851K, committed 71552K, reserved 1114112K
  class space    used 9318K, committed 9664K, reserved 1048576K
}
Event: 9.911 GC heap before
{Heap before GC invocations=18 (full 0):
 garbage-first heap   total 157696K, used 130806K [0x0000000709c00000, 0x0000000800000000)
  region size 2048K, 19 young (38912K), 3 survivors (6144K)
 Metaspace       used 70854K, committed 71552K, reserved 1114112K
  class space    used 9318K, committed 9664K, reserved 1048576K
}
Event: 9.916 GC heap after
{Heap after GC invocations=19 (full 0):
 garbage-first heap   total 315392K, used 100266K [0x0000000709c00000, 0x0000000800000000)
  region size 2048K, 1 young (2048K), 1 survivors (2048K)
 Metaspace       used 70854K, committed 71552K, reserved 1114112K
  class space    used 9318K, committed 9664K, reserved 1048576K
}
Event: 10.323 GC heap before
{Heap before GC invocations=20 (full 0):
 garbage-first heap   total 315392K, used 217002K [0x0000000709c00000, 0x0000000800000000)
  region size 2048K, 58 young (118784K), 1 survivors (2048K)
 Metaspace       used 72596K, committed 73216K, reserved 1114112K
  class space    used 9695K, committed 9984K, reserved 1048576K
}
Event: 10.332 GC heap after
{Heap after GC invocations=21 (full 0):
 garbage-first heap   total 315392K, used 113099K [0x0000000709c00000, 0x0000000800000000)
  region size 2048K, 7 young (14336K), 7 survivors (14336K)
 Metaspace       used 72596K, committed 73216K, reserved 1114112K
  class space    used 9695K, committed 9984K, reserved 1048576K
}
Event: 10.505 GC heap before
{Heap before GC invocations=21 (full 0):
 garbage-first heap   total 315392K, used 248267K [0x0000000709c00000, 0x0000000800000000)
  region size 2048K, 73 young (149504K), 7 survivors (14336K)
 Metaspace       used 72624K, committed 73280K, reserved 1114112K
  class space    used 9695K, committed 9984K, reserved 1048576K
}
Event: 10.523 GC heap after
{Heap after GC invocations=22 (full 0):
 garbage-first heap   total 315392K, used 129597K [0x0000000709c00000, 0x0000000800000000)
  region size 2048K, 10 young (20480K), 10 survivors (20480K)
 Metaspace       used 72624K, committed 73280K, reserved 1114112K
  class space    used 9695K, committed 9984K, reserved 1048576K
}
Event: 10.542 GC heap before
{Heap before GC invocations=22 (full 0):
 garbage-first heap   total 315392K, used 145981K [0x0000000709c00000, 0x0000000800000000)
  region size 2048K, 19 young (38912K), 10 survivors (20480K)
 Metaspace       used 72624K, committed 73280K, reserved 1114112K
  class space    used 9695K, committed 9984K, reserved 1048576K
}
Event: 10.554 GC heap after
{Heap after GC invocations=23 (full 0):
 garbage-first heap   total 315392K, used 140172K [0x0000000709c00000, 0x0000000800000000)
  region size 2048K, 4 young (8192K), 4 survivors (8192K)
 Metaspace       used 72624K, committed 73280K, reserved 1114112K
  class space    used 9695K, committed 9984K, reserved 1048576K
}
Event: 10.745 GC heap before
{Heap before GC invocations=24 (full 0):
 garbage-first heap   total 315392K, used 232332K [0x0000000709c00000, 0x0000000800000000)
  region size 2048K, 56 young (114688K), 4 survivors (8192K)
 Metaspace       used 72624K, committed 73280K, reserved 1114112K
  class space    used 9695K, committed 9984K, reserved 1048576K
}
Event: 10.781 GC heap after
{Heap after GC invocations=25 (full 0):
 garbage-first heap   total 315392K, used 162221K [0x0000000709c00000, 0x0000000800000000)
  region size 2048K, 7 young (14336K), 7 survivors (14336K)
 Metaspace       used 72624K, committed 73280K, reserved 1114112K
  class space    used 9695K, committed 9984K, reserved 1048576K
}
Event: 10.903 GC heap before
{Heap before GC invocations=25 (full 0):
 garbage-first heap   total 315392K, used 246189K [0x0000000709c00000, 0x0000000800000000)
  region size 2048K, 48 young (98304K), 7 survivors (14336K)
 Metaspace       used 72624K, committed 73280K, reserved 1114112K
  class space    used 9695K, committed 9984K, reserved 1048576K
}
Event: 10.929 GC heap after
{Heap after GC invocations=26 (full 0):
 garbage-first heap   total 315392K, used 162816K [0x0000000709c00000, 0x0000000800000000)
  region size 2048K, 6 young (12288K), 6 survivors (12288K)
 Metaspace       used 72624K, committed 73280K, reserved 1114112K
  class space    used 9695K, committed 9984K, reserved 1048576K
}
Event: 11.048 GC heap before
{Heap before GC invocations=26 (full 0):
 garbage-first heap   total 315392K, used 244736K [0x0000000709c00000, 0x0000000800000000)
  region size 2048K, 46 young (94208K), 6 survivors (12288K)
 Metaspace       used 72624K, committed 73280K, reserved 1114112K
  class space    used 9695K, committed 9984K, reserved 1048576K
}

Dll operation events (14 events):
Event: 0.024 Loaded shared library C:\Program Files\Java\zulu21.40.17-ca-fx-jdk21.0.6-win_x64\bin\java.dll
Event: 0.084 Loaded shared library C:\Program Files\Java\zulu21.40.17-ca-fx-jdk21.0.6-win_x64\bin\jsvml.dll
Event: 0.368 Loaded shared library C:\Program Files\Java\zulu21.40.17-ca-fx-jdk21.0.6-win_x64\bin\zip.dll
Event: 0.376 Loaded shared library C:\Program Files\Java\zulu21.40.17-ca-fx-jdk21.0.6-win_x64\bin\instrument.dll
Event: 0.386 Loaded shared library C:\Program Files\Java\zulu21.40.17-ca-fx-jdk21.0.6-win_x64\bin\net.dll
Event: 0.392 Loaded shared library C:\Program Files\Java\zulu21.40.17-ca-fx-jdk21.0.6-win_x64\bin\nio.dll
Event: 0.398 Loaded shared library C:\Program Files\Java\zulu21.40.17-ca-fx-jdk21.0.6-win_x64\bin\zip.dll
Event: 0.664 Loaded shared library C:\Program Files\JetBrains\IntelliJ IDEA Community Edition 2024.3.2.2\bin\breakgen64.dll
Event: 0.679 Loaded shared library C:\Program Files\Java\zulu21.40.17-ca-fx-jdk21.0.6-win_x64\bin\extnet.dll
Event: 0.733 Loaded shared library C:\Program Files\Java\zulu21.40.17-ca-fx-jdk21.0.6-win_x64\bin\jimage.dll
Event: 2.718 Loaded shared library C:\Program Files\Java\zulu21.40.17-ca-fx-jdk21.0.6-win_x64\bin\sunmscapi.dll
Event: 4.853 Loaded shared library C:\Program Files\Java\zulu21.40.17-ca-fx-jdk21.0.6-win_x64\bin\management.dll
Event: 4.857 Loaded shared library C:\Program Files\Java\zulu21.40.17-ca-fx-jdk21.0.6-win_x64\bin\management_ext.dll
Event: 5.860 Loaded shared library C:\Program Files\Java\zulu21.40.17-ca-fx-jdk21.0.6-win_x64\bin\verify.dll

Deoptimization events (20 events):
Event: 10.280 Thread 0x000001dfebc728c0 DEOPT PACKING pc=0x000001df87eeea58 sp=0x0000002730afba30
Event: 10.280 Thread 0x000001dfebc728c0 DEOPT UNPACKING pc=0x000001df875846a2 sp=0x0000002730afb8f8 mode 2
Event: 10.280 Thread 0x000001dfebc728c0 DEOPT PACKING pc=0x000001df80af8879 sp=0x0000002730afbb20
Event: 10.280 Thread 0x000001dfebc728c0 DEOPT UNPACKING pc=0x000001df87584e42 sp=0x0000002730afb0d8 mode 0
Event: 10.402 Thread 0x000001dfebc728c0 Uncommon trap: trap_request=0xffffff45 fr.pc=0x000001df87f03870 relative=0x0000000000001f90
Event: 10.402 Thread 0x000001dfebc728c0 Uncommon trap: reason=unstable_if action=reinterpret pc=0x000001df87f03870 method=org.antlr.v4.runtime.atn.ParserATNSimulator.computeReachSet(Lorg/antlr/v4/runtime/atn/ATNConfigSet;IZ)Lorg/antlr/v4/runtime/atn/ATNConfigSet; @ 146 c2
Event: 10.402 Thread 0x000001dfebc728c0 DEOPT PACKING pc=0x000001df87f03870 sp=0x0000002730afb770
Event: 10.402 Thread 0x000001dfebc728c0 DEOPT UNPACKING pc=0x000001df875846a2 sp=0x0000002730afb760 mode 2
Event: 10.467 Thread 0x000001dfebc728c0 DEOPT PACKING pc=0x000001df80154a60 sp=0x0000002730afb8c0
Event: 10.467 Thread 0x000001dfebc728c0 DEOPT UNPACKING pc=0x000001df87584e42 sp=0x0000002730afae58 mode 0
Event: 10.704 Thread 0x000001dfebc728c0 DEOPT PACKING pc=0x000001df80b03bc5 sp=0x0000002730afb8e0
Event: 10.704 Thread 0x000001dfebc728c0 DEOPT UNPACKING pc=0x000001df87584e42 sp=0x0000002730afadd0 mode 0
Event: 10.705 Thread 0x000001dfebc728c0 DEOPT PACKING pc=0x000001df80154a60 sp=0x0000002730afb8c0
Event: 10.705 Thread 0x000001dfebc728c0 DEOPT UNPACKING pc=0x000001df87584e42 sp=0x0000002730afae58 mode 0
Event: 10.790 Thread 0x000001dfebc728c0 DEOPT PACKING pc=0x000001df80154a60 sp=0x0000002730afb8c0
Event: 10.790 Thread 0x000001dfebc728c0 DEOPT UNPACKING pc=0x000001df87584e42 sp=0x0000002730afae58 mode 0
Event: 10.813 Thread 0x000001dfebc728c0 DEOPT PACKING pc=0x000001df80b0484f sp=0x0000002730afb950
Event: 10.813 Thread 0x000001dfebc728c0 DEOPT UNPACKING pc=0x000001df87584e42 sp=0x0000002730afade0 mode 0
Event: 10.834 Thread 0x000001dfebc728c0 DEOPT PACKING pc=0x000001df80b0024d sp=0x0000002730afb7e0
Event: 10.834 Thread 0x000001dfebc728c0 DEOPT UNPACKING pc=0x000001df87584e42 sp=0x0000002730afacc8 mode 0

Classes loaded (20 events):
Event: 8.829 Loading class java/util/stream/ReduceOps$5
Event: 8.829 Loading class java/util/stream/ReduceOps$5 done
Event: 8.829 Loading class java/util/stream/ReduceOps$CountingSink$OfRef
Event: 8.829 Loading class java/util/stream/ReduceOps$CountingSink
Event: 8.829 Loading class java/util/stream/ReduceOps$CountingSink done
Event: 8.829 Loading class java/util/stream/ReduceOps$CountingSink$OfRef done
Event: 8.853 Loading class java/lang/invoke/WrongMethodTypeException
Event: 8.853 Loading class java/lang/invoke/WrongMethodTypeException done
Event: 8.860 Loading class java/lang/Character$UnicodeBlock
Event: 8.861 Loading class java/lang/Character$Subset
Event: 8.861 Loading class java/lang/Character$Subset done
Event: 8.862 Loading class java/lang/Character$UnicodeBlock done
Event: 8.905 Loading class java/util/regex/Pattern$Bound
Event: 8.906 Loading class java/util/regex/Pattern$Bound done
Event: 8.906 Loading class java/util/regex/Pattern$Behind
Event: 8.906 Loading class java/util/regex/Pattern$Behind done
Event: 9.022 Loading class java/util/EmptyStackException
Event: 9.022 Loading class java/util/EmptyStackException done
Event: 9.204 Loading class java/io/InvalidClassException
Event: 9.204 Loading class java/io/InvalidClassException done

Classes unloaded (0 events):
No events

Classes redefined (0 events):
No events

Internal exceptions (20 events):
Event: 8.279 Thread 0x000001dfebc728c0 Exception <a 'java/lang/NoSuchMethodError'{0x000000070c6b1600}: 'java.lang.Object java.lang.invoke.DirectMethodHandle$Holder.newInvokeSpecial(java.lang.Object, java.lang.Object, java.lang.Object, java.lang.Object, java.lang.Object, int, java.lang.Object)'> (0x000000070c6b1600) 
thrown [s\src\hotspot\share\interpreter\linkResolver.cpp, line 773]
Event: 8.284 Thread 0x000001dfebc728c0 Exception <a 'java/lang/NoSuchMethodError'{0x000000070c6e3d28}: 'java.lang.Object java.lang.invoke.DirectMethodHandle$Holder.newInvokeSpecial(java.lang.Object, java.lang.Object, java.lang.Object, java.lang.Object, java.lang.Object, java.lang.Object, java.lang.Object, java.lang.Object, java.lang.Object, java.lang.Object, java.lang.Object, java.lang.Object)'> (0x000000070c6e3d28) 
thrown [s\src\hotspot\share\interpreter\linkResolver.cpp, line 773]
Event: 8.284 Thread 0x000001dfebc728c0 Exception <a 'java/lang/NoSuchMethodError'{0x000000070c6e85e0}: 'java.lang.Object java.lang.invoke.DirectMethodHandle$Holder.invokeSpecial(java.lang.Object, java.lang.Object, java.lang.Object, java.lang.Object, java.lang.Object, java.lang.Object, java.lang.Object, java.lang.Object, java.lang.Object, java.lang.Object, java.lang.Object, java.lang.Object, java.lang.Object)'> (0x000000070c6e85e0) 
thrown [s\src\hotspot\share\interpreter\linkResolver.cpp, line 773]
Event: 8.284 Thread 0x000001dfebc728c0 Exception <a 'java/lang/NoSuchMethodError'{0x000000070c6ecac8}: 'java.lang.Object java.lang.invoke.Invokers$Holder.linkToTargetMethod(java.lang.Object, java.lang.Object, java.lang.Object, java.lang.Object, java.lang.Object, java.lang.Object, java.lang.Object, java.lang.Object, java.lang.Object, java.lang.Object, java.lang.Object, java.lang.Object)'> (0x000000070c6ecac8) 
thrown [s\src\hotspot\share\interpreter\linkResolver.cpp, line 773]
Event: 8.301 Thread 0x000001dfebc728c0 Exception <a 'java/lang/IncompatibleClassChangeError'{0x000000070c798cb8}: Found class java.lang.Object, but interface was expected> (0x000000070c798cb8) 
thrown [s\src\hotspot\share\interpreter\linkResolver.cpp, line 840]
Event: 8.317 Thread 0x000001dfebc728c0 Exception <a 'java/lang/IncompatibleClassChangeError'{0x000000070c4784e8}: Found class java.lang.Object, but interface was expected> (0x000000070c4784e8) 
thrown [s\src\hotspot\share\interpreter\linkResolver.cpp, line 840]
Event: 8.325 Thread 0x000001dfebc728c0 Exception <a 'java/lang/NoSuchMethodError'{0x000000070c4eca60}: 'java.lang.Object java.lang.invoke.DirectMethodHandle$Holder.newInvokeSpecial(java.lang.Object, java.lang.Object, java.lang.Object, java.lang.Object, java.lang.Object, java.lang.Object, java.lang.Object, int)'> (0x000000070c4eca60) 
thrown [s\src\hotspot\share\interpreter\linkResolver.cpp, line 773]
Event: 8.325 Thread 0x000001dfebc728c0 Exception <a 'java/lang/NoSuchMethodError'{0x000000070c4f1000}: 'java.lang.Object java.lang.invoke.DirectMethodHandle$Holder.invokeSpecial(java.lang.Object, java.lang.Object, java.lang.Object, java.lang.Object, java.lang.Object, java.lang.Object, java.lang.Object, java.lang.Object, int)'> (0x000000070c4f1000) 
thrown [s\src\hotspot\share\interpreter\linkResolver.cpp, line 773]
Event: 8.325 Thread 0x000001dfebc728c0 Exception <a 'java/lang/NoSuchMethodError'{0x000000070c4f5028}: 'java.lang.Object java.lang.invoke.Invokers$Holder.linkToTargetMethod(java.lang.Object, java.lang.Object, java.lang.Object, java.lang.Object, java.lang.Object, java.lang.Object, int, java.lang.Object)'> (0x000000070c4f5028) 
thrown [s\src\hotspot\share\interpreter\linkResolver.cpp, line 773]
Event: 8.352 Thread 0x000001dfebc728c0 Exception <a 'java/lang/NoSuchMethodError'{0x000000070c200140}: 'java.lang.Object java.lang.invoke.DirectMethodHandle$Holder.newInvokeSpecial(java.lang.Object, java.lang.Object, int, java.lang.Object, int, java.lang.Object, java.lang.Object)'> (0x000000070c200140) 
thrown [s\src\hotspot\share\interpreter\linkResolver.cpp, line 773]
Event: 8.366 Thread 0x000001dfebc728c0 Exception <a 'java/lang/NoSuchMethodError'{0x000000070c271898}: 'void java.lang.invoke.DirectMethodHandle$Holder.invokeInterface(java.lang.Object, java.lang.Object)'> (0x000000070c271898) 
thrown [s\src\hotspot\share\interpreter\linkResolver.cpp, line 773]
Event: 8.483 Thread 0x000001dfebc728c0 Exception <a 'java/lang/NoSuchMethodError'{0x0000000719230f70}: 'java.lang.Object java.lang.invoke.DirectMethodHandle$Holder.invokeSpecial(java.lang.Object, java.lang.Object, int, java.lang.Object, int)'> (0x0000000719230f70) 
thrown [s\src\hotspot\share\interpreter\linkResolver.cpp, line 773]
Event: 8.535 Thread 0x000001dfebc728c0 Implicit null exception at 0x000001df87dd8f77 to 0x000001df87dd91e0
Event: 8.548 Thread 0x000001dfebc728c0 Implicit null exception at 0x000001df87c78d6d to 0x000001df87c790b8
Event: 8.581 Thread 0x000001dfebc728c0 Implicit null exception at 0x000001df87ddbd50 to 0x000001df87ddd820
Event: 8.590 Thread 0x000001dfebc728c0 Exception <a 'java/lang/IncompatibleClassChangeError'{0x000000071698c230}: Found class java.lang.Object, but interface was expected> (0x000000071698c230) 
thrown [s\src\hotspot\share\interpreter\linkResolver.cpp, line 840]
Event: 8.646 Thread 0x000001dfebc728c0 Exception <a 'java/lang/IncompatibleClassChangeError'{0x0000000716724268}: Found class java.lang.Object, but interface was expected> (0x0000000716724268) 
thrown [s\src\hotspot\share\interpreter\linkResolver.cpp, line 840]
Event: 8.799 Thread 0x000001dfebc728c0 Exception <a 'java/lang/IncompatibleClassChangeError'{0x000000071293fbe0}: Found class java.lang.Object, but interface was expected> (0x000000071293fbe0) 
thrown [s\src\hotspot\share\interpreter\linkResolver.cpp, line 840]
Event: 8.876 Thread 0x000001dfebc728c0 Exception <a 'java/lang/IncompatibleClassChangeError'{0x000000071240d430}: Found class java.lang.Object, but interface was expected> (0x000000071240d430) 
thrown [s\src\hotspot\share\interpreter\linkResolver.cpp, line 840]
Event: 8.961 Thread 0x000001dfebc728c0 Exception <a 'java/lang/NoSuchMethodError'{0x0000000712337000}: 'void java.lang.invoke.Invokers$Holder.invokeExact_MT(java.lang.Object, java.lang.Object, java.lang.Object, java.lang.Object)'> (0x0000000712337000) 
thrown [s\src\hotspot\share\interpreter\linkResolver.cpp, line 773]

ZGC Phase Switch (0 events):
No events

VM Operations (20 events):
Event: 9.937 Executing VM operation: G1PauseRemark done
Event: 9.954 Executing VM operation: G1PauseCleanup
Event: 9.955 Executing VM operation: G1PauseCleanup done
Event: 10.214 Executing VM operation: HandshakeAllThreads (Deoptimize)
Event: 10.214 Executing VM operation: HandshakeAllThreads (Deoptimize) done
Event: 10.323 Executing VM operation: G1CollectForAllocation (G1 Evacuation Pause)
Event: 10.332 Executing VM operation: G1CollectForAllocation (G1 Evacuation Pause) done
Event: 10.504 Executing VM operation: G1CollectForAllocation (G1 Evacuation Pause)
Event: 10.523 Executing VM operation: G1CollectForAllocation (G1 Evacuation Pause) done
Event: 10.542 Executing VM operation: G1TryInitiateConcMark (G1 Humongous Allocation)
Event: 10.554 Executing VM operation: G1TryInitiateConcMark (G1 Humongous Allocation) done
Event: 10.584 Executing VM operation: G1PauseRemark
Event: 10.587 Executing VM operation: G1PauseRemark done
Event: 10.601 Executing VM operation: G1PauseCleanup
Event: 10.602 Executing VM operation: G1PauseCleanup done
Event: 10.745 Executing VM operation: G1CollectForAllocation (G1 Evacuation Pause)
Event: 10.781 Executing VM operation: G1CollectForAllocation (G1 Evacuation Pause) done
Event: 10.903 Executing VM operation: G1CollectForAllocation (G1 Evacuation Pause)
Event: 10.929 Executing VM operation: G1CollectForAllocation (G1 Evacuation Pause) done
Event: 11.047 Executing VM operation: G1CollectForAllocation (G1 Evacuation Pause)

Memory protections (0 events):
No events

Nmethod flushes (20 events):
Event: 10.586 Thread 0x000001dffd414160 flushing  nmethod 0x000001df87c9fb10
Event: 10.586 Thread 0x000001dffd414160 flushing  nmethod 0x000001df87df0490
Event: 10.586 Thread 0x000001dffd414160 flushing  nmethod 0x000001df87e11e90
Event: 10.586 Thread 0x000001dffd414160 flushing  nmethod 0x000001df87e65710
Event: 10.586 Thread 0x000001dffd414160 flushing  nmethod 0x000001df8005f290
Event: 10.586 Thread 0x000001dffd414160 flushing  nmethod 0x000001df800a5a90
Event: 10.586 Thread 0x000001dffd414160 flushing  nmethod 0x000001df800a7f90
Event: 10.586 Thread 0x000001dffd414160 flushing  nmethod 0x000001df80186890
Event: 10.586 Thread 0x000001dffd414160 flushing  nmethod 0x000001df80205690
Event: 10.586 Thread 0x000001dffd414160 flushing  nmethod 0x000001df802aff10
Event: 10.586 Thread 0x000001dffd414160 flushing  nmethod 0x000001df8035c810
Event: 10.586 Thread 0x000001dffd414160 flushing  nmethod 0x000001df8042c010
Event: 10.586 Thread 0x000001dffd414160 flushing  nmethod 0x000001df804bcc10
Event: 10.586 Thread 0x000001dffd414160 flushing  nmethod 0x000001df80757290
Event: 10.586 Thread 0x000001dffd414160 flushing  nmethod 0x000001df80759110
Event: 10.586 Thread 0x000001dffd414160 flushing  nmethod 0x000001df80a6b910
Event: 10.586 Thread 0x000001dffd414160 flushing  nmethod 0x000001df80a6da10
Event: 10.586 Thread 0x000001dffd414160 flushing  nmethod 0x000001df80a6e690
Event: 10.586 Thread 0x000001dffd414160 flushing  nmethod 0x000001df80a6eb10
Event: 10.586 Thread 0x000001dffd414160 flushing  nmethod 0x000001df80a6f090

Events (20 events):
Event: 2.212 Thread 0x000001dffd446f80 Thread added: 0x000001dfff1196d0
Event: 2.404 Thread 0x000001dfebc728c0 Thread added: 0x000001dfff6143d0
Event: 2.457 Thread 0x000001dfff6143d0 Thread exited: 0x000001dfff6143d0
Event: 2.730 Thread 0x000001dffe28c9d0 Thread exited: 0x000001dffe28c9d0
Event: 5.128 Thread 0x000001dfebc728c0 Thread added: 0x000001dfd5a48900
Event: 5.129 Thread 0x000001dfd5a48900 Thread added: 0x000001dfd4f6a020
Event: 5.137 Thread 0x000001dfebc728c0 Thread added: 0x000001dfff8b7fc0
Event: 5.184 Thread 0x000001dfebc728c0 Thread added: 0x000001dfd4f94ad0
Event: 6.832 Thread 0x000001dfebc728c0 Thread added: 0x000001dfd44efd00
Event: 6.939 Thread 0x000001dfd44efd00 Thread added: 0x000001dfd4bee850
Event: 7.711 Thread 0x000001dfff1196d0 Thread exited: 0x000001dfff1196d0
Event: 7.826 Thread 0x000001dffd5721d0 Thread exited: 0x000001dffd5721d0
Event: 8.119 Thread 0x000001dffd446f80 Thread added: 0x000001dfd44b86d0
Event: 8.153 Thread 0x000001dffd446f80 Thread added: 0x000001dfff5c4fe0
Event: 8.390 Thread 0x000001dfff5c4fe0 Thread exited: 0x000001dfff5c4fe0
Event: 8.394 Thread 0x000001dfd44b86d0 Thread exited: 0x000001dfd44b86d0
Event: 8.497 Thread 0x000001dffd446f80 Thread added: 0x000001dfff477320
Event: 8.536 Thread 0x000001dffd446f80 Thread added: 0x000001dfff5c4fe0
Event: 10.265 Thread 0x000001dfff5c4fe0 Thread exited: 0x000001dfff5c4fe0
Event: 10.525 Thread 0x000001dfff477320 Thread exited: 0x000001dfff477320


Dynamic libraries:
0x00007ff7ddca0000 - 0x00007ff7ddcae000 	C:\Program Files\Java\zulu21.40.17-ca-fx-jdk21.0.6-win_x64\bin\java.exe
0x00007ffb1ef40000 - 0x00007ffb1f1a6000 	C:\windows\SYSTEM32\ntdll.dll
0x00007ffb1db10000 - 0x00007ffb1dbd9000 	C:\windows\System32\KERNEL32.DLL
0x00007ffb1c930000 - 0x00007ffb1ccfc000 	C:\windows\System32\KERNELBASE.dll
0x00007ffb1c180000 - 0x00007ffb1c2cb000 	C:\windows\System32\ucrtbase.dll
0x00007ffb18a40000 - 0x00007ffb18a59000 	C:\Program Files\Java\zulu21.40.17-ca-fx-jdk21.0.6-win_x64\bin\jli.dll
0x00007ffb189f0000 - 0x00007ffb18a0b000 	C:\Program Files\Java\zulu21.40.17-ca-fx-jdk21.0.6-win_x64\bin\VCRUNTIME140.dll
0x00007ffb1d830000 - 0x00007ffb1d9fa000 	C:\windows\System32\USER32.dll
0x00007ffb1c900000 - 0x00007ffb1c927000 	C:\windows\System32\win32u.dll
0x00007ffb1e6a0000 - 0x00007ffb1e6cb000 	C:\windows\System32\GDI32.dll
0x00007ffb065d0000 - 0x00007ffb0686a000 	C:\windows\WinSxS\amd64_microsoft.windows.common-controls_6595b64144ccf1df_6.0.26100.3912_none_3e07963ce335137e\COMCTL32.dll
0x00007ffb1c7c0000 - 0x00007ffb1c8f2000 	C:\windows\System32\gdi32full.dll
0x00007ffb1c0d0000 - 0x00007ffb1c173000 	C:\windows\System32\msvcp_win.dll
0x00007ffb1e6d0000 - 0x00007ffb1e779000 	C:\windows\System32\msvcrt.dll
0x00007ffb1ce60000 - 0x00007ffb1ce90000 	C:\windows\System32\IMM32.DLL
0x00007ffb18f50000 - 0x00007ffb18f5c000 	C:\Program Files\Java\zulu21.40.17-ca-fx-jdk21.0.6-win_x64\bin\vcruntime140_1.dll
0x00007ffb06c90000 - 0x00007ffb06d1e000 	C:\Program Files\Java\zulu21.40.17-ca-fx-jdk21.0.6-win_x64\bin\msvcp140.dll
0x00007ffabe7c0000 - 0x00007ffabf59d000 	C:\Program Files\Java\zulu21.40.17-ca-fx-jdk21.0.6-win_x64\bin\server\jvm.dll
0x00007ffb1e5e0000 - 0x00007ffb1e692000 	C:\windows\System32\ADVAPI32.dll
0x00007ffb1e530000 - 0x00007ffb1e5d6000 	C:\windows\System32\sechost.dll
0x00007ffb1dd90000 - 0x00007ffb1dea6000 	C:\windows\System32\RPCRT4.dll
0x00007ffb1df30000 - 0x00007ffb1dfa4000 	C:\windows\System32\WS2_32.dll
0x00007ffb1bf20000 - 0x00007ffb1bf7e000 	C:\windows\SYSTEM32\POWRPROF.dll
0x00007ffb137f0000 - 0x00007ffb13826000 	C:\windows\SYSTEM32\WINMM.dll
0x00007ffb15f60000 - 0x00007ffb15f6b000 	C:\windows\SYSTEM32\VERSION.dll
0x00007ffb1bf00000 - 0x00007ffb1bf14000 	C:\windows\SYSTEM32\UMPDC.dll
0x00007ffb1ae90000 - 0x00007ffb1aeaa000 	C:\windows\SYSTEM32\kernel.appcore.dll
0x00007ffb18f10000 - 0x00007ffb18f1a000 	C:\Program Files\Java\zulu21.40.17-ca-fx-jdk21.0.6-win_x64\bin\jimage.dll
0x00007ffb13830000 - 0x00007ffb13a71000 	C:\windows\SYSTEM32\DBGHELP.DLL
0x00007ffb1e020000 - 0x00007ffb1e3a4000 	C:\windows\System32\combase.dll
0x00007ffb1d0a0000 - 0x00007ffb1d180000 	C:\windows\System32\OLEAUT32.dll
0x00007ffb069d0000 - 0x00007ffb06a09000 	C:\windows\SYSTEM32\dbgcore.DLL
0x00007ffb1c450000 - 0x00007ffb1c4e9000 	C:\windows\System32\bcryptPrimitives.dll
0x00007ffb18a30000 - 0x00007ffb18a40000 	C:\Program Files\Java\zulu21.40.17-ca-fx-jdk21.0.6-win_x64\bin\instrument.dll
0x00007ffb13550000 - 0x00007ffb13572000 	C:\Program Files\Java\zulu21.40.17-ca-fx-jdk21.0.6-win_x64\bin\java.dll
0x00007ffb1e780000 - 0x00007ffb1eead000 	C:\windows\System32\SHELL32.dll
0x00007ffb1c640000 - 0x00007ffb1c7b4000 	C:\windows\System32\wintypes.dll
0x00007ffb19d30000 - 0x00007ffb1a586000 	C:\windows\SYSTEM32\windows.storage.dll
0x00007ffb1da10000 - 0x00007ffb1daff000 	C:\windows\System32\SHCORE.dll
0x00007ffb1dfb0000 - 0x00007ffb1e019000 	C:\windows\System32\shlwapi.dll
0x00007ffb1bfe0000 - 0x00007ffb1c00f000 	C:\windows\SYSTEM32\profapi.dll
0x00007ffafe4d0000 - 0x00007ffafe5a7000 	C:\Program Files\Java\zulu21.40.17-ca-fx-jdk21.0.6-win_x64\bin\jsvml.dll
0x00007ffb12ae0000 - 0x00007ffb12af8000 	C:\Program Files\Java\zulu21.40.17-ca-fx-jdk21.0.6-win_x64\bin\zip.dll
0x00007ffb15490000 - 0x00007ffb154a2000 	C:\Program Files\Java\zulu21.40.17-ca-fx-jdk21.0.6-win_x64\bin\net.dll
0x00007ffb15130000 - 0x00007ffb1524e000 	C:\windows\SYSTEM32\WINHTTP.dll
0x00007ffb1b400000 - 0x00007ffb1b46a000 	C:\windows\system32\mswsock.dll
0x00007ffb12e40000 - 0x00007ffb12e56000 	C:\Program Files\Java\zulu21.40.17-ca-fx-jdk21.0.6-win_x64\bin\nio.dll
0x00007ffb12ac0000 - 0x00007ffb12ada000 	C:\Program Files\JetBrains\IntelliJ IDEA Community Edition 2024.3.2.2\bin\breakgen64.dll
0x00007ffb17270000 - 0x00007ffb17279000 	C:\Program Files\Java\zulu21.40.17-ca-fx-jdk21.0.6-win_x64\bin\extnet.dll
0x00007ffb172d0000 - 0x00007ffb172de000 	C:\Program Files\Java\zulu21.40.17-ca-fx-jdk21.0.6-win_x64\bin\sunmscapi.dll
0x00007ffb1c2d0000 - 0x00007ffb1c447000 	C:\windows\System32\CRYPT32.dll
0x00007ffb1b8b0000 - 0x00007ffb1b8e0000 	C:\windows\SYSTEM32\ncrypt.dll
0x00007ffb1b860000 - 0x00007ffb1b89f000 	C:\windows\SYSTEM32\NTASN1.dll
0x00007ffb1b6a0000 - 0x00007ffb1b6bc000 	C:\windows\SYSTEM32\CRYPTSP.dll
0x00007ffb1adf0000 - 0x00007ffb1ae2a000 	C:\windows\system32\rsaenh.dll
0x00007ffb1b4a0000 - 0x00007ffb1b4cb000 	C:\windows\SYSTEM32\USERENV.dll
0x00007ffb1bfb0000 - 0x00007ffb1bfd6000 	C:\windows\SYSTEM32\bcrypt.dll
0x00007ffb1b6c0000 - 0x00007ffb1b6cc000 	C:\windows\SYSTEM32\CRYPTBASE.dll
0x00007ffb1a890000 - 0x00007ffb1a8c3000 	C:\windows\SYSTEM32\IPHLPAPI.DLL
0x00007ffb1d190000 - 0x00007ffb1d19a000 	C:\windows\System32\NSI.dll
0x00007ffb17220000 - 0x00007ffb1722a000 	C:\Program Files\Java\zulu21.40.17-ca-fx-jdk21.0.6-win_x64\bin\management.dll
0x00007ffb135c0000 - 0x00007ffb135cc000 	C:\Program Files\Java\zulu21.40.17-ca-fx-jdk21.0.6-win_x64\bin\management_ext.dll
0x00007ffb1da00000 - 0x00007ffb1da08000 	C:\windows\System32\PSAPI.DLL
0x00007ffb135a0000 - 0x00007ffb135b0000 	C:\Program Files\Java\zulu21.40.17-ca-fx-jdk21.0.6-win_x64\bin\verify.dll
0x00007ffb1a8d0000 - 0x00007ffb1a9f7000 	C:\windows\SYSTEM32\DNSAPI.dll
0x00007ffb15990000 - 0x00007ffb1599b000 	C:\Windows\System32\rasadhlp.dll
0x00007ffb136c0000 - 0x00007ffb13746000 	C:\windows\System32\fwpuclnt.dll

dbghelp: loaded successfully - version: 4.0.5 - missing functions: none
symbol engine: initialized successfully - sym options: 0x614 - pdb path: .;C:\Program Files\Java\zulu21.40.17-ca-fx-jdk21.0.6-win_x64\bin;C:\windows\SYSTEM32;C:\windows\WinSxS\amd64_microsoft.windows.common-controls_6595b64144ccf1df_6.0.26100.3912_none_3e07963ce335137e;C:\Program Files\Java\zulu21.40.17-ca-fx-jdk21.0.6-win_x64\bin\server;C:\Program Files\JetBrains\IntelliJ IDEA Community Edition 2024.3.2.2\bin

VM Arguments:
jvm_args: -javaagent:C:\Program Files\JetBrains\IntelliJ IDEA Community Edition 2024.3.2.2\lib\idea_rt.jar=57625:C:\Program Files\JetBrains\IntelliJ IDEA Community Edition 2024.3.2.2\bin -Dfile.encoding=UTF-8 -Dsun.stdout.encoding=UTF-8 -Dsun.stderr.encoding=UTF-8 
java_command: com.noureddine.library.LibraryApplication
java_class_path (initial): D:\Projects\MultidisciplinaryProject\Library\library\target\classes;C:\Users\asus\.m2\repository\org\springframework\boot\spring-boot-starter-validation\3.4.4\spring-boot-starter-validation-3.4.4.jar;C:\Users\asus\.m2\repository\org\springframework\boot\spring-boot-starter\3.4.4\spring-boot-starter-3.4.4.jar;C:\Users\asus\.m2\repository\org\springframework\boot\spring-boot\3.4.4\spring-boot-3.4.4.jar;C:\Users\asus\.m2\repository\org\springframework\boot\spring-boot-autoconfigure\3.4.4\spring-boot-autoconfigure-3.4.4.jar;C:\Users\asus\.m2\repository\org\springframework\boot\spring-boot-starter-logging\3.4.4\spring-boot-starter-logging-3.4.4.jar;C:\Users\asus\.m2\repository\ch\qos\logback\logback-classic\1.5.18\logback-classic-1.5.18.jar;C:\Users\asus\.m2\repository\ch\qos\logback\logback-core\1.5.18\logback-core-1.5.18.jar;C:\Users\asus\.m2\repository\org\apache\logging\log4j\log4j-to-slf4j\2.24.3\log4j-to-slf4j-2.24.3.jar;C:\Users\asus\.m2\repository\org\apache\logging\log4j\log4j-api\2.24.3\log4j-api-2.24.3.jar;C:\Users\asus\.m2\repository\org\slf4j\jul-to-slf4j\2.0.17\jul-to-slf4j-2.0.17.jar;C:\Users\asus\.m2\repository\jakarta\annotation\jakarta.annotation-api\2.1.1\jakarta.annotation-api-2.1.1.jar;C:\Users\asus\.m2\repository\org\yaml\snakeyaml\2.3\snakeyaml-2.3.jar;C:\Users\asus\.m2\repository\org\apache\tomcat\embed\tomcat-embed-el\10.1.39\tomcat-embed-el-10.1.39.jar;C:\Users\asus\.m2\repository\org\hibernate\validator\hibernate-validator\8.0.2.Final\hibernate-validator-8.0.2.Final.jar;C:\Users\asus\.m2\repository\jakarta\validation\jakarta.validation-api\3.0.2\jakarta.validation-api-3.0.2.jar;C:\Users\asus\.m2\repository\org\jboss\logging\jboss-logging\3.6.1.Final\jboss-logging-3.6.1.Final.jar;C:\Users\asus\.m2\repository\com\fasterxml\classmate\1.7.0\classmate-1.7.0.jar;C:\Users\asus\.m2\repository\org\springframework\boot\spring-boot-starter-security\3.4.4\spring-boot-starter-security-3.4.4.jar;C:\Users\asus\.m2\repository\org\springframework\spring-aop\6.2.5\spring-aop-6.2.5.jar;C:\Users\asus\.m2\repository\org\springframework\spring-beans\6.2.5\spring-beans-6.2.5.jar;C:\Users\asus\.m2\repository\org\springframework\security\spring-security-config\6.4.4\spring-security-config-6.4.4.jar;C:\Users\asus\.m2\repository\org\springframework\security\spring-security-core\6.4.4\spring-security-core-6.4.4.jar;C:\Users\asus\.m2\repository\org\springframework\security\spring-security-crypto\6.4.4\spring-security-crypto-6.4.4.jar;C:\Users\asus\.m2\repository\org\springframework\spring-context\6.2.5\spring-context-6.2.5.jar;C:\Users\asus\.m2\repository\org\springframework\security\spring-security-web\6.4.4\spring-security-web-6.4.4.jar;C:\Users\asus\.m2\repository\org\springframework\spring-expression\6.2.5\spring-expression-6.2.5.jar;C:\Users\asus\.m2\repository\io\jsonwebtoken\jjwt-api\0.11.5\jjwt-api-0.11.5.jar;C:\Users\asus\.m2\repository\io\jsonwebtoken\jjwt-impl\0.11.5\jjwt-impl-0.11.5.jar;C:\Users\asus\.m2\repository\io\jsonwebtoken\jjwt-jackson\0.11.5\jjwt-jackson-0.11.5.jar;C:\Users\asus\.m2\repository\com\fasterxml\jackson\core\jackson-databind\2.18.3\jackson-databind-2.18.3.jar;C:\Users\asus\.m2\repository\com\fasterxml\jackson\core\jackson-annotations\2.18.3\jackson-annotations-2.18.3.jar;C:\Users\asus\.m2\repository\com\fasterxml\jackson\core\jackson-core\2.18.3\jackson-core-2.18.3.jar;C:\Users\asus\.m2\repository\org\springframework\boot\spring-boot-starter-hateoas\3.4.4\spring-boot-starter-hateoas-3.4.4.jar;C:\Users\asus\.m2\repository\org\springframework\hateoas\spring-hateoas\2.4.1\spring-hateoas-2.4.1.jar;C:\Users\asus\.m2\repository\org\springframework\plugin\spring-plugin-core\3.0.0\spring-plugin-core-3.0.0.jar;C:\Users\asus\.m2\repository\org\slf4j\slf4j-api\2.0.17\slf4j-api-2.0.17.jar;C:\Users\asus\.m2\repository\org\springframework\boot\spring-boot-starter-data-jpa\3.4.4\spring-boot-starter-data-jpa-3.4.4.jar;C:\Users\asus\.m2\repository\org\hibernate\orm\hibernate-core\6.6.11.Final\hibernate-core-6.6.11.Final.jar;C:\Users\asus\.m2\repository\jakarta\persistence\jakarta.persistence-api\3.1.0\jakarta.persistence-api-3.1.0.jar;C:\Users\asus\.m2\repository\jakarta\transaction\jakarta.transaction-api\2.0.1\jakarta.transaction-api-2.0.1.jar;C:\Users\asus\.m2\repository\org\hibernate\common\hibernate-commons-annotations\7.0.3.Final\hibernate-commons-annotations-7.0.3.Final.jar;C:\Users\asus\.m2\repository\io\smallrye\jandex\3.2.0\jandex-3.2.0.jar;C:\Users\asus\.m2\repository\net\bytebuddy\byte-buddy\1.15.11\byte-buddy-1.15.11.jar;C:\Users\asus\.m2\repository\org\glassfish\jaxb\jaxb-runtime\4.0.5\jaxb-runtime-4.0.5.jar;C:\Users\asus\.m2\repository\org\glassfish\jaxb\jaxb-core\4.0.5\jaxb-core-4.0.5.jar;C:\Users\asus\.m2\repository\org\glassfish\jaxb\txw2\4.0.5\txw2-4.0.5.jar;C:\Users\asus\.m2\repository\com\sun\istack\istack-commons-runtime\4.1.2\istack-commons-runtime-4.1.2.jar;C:\Users\asus\.m2\repository\jakarta\inject\jakarta.inject-api\2.0.1\jakarta.inject-api-2.0.1.jar;C:\Users\asus\.m2\repository\org\antlr\antlr4-runtime\4.13.0\antlr4-runtime-4.13.0.jar;C:\Users\asus\.m2\repository\org\springframework\data\spring-data-jpa\3.4.4\spring-data-jpa-3.4.4.jar;C:\Users\asus\.m2\repository\org\springframework\data\spring-data-commons\3.4.4\spring-data-commons-3.4.4.jar;C:\Users\asus\.m2\repository\org\springframework\spring-orm\6.2.5\spring-orm-6.2.5.jar;C:\Users\asus\.m2\repository\org\springframework\spring-tx\6.2.5\spring-tx-6.2.5.jar;C:\Users\asus\.m2\repository\org\springframework\spring-aspects\6.2.5\spring-aspects-6.2.5.jar;C:\Users\asus\.m2\repository\org\aspectj\aspectjweaver\1.9.23\aspectjweaver-1.9.23.jar;C:\Users\asus\.m2\repository\org\springframework\boot\spring-boot-starter-jdbc\3.4.4\spring-boot-starter-jdbc-3.4.4.jar;C:\Users\asus\.m2\repository\com\zaxxer\HikariCP\5.1.0\HikariCP-5.1.0.jar;C:\Users\asus\.m2\repository\org\springframework\spring-jdbc\6.2.5\spring-jdbc-6.2.5.jar;C:\Users\asus\.m2\repository\org\springframework\boot\spring-boot-starter-mail\3.4.4\spring-boot-starter-mail-3.4.4.jar;C:\Users\asus\.m2\repository\org\springframework\spring-context-support\6.2.5\spring-context-support-6.2.5.jar;C:\Users\asus\.m2\repository\org\eclipse\angus\jakarta.mail\2.0.3\jakarta.mail-2.0.3.jar;C:\Users\asus\.m2\repository\jakarta\activation\jakarta.activation-api\2.1.3\jakarta.activation-api-2.1.3.jar;C:\Users\asus\.m2\repository\org\eclipse\angus\angus-activation\2.0.2\angus-activation-2.0.2.jar;C:\Users\asus\.m2\repository\org\springframework\boot\spring-boot-starter-web\3.4.4\spring-boot-starter-web-3.4.4.jar;C:\Users\asus\.m2\repository\org\springframework\boot\spring-boot-starter-json\3.4.4\spring-boot-starter-json-3.4.4.jar;C:\Users\asus\.m2\repository\com\fasterxml\jackson\datatype\jackson-datatype-jdk8\2.18.3\jackson-datatype-jdk8-2.18.3.jar;C:\Users\asus\.m2\repository\com\fasterxml\jackson\datatype\jackson-datatype-jsr310\2.18.3\jackson-datatype-jsr310-2.18.3.jar;C:\Users\asus\.m2\repository\com\fasterxml\jackson\module\jackson-module-parameter-names\2.18.3\jackson-module-parameter-names-2.18.3.jar;C:\Users\asus\.m2\repository\org\springframework\boot\spring-boot-starter-tomcat\3.4.4\spring-boot-starter-tomcat-3.4.4.jar;C:\Users\asus\.m2\repository\org\apache\tomcat\embed\tomcat-embed-core\10.1.39\tomcat-embed-core-10.1.39.jar;C:\Users\asus\.m2\repository\org\apache\tomcat\embed\tomcat-embed-websocket\10.1.39\tomcat-embed-websocket-10.1.39.jar;C:\Users\asus\.m2\repository\org\springframework\spring-web\6.2.5\spring-web-6.2.5.jar;C:\Users\asus\.m2\repository\io\micrometer\micrometer-observation\1.14.5\micrometer-observation-1.14.5.jar;C:\Users\asus\.m2\repository\io\micrometer\micrometer-commons\1.14.5\micrometer-commons-1.14.5.jar;C:\Users\asus\.m2\repository\org\springframework\spring-webmvc\6.2.5\spring-webmvc-6.2.5.jar;C:\Users\asus\.m2\repository\com\mysql\mysql-connector-j\9.1.0\mysql-connector-j-9.1.0.jar;C:\Users\asus\.m2\repository\com\jayway\jsonpath\json-path\2.9.0\json-path-2.9.0.jar;C:\Users\asus\.m2\repository\jakarta\xml\bind\jakarta.xml.bind-api\4.0.2\jakarta.xml.bind-api-4.0.2.jar;C:\Users\asus\.m2\repository\net\minidev\json-smart\2.5.2\json-smart-2.5.2.jar;C:\Users\asus\.m2\repository\net\minidev\accessors-smart\2.5.2\accessors-smart-2.5.2.jar;C:\Users\asus\.m2\repository\org\ow2\asm\asm\9.7.1\asm-9.7.1.jar;C:\Users\asus\.m2\repository\org\springframework\spring-core\6.2.5\spring-core-6.2.5.jar;C:\Users\asus\.m2\repository\org\springframework\spring-jcl\6.2.5\spring-jcl-6.2.5.jar
Launcher Type: SUN_STANDARD

[Global flags]
     intx CICompilerCount                          = 4                                         {product} {ergonomic}
     uint ConcGCThreads                            = 3                                         {product} {ergonomic}
     uint G1ConcRefinementThreads                  = 10                                        {product} {ergonomic}
   size_t G1HeapRegionSize                         = 2097152                                   {product} {ergonomic}
    uintx GCDrainStackTargetSize                   = 64                                        {product} {ergonomic}
   size_t InitialHeapSize                          = 260046848                                 {product} {ergonomic}
   size_t MarkStackSize                            = 4194304                                   {product} {ergonomic}
   size_t MaxHeapSize                              = 4131389440                                {product} {ergonomic}
   size_t MaxNewSize                               = 2478833664                                {product} {ergonomic}
   size_t MinHeapDeltaBytes                        = 2097152                                   {product} {ergonomic}
   size_t MinHeapSize                              = 8388608                                   {product} {ergonomic}
    uintx NonNMethodCodeHeapSize                   = 5839372                                {pd product} {ergonomic}
    uintx NonProfiledCodeHeapSize                  = 122909434                              {pd product} {ergonomic}
    uintx ProfiledCodeHeapSize                     = 122909434                              {pd product} {ergonomic}
    uintx ReservedCodeCacheSize                    = 251658240                              {pd product} {ergonomic}
     bool SegmentedCodeCache                       = true                                      {product} {ergonomic}
   size_t SoftMaxHeapSize                          = 4131389440                             {manageable} {ergonomic}
     bool UseCompressedOops                        = true                           {product lp64_product} {ergonomic}
     bool UseG1GC                                  = true                                      {product} {ergonomic}
     bool UseLargePagesIndividualAllocation        = false                                  {pd product} {ergonomic}

Logging:
Log output configuration:
 #0: stdout all=warning uptime,level,tags foldmultilines=false
 #1: stderr all=off uptime,level,tags foldmultilines=false

Environment Variables:
JAVA_HOME=C:\Program Files\Java\jdk-17
PATH=C:\Program Files\Common Files\Oracle\Java\javapath;C:\Program Files (x86)\Common Files\Oracle\Java\java8path;C:\Program Files (x86)\Common Files\Oracle\Java\javapath;C:\Program Files (x86)\NVIDIA Corporation\PhysX\Common;C:\windows\system32;C:\windows;C:\windows\System32\Wbem;C:\windows\System32\WindowsPowerShell\v1.0\;C:\windows\System32\OpenSSH\;C:\Program Files (x86)\GtkSharp\2.12\bin;C:\Program Files\dotnet\;C:\Program Files\Git\cmd;C:\Program Files\nodejs\;C:\Program Files\Docker\Docker\resources\bin;C:\Users\asus\AppData\Local\Programs\Python\Launcher\;C:\Program Files\MySQL\MySQL Shell 8.0\bin\;C:\Users\asus\AppData\Local\Microsoft\WindowsApps;C:\Users\asus\AppData\Local\Programs\Microsoft VS Code\bin;C:\MinGW\bin;C:\src\flutter\bin;C:\Users\asus\AppData\Roaming\npm;C:\Program Files\NetBeans-24\netbeans\java\maven\bin;
USERNAME=asus
OS=Windows_NT
PROCESSOR_IDENTIFIER=AMD64 Family 23 Model 104 Stepping 1, AuthenticAMD
TMP=C:\Users\asus\AppData\Local\Temp
TEMP=C:\Users\asus\AppData\Local\Temp




Periodic native trim disabled

---------------  S Y S T E M  ---------------

OS:
 Windows 11 , 64 bit Build 26100 (10.0.26100.3912)
OS uptime: 3 days 14:28 hours
Hyper-V role detected

CPU: total 12 (initial active 12) (12 cores per cpu, 2 threads per core) family 23 model 104 stepping 1 microcode 0x8608104, cx8, cmov, fxsr, ht, mmx, 3dnowpref, sse, sse2, sse3, ssse3, sse4a, sse4.1, sse4.2, popcnt, lzcnt, tsc, tscinvbit, avx, avx2, aes, clmul, bmi1, bmi2, adx, sha, fma, vzeroupper, clflush, clflushopt, hv, rdtscp, rdpid, f16c
Processor Information for processor 0
  Max Mhz: 2100, Current Mhz: 1813, Mhz Limit: 2100
Processor Information for processor 1
  Max Mhz: 2100, Current Mhz: 2100, Mhz Limit: 2100
Processor Information for processor 2
  Max Mhz: 2100, Current Mhz: 1813, Mhz Limit: 2100
Processor Information for processor 3
  Max Mhz: 2100, Current Mhz: 1813, Mhz Limit: 2100
Processor Information for processor 4
  Max Mhz: 2100, Current Mhz: 1813, Mhz Limit: 2100
Processor Information for processor 5
  Max Mhz: 2100, Current Mhz: 1813, Mhz Limit: 2100
Processor Information for processor 6
  Max Mhz: 2100, Current Mhz: 1813, Mhz Limit: 2100
Processor Information for processor 7
  Max Mhz: 2100, Current Mhz: 1813, Mhz Limit: 2100
Processor Information for processor 8
  Max Mhz: 2100, Current Mhz: 1813, Mhz Limit: 2100
Processor Information for processor 9
  Max Mhz: 2100, Current Mhz: 1813, Mhz Limit: 2100
Processor Information for processor 10
  Max Mhz: 2100, Current Mhz: 1813, Mhz Limit: 2100
Processor Information for processor 11
  Max Mhz: 2100, Current Mhz: 1813, Mhz Limit: 2100

Memory: 4k page, system-wide physical 15753M (5117M free)
TotalPageFile size 17801M (AvailPageFile size 227M)
current process WorkingSet (physical memory assigned to process): 503M, peak: 540M
current process commit charge ("private bytes"): 544M, peak: 852M

vm_info: OpenJDK 64-Bit Server VM (21.0.6+7-LTS) for windows-amd64 JRE (21.0.6+7-LTS) (Zulu21.40+17-CA), built on 2025-01-07T13:05:06Z by "zulu_re" with MS VC++ 17.1 (VS2022)

END.
