#
# There is insufficient memory for the Java Runtime Environment to continue.
# Native memory allocation (malloc) failed to allocate 268496 bytes. Error detail: Chunk::new
# Possible reasons:
#   The system is out of physical RAM or swap space
#   This process is running with CompressedOops enabled, and the Java Heap may be blocking the growth of the native heap
# Possible solutions:
#   Reduce memory load on the system
#   Increase physical memory or swap space
#   Check if swap backing store is full
#   Decrease Java heap size (-Xmx/-Xms)
#   Decrease number of Java threads
#   Decrease Java thread stack sizes (-Xss)
#   Set larger code cache with -XX:ReservedCodeCacheSize=
#   JVM is running with Zero Based Compressed Oops mode in which the Java heap is
#     placed in the first 32GB address space. The Java Heap base address is the
#     maximum limit for the native heap growth. Please use -XX:HeapBaseMinAddress
#     to set the Java Heap base and to place the Java Heap above 32GB virtual address.
# This output file may be truncated or incomplete.
#
#  Out of Memory Error (arena.cpp:168), pid=15712, tid=12792
#
# JRE version: OpenJDK Runtime Environment Zulu21.40+17-CA (21.0.6+7) (build 21.0.6+7-LTS)
# Java VM: OpenJDK 64-Bit Server VM Zulu21.40+17-CA (21.0.6+7-LTS, mixed mode, sharing, tiered, compressed oops, compressed class ptrs, g1 gc, windows-amd64)
# No core dump will be written. Minidumps are not enabled by default on client versions of Windows
#

---------------  S U M M A R Y ------------

Command Line: -javaagent:C:\Program Files\JetBrains\IntelliJ IDEA Community Edition 2024.3.2.2\lib\idea_rt.jar=58186:C:\Program Files\JetBrains\IntelliJ IDEA Community Edition 2024.3.2.2\bin -Dfile.encoding=UTF-8 -Dsun.stdout.encoding=UTF-8 -Dsun.stderr.encoding=UTF-8 com.noureddine.library.LibraryApplication

Host: AMD Ryzen 5 5500U with Radeon Graphics         , 12 cores, 15G,  Windows 11 , 64 bit Build 26100 (10.0.26100.3775)
Time: Mon Apr 21 10:16:24 2025 W. Central Africa Standard Time elapsed time: 42.448211 seconds (0d 0h 0m 42s)

---------------  T H R E A D  ---------------

Current thread (0x0000020a5e866e30):  JavaThread "C2 CompilerThread0" daemon [_thread_in_native, id=12792, stack(0x0000002a8e300000,0x0000002a8e400000) (1024K)]


Current CompileTask:
C2:42448 6351       4       java.lang.Class::descriptorString (170 bytes)

Stack: [0x0000002a8e300000,0x0000002a8e400000]
Native frames: (J=compiled Java code, j=interpreted, Vv=VM code, C=native code)
V  [jvm.dll+0x6fb489]
V  [jvm.dll+0x8dee5f]
V  [jvm.dll+0x8e1258]
V  [jvm.dll+0x8e19c3]
V  [jvm.dll+0x299796]
V  [jvm.dll+0xd2b0d]
V  [jvm.dll+0xd3043]
V  [jvm.dll+0x30e4cd]
V  [jvm.dll+0x6203a4]
V  [jvm.dll+0x266a22]
V  [jvm.dll+0x266def]
V  [jvm.dll+0x25f3bf]
V  [jvm.dll+0x25cb3c]
V  [jvm.dll+0x1daf44]
V  [jvm.dll+0x26c860]
V  [jvm.dll+0x26ada9]
V  [jvm.dll+0x414054]
V  [jvm.dll+0x886176]
V  [jvm.dll+0x6f9b84]
C  [ucrtbase.dll+0x37b0]
C  [KERNEL32.DLL+0x2e8d7]
C  [ntdll.dll+0xb14fc]


---------------  P R O C E S S  ---------------

Threads class SMR info:
_java_thread_list=0x0000020aaa1d5830, length=29, elements={
0x0000020a5e84a1a0, 0x0000020a5e84b920, 0x0000020a5e853ff0, 0x0000020a5e856840,
0x0000020a5e855490, 0x0000020a5e857bf0, 0x0000020a5e866e30, 0x0000020a5e869450,
0x0000020a5e854e00, 0x0000020a5e855b20, 0x0000020a5e857560, 0x0000020aa6ea4060,
0x0000020aa6ea1900, 0x0000020aa6ea2620, 0x0000020aa6ea3340, 0x0000020aa6ea4d80,
0x0000020aa6ea5aa0, 0x0000020aa6ea46f0, 0x0000020aa6ea6130, 0x0000020aa6ea2cb0,
0x0000020aa6ea8200, 0x0000020aa6ea7b70, 0x0000020aa6ea8890, 0x0000020aa6ea8f20,
0x0000020aa6ea67c0, 0x0000020aa6ea6e50, 0x0000020aa6ea74e0, 0x0000020a5e856ed0,
0x0000020aa911ad90
}

Java Threads: ( => current thread )
  0x0000020a5e84a1a0 JavaThread "Reference Handler"          daemon [_thread_blocked, id=25176, stack(0x0000002a8dd00000,0x0000002a8de00000) (1024K)]
  0x0000020a5e84b920 JavaThread "Finalizer"                  daemon [_thread_blocked, id=26132, stack(0x0000002a8de00000,0x0000002a8df00000) (1024K)]
  0x0000020a5e853ff0 JavaThread "Signal Dispatcher"          daemon [_thread_blocked, id=26740, stack(0x0000002a8df00000,0x0000002a8e000000) (1024K)]
  0x0000020a5e856840 JavaThread "Attach Listener"            daemon [_thread_blocked, id=16008, stack(0x0000002a8e000000,0x0000002a8e100000) (1024K)]
  0x0000020a5e855490 JavaThread "Service Thread"             daemon [_thread_blocked, id=22972, stack(0x0000002a8e100000,0x0000002a8e200000) (1024K)]
  0x0000020a5e857bf0 JavaThread "Monitor Deflation Thread"   daemon [_thread_blocked, id=24628, stack(0x0000002a8e200000,0x0000002a8e300000) (1024K)]
=>0x0000020a5e866e30 JavaThread "C2 CompilerThread0"         daemon [_thread_in_native, id=12792, stack(0x0000002a8e300000,0x0000002a8e400000) (1024K)]
  0x0000020a5e869450 JavaThread "C1 CompilerThread0"         daemon [_thread_blocked, id=26684, stack(0x0000002a8e400000,0x0000002a8e500000) (1024K)]
  0x0000020a5e854e00 JavaThread "Common-Cleaner"             daemon [_thread_blocked, id=6360, stack(0x0000002a8e500000,0x0000002a8e600000) (1024K)]
  0x0000020a5e855b20 JavaThread "Monitor Ctrl-Break"         daemon [_thread_in_native, id=19392, stack(0x0000002a8e700000,0x0000002a8e800000) (1024K)]
  0x0000020a5e857560 JavaThread "Notification Thread"        daemon [_thread_blocked, id=22684, stack(0x0000002a8e800000,0x0000002a8e900000) (1024K)]
  0x0000020aa6ea4060 JavaThread "Catalina-utility-1"                [_thread_blocked, id=16508, stack(0x0000002a8f500000,0x0000002a8f600000) (1024K)]
  0x0000020aa6ea1900 JavaThread "Catalina-utility-2"                [_thread_blocked, id=23612, stack(0x0000002a8f600000,0x0000002a8f700000) (1024K)]
  0x0000020aa6ea2620 JavaThread "container-0"                       [_thread_blocked, id=17932, stack(0x0000002a8f700000,0x0000002a8f800000) (1024K)]
  0x0000020aa6ea3340 JavaThread "mysql-cj-abandoned-connection-cleanup" daemon [_thread_blocked, id=22392, stack(0x0000002a8f800000,0x0000002a8f900000) (1024K)]
  0x0000020aa6ea4d80 JavaThread "HikariPool-1 housekeeper"   daemon [_thread_blocked, id=13384, stack(0x0000002a8fa00000,0x0000002a8fb00000) (1024K)]
  0x0000020aa6ea5aa0 JavaThread "http-nio-8080-exec-1"       daemon [_thread_blocked, id=19840, stack(0x0000002a8fc00000,0x0000002a8fd00000) (1024K)]
  0x0000020aa6ea46f0 JavaThread "http-nio-8080-exec-2"       daemon [_thread_blocked, id=26280, stack(0x0000002a8fd00000,0x0000002a8fe00000) (1024K)]
  0x0000020aa6ea6130 JavaThread "http-nio-8080-exec-3"       daemon [_thread_blocked, id=14312, stack(0x0000002a8fe00000,0x0000002a8ff00000) (1024K)]
  0x0000020aa6ea2cb0 JavaThread "http-nio-8080-exec-4"       daemon [_thread_in_Java, id=12220, stack(0x0000002a8ff00000,0x0000002a90000000) (1024K)]
  0x0000020aa6ea8200 JavaThread "http-nio-8080-exec-5"       daemon [_thread_blocked, id=26756, stack(0x0000002a90000000,0x0000002a90100000) (1024K)]
  0x0000020aa6ea7b70 JavaThread "http-nio-8080-exec-6"       daemon [_thread_blocked, id=18220, stack(0x0000002a90100000,0x0000002a90200000) (1024K)]
  0x0000020aa6ea8890 JavaThread "http-nio-8080-exec-7"       daemon [_thread_blocked, id=19696, stack(0x0000002a90200000,0x0000002a90300000) (1024K)]
  0x0000020aa6ea8f20 JavaThread "http-nio-8080-exec-8"       daemon [_thread_blocked, id=27020, stack(0x0000002a90300000,0x0000002a90400000) (1024K)]
  0x0000020aa6ea67c0 JavaThread "http-nio-8080-exec-9"       daemon [_thread_blocked, id=23900, stack(0x0000002a90400000,0x0000002a90500000) (1024K)]
  0x0000020aa6ea6e50 JavaThread "http-nio-8080-exec-10"      daemon [_thread_blocked, id=20076, stack(0x0000002a90500000,0x0000002a90600000) (1024K)]
  0x0000020aa6ea74e0 JavaThread "http-nio-8080-Poller"       daemon [_thread_in_native, id=2700, stack(0x0000002a90600000,0x0000002a90700000) (1024K)]
  0x0000020a5e856ed0 JavaThread "http-nio-8080-Acceptor"     daemon [_thread_in_native, id=20352, stack(0x0000002a90700000,0x0000002a90800000) (1024K)]
  0x0000020aa911ad90 JavaThread "DestroyJavaVM"                     [_thread_blocked, id=22016, stack(0x0000002a8d500000,0x0000002a8d600000) (1024K)]
Total: 29

Other Threads:
  0x0000020a5e828fa0 VMThread "VM Thread"                           [id=9424, stack(0x0000002a8dc00000,0x0000002a8dd00000) (1024K)]
  0x0000020a5e817e90 WatcherThread "VM Periodic Task Thread"        [id=18376, stack(0x0000002a8db00000,0x0000002a8dc00000) (1024K)]
  0x0000020a3e0eb320 WorkerThread "GC Thread#0"                     [id=4244, stack(0x0000002a8d600000,0x0000002a8d700000) (1024K)]
  0x0000020aa45c1300 WorkerThread "GC Thread#1"                     [id=27364, stack(0x0000002a8e900000,0x0000002a8ea00000) (1024K)]
  0x0000020aa45c16b0 WorkerThread "GC Thread#2"                     [id=20696, stack(0x0000002a8ea00000,0x0000002a8eb00000) (1024K)]
  0x0000020aa45c1a60 WorkerThread "GC Thread#3"                     [id=17480, stack(0x0000002a8eb00000,0x0000002a8ec00000) (1024K)]
  0x0000020aa4490830 WorkerThread "GC Thread#4"                     [id=14780, stack(0x0000002a8ec00000,0x0000002a8ed00000) (1024K)]
  0x0000020aa44f3840 WorkerThread "GC Thread#5"                     [id=19064, stack(0x0000002a8ed00000,0x0000002a8ee00000) (1024K)]
  0x0000020aa4cc83e0 WorkerThread "GC Thread#6"                     [id=26060, stack(0x0000002a8ef00000,0x0000002a8f000000) (1024K)]
  0x0000020aa4b333d0 WorkerThread "GC Thread#7"                     [id=25852, stack(0x0000002a8f000000,0x0000002a8f100000) (1024K)]
  0x0000020aa4b33780 WorkerThread "GC Thread#8"                     [id=25780, stack(0x0000002a8f100000,0x0000002a8f200000) (1024K)]
  0x0000020aa4b33b30 WorkerThread "GC Thread#9"                     [id=22632, stack(0x0000002a8f200000,0x0000002a8f300000) (1024K)]
  0x0000020a3e0fb760 ConcurrentGCThread "G1 Main Marker"            [id=11760, stack(0x0000002a8d700000,0x0000002a8d800000) (1024K)]
  0x0000020a3e0fd0f0 WorkerThread "G1 Conc#0"                       [id=18216, stack(0x0000002a8d800000,0x0000002a8d900000) (1024K)]
  0x0000020aa5d673c0 WorkerThread "G1 Conc#1"                       [id=16840, stack(0x0000002a8ee00000,0x0000002a8ef00000) (1024K)]
  0x0000020aa5d67770 WorkerThread "G1 Conc#2"                       [id=27172, stack(0x0000002a8f400000,0x0000002a8f500000) (1024K)]
  0x0000020a5e6e7620 ConcurrentGCThread "G1 Refine#0"               [id=19440, stack(0x0000002a8d900000,0x0000002a8da00000) (1024K)]
  0x0000020a5e6e7fb0 ConcurrentGCThread "G1 Service"                [id=23108, stack(0x0000002a8da00000,0x0000002a8db00000) (1024K)]
Total: 18

Threads with active compile tasks:
C2 CompilerThread0  42550 6351       4       java.lang.Class::descriptorString (170 bytes)
Total: 1

VM state: not at safepoint (normal execution)

VM Mutex/Monitor currently owned by a thread: None

Heap address: 0x0000000709c00000, size: 3940 MB, Compressed Oops mode: Zero based, Oop shift amount: 3

CDS archive(s) mapped at: [0x0000020a5f000000-0x0000020a5fce0000-0x0000020a5fce0000), size 13500416, SharedBaseAddress: 0x0000020a5f000000, ArchiveRelocationMode: 1.
Compressed class space mapped at: 0x0000020a60000000-0x0000020aa0000000, reserved size: 1073741824
Narrow klass base: 0x0000020a5f000000, Narrow klass shift: 0, Narrow klass range: 0x100000000

GC Precious Log:
 CardTable entry size: 512
 Card Set container configuration: InlinePtr #cards 4 size 8 Array Of Cards #cards 16 size 48 Howl #buckets 8 coarsen threshold 3686 Howl Bitmap #cards 512 size 80 coarsen threshold 460 Card regions per heap region 1 cards per card region 4096
 CPUs: 12 total, 12 available
 Memory: 15753M
 Large Page Support: Disabled
 NUMA Support: Disabled
 Compressed Oops: Enabled (Zero based)
 Heap Region Size: 2M
 Heap Min Capacity: 8M
 Heap Initial Capacity: 248M
 Heap Max Capacity: 3940M
 Pre-touch: Disabled
 Parallel Workers: 10
 Concurrent Workers: 3
 Concurrent Refinement Workers: 10
 Periodic GC: Disabled

Heap:
 garbage-first heap   total 79872K, used 48485K [0x0000000709c00000, 0x0000000800000000)
  region size 2048K, 15 young (30720K), 3 survivors (6144K)
 Metaspace       used 72442K, committed 73152K, reserved 1114112K
  class space    used 9348K, committed 9664K, reserved 1048576K

Heap Regions: E=young(eden), S=young(survivor), O=old, HS=humongous(starts), HC=humongous(continues), CS=collection set, F=free, TAMS=top-at-mark-start, PB=parsable bottom
|   0|0x0000000709c00000, 0x0000000709e00000, 0x0000000709e00000|100%| O|  |TAMS 0x0000000709c00000| PB 0x0000000709c00000| Untracked 
|   1|0x0000000709e00000, 0x000000070a000000, 0x000000070a000000|100%| O|  |TAMS 0x0000000709e00000| PB 0x0000000709e00000| Untracked 
|   2|0x000000070a000000, 0x000000070a200000, 0x000000070a200000|100%| O|  |TAMS 0x000000070a000000| PB 0x000000070a000000| Untracked 
|   3|0x000000070a200000, 0x000000070a400000, 0x000000070a400000|100%| O|  |TAMS 0x000000070a200000| PB 0x000000070a200000| Untracked 
|   4|0x000000070a400000, 0x000000070a600000, 0x000000070a600000|100%| O|  |TAMS 0x000000070a400000| PB 0x000000070a400000| Untracked 
|   5|0x000000070a600000, 0x000000070a800000, 0x000000070a800000|100%| O|  |TAMS 0x000000070a600000| PB 0x000000070a600000| Untracked 
|   6|0x000000070a800000, 0x000000070aa00000, 0x000000070aa00000|100%| O|  |TAMS 0x000000070a800000| PB 0x000000070a800000| Untracked 
|   7|0x000000070aa00000, 0x000000070ac00000, 0x000000070ac00000|100%| O|  |TAMS 0x000000070aa00000| PB 0x000000070aa00000| Untracked 
|   8|0x000000070ac00000, 0x000000070ae00000, 0x000000070ae00000|100%| O|  |TAMS 0x000000070ac00000| PB 0x000000070ac00000| Untracked 
|   9|0x000000070ae00000, 0x000000070b000000, 0x000000070b000000|100%| O|  |TAMS 0x000000070ae00000| PB 0x000000070ae00000| Untracked 
|  10|0x000000070b000000, 0x000000070b1595a8, 0x000000070b200000| 67%| O|  |TAMS 0x000000070b000000| PB 0x000000070b000000| Untracked 
|  11|0x000000070b200000, 0x000000070b200000, 0x000000070b400000|  0%| F|  |TAMS 0x000000070b200000| PB 0x000000070b200000| Untracked 
|  12|0x000000070b400000, 0x000000070b400000, 0x000000070b600000|  0%| F|  |TAMS 0x000000070b400000| PB 0x000000070b400000| Untracked 
|  13|0x000000070b600000, 0x000000070b800000, 0x000000070b800000|100%| S|CS|TAMS 0x000000070b600000| PB 0x000000070b600000| Complete 
|  14|0x000000070b800000, 0x000000070ba00000, 0x000000070ba00000|100%| S|CS|TAMS 0x000000070b800000| PB 0x000000070b800000| Complete 
|  15|0x000000070ba00000, 0x000000070bc00000, 0x000000070bc00000|100%| S|CS|TAMS 0x000000070ba00000| PB 0x000000070ba00000| Complete 
|  16|0x000000070bc00000, 0x000000070bc00000, 0x000000070be00000|  0%| F|  |TAMS 0x000000070bc00000| PB 0x000000070bc00000| Untracked 
|  17|0x000000070be00000, 0x000000070be00000, 0x000000070c000000|  0%| F|  |TAMS 0x000000070be00000| PB 0x000000070be00000| Untracked 
|  18|0x000000070c000000, 0x000000070c000000, 0x000000070c200000|  0%| F|  |TAMS 0x000000070c000000| PB 0x000000070c000000| Untracked 
|  19|0x000000070c200000, 0x000000070c200000, 0x000000070c400000|  0%| F|  |TAMS 0x000000070c200000| PB 0x000000070c200000| Untracked 
|  20|0x000000070c400000, 0x000000070c400000, 0x000000070c600000|  0%| F|  |TAMS 0x000000070c400000| PB 0x000000070c400000| Untracked 
|  21|0x000000070c600000, 0x000000070c600000, 0x000000070c800000|  0%| F|  |TAMS 0x000000070c600000| PB 0x000000070c600000| Untracked 
|  22|0x000000070c800000, 0x000000070c800000, 0x000000070ca00000|  0%| F|  |TAMS 0x000000070c800000| PB 0x000000070c800000| Untracked 
|  23|0x000000070ca00000, 0x000000070ca00000, 0x000000070cc00000|  0%| F|  |TAMS 0x000000070ca00000| PB 0x000000070ca00000| Untracked 
|  24|0x000000070cc00000, 0x000000070cc00000, 0x000000070ce00000|  0%| F|  |TAMS 0x000000070cc00000| PB 0x000000070cc00000| Untracked 
|  25|0x000000070ce00000, 0x000000070ce00000, 0x000000070d000000|  0%| F|  |TAMS 0x000000070ce00000| PB 0x000000070ce00000| Untracked 
|  26|0x000000070d000000, 0x000000070d000000, 0x000000070d200000|  0%| F|  |TAMS 0x000000070d000000| PB 0x000000070d000000| Untracked 
|  27|0x000000070d200000, 0x000000070d2cd9b0, 0x000000070d400000| 40%| E|  |TAMS 0x000000070d200000| PB 0x000000070d200000| Complete 
|  28|0x000000070d400000, 0x000000070d600000, 0x000000070d600000|100%| E|CS|TAMS 0x000000070d400000| PB 0x000000070d400000| Complete 
|  29|0x000000070d600000, 0x000000070d800000, 0x000000070d800000|100%| E|CS|TAMS 0x000000070d600000| PB 0x000000070d600000| Complete 
|  30|0x000000070d800000, 0x000000070da00000, 0x000000070da00000|100%| E|CS|TAMS 0x000000070d800000| PB 0x000000070d800000| Complete 
|  31|0x000000070da00000, 0x000000070dc00000, 0x000000070dc00000|100%| E|  |TAMS 0x000000070da00000| PB 0x000000070da00000| Complete 
|  32|0x000000070dc00000, 0x000000070de00000, 0x000000070de00000|100%| E|CS|TAMS 0x000000070dc00000| PB 0x000000070dc00000| Complete 
|  33|0x000000070de00000, 0x000000070e000000, 0x000000070e000000|100%| E|CS|TAMS 0x000000070de00000| PB 0x000000070de00000| Complete 
|  95|0x0000000715a00000, 0x0000000715c00000, 0x0000000715c00000|100%| E|CS|TAMS 0x0000000715a00000| PB 0x0000000715a00000| Complete 
|  96|0x0000000715c00000, 0x0000000715e00000, 0x0000000715e00000|100%| E|CS|TAMS 0x0000000715c00000| PB 0x0000000715c00000| Complete 
|  97|0x0000000715e00000, 0x0000000716000000, 0x0000000716000000|100%| E|CS|TAMS 0x0000000715e00000| PB 0x0000000715e00000| Complete 
|  98|0x0000000716000000, 0x0000000716200000, 0x0000000716200000|100%| E|CS|TAMS 0x0000000716000000| PB 0x0000000716000000| Complete 
| 123|0x0000000719200000, 0x0000000719400000, 0x0000000719400000|100%| E|CS|TAMS 0x0000000719200000| PB 0x0000000719200000| Complete 

Card table byte_map: [0x0000020a57680000,0x0000020a57e40000] _byte_map_base: 0x0000020a53e32000

Marking Bits: (CMBitMap*) 0x0000020a3e0eb840
 Bits: [0x0000020a57e40000, 0x0000020a5bbd0000)

Polling page: 0x0000020a3bf30000

Metaspace:

Usage:
  Non-class:     61.62 MB used.
      Class:      9.13 MB used.
       Both:     70.75 MB used.

Virtual space:
  Non-class space:       64.00 MB reserved,      62.00 MB ( 97%) committed,  1 nodes.
      Class space:        1.00 GB reserved,       9.44 MB ( <1%) committed,  1 nodes.
             Both:        1.06 GB reserved,      71.44 MB (  7%) committed. 

Chunk freelists:
   Non-Class:  1.61 MB
       Class:  6.58 MB
        Both:  8.19 MB

MaxMetaspaceSize: unlimited
CompressedClassSpaceSize: 1.00 GB
Initial GC threshold: 21.00 MB
Current GC threshold: 98.69 MB
CDS: on
 - commit_granule_bytes: 65536.
 - commit_granule_words: 8192.
 - virtual_space_node_default_size: 8388608.
 - enlarge_chunks_in_place: 1.
 - use_allocation_guard: 0.


Internal statistics:

num_allocs_failed_limit: 9.
num_arena_births: 992.
num_arena_deaths: 0.
num_vsnodes_births: 2.
num_vsnodes_deaths: 0.
num_space_committed: 1143.
num_space_uncommitted: 0.
num_chunks_returned_to_freelist: 9.
num_chunks_taken_from_freelist: 3542.
num_chunk_merges: 9.
num_chunk_splits: 2534.
num_chunks_enlarged: 1981.
num_inconsistent_stats: 0.

CodeHeap 'non-profiled nmethods': size=120000Kb used=4133Kb max_used=4133Kb free=115866Kb
 bounds [0x0000020a4f440000, 0x0000020a4f850000, 0x0000020a56970000]
CodeHeap 'profiled nmethods': size=120000Kb used=10898Kb max_used=10898Kb free=109101Kb
 bounds [0x0000020a47970000, 0x0000020a48420000, 0x0000020a4eea0000]
CodeHeap 'non-nmethods': size=5760Kb used=1712Kb max_used=1768Kb free=4047Kb
 bounds [0x0000020a4eea0000, 0x0000020a4f110000, 0x0000020a4f440000]
 total_blobs=6429 nmethods=5694 adapters=639
 compilation: enabled
              stopped_count=0, restarted_count=0
 full_count=0

Compilation events (20 events):
Event: 40.261 Thread 0x0000020a5e869450 nmethod 6343 0x0000020a47df5810 code [0x0000020a47df59a0, 0x0000020a47df5aa8]
Event: 40.265 Thread 0x0000020a5e869450 6345   !   3       javax.crypto.Cipher::chooseFirstProvider (302 bytes)
Event: 40.268 Thread 0x0000020a5e869450 nmethod 6345 0x0000020a48411010 code [0x0000020a48411380, 0x0000020a48412a40]
Event: 40.268 Thread 0x0000020a5e869450 6346       3       com.sun.crypto.provider.GaloisCounterMode::checkInit (67 bytes)
Event: 40.269 Thread 0x0000020a5e869450 nmethod 6346 0x0000020a48413310 code [0x0000020a48413520, 0x0000020a48413ae8]
Event: 40.270 Thread 0x0000020a5e869450 6347       3       com.sun.crypto.provider.GCTR::blocksUntilRollover (44 bytes)
Event: 40.271 Thread 0x0000020a5e869450 nmethod 6347 0x0000020a48413c90 code [0x0000020a48413e60, 0x0000020a484140f0]
Event: 40.271 Thread 0x0000020a5e869450 6348       3       com.sun.crypto.provider.CounterMode::encrypt (12 bytes)
Event: 40.271 Thread 0x0000020a5e869450 nmethod 6348 0x0000020a48414210 code [0x0000020a484143c0, 0x0000020a484144f8]
Event: 40.271 Thread 0x0000020a5e869450 6349       3       com.sun.crypto.provider.CounterMode::crypt (32 bytes)
Event: 40.272 Thread 0x0000020a5e869450 nmethod 6349 0x0000020a48414590 code [0x0000020a484147a0, 0x0000020a48414c60]
Event: 40.294 Thread 0x0000020a5e866e30 nmethod 6339 0x0000020a4f846690 code [0x0000020a4f8468e0, 0x0000020a4f847ca8]
Event: 40.295 Thread 0x0000020a5e866e30 6342       4       java.lang.ThreadLocal::get (35 bytes)
Event: 40.299 Thread 0x0000020a5e866e30 nmethod 6342 0x0000020a4f848390 code [0x0000020a4f848540, 0x0000020a4f8486e8]
Event: 40.299 Thread 0x0000020a5e866e30 6344       4       java.lang.ThreadLocal$ThreadLocalMap::getEntry (42 bytes)
Event: 40.301 Thread 0x0000020a5e866e30 nmethod 6344 0x0000020a4f848890 code [0x0000020a4f848a20, 0x0000020a4f848b68]
Event: 40.301 Thread 0x0000020a5e866e30 6340       4       java.util.ArrayList::contains (14 bytes)
Event: 40.311 Thread 0x0000020a5e866e30 nmethod 6340 0x0000020a4f848c90 code [0x0000020a4f848e20, 0x0000020a4f8490e8]
Event: 40.403 Thread 0x0000020a5e866e30 6351       4       java.lang.Class::descriptorString (170 bytes)
Event: 41.442 Thread 0x0000020a5e869450 6352       3       java.util.concurrent.ThreadPoolExecutor::runStateAtLeast (11 bytes)

GC Heap History (20 events):
Event: 1.384 GC heap before
{Heap before GC invocations=0 (full 0):
 garbage-first heap   total 253952K, used 20480K [0x0000000709c00000, 0x0000000800000000)
  region size 2048K, 11 young (22528K), 0 survivors (0K)
 Metaspace       used 5919K, committed 6144K, reserved 1114112K
  class space    used 646K, committed 768K, reserved 1048576K
}
Event: 1.391 GC heap after
{Heap after GC invocations=1 (full 0):
 garbage-first heap   total 253952K, used 6960K [0x0000000709c00000, 0x0000000800000000)
  region size 2048K, 2 young (4096K), 2 survivors (4096K)
 Metaspace       used 5919K, committed 6144K, reserved 1114112K
  class space    used 646K, committed 768K, reserved 1048576K
}
Event: 2.223 GC heap before
{Heap before GC invocations=1 (full 0):
 garbage-first heap   total 253952K, used 29488K [0x0000000709c00000, 0x0000000800000000)
  region size 2048K, 14 young (28672K), 2 survivors (4096K)
 Metaspace       used 12465K, committed 12800K, reserved 1114112K
  class space    used 1448K, committed 1600K, reserved 1048576K
}
Event: 2.231 GC heap after
{Heap after GC invocations=2 (full 0):
 garbage-first heap   total 253952K, used 9567K [0x0000000709c00000, 0x0000000800000000)
  region size 2048K, 2 young (4096K), 2 survivors (4096K)
 Metaspace       used 12465K, committed 12800K, reserved 1114112K
  class space    used 1448K, committed 1600K, reserved 1048576K
}
Event: 5.092 GC heap before
{Heap before GC invocations=2 (full 0):
 garbage-first heap   total 253952K, used 54623K [0x0000000709c00000, 0x0000000800000000)
  region size 2048K, 25 young (51200K), 2 survivors (4096K)
 Metaspace       used 21207K, committed 21504K, reserved 1114112K
  class space    used 2488K, committed 2624K, reserved 1048576K
}
Event: 5.101 GC heap after
{Heap after GC invocations=3 (full 0):
 garbage-first heap   total 253952K, used 13646K [0x0000000709c00000, 0x0000000800000000)
  region size 2048K, 4 young (8192K), 4 survivors (8192K)
 Metaspace       used 21207K, committed 21504K, reserved 1114112K
  class space    used 2488K, committed 2624K, reserved 1048576K
}
Event: 7.254 GC heap before
{Heap before GC invocations=4 (full 0):
 garbage-first heap   total 55296K, used 52558K [0x0000000709c00000, 0x0000000800000000)
  region size 2048K, 23 young (47104K), 4 survivors (8192K)
 Metaspace       used 28509K, committed 28992K, reserved 1114112K
  class space    used 3471K, committed 3712K, reserved 1048576K
}
Event: 7.270 GC heap after
{Heap after GC invocations=5 (full 0):
 garbage-first heap   total 65536K, used 17217K [0x0000000709c00000, 0x0000000800000000)
  region size 2048K, 5 young (10240K), 5 survivors (10240K)
 Metaspace       used 28509K, committed 28992K, reserved 1114112K
  class space    used 3471K, committed 3712K, reserved 1048576K
}
Event: 8.540 GC heap before
{Heap before GC invocations=5 (full 0):
 garbage-first heap   total 65536K, used 45889K [0x0000000709c00000, 0x0000000800000000)
  region size 2048K, 19 young (38912K), 5 survivors (10240K)
 Metaspace       used 34996K, committed 35584K, reserved 1114112K
  class space    used 4341K, committed 4608K, reserved 1048576K
}
Event: 8.553 GC heap after
{Heap after GC invocations=6 (full 0):
 garbage-first heap   total 65536K, used 19714K [0x0000000709c00000, 0x0000000800000000)
  region size 2048K, 2 young (4096K), 2 survivors (4096K)
 Metaspace       used 34996K, committed 35584K, reserved 1114112K
  class space    used 4341K, committed 4608K, reserved 1048576K
}
Event: 8.610 GC heap before
{Heap before GC invocations=6 (full 0):
 garbage-first heap   total 65536K, used 19714K [0x0000000709c00000, 0x0000000800000000)
  region size 2048K, 3 young (6144K), 2 survivors (4096K)
 Metaspace       used 35433K, committed 35968K, reserved 1114112K
  class space    used 4406K, committed 4672K, reserved 1048576K
}
Event: 8.613 GC heap after
{Heap after GC invocations=7 (full 0):
 garbage-first heap   total 65536K, used 18718K [0x0000000709c00000, 0x0000000800000000)
  region size 2048K, 1 young (2048K), 1 survivors (2048K)
 Metaspace       used 35433K, committed 35968K, reserved 1114112K
  class space    used 4406K, committed 4672K, reserved 1048576K
}
Event: 10.442 GC heap before
{Heap before GC invocations=8 (full 0):
 garbage-first heap   total 65536K, used 51486K [0x0000000709c00000, 0x0000000800000000)
  region size 2048K, 17 young (34816K), 1 survivors (2048K)
 Metaspace       used 47727K, committed 48256K, reserved 1114112K
  class space    used 5973K, committed 6208K, reserved 1048576K
}
Event: 10.448 GC heap after
{Heap after GC invocations=9 (full 0):
 garbage-first heap   total 79872K, used 21933K [0x0000000709c00000, 0x0000000800000000)
  region size 2048K, 3 young (6144K), 3 survivors (6144K)
 Metaspace       used 47727K, committed 48256K, reserved 1114112K
  class space    used 5973K, committed 6208K, reserved 1048576K
}
Event: 11.968 GC heap before
{Heap before GC invocations=9 (full 0):
 garbage-first heap   total 79872K, used 60845K [0x0000000709c00000, 0x0000000800000000)
  region size 2048K, 23 young (47104K), 3 survivors (6144K)
 Metaspace       used 59155K, committed 59776K, reserved 1114112K
  class space    used 7580K, committed 7872K, reserved 1048576K
}
Event: 11.979 GC heap after
{Heap after GC invocations=10 (full 0):
 garbage-first heap   total 79872K, used 23957K [0x0000000709c00000, 0x0000000800000000)
  region size 2048K, 2 young (4096K), 2 survivors (4096K)
 Metaspace       used 59155K, committed 59776K, reserved 1114112K
  class space    used 7580K, committed 7872K, reserved 1048576K
}
Event: 12.054 GC heap before
{Heap before GC invocations=10 (full 0):
 garbage-first heap   total 79872K, used 26005K [0x0000000709c00000, 0x0000000800000000)
  region size 2048K, 4 young (8192K), 2 survivors (4096K)
 Metaspace       used 59823K, committed 60416K, reserved 1114112K
  class space    used 7676K, committed 7936K, reserved 1048576K
}
Event: 12.058 GC heap after
{Heap after GC invocations=11 (full 0):
 garbage-first heap   total 79872K, used 23944K [0x0000000709c00000, 0x0000000800000000)
  region size 2048K, 2 young (4096K), 2 survivors (4096K)
 Metaspace       used 59823K, committed 60416K, reserved 1114112K
  class space    used 7676K, committed 7936K, reserved 1048576K
}
Event: 14.055 GC heap before
{Heap before GC invocations=12 (full 0):
 garbage-first heap   total 79872K, used 66952K [0x0000000709c00000, 0x0000000800000000)
  region size 2048K, 23 young (47104K), 2 survivors (4096K)
 Metaspace       used 67371K, committed 68032K, reserved 1114112K
  class space    used 8666K, committed 8960K, reserved 1048576K
}
Event: 14.062 GC heap after
{Heap after GC invocations=13 (full 0):
 garbage-first heap   total 79872K, used 28005K [0x0000000709c00000, 0x0000000800000000)
  region size 2048K, 3 young (6144K), 3 survivors (6144K)
 Metaspace       used 67371K, committed 68032K, reserved 1114112K
  class space    used 8666K, committed 8960K, reserved 1048576K
}

Dll operation events (14 events):
Event: 0.025 Loaded shared library C:\Program Files\Java\zulu21.40.17-ca-fx-jdk21.0.6-win_x64\bin\java.dll
Event: 0.078 Loaded shared library C:\Program Files\Java\zulu21.40.17-ca-fx-jdk21.0.6-win_x64\bin\jsvml.dll
Event: 0.290 Loaded shared library C:\Program Files\Java\zulu21.40.17-ca-fx-jdk21.0.6-win_x64\bin\zip.dll
Event: 0.298 Loaded shared library C:\Program Files\Java\zulu21.40.17-ca-fx-jdk21.0.6-win_x64\bin\instrument.dll
Event: 0.312 Loaded shared library C:\Program Files\Java\zulu21.40.17-ca-fx-jdk21.0.6-win_x64\bin\net.dll
Event: 0.320 Loaded shared library C:\Program Files\Java\zulu21.40.17-ca-fx-jdk21.0.6-win_x64\bin\nio.dll
Event: 0.330 Loaded shared library C:\Program Files\Java\zulu21.40.17-ca-fx-jdk21.0.6-win_x64\bin\zip.dll
Event: 0.543 Loaded shared library C:\Program Files\JetBrains\IntelliJ IDEA Community Edition 2024.3.2.2\bin\breakgen64.dll
Event: 0.564 Loaded shared library C:\Program Files\Java\zulu21.40.17-ca-fx-jdk21.0.6-win_x64\bin\extnet.dll
Event: 0.629 Loaded shared library C:\Program Files\Java\zulu21.40.17-ca-fx-jdk21.0.6-win_x64\bin\jimage.dll
Event: 2.751 Loaded shared library C:\Program Files\Java\zulu21.40.17-ca-fx-jdk21.0.6-win_x64\bin\sunmscapi.dll
Event: 7.375 Loaded shared library C:\Program Files\Java\zulu21.40.17-ca-fx-jdk21.0.6-win_x64\bin\management.dll
Event: 7.380 Loaded shared library C:\Program Files\Java\zulu21.40.17-ca-fx-jdk21.0.6-win_x64\bin\management_ext.dll
Event: 8.650 Loaded shared library C:\Program Files\Java\zulu21.40.17-ca-fx-jdk21.0.6-win_x64\bin\verify.dll

Deoptimization events (20 events):
Event: 31.894 Thread 0x0000020aa6ea5aa0 Uncommon trap: trap_request=0xffffff45 fr.pc=0x0000020a4f640b88 relative=0x00000000000005c8
Event: 31.894 Thread 0x0000020aa6ea5aa0 Uncommon trap: reason=unstable_if action=reinterpret pc=0x0000020a4f640b88 method=java.util.Properties.load0(Ljava/util/Properties$LineReader;)V @ 79 c2
Event: 31.894 Thread 0x0000020aa6ea5aa0 DEOPT PACKING pc=0x0000020a4f640b88 sp=0x0000002a8fcfcc40
Event: 31.894 Thread 0x0000020aa6ea5aa0 DEOPT UNPACKING pc=0x0000020a4eef46a2 sp=0x0000002a8fcfcbe8 mode 2
Event: 40.176 Thread 0x0000020aa6ea2cb0 Uncommon trap: trap_request=0xffffff45 fr.pc=0x0000020a4f577ab0 relative=0x0000000000000190
Event: 40.176 Thread 0x0000020aa6ea2cb0 Uncommon trap: reason=unstable_if action=reinterpret pc=0x0000020a4f577ab0 method=java.lang.String.equals(Ljava/lang/Object;)Z @ 33 c2
Event: 40.176 Thread 0x0000020aa6ea2cb0 DEOPT PACKING pc=0x0000020a4f577ab0 sp=0x0000002a8fffd830
Event: 40.176 Thread 0x0000020aa6ea2cb0 DEOPT UNPACKING pc=0x0000020a4eef46a2 sp=0x0000002a8fffd7c0 mode 2
Event: 40.216 Thread 0x0000020aa6ea2cb0 Uncommon trap: trap_request=0xffffff45 fr.pc=0x0000020a4f5f2c08 relative=0x0000000000000068
Event: 40.216 Thread 0x0000020aa6ea2cb0 Uncommon trap: reason=unstable_if action=reinterpret pc=0x0000020a4f5f2c08 method=java.util.stream.StreamOpFlag.fromCharacteristics(Ljava/util/Spliterator;)I @ 10 c2
Event: 40.216 Thread 0x0000020aa6ea2cb0 DEOPT PACKING pc=0x0000020a4f5f2c08 sp=0x0000002a8fffd570
Event: 40.216 Thread 0x0000020aa6ea2cb0 DEOPT UNPACKING pc=0x0000020a4eef46a2 sp=0x0000002a8fffd508 mode 2
Event: 40.235 Thread 0x0000020aa6ea2cb0 Uncommon trap: trap_request=0xffffff45 fr.pc=0x0000020a4f5d43f4 relative=0x0000000000000434
Event: 40.235 Thread 0x0000020aa6ea2cb0 Uncommon trap: reason=unstable_if action=reinterpret pc=0x0000020a4f5d43f4 method=java.util.HashMap.getNode(Ljava/lang/Object;)Ljava/util/HashMap$Node; @ 66 c2
Event: 40.235 Thread 0x0000020aa6ea2cb0 DEOPT PACKING pc=0x0000020a4f5d43f4 sp=0x0000002a8fffd330
Event: 40.235 Thread 0x0000020aa6ea2cb0 DEOPT UNPACKING pc=0x0000020a4eef46a2 sp=0x0000002a8fffd1e0 mode 2
Event: 40.246 Thread 0x0000020aa6ea2cb0 Uncommon trap: trap_request=0xffffffde fr.pc=0x0000020a4f5f390c relative=0x00000000000000cc
Event: 40.246 Thread 0x0000020aa6ea2cb0 Uncommon trap: reason=class_check action=maybe_recompile pc=0x0000020a4f5f390c method=org.springframework.core.annotation.AnnotatedElementUtils.getAnnotationAttributes(Lorg/springframework/core/annotation/MergedAnnotation;ZZ)Lorg/springframework/core/anno
Event: 40.246 Thread 0x0000020aa6ea2cb0 DEOPT PACKING pc=0x0000020a4f5f390c sp=0x0000002a8fffcdb0
Event: 40.246 Thread 0x0000020aa6ea2cb0 DEOPT UNPACKING pc=0x0000020a4eef46a2 sp=0x0000002a8fffccc8 mode 2

Classes loaded (20 events):
Event: 31.825 Loading class java/util/stream/ReduceOps$7
Event: 31.826 Loading class java/util/stream/ReduceOps$7 done
Event: 31.826 Loading class java/util/stream/ReduceOps$6ReducingSink
Event: 31.826 Loading class java/util/stream/ReduceOps$6ReducingSink done
Event: 31.827 Loading class java/util/stream/ReferencePipeline$4$1
Event: 31.827 Loading class java/util/stream/ReferencePipeline$4$1 done
Event: 31.899 Loading class java/io/PrintWriter$1
Event: 31.899 Loading class jdk/internal/access/JavaIOPrintWriterAccess
Event: 31.899 Loading class jdk/internal/access/JavaIOPrintWriterAccess done
Event: 31.899 Loading class java/io/PrintWriter$1 done
Event: 40.198 Loading class sun/reflect/generics/tree/IntSignature
Event: 40.198 Loading class sun/reflect/generics/tree/IntSignature done
Event: 40.216 Loading class java/util/stream/Streams$RangeIntSpliterator
Event: 40.216 Loading class java/util/stream/Streams$RangeIntSpliterator done
Event: 40.220 Loading class java/util/stream/IntPipeline$1
Event: 40.220 Loading class java/util/stream/IntPipeline$1 done
Event: 40.221 Loading class java/util/stream/IntPipeline$1$1
Event: 40.222 Loading class java/util/stream/Sink$ChainedInt
Event: 40.222 Loading class java/util/stream/Sink$ChainedInt done
Event: 40.222 Loading class java/util/stream/IntPipeline$1$1 done

Classes unloaded (0 events):
No events

Classes redefined (0 events):
No events

Internal exceptions (20 events):
Event: 12.331 Thread 0x0000020a3e08a910 Implicit null exception at 0x0000020a4f76ebf0 to 0x0000020a4f7706dc
Event: 12.342 Thread 0x0000020a3e08a910 Exception <a 'java/lang/IncompatibleClassChangeError'{0x000000070def86e0}: Found class java.lang.Object, but interface was expected> (0x000000070def86e0) 
thrown [s\src\hotspot\share\interpreter\linkResolver.cpp, line 840]
Event: 12.428 Thread 0x0000020a3e08a910 Exception <a 'java/lang/IncompatibleClassChangeError'{0x000000070dc78c50}: Found class java.lang.Object, but interface was expected> (0x000000070dc78c50) 
thrown [s\src\hotspot\share\interpreter\linkResolver.cpp, line 840]
Event: 12.699 Thread 0x0000020a3e08a910 Exception <a 'java/lang/IncompatibleClassChangeError'{0x000000070d63ffb8}: Found class java.lang.Object, but interface was expected> (0x000000070d63ffb8) 
thrown [s\src\hotspot\share\interpreter\linkResolver.cpp, line 840]
Event: 12.869 Thread 0x0000020a3e08a910 Exception <a 'java/lang/IncompatibleClassChangeError'{0x000000070d250060}: Found class java.lang.Object, but interface was expected> (0x000000070d250060) 
thrown [s\src\hotspot\share\interpreter\linkResolver.cpp, line 840]
Event: 12.870 Thread 0x0000020a3e08a910 Exception <a 'java/lang/IncompatibleClassChangeError'{0x000000070d255870}: Found class java.lang.Object, but interface was expected> (0x000000070d255870) 
thrown [s\src\hotspot\share\interpreter\linkResolver.cpp, line 840]
Event: 13.158 Thread 0x0000020a3e08a910 Exception <a 'java/lang/NoSuchMethodError'{0x000000070cd2b660}: 'java.lang.Object java.lang.invoke.DirectMethodHandle$Holder.newInvokeSpecial(java.lang.Object, java.lang.Object, java.lang.Object, java.lang.Object, java.lang.Object, java.lang.Object, java.lang.Object, java.lang.Object)'> (0x000000070cd2b660) 
thrown [s\src\hotspot\share\interpreter\linkResolver.cpp, line 773]
Event: 13.246 Thread 0x0000020a3e08a910 Exception <a 'java/lang/IncompatibleClassChangeError'{0x000000070cb24d40}: Found class java.lang.Object, but interface was expected> (0x000000070cb24d40) 
thrown [s\src\hotspot\share\interpreter\linkResolver.cpp, line 840]
Event: 13.829 Thread 0x0000020a3e08a910 Exception <a 'java/lang/IncompatibleClassChangeError'{0x000000070c1d52f0}: Found class java.lang.Object, but interface was expected> (0x000000070c1d52f0) 
thrown [s\src\hotspot\share\interpreter\linkResolver.cpp, line 840]
Event: 13.949 Thread 0x0000020a3e08a910 Exception <a 'java/lang/NoSuchMethodError'{0x000000070bfa0b38}: 'void java.lang.invoke.DirectMethodHandle$Holder.invokeVirtual(java.lang.Object, java.lang.Object, long)'> (0x000000070bfa0b38) 
thrown [s\src\hotspot\share\interpreter\linkResolver.cpp, line 773]
Event: 14.064 Thread 0x0000020a3e08a910 Exception <a 'java/lang/NoSuchMethodError'{0x0000000719206358}: 'int java.lang.invoke.DirectMethodHandle$Holder.invokeStaticInit(java.lang.Object, java.lang.Object, java.lang.Object, java.lang.Object)'> (0x0000000719206358) 
thrown [s\src\hotspot\share\interpreter\linkResolver.cpp, line 773]
Event: 14.107 Thread 0x0000020a3e08a910 Exception <a 'java/lang/NoSuchMethodError'{0x00000007193917e0}: 'java.lang.Object java.lang.invoke.Invokers$Holder.invoke_MT(java.lang.Object, java.lang.Object, java.lang.Object, java.lang.Object, java.lang.Object, java.lang.Object, java.lang.Object, java.lang.Object, java.lang.Object)'> (0x00000007193917e0) 
thrown [s\src\hotspot\share\interpreter\linkResolver.cpp, line 773]
Event: 14.136 Thread 0x0000020a3e08a910 Exception <a 'java/lang/IncompatibleClassChangeError'{0x0000000716045b08}: Found class java.lang.Object, but interface was expected> (0x0000000716045b08) 
thrown [s\src\hotspot\share\interpreter\linkResolver.cpp, line 840]
Event: 14.244 Thread 0x0000020a3e08a910 Exception <a 'java/lang/NoSuchMethodError'{0x0000000715f14b10}: 'java.lang.Object java.lang.invoke.Invokers$Holder.invoke_MT(java.lang.Object, java.lang.Object, java.lang.Object, java.lang.Object, java.lang.Object, java.lang.Object, java.lang.Object, java.lang.Object, java.lang.Object, java.lang.Object, java.lang.Object)'> (0x0000000715f14b10) 
thrown [s\src\hotspot\share\interpreter\linkResolver.cpp, line 773]
Event: 14.370 Thread 0x0000020a3e08a910 Exception <a 'java/lang/NoSuchMethodError'{0x0000000715d9e7e8}: 'java.lang.Object java.lang.invoke.DirectMethodHandle$Holder.newInvokeSpecial(java.lang.Object, java.lang.Object, int, java.lang.Object, java.lang.Object)'> (0x0000000715d9e7e8) 
thrown [s\src\hotspot\share\interpreter\linkResolver.cpp, line 773]
Event: 31.643 Thread 0x0000020aa6ea5aa0 Exception <a 'java/lang/NoSuchMethodError'{0x000000070dc7d228}: 'java.lang.Object java.lang.invoke.DirectMethodHandle$Holder.invokeSpecial(java.lang.Object, java.lang.Object, java.lang.Object, java.lang.Object, java.lang.Object, long)'> (0x000000070dc7d228) 
thrown [s\src\hotspot\share\interpreter\linkResolver.cpp, line 773]
Event: 31.643 Thread 0x0000020aa6ea5aa0 Exception <a 'java/lang/NoSuchMethodError'{0x000000070dc809f8}: 'java.lang.Object java.lang.invoke.Invokers$Holder.linkToTargetMethod(java.lang.Object, java.lang.Object, java.lang.Object, long, java.lang.Object)'> (0x000000070dc809f8) 
thrown [s\src\hotspot\share\interpreter\linkResolver.cpp, line 773]
Event: 31.755 Thread 0x0000020aa6ea5aa0 Exception <a 'java/lang/NoSuchMethodError'{0x000000070da2b408}: 'java.lang.Object java.lang.invoke.DirectMethodHandle$Holder.invokeStatic(java.lang.Object, int, int)'> (0x000000070da2b408) 
thrown [s\src\hotspot\share\interpreter\linkResolver.cpp, line 773]
Event: 40.224 Thread 0x0000020aa6ea2cb0 Exception <a 'java/lang/NoSuchMethodError'{0x000000070d920fd8}: 'java.lang.Object java.lang.invoke.DelegatingMethodHandle$Holder.reinvoke_L(java.lang.Object, java.lang.Object, int, int, java.lang.Object, java.lang.Object, java.lang.Object)'> (0x000000070d920fd8) 
thrown [s\src\hotspot\share\interpreter\linkResolver.cpp, line 773]
Event: 40.400 Thread 0x0000020aa6ea2cb0 Exception <a 'java/lang/NoSuchMethodError'{0x000000070d46f0d8}: 'java.lang.Object java.lang.invoke.DirectMethodHandle$Holder.invokeInterface(java.lang.Object, java.lang.Object, java.lang.Object, java.lang.Object)'> (0x000000070d46f0d8) 
thrown [s\src\hotspot\share\interpreter\linkResolver.cpp, line 773]

ZGC Phase Switch (0 events):
No events

VM Operations (20 events):
Event: 15.076 Executing VM operation: Cleanup
Event: 15.076 Executing VM operation: Cleanup done
Event: 26.154 Executing VM operation: Cleanup
Event: 26.154 Executing VM operation: Cleanup done
Event: 31.674 Executing VM operation: HandshakeAllThreads (Deoptimize)
Event: 31.675 Executing VM operation: HandshakeAllThreads (Deoptimize) done
Event: 31.675 Executing VM operation: Cleanup
Event: 31.675 Executing VM operation: Cleanup done
Event: 31.827 Executing VM operation: HandshakeAllThreads (Deoptimize)
Event: 31.827 Executing VM operation: HandshakeAllThreads (Deoptimize) done
Event: 31.877 Executing VM operation: HandshakeAllThreads (Deoptimize)
Event: 31.877 Executing VM operation: HandshakeAllThreads (Deoptimize) done
Event: 32.878 Executing VM operation: Cleanup
Event: 32.878 Executing VM operation: Cleanup done
Event: 33.893 Executing VM operation: Cleanup
Event: 33.893 Executing VM operation: Cleanup done
Event: 36.915 Executing VM operation: Cleanup
Event: 36.915 Executing VM operation: Cleanup done
Event: 40.943 Executing VM operation: Cleanup
Event: 40.943 Executing VM operation: Cleanup done

Memory protections (0 events):
No events

Nmethod flushes (20 events):
Event: 12.086 Thread 0x0000020a5e828fa0 flushing  nmethod 0x0000020a47b34210
Event: 12.086 Thread 0x0000020a5e828fa0 flushing  nmethod 0x0000020a47b86410
Event: 12.086 Thread 0x0000020a5e828fa0 flushing  nmethod 0x0000020a47cc6a10
Event: 12.086 Thread 0x0000020a5e828fa0 flushing  nmethod 0x0000020a47cc7090
Event: 12.086 Thread 0x0000020a5e828fa0 flushing  nmethod 0x0000020a47cc9890
Event: 12.086 Thread 0x0000020a5e828fa0 flushing  nmethod 0x0000020a47d20090
Event: 12.086 Thread 0x0000020a5e828fa0 flushing  nmethod 0x0000020a47d21310
Event: 12.086 Thread 0x0000020a5e828fa0 flushing  nmethod 0x0000020a47d21d90
Event: 12.086 Thread 0x0000020a5e828fa0 flushing  nmethod 0x0000020a47d23e10
Event: 12.086 Thread 0x0000020a5e828fa0 flushing  nmethod 0x0000020a47d5d210
Event: 12.086 Thread 0x0000020a5e828fa0 flushing  nmethod 0x0000020a47e2b910
Event: 12.086 Thread 0x0000020a5e828fa0 flushing  nmethod 0x0000020a47e30c10
Event: 12.086 Thread 0x0000020a5e828fa0 flushing  nmethod 0x0000020a47e33090
Event: 12.086 Thread 0x0000020a5e828fa0 flushing  nmethod 0x0000020a47e6c410
Event: 12.086 Thread 0x0000020a5e828fa0 flushing  nmethod 0x0000020a47fbc810
Event: 12.086 Thread 0x0000020a5e828fa0 flushing  nmethod 0x0000020a4806da90
Event: 12.086 Thread 0x0000020a5e828fa0 flushing  nmethod 0x0000020a48075d90
Event: 12.086 Thread 0x0000020a5e828fa0 flushing  nmethod 0x0000020a48099990
Event: 12.086 Thread 0x0000020a5e828fa0 flushing  nmethod 0x0000020a4809b610
Event: 12.086 Thread 0x0000020a5e828fa0 flushing  nmethod 0x0000020a4809fe10

Events (20 events):
Event: 12.803 Thread 0x0000020a5e869450 Thread added: 0x0000020aa5f11590
Event: 14.389 Thread 0x0000020a3e08a910 Thread added: 0x0000020aa6ea5aa0
Event: 14.389 Thread 0x0000020a3e08a910 Thread added: 0x0000020aa6ea46f0
Event: 14.389 Thread 0x0000020a3e08a910 Thread added: 0x0000020aa6ea6130
Event: 14.389 Thread 0x0000020a3e08a910 Thread added: 0x0000020aa6ea2cb0
Event: 14.390 Thread 0x0000020a3e08a910 Thread added: 0x0000020aa6ea8200
Event: 14.390 Thread 0x0000020a3e08a910 Thread added: 0x0000020aa6ea7b70
Event: 14.390 Thread 0x0000020a3e08a910 Thread added: 0x0000020aa6ea8890
Event: 14.390 Thread 0x0000020a3e08a910 Thread added: 0x0000020aa6ea8f20
Event: 14.391 Thread 0x0000020a3e08a910 Thread added: 0x0000020aa6ea67c0
Event: 14.391 Thread 0x0000020a3e08a910 Thread added: 0x0000020aa6ea6e50
Event: 14.424 Thread 0x0000020a3e08a910 Thread added: 0x0000020aa6ea74e0
Event: 14.427 Thread 0x0000020a3e08a910 Thread added: 0x0000020a5e856ed0
Event: 14.457 Thread 0x0000020a3e08a910 Thread exited: 0x0000020a3e08a910
Event: 14.458 Thread 0x0000020aa911ad90 Thread added: 0x0000020aa911ad90
Event: 15.747 Thread 0x0000020aa6ea5410 Thread exited: 0x0000020aa6ea5410
Event: 15.747 Thread 0x0000020aa5f11590 Thread exited: 0x0000020aa5f11590
Event: 20.756 Thread 0x0000020aa60833d0 Thread exited: 0x0000020aa60833d0
Event: 31.721 Thread 0x0000020a5e869450 Thread added: 0x0000020aa60833d0
Event: 33.307 Thread 0x0000020aa60833d0 Thread exited: 0x0000020aa60833d0


Dynamic libraries:
0x00007ff69cae0000 - 0x00007ff69caee000 	C:\Program Files\Java\zulu21.40.17-ca-fx-jdk21.0.6-win_x64\bin\java.exe
0x00007ff8dde40000 - 0x00007ff8de0a0000 	C:\windows\SYSTEM32\ntdll.dll
0x00007ff8dc860000 - 0x00007ff8dc927000 	C:\windows\System32\KERNEL32.DLL
0x00007ff8db870000 - 0x00007ff8dbc3a000 	C:\windows\System32\KERNELBASE.dll
0x00007ff8db450000 - 0x00007ff8db59b000 	C:\windows\System32\ucrtbase.dll
0x00007ff8d6a90000 - 0x00007ff8d6aab000 	C:\Program Files\Java\zulu21.40.17-ca-fx-jdk21.0.6-win_x64\bin\VCRUNTIME140.dll
0x00007ff8d6a20000 - 0x00007ff8d6a39000 	C:\Program Files\Java\zulu21.40.17-ca-fx-jdk21.0.6-win_x64\bin\jli.dll
0x00007ff8dc650000 - 0x00007ff8dc81c000 	C:\windows\System32\USER32.dll
0x00007ff8db160000 - 0x00007ff8db187000 	C:\windows\System32\win32u.dll
0x00007ff8dd810000 - 0x00007ff8dd83a000 	C:\windows\System32\GDI32.dll
0x00007ff8db020000 - 0x00007ff8db151000 	C:\windows\System32\gdi32full.dll
0x00007ff8c70b0000 - 0x00007ff8c7347000 	C:\windows\WinSxS\amd64_microsoft.windows.common-controls_6595b64144ccf1df_6.0.26100.3624_none_3e086962e3345f24\COMCTL32.dll
0x00007ff8db3a0000 - 0x00007ff8db443000 	C:\windows\System32\msvcp_win.dll
0x00007ff8dda50000 - 0x00007ff8ddaf9000 	C:\windows\System32\msvcrt.dll
0x00007ff8dbcc0000 - 0x00007ff8dbcef000 	C:\windows\System32\IMM32.DLL
0x00007ff8d6a80000 - 0x00007ff8d6a8c000 	C:\Program Files\Java\zulu21.40.17-ca-fx-jdk21.0.6-win_x64\bin\vcruntime140_1.dll
0x00007ff8ad560000 - 0x00007ff8ad5ee000 	C:\Program Files\Java\zulu21.40.17-ca-fx-jdk21.0.6-win_x64\bin\msvcp140.dll
0x00007ff853780000 - 0x00007ff85455d000 	C:\Program Files\Java\zulu21.40.17-ca-fx-jdk21.0.6-win_x64\bin\server\jvm.dll
0x00007ff8ddb80000 - 0x00007ff8ddc32000 	C:\windows\System32\ADVAPI32.dll
0x00007ff8dd740000 - 0x00007ff8dd7e6000 	C:\windows\System32\sechost.dll
0x00007ff8dd140000 - 0x00007ff8dd256000 	C:\windows\System32\RPCRT4.dll
0x00007ff8ddb00000 - 0x00007ff8ddb74000 	C:\windows\System32\WS2_32.dll
0x00007ff8dae70000 - 0x00007ff8daece000 	C:\windows\SYSTEM32\POWRPROF.dll
0x00007ff8d3520000 - 0x00007ff8d3556000 	C:\windows\SYSTEM32\WINMM.dll
0x00007ff8d3560000 - 0x00007ff8d356b000 	C:\windows\SYSTEM32\VERSION.dll
0x00007ff8dae50000 - 0x00007ff8dae64000 	C:\windows\SYSTEM32\UMPDC.dll
0x00007ff8d9e30000 - 0x00007ff8d9e4a000 	C:\windows\SYSTEM32\kernel.appcore.dll
0x00007ff8d6980000 - 0x00007ff8d698a000 	C:\Program Files\Java\zulu21.40.17-ca-fx-jdk21.0.6-win_x64\bin\jimage.dll
0x00007ff8cfb90000 - 0x00007ff8cfdd1000 	C:\windows\SYSTEM32\DBGHELP.DLL
0x00007ff8dcbd0000 - 0x00007ff8dcf52000 	C:\windows\System32\combase.dll
0x00007ff8ddd20000 - 0x00007ff8dddf6000 	C:\windows\System32\OLEAUT32.dll
0x00007ff8c5b90000 - 0x00007ff8c5bc9000 	C:\windows\SYSTEM32\dbgcore.DLL
0x00007ff8db710000 - 0x00007ff8db7a9000 	C:\windows\System32\bcryptPrimitives.dll
0x00007ff8d69d0000 - 0x00007ff8d69e0000 	C:\Program Files\Java\zulu21.40.17-ca-fx-jdk21.0.6-win_x64\bin\instrument.dll
0x00007ff8b22f0000 - 0x00007ff8b2312000 	C:\Program Files\Java\zulu21.40.17-ca-fx-jdk21.0.6-win_x64\bin\java.dll
0x00007ff8dbd00000 - 0x00007ff8dc429000 	C:\windows\System32\SHELL32.dll
0x00007ff8db5a0000 - 0x00007ff8db708000 	C:\windows\System32\wintypes.dll
0x00007ff8d8cb0000 - 0x00007ff8d9502000 	C:\windows\SYSTEM32\windows.storage.dll
0x00007ff8dc940000 - 0x00007ff8dca2d000 	C:\windows\System32\SHCORE.dll
0x00007ff8dc5e0000 - 0x00007ff8dc644000 	C:\windows\System32\shlwapi.dll
0x00007ff8daf30000 - 0x00007ff8daf5f000 	C:\windows\SYSTEM32\profapi.dll
0x00007ff874020000 - 0x00007ff8740f7000 	C:\Program Files\Java\zulu21.40.17-ca-fx-jdk21.0.6-win_x64\bin\jsvml.dll
0x00007ff8ad7d0000 - 0x00007ff8ad7e8000 	C:\Program Files\Java\zulu21.40.17-ca-fx-jdk21.0.6-win_x64\bin\zip.dll
0x00007ff8bce80000 - 0x00007ff8bce92000 	C:\Program Files\Java\zulu21.40.17-ca-fx-jdk21.0.6-win_x64\bin\net.dll
0x00007ff8d3a70000 - 0x00007ff8d3b8d000 	C:\windows\SYSTEM32\WINHTTP.dll
0x00007ff8da350000 - 0x00007ff8da3ba000 	C:\windows\system32\mswsock.dll
0x00007ff8ad7f0000 - 0x00007ff8ad806000 	C:\Program Files\Java\zulu21.40.17-ca-fx-jdk21.0.6-win_x64\bin\nio.dll
0x00007ff8d69b0000 - 0x00007ff8d69ca000 	C:\Program Files\JetBrains\IntelliJ IDEA Community Edition 2024.3.2.2\bin\breakgen64.dll
0x00007ff8c5860000 - 0x00007ff8c5869000 	C:\Program Files\Java\zulu21.40.17-ca-fx-jdk21.0.6-win_x64\bin\extnet.dll
0x00007ff8d6970000 - 0x00007ff8d697e000 	C:\Program Files\Java\zulu21.40.17-ca-fx-jdk21.0.6-win_x64\bin\sunmscapi.dll
0x00007ff8db190000 - 0x00007ff8db307000 	C:\windows\System32\CRYPT32.dll
0x00007ff8da7f0000 - 0x00007ff8da820000 	C:\windows\SYSTEM32\ncrypt.dll
0x00007ff8da7a0000 - 0x00007ff8da7df000 	C:\windows\SYSTEM32\NTASN1.dll
0x00007ff8da600000 - 0x00007ff8da61c000 	C:\windows\SYSTEM32\CRYPTSP.dll
0x00007ff8d9d90000 - 0x00007ff8d9dca000 	C:\windows\system32\rsaenh.dll
0x00007ff8da3f0000 - 0x00007ff8da41b000 	C:\windows\SYSTEM32\USERENV.dll
0x00007ff8daf00000 - 0x00007ff8daf26000 	C:\windows\SYSTEM32\bcrypt.dll
0x00007ff8da5f0000 - 0x00007ff8da5fc000 	C:\windows\SYSTEM32\CRYPTBASE.dll
0x00007ff8d9820000 - 0x00007ff8d9853000 	C:\windows\SYSTEM32\IPHLPAPI.DLL
0x00007ff8dd7f0000 - 0x00007ff8dd7fa000 	C:\windows\System32\NSI.dll
0x00007ff8d6a00000 - 0x00007ff8d6a0a000 	C:\Program Files\Java\zulu21.40.17-ca-fx-jdk21.0.6-win_x64\bin\management.dll
0x00007ff8d69f0000 - 0x00007ff8d69fc000 	C:\Program Files\Java\zulu21.40.17-ca-fx-jdk21.0.6-win_x64\bin\management_ext.dll
0x00007ff8dc930000 - 0x00007ff8dc938000 	C:\windows\System32\PSAPI.DLL
0x00007ff8a8f60000 - 0x00007ff8a8f70000 	C:\Program Files\Java\zulu21.40.17-ca-fx-jdk21.0.6-win_x64\bin\verify.dll
0x00007ff8d9860000 - 0x00007ff8d9985000 	C:\windows\SYSTEM32\DNSAPI.dll
0x00007ff8cf7c0000 - 0x00007ff8cf7cb000 	C:\Windows\System32\rasadhlp.dll
0x00007ff8cf8d0000 - 0x00007ff8cf955000 	C:\windows\System32\fwpuclnt.dll
0x00007ff8a9e40000 - 0x00007ff8a9e48000 	C:\windows\system32\wshunix.dll

dbghelp: loaded successfully - version: 4.0.5 - missing functions: none
symbol engine: initialized successfully - sym options: 0x614 - pdb path: .;C:\Program Files\Java\zulu21.40.17-ca-fx-jdk21.0.6-win_x64\bin;C:\windows\SYSTEM32;C:\windows\WinSxS\amd64_microsoft.windows.common-controls_6595b64144ccf1df_6.0.26100.3624_none_3e086962e3345f24;C:\Program Files\Java\zulu21.40.17-ca-fx-jdk21.0.6-win_x64\bin\server;C:\Program Files\JetBrains\IntelliJ IDEA Community Edition 2024.3.2.2\bin

VM Arguments:
jvm_args: -javaagent:C:\Program Files\JetBrains\IntelliJ IDEA Community Edition 2024.3.2.2\lib\idea_rt.jar=58186:C:\Program Files\JetBrains\IntelliJ IDEA Community Edition 2024.3.2.2\bin -Dfile.encoding=UTF-8 -Dsun.stdout.encoding=UTF-8 -Dsun.stderr.encoding=UTF-8 
java_command: com.noureddine.library.LibraryApplication
java_class_path (initial): D:\Projects\MultidisciplinaryProject\Library\library\target\classes;C:\Users\asus\.m2\repository\org\springframework\hateoas\spring-hateoas\2.4.1\spring-hateoas-2.4.1.jar;C:\Users\asus\.m2\repository\org\springframework\spring-aop\6.2.5\spring-aop-6.2.5.jar;C:\Users\asus\.m2\repository\org\springframework\spring-beans\6.2.5\spring-beans-6.2.5.jar;C:\Users\asus\.m2\repository\org\springframework\spring-context\6.2.5\spring-context-6.2.5.jar;C:\Users\asus\.m2\repository\org\springframework\plugin\spring-plugin-core\3.0.0\spring-plugin-core-3.0.0.jar;C:\Users\asus\.m2\repository\org\slf4j\slf4j-api\2.0.17\slf4j-api-2.0.17.jar;C:\Users\asus\.m2\repository\org\springframework\boot\spring-boot-starter-data-jpa\3.4.4\spring-boot-starter-data-jpa-3.4.4.jar;C:\Users\asus\.m2\repository\org\springframework\boot\spring-boot-starter\3.4.4\spring-boot-starter-3.4.4.jar;C:\Users\asus\.m2\repository\org\springframework\boot\spring-boot\3.4.4\spring-boot-3.4.4.jar;C:\Users\asus\.m2\repository\org\springframework\boot\spring-boot-autoconfigure\3.4.4\spring-boot-autoconfigure-3.4.4.jar;C:\Users\asus\.m2\repository\org\springframework\boot\spring-boot-starter-logging\3.4.4\spring-boot-starter-logging-3.4.4.jar;C:\Users\asus\.m2\repository\ch\qos\logback\logback-classic\1.5.18\logback-classic-1.5.18.jar;C:\Users\asus\.m2\repository\ch\qos\logback\logback-core\1.5.18\logback-core-1.5.18.jar;C:\Users\asus\.m2\repository\org\apache\logging\log4j\log4j-to-slf4j\2.24.3\log4j-to-slf4j-2.24.3.jar;C:\Users\asus\.m2\repository\org\apache\logging\log4j\log4j-api\2.24.3\log4j-api-2.24.3.jar;C:\Users\asus\.m2\repository\org\slf4j\jul-to-slf4j\2.0.17\jul-to-slf4j-2.0.17.jar;C:\Users\asus\.m2\repository\jakarta\annotation\jakarta.annotation-api\2.1.1\jakarta.annotation-api-2.1.1.jar;C:\Users\asus\.m2\repository\org\yaml\snakeyaml\2.3\snakeyaml-2.3.jar;C:\Users\asus\.m2\repository\org\hibernate\orm\hibernate-core\6.6.11.Final\hibernate-core-6.6.11.Final.jar;C:\Users\asus\.m2\repository\jakarta\persistence\jakarta.persistence-api\3.1.0\jakarta.persistence-api-3.1.0.jar;C:\Users\asus\.m2\repository\jakarta\transaction\jakarta.transaction-api\2.0.1\jakarta.transaction-api-2.0.1.jar;C:\Users\asus\.m2\repository\org\jboss\logging\jboss-logging\3.6.1.Final\jboss-logging-3.6.1.Final.jar;C:\Users\asus\.m2\repository\org\hibernate\common\hibernate-commons-annotations\7.0.3.Final\hibernate-commons-annotations-7.0.3.Final.jar;C:\Users\asus\.m2\repository\io\smallrye\jandex\3.2.0\jandex-3.2.0.jar;C:\Users\asus\.m2\repository\com\fasterxml\classmate\1.7.0\classmate-1.7.0.jar;C:\Users\asus\.m2\repository\net\bytebuddy\byte-buddy\1.15.11\byte-buddy-1.15.11.jar;C:\Users\asus\.m2\repository\org\glassfish\jaxb\jaxb-runtime\4.0.5\jaxb-runtime-4.0.5.jar;C:\Users\asus\.m2\repository\org\glassfish\jaxb\jaxb-core\4.0.5\jaxb-core-4.0.5.jar;C:\Users\asus\.m2\repository\org\glassfish\jaxb\txw2\4.0.5\txw2-4.0.5.jar;C:\Users\asus\.m2\repository\com\sun\istack\istack-commons-runtime\4.1.2\istack-commons-runtime-4.1.2.jar;C:\Users\asus\.m2\repository\jakarta\inject\jakarta.inject-api\2.0.1\jakarta.inject-api-2.0.1.jar;C:\Users\asus\.m2\repository\org\antlr\antlr4-runtime\4.13.0\antlr4-runtime-4.13.0.jar;C:\Users\asus\.m2\repository\org\springframework\data\spring-data-jpa\3.4.4\spring-data-jpa-3.4.4.jar;C:\Users\asus\.m2\repository\org\springframework\data\spring-data-commons\3.4.4\spring-data-commons-3.4.4.jar;C:\Users\asus\.m2\repository\org\springframework\spring-orm\6.2.5\spring-orm-6.2.5.jar;C:\Users\asus\.m2\repository\org\springframework\spring-tx\6.2.5\spring-tx-6.2.5.jar;C:\Users\asus\.m2\repository\org\springframework\spring-aspects\6.2.5\spring-aspects-6.2.5.jar;C:\Users\asus\.m2\repository\org\aspectj\aspectjweaver\1.9.23\aspectjweaver-1.9.23.jar;C:\Users\asus\.m2\repository\org\springframework\boot\spring-boot-starter-jdbc\3.4.4\spring-boot-starter-jdbc-3.4.4.jar;C:\Users\asus\.m2\repository\com\zaxxer\HikariCP\5.1.0\HikariCP-5.1.0.jar;C:\Users\asus\.m2\repository\org\springframework\spring-jdbc\6.2.5\spring-jdbc-6.2.5.jar;C:\Users\asus\.m2\repository\org\springframework\boot\spring-boot-starter-mail\3.4.4\spring-boot-starter-mail-3.4.4.jar;C:\Users\asus\.m2\repository\org\springframework\spring-context-support\6.2.5\spring-context-support-6.2.5.jar;C:\Users\asus\.m2\repository\org\eclipse\angus\jakarta.mail\2.0.3\jakarta.mail-2.0.3.jar;C:\Users\asus\.m2\repository\jakarta\activation\jakarta.activation-api\2.1.3\jakarta.activation-api-2.1.3.jar;C:\Users\asus\.m2\repository\org\eclipse\angus\angus-activation\2.0.2\angus-activation-2.0.2.jar;C:\Users\asus\.m2\repository\org\springframework\boot\spring-boot-starter-web\3.4.4\spring-boot-starter-web-3.4.4.jar;C:\Users\asus\.m2\repository\org\springframework\boot\spring-boot-starter-json\3.4.4\spring-boot-starter-json-3.4.4.jar;C:\Users\asus\.m2\repository\com\fasterxml\jackson\core\jackson-databind\2.18.3\jackson-databind-2.18.3.jar;C:\Users\asus\.m2\repository\com\fasterxml\jackson\core\jackson-annotations\2.18.3\jackson-annotations-2.18.3.jar;C:\Users\asus\.m2\repository\com\fasterxml\jackson\core\jackson-core\2.18.3\jackson-core-2.18.3.jar;C:\Users\asus\.m2\repository\com\fasterxml\jackson\datatype\jackson-datatype-jdk8\2.18.3\jackson-datatype-jdk8-2.18.3.jar;C:\Users\asus\.m2\repository\com\fasterxml\jackson\datatype\jackson-datatype-jsr310\2.18.3\jackson-datatype-jsr310-2.18.3.jar;C:\Users\asus\.m2\repository\com\fasterxml\jackson\module\jackson-module-parameter-names\2.18.3\jackson-module-parameter-names-2.18.3.jar;C:\Users\asus\.m2\repository\org\springframework\boot\spring-boot-starter-tomcat\3.4.4\spring-boot-starter-tomcat-3.4.4.jar;C:\Users\asus\.m2\repository\org\apache\tomcat\embed\tomcat-embed-core\10.1.39\tomcat-embed-core-10.1.39.jar;C:\Users\asus\.m2\repository\org\apache\tomcat\embed\tomcat-embed-el\10.1.39\tomcat-embed-el-10.1.39.jar;C:\Users\asus\.m2\repository\org\apache\tomcat\embed\tomcat-embed-websocket\10.1.39\tomcat-embed-websocket-10.1.39.jar;C:\Users\asus\.m2\repository\org\springframework\spring-web\6.2.5\spring-web-6.2.5.jar;C:\Users\asus\.m2\repository\io\micrometer\micrometer-observation\1.14.5\micrometer-observation-1.14.5.jar;C:\Users\asus\.m2\repository\io\micrometer\micrometer-commons\1.14.5\micrometer-commons-1.14.5.jar;C:\Users\asus\.m2\repository\org\springframework\spring-webmvc\6.2.5\spring-webmvc-6.2.5.jar;C:\Users\asus\.m2\repository\org\springframework\spring-expression\6.2.5\spring-expression-6.2.5.jar;C:\Users\asus\.m2\repository\com\mysql\mysql-connector-j\9.1.0\mysql-connector-j-9.1.0.jar;C:\Users\asus\.m2\repository\com\jayway\jsonpath\json-path\2.9.0\json-path-2.9.0.jar;C:\Users\asus\.m2\repository\jakarta\xml\bind\jakarta.xml.bind-api\4.0.2\jakarta.xml.bind-api-4.0.2.jar;C:\Users\asus\.m2\repository\net\minidev\json-smart\2.5.2\json-smart-2.5.2.jar;C:\Users\asus\.m2\repository\net\minidev\accessors-smart\2.5.2\accessors-smart-2.5.2.jar;C:\Users\asus\.m2\repository\org\ow2\asm\asm\9.7.1\asm-9.7.1.jar;C:\Users\asus\.m2\repository\org\springframework\spring-core\6.2.5\spring-core-6.2.5.jar;C:\Users\asus\.m2\repository\org\springframework\spring-jcl\6.2.5\spring-jcl-6.2.5.jar
Launcher Type: SUN_STANDARD

[Global flags]
     intx CICompilerCount                          = 4                                         {product} {ergonomic}
     uint ConcGCThreads                            = 3                                         {product} {ergonomic}
     uint G1ConcRefinementThreads                  = 10                                        {product} {ergonomic}
   size_t G1HeapRegionSize                         = 2097152                                   {product} {ergonomic}
    uintx GCDrainStackTargetSize                   = 64                                        {product} {ergonomic}
   size_t InitialHeapSize                          = 260046848                                 {product} {ergonomic}
   size_t MarkStackSize                            = 4194304                                   {product} {ergonomic}
   size_t MaxHeapSize                              = 4131389440                                {product} {ergonomic}
   size_t MaxNewSize                               = 2478833664                                {product} {ergonomic}
   size_t MinHeapDeltaBytes                        = 2097152                                   {product} {ergonomic}
   size_t MinHeapSize                              = 8388608                                   {product} {ergonomic}
    uintx NonNMethodCodeHeapSize                   = 5839372                                {pd product} {ergonomic}
    uintx NonProfiledCodeHeapSize                  = 122909434                              {pd product} {ergonomic}
    uintx ProfiledCodeHeapSize                     = 122909434                              {pd product} {ergonomic}
    uintx ReservedCodeCacheSize                    = 251658240                              {pd product} {ergonomic}
     bool SegmentedCodeCache                       = true                                      {product} {ergonomic}
   size_t SoftMaxHeapSize                          = 4131389440                             {manageable} {ergonomic}
     bool UseCompressedOops                        = true                           {product lp64_product} {ergonomic}
     bool UseG1GC                                  = true                                      {product} {ergonomic}
     bool UseLargePagesIndividualAllocation        = false                                  {pd product} {ergonomic}

Logging:
Log output configuration:
 #0: stdout all=warning uptime,level,tags foldmultilines=false
 #1: stderr all=off uptime,level,tags foldmultilines=false

Environment Variables:
JAVA_HOME=C:\Program Files\Java\jdk-17
PATH=C:\Program Files\Common Files\Oracle\Java\javapath;C:\Program Files (x86)\Common Files\Oracle\Java\java8path;C:\Program Files (x86)\Common Files\Oracle\Java\javapath;C:\Program Files (x86)\NVIDIA Corporation\PhysX\Common;C:\windows\system32;C:\windows;C:\windows\System32\Wbem;C:\windows\System32\WindowsPowerShell\v1.0\;C:\windows\System32\OpenSSH\;C:\Program Files (x86)\GtkSharp\2.12\bin;C:\Program Files\dotnet\;C:\Program Files\Git\cmd;C:\Program Files\nodejs\;C:\Users\asus\AppData\Local\Programs\Python\Launcher\;C:\Program Files\MySQL\MySQL Shell 8.0\bin\;C:\Users\asus\AppData\Local\Microsoft\WindowsApps;C:\Users\asus\AppData\Local\Programs\Microsoft VS Code\bin;C:\MinGW\bin;C:\src\flutter\bin;C:\Users\asus\AppData\Roaming\npm;C:\Program Files\NetBeans-24\netbeans\java\maven\bin;
USERNAME=asus
OS=Windows_NT
PROCESSOR_IDENTIFIER=AMD64 Family 23 Model 104 Stepping 1, AuthenticAMD
TMP=C:\Users\asus\AppData\Local\Temp
TEMP=C:\Users\asus\AppData\Local\Temp




Periodic native trim disabled

---------------  S Y S T E M  ---------------

OS:
 Windows 11 , 64 bit Build 26100 (10.0.26100.3775)
OS uptime: 4 days 14:59 hours
Hyper-V role detected

CPU: total 12 (initial active 12) (12 cores per cpu, 2 threads per core) family 23 model 104 stepping 1 microcode 0x8608104, cx8, cmov, fxsr, ht, mmx, 3dnowpref, sse, sse2, sse3, ssse3, sse4a, sse4.1, sse4.2, popcnt, lzcnt, tsc, tscinvbit, avx, avx2, aes, clmul, bmi1, bmi2, adx, sha, fma, vzeroupper, clflush, clflushopt, hv, rdtscp, rdpid, f16c
Processor Information for processor 0
  Max Mhz: 2100, Current Mhz: 1893, Mhz Limit: 2100
Processor Information for processor 1
  Max Mhz: 2100, Current Mhz: 1893, Mhz Limit: 2100
Processor Information for processor 2
  Max Mhz: 2100, Current Mhz: 1893, Mhz Limit: 2100
Processor Information for processor 3
  Max Mhz: 2100, Current Mhz: 1893, Mhz Limit: 2100
Processor Information for processor 4
  Max Mhz: 2100, Current Mhz: 1893, Mhz Limit: 2100
Processor Information for processor 5
  Max Mhz: 2100, Current Mhz: 1893, Mhz Limit: 2100
Processor Information for processor 6
  Max Mhz: 2100, Current Mhz: 1893, Mhz Limit: 2100
Processor Information for processor 7
  Max Mhz: 2100, Current Mhz: 1893, Mhz Limit: 2100
Processor Information for processor 8
  Max Mhz: 2100, Current Mhz: 1813, Mhz Limit: 2100
Processor Information for processor 9
  Max Mhz: 2100, Current Mhz: 1813, Mhz Limit: 2100
Processor Information for processor 10
  Max Mhz: 2100, Current Mhz: 1813, Mhz Limit: 2100
Processor Information for processor 11
  Max Mhz: 2100, Current Mhz: 1813, Mhz Limit: 2100

Memory: 4k page, system-wide physical 15753M (4679M free)
TotalPageFile size 17801M (AvailPageFile size 1153M)
current process WorkingSet (physical memory assigned to process): 257M, peak: 314M
current process commit charge ("private bytes"): 292M, peak: 423M

vm_info: OpenJDK 64-Bit Server VM (21.0.6+7-LTS) for windows-amd64 JRE (21.0.6+7-LTS) (Zulu21.40+17-CA), built on 2025-01-07T13:05:06Z by "zulu_re" with MS VC++ 17.1 (VS2022)

END.
