#
# There is insufficient memory for the Java Runtime Environment to continue.
# Native memory allocation (mmap) failed to map 331350016 bytes. Error detail: G1 virtual space
# Possible reasons:
#   The system is out of physical RAM or swap space
#   This process is running with CompressedOops enabled, and the Java Heap may be blocking the growth of the native heap
# Possible solutions:
#   Reduce memory load on the system
#   Increase physical memory or swap space
#   Check if swap backing store is full
#   Decrease Java heap size (-Xmx/-Xms)
#   Decrease number of Java threads
#   Decrease Java thread stack sizes (-Xss)
#   Set larger code cache with -XX:ReservedCodeCacheSize=
#   JVM is running with Zero Based Compressed Oops mode in which the Java heap is
#     placed in the first 32GB address space. The Java Heap base address is the
#     maximum limit for the native heap growth. Please use -XX:HeapBaseMinAddress
#     to set the Java Heap base and to place the Java Heap above 32GB virtual address.
# This output file may be truncated or incomplete.
#
#  Out of Memory Error (os_windows.cpp:3686), pid=25776, tid=18376
#
# JRE version: OpenJDK Runtime Environment Zulu21.40+17-CA (21.0.6+7) (build 21.0.6+7-LTS)
# Java VM: OpenJDK 64-Bit Server VM Zulu21.40+17-CA (21.0.6+7-LTS, mixed mode, sharing, tiered, compressed oops, compressed class ptrs, g1 gc, windows-amd64)
# No core dump will be written. Minidumps are not enabled by default on client versions of Windows
#

---------------  S U M M A R Y ------------

Command Line: -javaagent:C:\Program Files\JetBrains\IntelliJ IDEA Community Edition 2024.3.2.2\lib\idea_rt.jar=57524:C:\Program Files\JetBrains\IntelliJ IDEA Community Edition 2024.3.2.2\bin -Dfile.encoding=UTF-8 -Dsun.stdout.encoding=UTF-8 -Dsun.stderr.encoding=UTF-8 com.noureddine.library.LibraryApplication

Host: AMD Ryzen 5 5500U with Radeon Graphics         , 12 cores, 15G,  Windows 11 , 64 bit Build 26100 (10.0.26100.3912)
Time: Mon May 12 22:00:36 2025 W. Central Africa Standard Time elapsed time: 11.850076 seconds (0d 0h 0m 11s)

---------------  T H R E A D  ---------------

Current thread (0x000002c760dc1f20):  VMThread "VM Thread"          [id=18376, stack(0x000000deb9400000,0x000000deb9500000) (1024K)]

Stack: [0x000000deb9400000,0x000000deb9500000]
Native frames: (J=compiled Java code, j=interpreted, Vv=VM code, C=native code)
V  [jvm.dll+0x6fb489]
V  [jvm.dll+0x8dee5f]
V  [jvm.dll+0x8e1258]
V  [jvm.dll+0x8e19c3]
V  [jvm.dll+0x299796]
V  [jvm.dll+0x6f7c15]
V  [jvm.dll+0x6ebb4a]
V  [jvm.dll+0x374a6a]
V  [jvm.dll+0x37c776]
V  [jvm.dll+0x3d1195]
V  [jvm.dll+0x3d1458]
V  [jvm.dll+0x3467e3]
V  [jvm.dll+0x346877]
V  [jvm.dll+0x38d11c]
V  [jvm.dll+0x38b932]
V  [jvm.dll+0x345f81]
V  [jvm.dll+0x38b348]
V  [jvm.dll+0x8e7946]
V  [jvm.dll+0x8e8d64]
V  [jvm.dll+0x8e92b0]
V  [jvm.dll+0x8e9553]
V  [jvm.dll+0x886176]
V  [jvm.dll+0x6f9b84]
C  [ucrtbase.dll+0x37b0]
C  [KERNEL32.DLL+0x2e8d7]
C  [ntdll.dll+0x9c5dc]

VM_Operation (0x000000deb8df9498): G1TryInitiateConcMark, mode: safepoint, requested by thread 0x000002c73e1ae050


---------------  P R O C E S S  ---------------

Threads class SMR info:
_java_thread_list=0x000002c7a6392a20, length=18, elements={
0x000002c73e1ae050, 0x000002c760ddb3b0, 0x000002c760ddde20, 0x000002c760de2d50,
0x000002c760de49d0, 0x000002c760de6eb0, 0x000002c760def920, 0x000002c760df3bb0,
0x000002c760e04660, 0x000002c7a60dc7d0, 0x000002c7a63c4960, 0x000002c7a63b0790,
0x000002c7a907fd80, 0x000002c7a907f6f0, 0x000002c7a907f060, 0x000002c7a9080410,
0x000002c7a907d620, 0x000002c7a907e340
}

Java Threads: ( => current thread )
  0x000002c73e1ae050 JavaThread "main"                              [_thread_blocked, id=11080, stack(0x000000deb8d00000,0x000000deb8e00000) (1024K)]
  0x000002c760ddb3b0 JavaThread "Reference Handler"          daemon [_thread_blocked, id=33520, stack(0x000000deb9500000,0x000000deb9600000) (1024K)]
  0x000002c760ddde20 JavaThread "Finalizer"                  daemon [_thread_blocked, id=11944, stack(0x000000deb9600000,0x000000deb9700000) (1024K)]
  0x000002c760de2d50 JavaThread "Signal Dispatcher"          daemon [_thread_blocked, id=29440, stack(0x000000deb9700000,0x000000deb9800000) (1024K)]
  0x000002c760de49d0 JavaThread "Attach Listener"            daemon [_thread_blocked, id=27680, stack(0x000000deb9800000,0x000000deb9900000) (1024K)]
  0x000002c760de6eb0 JavaThread "Service Thread"             daemon [_thread_blocked, id=29360, stack(0x000000deb9900000,0x000000deb9a00000) (1024K)]
  0x000002c760def920 JavaThread "Monitor Deflation Thread"   daemon [_thread_blocked, id=12648, stack(0x000000deb9a00000,0x000000deb9b00000) (1024K)]
  0x000002c760df3bb0 JavaThread "C2 CompilerThread0"         daemon [_thread_blocked, id=1792, stack(0x000000deb9b00000,0x000000deb9c00000) (1024K)]
  0x000002c760e04660 JavaThread "C1 CompilerThread0"         daemon [_thread_blocked, id=3632, stack(0x000000deb9c00000,0x000000deb9d00000) (1024K)]
  0x000002c7a60dc7d0 JavaThread "Common-Cleaner"             daemon [_thread_blocked, id=32864, stack(0x000000deb9d00000,0x000000deb9e00000) (1024K)]
  0x000002c7a63c4960 JavaThread "Monitor Ctrl-Break"         daemon [_thread_in_native, id=12348, stack(0x000000deb9f00000,0x000000deba000000) (1024K)]
  0x000002c7a63b0790 JavaThread "Notification Thread"        daemon [_thread_blocked, id=17780, stack(0x000000deba000000,0x000000deba100000) (1024K)]
  0x000002c7a907fd80 JavaThread "Catalina-utility-1"                [_thread_blocked, id=34756, stack(0x000000deba600000,0x000000deba700000) (1024K)]
  0x000002c7a907f6f0 JavaThread "Catalina-utility-2"                [_thread_blocked, id=9284, stack(0x000000debae00000,0x000000debaf00000) (1024K)]
  0x000002c7a907f060 JavaThread "container-0"                       [_thread_blocked, id=15384, stack(0x000000debaf00000,0x000000debb000000) (1024K)]
  0x000002c7a9080410 JavaThread "mysql-cj-abandoned-connection-cleanup" daemon [_thread_blocked, id=28764, stack(0x000000debb000000,0x000000debb100000) (1024K)]
  0x000002c7a907d620 JavaThread "HikariPool-1 housekeeper"   daemon [_thread_blocked, id=14576, stack(0x000000debb200000,0x000000debb300000) (1024K)]
  0x000002c7a907e340 JavaThread "HikariPool-1 connection adder" daemon [_thread_blocked, id=32048, stack(0x000000debb300000,0x000000debb400000) (1024K)]
Total: 18

Other Threads:
=>0x000002c760dc1f20 VMThread "VM Thread"                           [id=18376, stack(0x000000deb9400000,0x000000deb9500000) (1024K)]
  0x000002c760db0b20 WatcherThread "VM Periodic Task Thread"        [id=30980, stack(0x000000deb9300000,0x000000deb9400000) (1024K)]
  0x000002c740688cb0 WorkerThread "GC Thread#0"                     [id=16212, stack(0x000000deb8e00000,0x000000deb8f00000) (1024K)]
  0x000002c7a674fa90 WorkerThread "GC Thread#1"                     [id=10424, stack(0x000000deba100000,0x000000deba200000) (1024K)]
  0x000002c7a674fe40 WorkerThread "GC Thread#2"                     [id=33344, stack(0x000000deba200000,0x000000deba300000) (1024K)]
  0x000002c7a67501f0 WorkerThread "GC Thread#3"                     [id=28716, stack(0x000000deba300000,0x000000deba400000) (1024K)]
  0x000002c7a67509a0 WorkerThread "GC Thread#4"                     [id=27900, stack(0x000000deba400000,0x000000deba500000) (1024K)]
  0x000002c7a6806d90 WorkerThread "GC Thread#5"                     [id=34504, stack(0x000000deba500000,0x000000deba600000) (1024K)]
  0x000002c7a6e1e860 WorkerThread "GC Thread#6"                     [id=25712, stack(0x000000deba700000,0x000000deba800000) (1024K)]
  0x000002c7a6df9820 WorkerThread "GC Thread#7"                     [id=31808, stack(0x000000deba800000,0x000000deba900000) (1024K)]
  0x000002c7a6f31850 WorkerThread "GC Thread#8"                     [id=34356, stack(0x000000deba900000,0x000000debaa00000) (1024K)]
  0x000002c7a935f870 WorkerThread "GC Thread#9"                     [id=13572, stack(0x000000debab00000,0x000000debac00000) (1024K)]
  0x000002c7406992e0 ConcurrentGCThread "G1 Main Marker"            [id=15540, stack(0x000000deb8f00000,0x000000deb9000000) (1024K)]
  0x000002c74069ac70 WorkerThread "G1 Conc#0"                       [id=11428, stack(0x000000deb9000000,0x000000deb9100000) (1024K)]
  0x000002c7a8283b90 WorkerThread "G1 Conc#1"                       [id=13368, stack(0x000000debac00000,0x000000debad00000) (1024K)]
  0x000002c7a9380100 WorkerThread "G1 Conc#2"                       [id=10908, stack(0x000000debad00000,0x000000debae00000) (1024K)]
  0x000002c760c81f20 ConcurrentGCThread "G1 Refine#0"               [id=4980, stack(0x000000deb9100000,0x000000deb9200000) (1024K)]
  0x000002c760c82750 ConcurrentGCThread "G1 Service"                [id=4324, stack(0x000000deb9200000,0x000000deb9300000) (1024K)]
Total: 18

Threads with active compile tasks:
Total: 0

VM state: at safepoint (normal execution)

VM Mutex/Monitor currently owned by a thread:  ([mutex/lock_event])
[0x00007ffabf4b9bb0] Threads_lock - owner thread: 0x000002c760dc1f20
[0x00007ffabf4b9cb0] Heap_lock - owner thread: 0x000002c73e1ae050

Heap address: 0x0000000709c00000, size: 3940 MB, Compressed Oops mode: Zero based, Oop shift amount: 3

CDS archive(s) mapped at: [0x000002c761000000-0x000002c761ce0000-0x000002c761ce0000), size 13500416, SharedBaseAddress: 0x000002c761000000, ArchiveRelocationMode: 1.
Compressed class space mapped at: 0x000002c762000000-0x000002c7a2000000, reserved size: 1073741824
Narrow klass base: 0x000002c761000000, Narrow klass shift: 0, Narrow klass range: 0x100000000

GC Precious Log:
 CardTable entry size: 512
 Card Set container configuration: InlinePtr #cards 4 size 8 Array Of Cards #cards 16 size 48 Howl #buckets 8 coarsen threshold 3686 Howl Bitmap #cards 512 size 80 coarsen threshold 460 Card regions per heap region 1 cards per card region 4096
 CPUs: 12 total, 12 available
 Memory: 15753M
 Large Page Support: Disabled
 NUMA Support: Disabled
 Compressed Oops: Enabled (Zero based)
 Heap Region Size: 2M
 Heap Min Capacity: 8M
 Heap Initial Capacity: 248M
 Heap Max Capacity: 3940M
 Pre-touch: Disabled
 Parallel Workers: 10
 Concurrent Workers: 3
 Concurrent Refinement Workers: 10
 Periodic GC: Disabled

Heap:
 garbage-first heap   total 292864K, used 176792K [0x0000000709c00000, 0x0000000800000000)
  region size 2048K, 6 young (12288K), 6 survivors (12288K)
 Metaspace       used 74136K, committed 74816K, reserved 1114112K
  class space    used 9878K, committed 10176K, reserved 1048576K

Heap Regions: E=young(eden), S=young(survivor), O=old, HS=humongous(starts), HC=humongous(continues), CS=collection set, F=free, TAMS=top-at-mark-start, PB=parsable bottom
|   0|0x0000000709c00000, 0x0000000709e00000, 0x0000000709e00000|100%| O|  |TAMS 0x0000000709e00000| PB 0x0000000709c00000| Untracked 
|   1|0x0000000709e00000, 0x000000070a000000, 0x000000070a000000|100%| O|  |TAMS 0x000000070a000000| PB 0x0000000709e00000| Untracked 
|   2|0x000000070a000000, 0x000000070a200000, 0x000000070a200000|100%| O|  |TAMS 0x000000070a200000| PB 0x000000070a000000| Untracked 
|   3|0x000000070a200000, 0x000000070a3d0900, 0x000000070a400000| 90%| O|  |TAMS 0x000000070a3d0900| PB 0x000000070a200000| Untracked 
|   4|0x000000070a400000, 0x000000070a600000, 0x000000070a600000|100%| O|  |TAMS 0x000000070a600000| PB 0x000000070a400000| Untracked 
|   5|0x000000070a600000, 0x000000070a800000, 0x000000070a800000|100%| O|  |TAMS 0x000000070a800000| PB 0x000000070a600000| Untracked 
|   6|0x000000070a800000, 0x000000070aa00000, 0x000000070aa00000|100%| O|  |TAMS 0x000000070aa00000| PB 0x000000070a800000| Untracked 
|   7|0x000000070aa00000, 0x000000070ac00000, 0x000000070ac00000|100%| O|  |TAMS 0x000000070ac00000| PB 0x000000070aa00000| Untracked 
|   8|0x000000070ac00000, 0x000000070ae00000, 0x000000070ae00000|100%| O|  |TAMS 0x000000070ae00000| PB 0x000000070ac00000| Untracked 
|   9|0x000000070ae00000, 0x000000070b000000, 0x000000070b000000|100%| O|  |TAMS 0x000000070b000000| PB 0x000000070ae00000| Untracked 
|  10|0x000000070b000000, 0x000000070b200000, 0x000000070b200000|100%| O|  |TAMS 0x000000070b200000| PB 0x000000070b000000| Untracked 
|  11|0x000000070b200000, 0x000000070b400000, 0x000000070b400000|100%| O|  |TAMS 0x000000070b400000| PB 0x000000070b200000| Untracked 
|  12|0x000000070b400000, 0x000000070b600000, 0x000000070b600000|100%| O|  |TAMS 0x000000070b600000| PB 0x000000070b400000| Untracked 
|  13|0x000000070b600000, 0x000000070b800000, 0x000000070b800000|100%| O|  |TAMS 0x000000070b800000| PB 0x000000070b600000| Untracked 
|  14|0x000000070b800000, 0x000000070ba00000, 0x000000070ba00000|100%| O|  |TAMS 0x000000070ba00000| PB 0x000000070b800000| Untracked 
|  15|0x000000070ba00000, 0x000000070bc00000, 0x000000070bc00000|100%| O|  |TAMS 0x000000070bc00000| PB 0x000000070ba00000| Untracked 
|  16|0x000000070bc00000, 0x000000070be00000, 0x000000070be00000|100%| O|  |TAMS 0x000000070be00000| PB 0x000000070bc00000| Untracked 
|  17|0x000000070be00000, 0x000000070c000000, 0x000000070c000000|100%| O|  |TAMS 0x000000070be00000| PB 0x000000070be00000| Untracked 
|  18|0x000000070c000000, 0x000000070c200000, 0x000000070c200000|100%| O|  |TAMS 0x000000070c000000| PB 0x000000070c000000| Untracked 
|  19|0x000000070c200000, 0x000000070c400000, 0x000000070c400000|100%| O|  |TAMS 0x000000070c400000| PB 0x000000070c200000| Untracked 
|  20|0x000000070c400000, 0x000000070c600000, 0x000000070c600000|100%| O|  |TAMS 0x000000070c600000| PB 0x000000070c400000| Untracked 
|  21|0x000000070c600000, 0x000000070c800000, 0x000000070c800000|100%| O|  |TAMS 0x000000070c800000| PB 0x000000070c600000| Untracked 
|  22|0x000000070c800000, 0x000000070ca00000, 0x000000070ca00000|100%| O|  |TAMS 0x000000070c800000| PB 0x000000070c800000| Untracked 
|  23|0x000000070ca00000, 0x000000070cc00000, 0x000000070cc00000|100%| O|  |TAMS 0x000000070cc00000| PB 0x000000070ca00000| Untracked 
|  24|0x000000070cc00000, 0x000000070ce00000, 0x000000070ce00000|100%| O|  |TAMS 0x000000070ce00000| PB 0x000000070cc00000| Untracked 
|  25|0x000000070ce00000, 0x000000070d000000, 0x000000070d000000|100%| O|  |TAMS 0x000000070ce00000| PB 0x000000070ce00000| Untracked 
|  26|0x000000070d000000, 0x000000070d200000, 0x000000070d200000|100%| O|  |TAMS 0x000000070d200000| PB 0x000000070d000000| Untracked 
|  27|0x000000070d200000, 0x000000070d400000, 0x000000070d400000|100%| O|  |TAMS 0x000000070d400000| PB 0x000000070d200000| Untracked 
|  28|0x000000070d400000, 0x000000070d600000, 0x000000070d600000|100%| O|  |TAMS 0x000000070d400000| PB 0x000000070d400000| Untracked 
|  29|0x000000070d600000, 0x000000070d800000, 0x000000070d800000|100%| O|  |TAMS 0x000000070d600000| PB 0x000000070d600000| Untracked 
|  30|0x000000070d800000, 0x000000070da00000, 0x000000070da00000|100%| O|  |TAMS 0x000000070d800000| PB 0x000000070d800000| Untracked 
|  31|0x000000070da00000, 0x000000070dc00000, 0x000000070dc00000|100%| O|  |TAMS 0x000000070dc00000| PB 0x000000070da00000| Untracked 
|  32|0x000000070dc00000, 0x000000070de00000, 0x000000070de00000|100%| O|  |TAMS 0x000000070dc00000| PB 0x000000070dc00000| Untracked 
|  33|0x000000070de00000, 0x000000070e000000, 0x000000070e000000|100%| O|  |TAMS 0x000000070e000000| PB 0x000000070de00000| Untracked 
|  34|0x000000070e000000, 0x000000070e200000, 0x000000070e200000|100%| O|  |TAMS 0x000000070e200000| PB 0x000000070e000000| Untracked 
|  35|0x000000070e200000, 0x000000070e400000, 0x000000070e400000|100%| O|  |TAMS 0x000000070e200000| PB 0x000000070e200000| Untracked 
|  36|0x000000070e400000, 0x000000070e600000, 0x000000070e600000|100%| O|  |TAMS 0x000000070e400000| PB 0x000000070e400000| Untracked 
|  37|0x000000070e600000, 0x000000070e800000, 0x000000070e800000|100%| O|  |TAMS 0x000000070e600000| PB 0x000000070e600000| Untracked 
|  38|0x000000070e800000, 0x000000070ea00000, 0x000000070ea00000|100%| O|  |TAMS 0x000000070e800000| PB 0x000000070e800000| Untracked 
|  39|0x000000070ea00000, 0x000000070ec00000, 0x000000070ec00000|100%| O|  |TAMS 0x000000070ec00000| PB 0x000000070ea00000| Untracked 
|  40|0x000000070ec00000, 0x000000070ee00000, 0x000000070ee00000|100%| O|  |TAMS 0x000000070ee00000| PB 0x000000070ec00000| Untracked 
|  41|0x000000070ee00000, 0x000000070f000000, 0x000000070f000000|100%| O|  |TAMS 0x000000070f000000| PB 0x000000070ee00000| Untracked 
|  42|0x000000070f000000, 0x000000070f200000, 0x000000070f200000|100%| O|  |TAMS 0x000000070f200000| PB 0x000000070f000000| Untracked 
|  43|0x000000070f200000, 0x000000070f400000, 0x000000070f400000|100%| O|  |TAMS 0x000000070f400000| PB 0x000000070f200000| Untracked 
|  44|0x000000070f400000, 0x000000070f600000, 0x000000070f600000|100%| O|  |TAMS 0x000000070f600000| PB 0x000000070f400000| Untracked 
|  45|0x000000070f600000, 0x000000070f800000, 0x000000070f800000|100%| O|  |TAMS 0x000000070f800000| PB 0x000000070f600000| Untracked 
|  46|0x000000070f800000, 0x000000070fa00000, 0x000000070fa00000|100%| O|  |TAMS 0x000000070fa00000| PB 0x000000070f800000| Untracked 
|  47|0x000000070fa00000, 0x000000070fc00000, 0x000000070fc00000|100%| O|  |TAMS 0x000000070fc00000| PB 0x000000070fa00000| Untracked 
|  48|0x000000070fc00000, 0x000000070fe00000, 0x000000070fe00000|100%|HS|  |TAMS 0x000000070fe00000| PB 0x000000070fc00000| Complete 
|  49|0x000000070fe00000, 0x0000000710000000, 0x0000000710000000|100%| O|  |TAMS 0x0000000710000000| PB 0x000000070fe00000| Untracked 
|  50|0x0000000710000000, 0x0000000710200000, 0x0000000710200000|100%| O|  |TAMS 0x0000000710200000| PB 0x0000000710000000| Untracked 
|  51|0x0000000710200000, 0x0000000710400000, 0x0000000710400000|100%| O|  |TAMS 0x0000000710400000| PB 0x0000000710200000| Untracked 
|  52|0x0000000710400000, 0x0000000710600000, 0x0000000710600000|100%| O|  |TAMS 0x0000000710600000| PB 0x0000000710400000| Untracked 
|  53|0x0000000710600000, 0x0000000710800000, 0x0000000710800000|100%| O|  |TAMS 0x0000000710800000| PB 0x0000000710600000| Untracked 
|  54|0x0000000710800000, 0x0000000710a00000, 0x0000000710a00000|100%| O|  |TAMS 0x0000000710a00000| PB 0x0000000710800000| Untracked 
|  55|0x0000000710a00000, 0x0000000710c00000, 0x0000000710c00000|100%| O|  |TAMS 0x0000000710c00000| PB 0x0000000710a00000| Untracked 
|  56|0x0000000710c00000, 0x0000000710e00000, 0x0000000710e00000|100%| O|  |TAMS 0x0000000710e00000| PB 0x0000000710c00000| Untracked 
|  57|0x0000000710e00000, 0x0000000711000000, 0x0000000711000000|100%| O|  |TAMS 0x0000000711000000| PB 0x0000000710e00000| Untracked 
|  58|0x0000000711000000, 0x0000000711200000, 0x0000000711200000|100%| O|  |TAMS 0x0000000711200000| PB 0x0000000711000000| Untracked 
|  59|0x0000000711200000, 0x0000000711400000, 0x0000000711400000|100%| O|  |TAMS 0x0000000711400000| PB 0x0000000711200000| Untracked 
|  60|0x0000000711400000, 0x0000000711600000, 0x0000000711600000|100%| O|  |TAMS 0x0000000711600000| PB 0x0000000711400000| Untracked 
|  61|0x0000000711600000, 0x0000000711800000, 0x0000000711800000|100%| O|  |TAMS 0x0000000711800000| PB 0x0000000711600000| Untracked 
|  62|0x0000000711800000, 0x0000000711a00000, 0x0000000711a00000|100%| O|  |TAMS 0x0000000711a00000| PB 0x0000000711800000| Untracked 
|  63|0x0000000711a00000, 0x0000000711c00000, 0x0000000711c00000|100%| O|  |TAMS 0x0000000711c00000| PB 0x0000000711a00000| Untracked 
|  64|0x0000000711c00000, 0x0000000711e00000, 0x0000000711e00000|100%| O|  |TAMS 0x0000000711e00000| PB 0x0000000711c00000| Untracked 
|  65|0x0000000711e00000, 0x0000000712000000, 0x0000000712000000|100%| O|  |TAMS 0x0000000712000000| PB 0x0000000711e00000| Untracked 
|  66|0x0000000712000000, 0x0000000712200000, 0x0000000712200000|100%| O|  |TAMS 0x0000000712200000| PB 0x0000000712000000| Untracked 
|  67|0x0000000712200000, 0x0000000712400000, 0x0000000712400000|100%| O|  |TAMS 0x0000000712400000| PB 0x0000000712200000| Untracked 
|  68|0x0000000712400000, 0x00000007124d5978, 0x0000000712600000| 41%| O|  |TAMS 0x0000000712400000| PB 0x0000000712400000| Untracked 
|  69|0x0000000712600000, 0x0000000712600000, 0x0000000712800000|  0%| F|  |TAMS 0x0000000712600000| PB 0x0000000712600000| Untracked 
|  70|0x0000000712800000, 0x0000000712800000, 0x0000000712a00000|  0%| F|  |TAMS 0x0000000712800000| PB 0x0000000712800000| Untracked 
|  71|0x0000000712a00000, 0x0000000712a00000, 0x0000000712c00000|  0%| F|  |TAMS 0x0000000712a00000| PB 0x0000000712a00000| Untracked 
|  72|0x0000000712c00000, 0x0000000712c00000, 0x0000000712e00000|  0%| F|  |TAMS 0x0000000712c00000| PB 0x0000000712c00000| Untracked 
|  73|0x0000000712e00000, 0x0000000712e00000, 0x0000000713000000|  0%| F|  |TAMS 0x0000000712e00000| PB 0x0000000712e00000| Untracked 
|  74|0x0000000713000000, 0x0000000713000000, 0x0000000713200000|  0%| F|  |TAMS 0x0000000713000000| PB 0x0000000713000000| Untracked 
|  75|0x0000000713200000, 0x0000000713200000, 0x0000000713400000|  0%| F|  |TAMS 0x0000000713200000| PB 0x0000000713200000| Untracked 
|  76|0x0000000713400000, 0x0000000713400000, 0x0000000713600000|  0%| F|  |TAMS 0x0000000713400000| PB 0x0000000713400000| Untracked 
|  77|0x0000000713600000, 0x0000000713800000, 0x0000000713800000|100%| O|  |TAMS 0x0000000713800000| PB 0x0000000713600000| Untracked 
|  78|0x0000000713800000, 0x0000000713a00000, 0x0000000713a00000|100%| O|  |TAMS 0x0000000713a00000| PB 0x0000000713800000| Untracked 
|  79|0x0000000713a00000, 0x0000000713c00000, 0x0000000713c00000|100%| O|  |TAMS 0x0000000713c00000| PB 0x0000000713a00000| Untracked 
|  80|0x0000000713c00000, 0x0000000713e00000, 0x0000000713e00000|100%| O|  |TAMS 0x0000000713e00000| PB 0x0000000713c00000| Untracked 
|  81|0x0000000713e00000, 0x0000000714000000, 0x0000000714000000|100%| O|  |TAMS 0x0000000714000000| PB 0x0000000713e00000| Untracked 
|  82|0x0000000714000000, 0x0000000714200000, 0x0000000714200000|100%| O|  |TAMS 0x0000000714200000| PB 0x0000000714000000| Untracked 
|  83|0x0000000714200000, 0x0000000714400000, 0x0000000714400000|100%| O|  |TAMS 0x0000000714400000| PB 0x0000000714200000| Untracked 
|  84|0x0000000714400000, 0x0000000714600000, 0x0000000714600000|100%| O|  |TAMS 0x0000000714600000| PB 0x0000000714400000| Untracked 
|  85|0x0000000714600000, 0x0000000714800000, 0x0000000714800000|100%| O|  |TAMS 0x0000000714800000| PB 0x0000000714600000| Untracked 
|  86|0x0000000714800000, 0x0000000714a00000, 0x0000000714a00000|100%| O|  |TAMS 0x0000000714a00000| PB 0x0000000714800000| Untracked 
|  87|0x0000000714a00000, 0x0000000714c00000, 0x0000000714c00000|100%| O|  |TAMS 0x0000000714ba3a58| PB 0x0000000714a00000| Untracked 
|  88|0x0000000714c00000, 0x0000000714c00000, 0x0000000714e00000|  0%| F|  |TAMS 0x0000000714c00000| PB 0x0000000714c00000| Untracked 
|  89|0x0000000714e00000, 0x0000000714e00000, 0x0000000715000000|  0%| F|  |TAMS 0x0000000714e00000| PB 0x0000000714e00000| Untracked 
|  90|0x0000000715000000, 0x0000000715000000, 0x0000000715200000|  0%| F|  |TAMS 0x0000000715000000| PB 0x0000000715000000| Untracked 
|  91|0x0000000715200000, 0x0000000715200000, 0x0000000715400000|  0%| F|  |TAMS 0x0000000715200000| PB 0x0000000715200000| Untracked 
|  92|0x0000000715400000, 0x0000000715400000, 0x0000000715600000|  0%| F|  |TAMS 0x0000000715400000| PB 0x0000000715400000| Untracked 
|  93|0x0000000715600000, 0x0000000715600000, 0x0000000715800000|  0%| F|  |TAMS 0x0000000715600000| PB 0x0000000715600000| Untracked 
|  94|0x0000000715800000, 0x0000000715800000, 0x0000000715a00000|  0%| F|  |TAMS 0x0000000715800000| PB 0x0000000715800000| Untracked 
|  95|0x0000000715a00000, 0x0000000715a00000, 0x0000000715c00000|  0%| F|  |TAMS 0x0000000715a00000| PB 0x0000000715a00000| Untracked 
|  96|0x0000000715c00000, 0x0000000715c00000, 0x0000000715e00000|  0%| F|  |TAMS 0x0000000715c00000| PB 0x0000000715c00000| Untracked 
|  97|0x0000000715e00000, 0x0000000715e00000, 0x0000000716000000|  0%| F|  |TAMS 0x0000000715e00000| PB 0x0000000715e00000| Untracked 
|  98|0x0000000716000000, 0x0000000716000000, 0x0000000716200000|  0%| F|  |TAMS 0x0000000716000000| PB 0x0000000716000000| Untracked 
|  99|0x0000000716200000, 0x0000000716200000, 0x0000000716400000|  0%| F|  |TAMS 0x0000000716200000| PB 0x0000000716200000| Untracked 
| 100|0x0000000716400000, 0x0000000716400000, 0x0000000716600000|  0%| F|  |TAMS 0x0000000716400000| PB 0x0000000716400000| Untracked 
| 101|0x0000000716600000, 0x0000000716600000, 0x0000000716800000|  0%| F|  |TAMS 0x0000000716600000| PB 0x0000000716600000| Untracked 
| 102|0x0000000716800000, 0x0000000716800000, 0x0000000716a00000|  0%| F|  |TAMS 0x0000000716800000| PB 0x0000000716800000| Untracked 
| 103|0x0000000716a00000, 0x0000000716c00000, 0x0000000716c00000|100%| S|CS|TAMS 0x0000000716a00000| PB 0x0000000716a00000| Complete 
| 104|0x0000000716c00000, 0x0000000716e00000, 0x0000000716e00000|100%| S|CS|TAMS 0x0000000716c00000| PB 0x0000000716c00000| Complete 
| 105|0x0000000716e00000, 0x0000000717000000, 0x0000000717000000|100%| S|CS|TAMS 0x0000000716e00000| PB 0x0000000716e00000| Complete 
| 106|0x0000000717000000, 0x0000000717200000, 0x0000000717200000|100%| S|CS|TAMS 0x0000000717000000| PB 0x0000000717000000| Complete 
| 107|0x0000000717200000, 0x0000000717400000, 0x0000000717400000|100%| S|CS|TAMS 0x0000000717200000| PB 0x0000000717200000| Complete 
| 108|0x0000000717400000, 0x0000000717600000, 0x0000000717600000|100%| S|CS|TAMS 0x0000000717400000| PB 0x0000000717400000| Complete 
| 109|0x0000000717600000, 0x0000000717600000, 0x0000000717800000|  0%| F|  |TAMS 0x0000000717600000| PB 0x0000000717600000| Untracked 
| 110|0x0000000717800000, 0x0000000717800000, 0x0000000717a00000|  0%| F|  |TAMS 0x0000000717800000| PB 0x0000000717800000| Untracked 
| 111|0x0000000717a00000, 0x0000000717a00000, 0x0000000717c00000|  0%| F|  |TAMS 0x0000000717a00000| PB 0x0000000717a00000| Untracked 
| 112|0x0000000717c00000, 0x0000000717c00000, 0x0000000717e00000|  0%| F|  |TAMS 0x0000000717c00000| PB 0x0000000717c00000| Untracked 
| 113|0x0000000717e00000, 0x0000000717e00000, 0x0000000718000000|  0%| F|  |TAMS 0x0000000717e00000| PB 0x0000000717e00000| Untracked 
| 114|0x0000000718000000, 0x0000000718000000, 0x0000000718200000|  0%| F|  |TAMS 0x0000000718000000| PB 0x0000000718000000| Untracked 
| 115|0x0000000718200000, 0x0000000718200000, 0x0000000718400000|  0%| F|  |TAMS 0x0000000718200000| PB 0x0000000718200000| Untracked 
| 116|0x0000000718400000, 0x0000000718400000, 0x0000000718600000|  0%| F|  |TAMS 0x0000000718400000| PB 0x0000000718400000| Untracked 
| 117|0x0000000718600000, 0x0000000718600000, 0x0000000718800000|  0%| F|  |TAMS 0x0000000718600000| PB 0x0000000718600000| Untracked 
| 118|0x0000000718800000, 0x0000000718800000, 0x0000000718a00000|  0%| F|  |TAMS 0x0000000718800000| PB 0x0000000718800000| Untracked 
| 119|0x0000000718a00000, 0x0000000718a00000, 0x0000000718c00000|  0%| F|  |TAMS 0x0000000718a00000| PB 0x0000000718a00000| Untracked 
| 120|0x0000000718c00000, 0x0000000718c00000, 0x0000000718e00000|  0%| F|  |TAMS 0x0000000718c00000| PB 0x0000000718c00000| Untracked 
| 121|0x0000000718e00000, 0x0000000718e00000, 0x0000000719000000|  0%| F|  |TAMS 0x0000000718e00000| PB 0x0000000718e00000| Untracked 
| 122|0x0000000719000000, 0x0000000719000000, 0x0000000719200000|  0%| F|  |TAMS 0x0000000719000000| PB 0x0000000719000000| Untracked 
| 123|0x0000000719200000, 0x0000000719200000, 0x0000000719400000|  0%| F|  |TAMS 0x0000000719200000| PB 0x0000000719200000| Untracked 
| 124|0x0000000719400000, 0x0000000719400000, 0x0000000719600000|  0%| F|  |TAMS 0x0000000719400000| PB 0x0000000719400000| Untracked 
| 125|0x0000000719600000, 0x0000000719600000, 0x0000000719800000|  0%| F|  |TAMS 0x0000000719600000| PB 0x0000000719600000| Untracked 
| 126|0x0000000719800000, 0x0000000719800000, 0x0000000719a00000|  0%| F|  |TAMS 0x0000000719800000| PB 0x0000000719800000| Untracked 
| 127|0x0000000719a00000, 0x0000000719a00000, 0x0000000719c00000|  0%| F|  |TAMS 0x0000000719a00000| PB 0x0000000719a00000| Untracked 
| 128|0x0000000719c00000, 0x0000000719c00000, 0x0000000719e00000|  0%| F|  |TAMS 0x0000000719c00000| PB 0x0000000719c00000| Untracked 
| 129|0x0000000719e00000, 0x0000000719e00000, 0x000000071a000000|  0%| F|  |TAMS 0x0000000719e00000| PB 0x0000000719e00000| Untracked 
| 130|0x000000071a000000, 0x000000071a000000, 0x000000071a200000|  0%| F|  |TAMS 0x000000071a000000| PB 0x000000071a000000| Untracked 
| 131|0x000000071a200000, 0x000000071a200000, 0x000000071a400000|  0%| F|  |TAMS 0x000000071a200000| PB 0x000000071a200000| Untracked 
| 132|0x000000071a400000, 0x000000071a400000, 0x000000071a600000|  0%| F|  |TAMS 0x000000071a400000| PB 0x000000071a400000| Untracked 
| 133|0x000000071a600000, 0x000000071a600000, 0x000000071a800000|  0%| F|  |TAMS 0x000000071a600000| PB 0x000000071a600000| Untracked 
| 134|0x000000071a800000, 0x000000071a800000, 0x000000071aa00000|  0%| F|  |TAMS 0x000000071a800000| PB 0x000000071a800000| Untracked 
| 135|0x000000071aa00000, 0x000000071aa00000, 0x000000071ac00000|  0%| F|  |TAMS 0x000000071aa00000| PB 0x000000071aa00000| Untracked 
| 136|0x000000071ac00000, 0x000000071ac00000, 0x000000071ae00000|  0%| F|  |TAMS 0x000000071ac00000| PB 0x000000071ac00000| Untracked 
| 137|0x000000071ae00000, 0x000000071ae00000, 0x000000071b000000|  0%| F|  |TAMS 0x000000071ae00000| PB 0x000000071ae00000| Untracked 
| 138|0x000000071b000000, 0x000000071b000000, 0x000000071b200000|  0%| F|  |TAMS 0x000000071b000000| PB 0x000000071b000000| Untracked 
|1966|0x00000007ff800000, 0x00000007ffa00000, 0x00000007ffa00000|100%| O|  |TAMS 0x00000007ffa00000| PB 0x00000007ff800000| Untracked 
|1967|0x00000007ffa00000, 0x00000007ffa00000, 0x00000007ffc00000|  0%| F|  |TAMS 0x00000007ffa00000| PB 0x00000007ffa00000| Untracked 
|1968|0x00000007ffc00000, 0x00000007ffc00000, 0x00000007ffe00000|  0%| F|  |TAMS 0x00000007ffc00000| PB 0x00000007ffc00000| Untracked 
|1969|0x00000007ffe00000, 0x00000007ffe00000, 0x0000000800000000|  0%| F|  |TAMS 0x00000007ffe00000| PB 0x00000007ffe00000| Untracked 

Card table byte_map: [0x000002c759c20000,0x000002c75a3e0000] _byte_map_base: 0x000002c7563d2000

Marking Bits: (CMBitMap*) 0x000002c7406893c0
 Bits: [0x000002c75a3e0000, 0x000002c75e170000)

Polling page: 0x000002c73fde0000

Metaspace:

Usage:
  Non-class:     62.75 MB used.
      Class:      9.65 MB used.
       Both:     72.40 MB used.

Virtual space:
  Non-class space:       64.00 MB reserved,      63.12 MB ( 99%) committed,  1 nodes.
      Class space:        1.00 GB reserved,       9.94 MB ( <1%) committed,  1 nodes.
             Both:        1.06 GB reserved,      73.06 MB (  7%) committed. 

Chunk freelists:
   Non-Class:  621.00 KB
       Class:  6.00 MB
        Both:  6.61 MB

MaxMetaspaceSize: unlimited
CompressedClassSpaceSize: 1.00 GB
Initial GC threshold: 21.00 MB
Current GC threshold: 121.81 MB
CDS: on
 - commit_granule_bytes: 65536.
 - commit_granule_words: 8192.
 - virtual_space_node_default_size: 8388608.
 - enlarge_chunks_in_place: 1.
 - use_allocation_guard: 0.


Internal statistics:

num_allocs_failed_limit: 9.
num_arena_births: 884.
num_arena_deaths: 0.
num_vsnodes_births: 2.
num_vsnodes_deaths: 0.
num_space_committed: 1169.
num_space_uncommitted: 0.
num_chunks_returned_to_freelist: 9.
num_chunks_taken_from_freelist: 3433.
num_chunk_merges: 9.
num_chunk_splits: 2532.
num_chunks_enlarged: 2007.
num_inconsistent_stats: 0.

CodeHeap 'non-profiled nmethods': size=120000Kb used=3720Kb max_used=4227Kb free=116279Kb
 bounds [0x000002c7519e0000, 0x000002c751e10000, 0x000002c758f10000]
CodeHeap 'profiled nmethods': size=120000Kb used=10355Kb max_used=11201Kb free=109644Kb
 bounds [0x000002c749f10000, 0x000002c74aa20000, 0x000002c751440000]
CodeHeap 'non-nmethods': size=5760Kb used=1734Kb max_used=1801Kb free=4025Kb
 bounds [0x000002c751440000, 0x000002c7516b0000, 0x000002c7519e0000]
 total_blobs=6363 nmethods=5611 adapters=655
 compilation: enabled
              stopped_count=0, restarted_count=0
 full_count=0

Compilation events (20 events):
Event: 10.530 Thread 0x000002c7a6178c90 nmethod 6827 0x000002c751b6c090 code [0x000002c751b6c380, 0x000002c751b6d860]
Event: 10.530 Thread 0x000002c7a6178c90 6835       4       org.antlr.v4.runtime.atn.ArrayPredictionContext::equals (68 bytes)
Event: 10.532 Thread 0x000002c7a6178c90 nmethod 6835 0x000002c751c8c690 code [0x000002c751c8c840, 0x000002c751c8c9b8]
Event: 10.532 Thread 0x000002c7a6178c90 6836       4       org.antlr.v4.runtime.atn.PredictionContext::mergeRoot (156 bytes)
Event: 10.533 Thread 0x000002c7a6178c90 nmethod 6836 0x000002c751b6bd10 code [0x000002c751b6bea0, 0x000002c751b6bf68]
Event: 10.533 Thread 0x000002c7a6178c90 6830       4       org.antlr.v4.runtime.atn.ATNConfig::getOuterContextDepth (8 bytes)
Event: 10.533 Thread 0x000002c7a6178c90 nmethod 6830 0x000002c751da9890 code [0x000002c751da9a20, 0x000002c751da9ab0]
Event: 10.533 Thread 0x000002c7a6178c90 6831       4       org.antlr.v4.runtime.misc.Array2DHashSet::getOrAdd (21 bytes)
Event: 10.534 Thread 0x000002c7a6178c90 nmethod 6831 0x000002c751dab410 code [0x000002c751dab5a0, 0x000002c751dab690]
Event: 10.537 Thread 0x000002c760df3bb0 nmethod 6834 0x000002c751d8b790 code [0x000002c751d8b9e0, 0x000002c751d8c4a0]
Event: 10.571 Thread 0x000002c760df3bb0 6837       4       org.antlr.v4.runtime.atn.PredictionMode::getConflictingAltSubsets (81 bytes)
Event: 10.599 Thread 0x000002c7a6178c90 6838       4       org.antlr.v4.runtime.CodePointCharStream$CodePoint8BitCharStream::LA (98 bytes)
Event: 10.599 Thread 0x000002c760e04660 6839   !   3       org.antlr.v4.runtime.atn.LexerActionExecutor::execute (166 bytes)
Event: 10.600 Thread 0x000002c7a6178c90 nmethod 6838 0x000002c751d8b390 code [0x000002c751d8b520, 0x000002c751d8b640]
Event: 10.600 Thread 0x000002c760e04660 nmethod 6839 0x000002c74a671390 code [0x000002c74a6715e0, 0x000002c74a672440]
Event: 10.601 Thread 0x000002c760df3bb0 nmethod 6837 0x000002c751bcb990 code [0x000002c751bcbc40, 0x000002c751bccc18]
Event: 10.628 Thread 0x000002c760df3bb0 6840 %     4       org.antlr.v4.runtime.atn.ATNConfigSet::optimizeConfigs @ 36 (71 bytes)
Event: 10.633 Thread 0x000002c760df3bb0 nmethod 6840% 0x000002c751daab90 code [0x000002c751daad60, 0x000002c751dab150]
Event: 10.749 Thread 0x000002c760df3bb0 6841       4       org.antlr.v4.runtime.atn.ATNConfigSet::optimizeConfigs (71 bytes)
Event: 10.756 Thread 0x000002c760df3bb0 nmethod 6841 0x000002c751adf310 code [0x000002c751adf4e0, 0x000002c751adf928]

GC Heap History (20 events):
Event: 9.184 GC heap after
{Heap after GC invocations=17 (full 0):
 garbage-first heap   total 157696K, used 37961K [0x0000000709c00000, 0x0000000800000000)
  region size 2048K, 2 young (4096K), 2 survivors (4096K)
 Metaspace       used 70850K, committed 71488K, reserved 1114112K
  class space    used 9321K, committed 9600K, reserved 1048576K
}
Event: 9.457 GC heap before
{Heap before GC invocations=18 (full 0):
 garbage-first heap   total 131072K, used 111689K [0x0000000709c00000, 0x0000000800000000)
  region size 2048K, 38 young (77824K), 2 survivors (4096K)
 Metaspace       used 70850K, committed 71488K, reserved 1114112K
  class space    used 9321K, committed 9600K, reserved 1048576K
}
Event: 9.462 GC heap after
{Heap after GC invocations=19 (full 0):
 garbage-first heap   total 131072K, used 42424K [0x0000000709c00000, 0x0000000800000000)
  region size 2048K, 5 young (10240K), 5 survivors (10240K)
 Metaspace       used 70850K, committed 71488K, reserved 1114112K
  class space    used 9321K, committed 9600K, reserved 1048576K
}
Event: 9.752 GC heap before
{Heap before GC invocations=19 (full 0):
 garbage-first heap   total 131072K, used 107960K [0x0000000709c00000, 0x0000000800000000)
  region size 2048K, 37 young (75776K), 5 survivors (10240K)
 Metaspace       used 72613K, committed 73280K, reserved 1114112K
  class space    used 9699K, committed 9984K, reserved 1048576K
}
Event: 9.768 GC heap after
{Heap after GC invocations=20 (full 0):
 garbage-first heap   total 139264K, used 59613K [0x0000000709c00000, 0x0000000800000000)
  region size 2048K, 5 young (10240K), 5 survivors (10240K)
 Metaspace       used 72613K, committed 73280K, reserved 1114112K
  class space    used 9699K, committed 9984K, reserved 1048576K
}
Event: 9.829 GC heap before
{Heap before GC invocations=20 (full 0):
 garbage-first heap   total 139264K, used 106717K [0x0000000709c00000, 0x0000000800000000)
  region size 2048K, 28 young (57344K), 5 survivors (10240K)
 Metaspace       used 72622K, committed 73280K, reserved 1114112K
  class space    used 9699K, committed 9984K, reserved 1048576K
}
Event: 9.841 GC heap after
{Heap after GC invocations=21 (full 0):
 garbage-first heap   total 139264K, used 73272K [0x0000000709c00000, 0x0000000800000000)
  region size 2048K, 4 young (8192K), 4 survivors (8192K)
 Metaspace       used 72622K, committed 73280K, reserved 1114112K
  class space    used 9699K, committed 9984K, reserved 1048576K
}
Event: 9.906 GC heap before
{Heap before GC invocations=22 (full 0):
 garbage-first heap   total 139264K, used 110136K [0x0000000709c00000, 0x0000000800000000)
  region size 2048K, 22 young (45056K), 4 survivors (8192K)
 Metaspace       used 72622K, committed 73280K, reserved 1114112K
  class space    used 9699K, committed 9984K, reserved 1048576K
}
Event: 9.915 GC heap after
{Heap after GC invocations=23 (full 0):
 garbage-first heap   total 139264K, used 85148K [0x0000000709c00000, 0x0000000800000000)
  region size 2048K, 3 young (6144K), 3 survivors (6144K)
 Metaspace       used 72622K, committed 73280K, reserved 1114112K
  class space    used 9699K, committed 9984K, reserved 1048576K
}
Event: 9.950 GC heap before
{Heap before GC invocations=23 (full 0):
 garbage-first heap   total 139264K, used 113820K [0x0000000709c00000, 0x0000000800000000)
  region size 2048K, 17 young (34816K), 3 survivors (6144K)
 Metaspace       used 72628K, committed 73280K, reserved 1114112K
  class space    used 9699K, committed 9984K, reserved 1048576K
}
Event: 9.956 GC heap after
{Heap after GC invocations=24 (full 0):
 garbage-first heap   total 292864K, used 88871K [0x0000000709c00000, 0x0000000800000000)
  region size 2048K, 2 young (4096K), 2 survivors (4096K)
 Metaspace       used 72628K, committed 73280K, reserved 1114112K
  class space    used 9699K, committed 9984K, reserved 1048576K
}
Event: 10.198 GC heap before
{Heap before GC invocations=24 (full 0):
 garbage-first heap   total 292864K, used 191271K [0x0000000709c00000, 0x0000000800000000)
  region size 2048K, 53 young (108544K), 2 survivors (4096K)
 Metaspace       used 74136K, committed 74816K, reserved 1114112K
  class space    used 9878K, committed 10176K, reserved 1048576K
}
Event: 10.208 GC heap after
{Heap after GC invocations=25 (full 0):
 garbage-first heap   total 292864K, used 100820K [0x0000000709c00000, 0x0000000800000000)
  region size 2048K, 7 young (14336K), 7 survivors (14336K)
 Metaspace       used 74136K, committed 74816K, reserved 1114112K
  class space    used 9878K, committed 10176K, reserved 1048576K
}
Event: 10.306 GC heap before
{Heap before GC invocations=25 (full 0):
 garbage-first heap   total 292864K, used 172500K [0x0000000709c00000, 0x0000000800000000)
  region size 2048K, 43 young (88064K), 7 survivors (14336K)
 Metaspace       used 74136K, committed 74816K, reserved 1114112K
  class space    used 9878K, committed 10176K, reserved 1048576K
}
Event: 10.324 GC heap after
{Heap after GC invocations=26 (full 0):
 garbage-first heap   total 292864K, used 123371K [0x0000000709c00000, 0x0000000800000000)
  region size 2048K, 10 young (20480K), 10 survivors (20480K)
 Metaspace       used 74136K, committed 74816K, reserved 1114112K
  class space    used 9878K, committed 10176K, reserved 1048576K
}
Event: 10.496 GC heap before
{Heap before GC invocations=27 (full 0):
 garbage-first heap   total 292864K, used 223723K [0x0000000709c00000, 0x0000000800000000)
  region size 2048K, 65 young (133120K), 10 survivors (20480K)
 Metaspace       used 74136K, committed 74816K, reserved 1114112K
  class space    used 9878K, committed 10176K, reserved 1048576K
}
Event: 10.522 GC heap after
{Heap after GC invocations=28 (full 0):
 garbage-first heap   total 292864K, used 142352K [0x0000000709c00000, 0x0000000800000000)
  region size 2048K, 9 young (18432K), 9 survivors (18432K)
 Metaspace       used 74136K, committed 74816K, reserved 1114112K
  class space    used 9878K, committed 10176K, reserved 1048576K
}
Event: 10.644 GC heap before
{Heap before GC invocations=28 (full 0):
 garbage-first heap   total 292864K, used 232464K [0x0000000709c00000, 0x0000000800000000)
  region size 2048K, 53 young (108544K), 9 survivors (18432K)
 Metaspace       used 74136K, committed 74816K, reserved 1114112K
  class space    used 9878K, committed 10176K, reserved 1048576K
}
Event: 10.678 GC heap after
{Heap after GC invocations=29 (full 0):
 garbage-first heap   total 292864K, used 153040K [0x0000000709c00000, 0x0000000800000000)
  region size 2048K, 7 young (14336K), 7 survivors (14336K)
 Metaspace       used 74136K, committed 74816K, reserved 1114112K
  class space    used 9878K, committed 10176K, reserved 1048576K
}
Event: 10.766 GC heap before
{Heap before GC invocations=29 (full 0):
 garbage-first heap   total 292864K, used 218576K [0x0000000709c00000, 0x0000000800000000)
  region size 2048K, 40 young (81920K), 7 survivors (14336K)
 Metaspace       used 74136K, committed 74816K, reserved 1114112K
  class space    used 9878K, committed 10176K, reserved 1048576K
}

Dll operation events (14 events):
Event: 0.021 Loaded shared library C:\Program Files\Java\zulu21.40.17-ca-fx-jdk21.0.6-win_x64\bin\java.dll
Event: 0.068 Loaded shared library C:\Program Files\Java\zulu21.40.17-ca-fx-jdk21.0.6-win_x64\bin\jsvml.dll
Event: 0.232 Loaded shared library C:\Program Files\Java\zulu21.40.17-ca-fx-jdk21.0.6-win_x64\bin\zip.dll
Event: 0.238 Loaded shared library C:\Program Files\Java\zulu21.40.17-ca-fx-jdk21.0.6-win_x64\bin\instrument.dll
Event: 0.248 Loaded shared library C:\Program Files\Java\zulu21.40.17-ca-fx-jdk21.0.6-win_x64\bin\net.dll
Event: 0.252 Loaded shared library C:\Program Files\Java\zulu21.40.17-ca-fx-jdk21.0.6-win_x64\bin\nio.dll
Event: 0.257 Loaded shared library C:\Program Files\Java\zulu21.40.17-ca-fx-jdk21.0.6-win_x64\bin\zip.dll
Event: 0.428 Loaded shared library C:\Program Files\JetBrains\IntelliJ IDEA Community Edition 2024.3.2.2\bin\breakgen64.dll
Event: 0.442 Loaded shared library C:\Program Files\Java\zulu21.40.17-ca-fx-jdk21.0.6-win_x64\bin\extnet.dll
Event: 0.503 Loaded shared library C:\Program Files\Java\zulu21.40.17-ca-fx-jdk21.0.6-win_x64\bin\jimage.dll
Event: 2.561 Loaded shared library C:\Program Files\Java\zulu21.40.17-ca-fx-jdk21.0.6-win_x64\bin\sunmscapi.dll
Event: 4.802 Loaded shared library C:\Program Files\Java\zulu21.40.17-ca-fx-jdk21.0.6-win_x64\bin\management.dll
Event: 4.806 Loaded shared library C:\Program Files\Java\zulu21.40.17-ca-fx-jdk21.0.6-win_x64\bin\management_ext.dll
Event: 5.894 Loaded shared library C:\Program Files\Java\zulu21.40.17-ca-fx-jdk21.0.6-win_x64\bin\verify.dll

Deoptimization events (20 events):
Event: 10.371 Thread 0x000002c73e1ae050 DEOPT PACKING pc=0x000002c74a018acf sp=0x000000deb8dfb9c0
Event: 10.371 Thread 0x000002c73e1ae050 DEOPT UNPACKING pc=0x000002c751494e42 sp=0x000000deb8dfae50 mode 0
Event: 10.374 Thread 0x000002c73e1ae050 DEOPT PACKING pc=0x000002c74aa16160 sp=0x000000deb8dfb930
Event: 10.374 Thread 0x000002c73e1ae050 DEOPT UNPACKING pc=0x000002c751494e42 sp=0x000000deb8dfaec8 mode 0
Event: 10.480 Thread 0x000002c73e1ae050 Uncommon trap: trap_request=0xffffffde fr.pc=0x000002c751aab31c relative=0x000000000000129c
Event: 10.480 Thread 0x000002c73e1ae050 Uncommon trap: reason=class_check action=maybe_recompile pc=0x000002c751aab31c method=org.antlr.v4.runtime.atn.PredictionContext.merge(Lorg/antlr/v4/runtime/atn/PredictionContext;Lorg/antlr/v4/runtime/atn/PredictionContext;ZLorg/antlr/v4/runtime/misc/Doub
Event: 10.480 Thread 0x000002c73e1ae050 DEOPT PACKING pc=0x000002c751aab31c sp=0x000000deb8dfa600
Event: 10.480 Thread 0x000002c73e1ae050 DEOPT UNPACKING pc=0x000002c7514946a2 sp=0x000000deb8dfa558 mode 2
Event: 10.480 Thread 0x000002c73e1ae050 Uncommon trap: trap_request=0xffffff45 fr.pc=0x000002c751bfe230 relative=0x0000000000000090
Event: 10.480 Thread 0x000002c73e1ae050 Uncommon trap: reason=unstable_if action=reinterpret pc=0x000002c751bfe230 method=org.antlr.v4.runtime.atn.PredictionContext.mergeRoot(Lorg/antlr/v4/runtime/atn/SingletonPredictionContext;Lorg/antlr/v4/runtime/atn/SingletonPredictionContext;Z)Lorg/antlr/v
Event: 10.480 Thread 0x000002c73e1ae050 DEOPT PACKING pc=0x000002c751bfe230 sp=0x000000deb8dfa4b0
Event: 10.480 Thread 0x000002c73e1ae050 DEOPT UNPACKING pc=0x000002c7514946a2 sp=0x000000deb8dfa418 mode 2
Event: 10.480 Thread 0x000002c73e1ae050 Uncommon trap: trap_request=0xffffffde fr.pc=0x000002c751dac354 relative=0x0000000000000954
Event: 10.480 Thread 0x000002c73e1ae050 Uncommon trap: reason=class_check action=maybe_recompile pc=0x000002c751dac354 method=org.antlr.v4.runtime.atn.PredictionContext.merge(Lorg/antlr/v4/runtime/atn/PredictionContext;Lorg/antlr/v4/runtime/atn/PredictionContext;ZLorg/antlr/v4/runtime/misc/Doub
Event: 10.480 Thread 0x000002c73e1ae050 DEOPT PACKING pc=0x000002c751dac354 sp=0x000000deb8dfa560
Event: 10.480 Thread 0x000002c73e1ae050 DEOPT UNPACKING pc=0x000002c7514946a2 sp=0x000000deb8dfa550 mode 2
Event: 10.571 Thread 0x000002c73e1ae050 DEOPT PACKING pc=0x000002c74a707735 sp=0x000000deb8dfb8a0
Event: 10.571 Thread 0x000002c73e1ae050 DEOPT UNPACKING pc=0x000002c751494e42 sp=0x000000deb8dfad90 mode 0
Event: 10.749 Thread 0x000002c73e1ae050 DEOPT PACKING pc=0x000002c74a9d5ccd sp=0x000000deb8dfb580
Event: 10.749 Thread 0x000002c73e1ae050 DEOPT UNPACKING pc=0x000002c751494e42 sp=0x000000deb8dfaa68 mode 0

Classes loaded (20 events):
Event: 8.550 Loading class java/util/stream/ReduceOps$CountingSink$OfRef
Event: 8.550 Loading class java/util/stream/ReduceOps$CountingSink
Event: 8.550 Loading class java/util/stream/ReduceOps$CountingSink done
Event: 8.550 Loading class java/util/stream/ReduceOps$CountingSink$OfRef done
Event: 8.582 Loading class java/lang/invoke/WrongMethodTypeException
Event: 8.582 Loading class java/lang/invoke/WrongMethodTypeException done
Event: 8.590 Loading class java/lang/Character$UnicodeBlock
Event: 8.592 Loading class java/lang/Character$Subset
Event: 8.592 Loading class java/lang/Character$Subset done
Event: 8.593 Loading class java/lang/Character$UnicodeBlock done
Event: 8.645 Loading class java/util/regex/Pattern$Bound
Event: 8.645 Loading class java/util/regex/Pattern$Bound done
Event: 8.646 Loading class java/util/regex/Pattern$Behind
Event: 8.646 Loading class java/util/regex/Pattern$Behind done
Event: 8.774 Loading class java/util/EmptyStackException
Event: 8.774 Loading class java/util/EmptyStackException done
Event: 8.911 Loading class java/io/InvalidClassException
Event: 8.911 Loading class java/io/InvalidClassException done
Event: 10.151 Loading class java/lang/invoke/MethodHandleImpl$CountingWrapper$1
Event: 10.151 Loading class java/lang/invoke/MethodHandleImpl$CountingWrapper$1 done

Classes unloaded (0 events):
No events

Classes redefined (0 events):
No events

Internal exceptions (20 events):
Event: 8.013 Thread 0x000002c73e1ae050 Exception <a 'java/lang/NoSuchMethodError'{0x000000070c6d7678}: 'java.lang.Object java.lang.invoke.DirectMethodHandle$Holder.newInvokeSpecial(java.lang.Object, java.lang.Object, java.lang.Object, java.lang.Object, java.lang.Object, java.lang.Object, java.lang.Object, java.lang.Object, java.lang.Object, java.lang.Object, java.lang.Object, java.lang.Object)'> (0x000000070c6d7678) 
thrown [s\src\hotspot\share\interpreter\linkResolver.cpp, line 773]
Event: 8.013 Thread 0x000002c73e1ae050 Exception <a 'java/lang/NoSuchMethodError'{0x000000070c6dbf30}: 'java.lang.Object java.lang.invoke.DirectMethodHandle$Holder.invokeSpecial(java.lang.Object, java.lang.Object, java.lang.Object, java.lang.Object, java.lang.Object, java.lang.Object, java.lang.Object, java.lang.Object, java.lang.Object, java.lang.Object, java.lang.Object, java.lang.Object, java.lang.Object)'> (0x000000070c6dbf30) 
thrown [s\src\hotspot\share\interpreter\linkResolver.cpp, line 773]
Event: 8.014 Thread 0x000002c73e1ae050 Exception <a 'java/lang/NoSuchMethodError'{0x000000070c6e0418}: 'java.lang.Object java.lang.invoke.Invokers$Holder.linkToTargetMethod(java.lang.Object, java.lang.Object, java.lang.Object, java.lang.Object, java.lang.Object, java.lang.Object, java.lang.Object, java.lang.Object, java.lang.Object, java.lang.Object, java.lang.Object, java.lang.Object)'> (0x000000070c6e0418) 
thrown [s\src\hotspot\share\interpreter\linkResolver.cpp, line 773]
Event: 8.028 Thread 0x000002c73e1ae050 Exception <a 'java/lang/IncompatibleClassChangeError'{0x000000070c78d788}: Found class java.lang.Object, but interface was expected> (0x000000070c78d788) 
thrown [s\src\hotspot\share\interpreter\linkResolver.cpp, line 840]
Event: 8.049 Thread 0x000002c73e1ae050 Exception <a 'java/lang/IncompatibleClassChangeError'{0x000000070c46dde8}: Found class java.lang.Object, but interface was expected> (0x000000070c46dde8) 
thrown [s\src\hotspot\share\interpreter\linkResolver.cpp, line 840]
Event: 8.057 Thread 0x000002c73e1ae050 Exception <a 'java/lang/NoSuchMethodError'{0x000000070c4e2370}: 'java.lang.Object java.lang.invoke.DirectMethodHandle$Holder.newInvokeSpecial(java.lang.Object, java.lang.Object, java.lang.Object, java.lang.Object, java.lang.Object, java.lang.Object, java.lang.Object, int)'> (0x000000070c4e2370) 
thrown [s\src\hotspot\share\interpreter\linkResolver.cpp, line 773]
Event: 8.058 Thread 0x000002c73e1ae050 Exception <a 'java/lang/NoSuchMethodError'{0x000000070c4e6910}: 'java.lang.Object java.lang.invoke.DirectMethodHandle$Holder.invokeSpecial(java.lang.Object, java.lang.Object, java.lang.Object, java.lang.Object, java.lang.Object, java.lang.Object, java.lang.Object, java.lang.Object, int)'> (0x000000070c4e6910) 
thrown [s\src\hotspot\share\interpreter\linkResolver.cpp, line 773]
Event: 8.058 Thread 0x000002c73e1ae050 Exception <a 'java/lang/NoSuchMethodError'{0x000000070c4ea938}: 'java.lang.Object java.lang.invoke.Invokers$Holder.linkToTargetMethod(java.lang.Object, java.lang.Object, java.lang.Object, java.lang.Object, java.lang.Object, java.lang.Object, int, java.lang.Object)'> (0x000000070c4ea938) 
thrown [s\src\hotspot\share\interpreter\linkResolver.cpp, line 773]
Event: 8.080 Thread 0x000002c73e1ae050 Exception <a 'java/lang/NoSuchMethodError'{0x000000070c5f5b78}: 'java.lang.Object java.lang.invoke.DirectMethodHandle$Holder.newInvokeSpecial(java.lang.Object, java.lang.Object, int, java.lang.Object, int, java.lang.Object, java.lang.Object)'> (0x000000070c5f5b78) 
thrown [s\src\hotspot\share\interpreter\linkResolver.cpp, line 773]
Event: 8.091 Thread 0x000002c73e1ae050 Exception <a 'java/lang/NoSuchMethodError'{0x000000070c267520}: 'void java.lang.invoke.DirectMethodHandle$Holder.invokeInterface(java.lang.Object, java.lang.Object)'> (0x000000070c267520) 
thrown [s\src\hotspot\share\interpreter\linkResolver.cpp, line 773]
Event: 8.212 Thread 0x000002c73e1ae050 Exception <a 'java/lang/NoSuchMethodError'{0x0000000719226ae0}: 'java.lang.Object java.lang.invoke.DirectMethodHandle$Holder.invokeSpecial(java.lang.Object, java.lang.Object, int, java.lang.Object, int)'> (0x0000000719226ae0) 
thrown [s\src\hotspot\share\interpreter\linkResolver.cpp, line 773]
Event: 8.261 Thread 0x000002c73e1ae050 Implicit null exception at 0x000002c751d23a77 to 0x000002c751d23ce0
Event: 8.270 Thread 0x000002c73e1ae050 Implicit null exception at 0x000002c751ac0a72 to 0x000002c751ac0db4
Event: 8.271 Thread 0x000002c73e1ae050 Implicit null exception at 0x000002c751b83dba to 0x000002c751b83df4
Event: 8.304 Thread 0x000002c73e1ae050 Implicit null exception at 0x000002c751cff7d0 to 0x000002c751d012f0
Event: 8.313 Thread 0x000002c73e1ae050 Exception <a 'java/lang/IncompatibleClassChangeError'{0x000000071655cf50}: Found class java.lang.Object, but interface was expected> (0x000000071655cf50) 
thrown [s\src\hotspot\share\interpreter\linkResolver.cpp, line 840]
Event: 8.371 Thread 0x000002c73e1ae050 Exception <a 'java/lang/IncompatibleClassChangeError'{0x00000007162f66a0}: Found class java.lang.Object, but interface was expected> (0x00000007162f66a0) 
thrown [s\src\hotspot\share\interpreter\linkResolver.cpp, line 840]
Event: 8.521 Thread 0x000002c73e1ae050 Exception <a 'java/lang/IncompatibleClassChangeError'{0x000000070c912d50}: Found class java.lang.Object, but interface was expected> (0x000000070c912d50) 
thrown [s\src\hotspot\share\interpreter\linkResolver.cpp, line 840]
Event: 8.607 Thread 0x000002c73e1ae050 Exception <a 'java/lang/IncompatibleClassChangeError'{0x000000070c7e3390}: Found class java.lang.Object, but interface was expected> (0x000000070c7e3390) 
thrown [s\src\hotspot\share\interpreter\linkResolver.cpp, line 840]
Event: 8.698 Thread 0x000002c73e1ae050 Exception <a 'java/lang/NoSuchMethodError'{0x000000070c30d8a0}: 'void java.lang.invoke.Invokers$Holder.invokeExact_MT(java.lang.Object, java.lang.Object, java.lang.Object, java.lang.Object)'> (0x000000070c30d8a0) 
thrown [s\src\hotspot\share\interpreter\linkResolver.cpp, line 773]

ZGC Phase Switch (0 events):
No events

VM Operations (20 events):
Event: 9.883 Executing VM operation: G1PauseRemark done
Event: 9.896 Executing VM operation: G1PauseCleanup
Event: 9.897 Executing VM operation: G1PauseCleanup done
Event: 9.906 Executing VM operation: G1CollectForAllocation (G1 Evacuation Pause)
Event: 9.915 Executing VM operation: G1CollectForAllocation (G1 Evacuation Pause) done
Event: 9.950 Executing VM operation: G1CollectForAllocation (G1 Evacuation Pause)
Event: 9.957 Executing VM operation: G1CollectForAllocation (G1 Evacuation Pause) done
Event: 10.198 Executing VM operation: G1CollectForAllocation (G1 Evacuation Pause)
Event: 10.208 Executing VM operation: G1CollectForAllocation (G1 Evacuation Pause) done
Event: 10.306 Executing VM operation: G1TryInitiateConcMark (G1 Humongous Allocation)
Event: 10.324 Executing VM operation: G1TryInitiateConcMark (G1 Humongous Allocation) done
Event: 10.355 Executing VM operation: G1PauseRemark
Event: 10.358 Executing VM operation: G1PauseRemark done
Event: 10.373 Executing VM operation: G1PauseCleanup
Event: 10.373 Executing VM operation: G1PauseCleanup done
Event: 10.496 Executing VM operation: G1CollectForAllocation (G1 Evacuation Pause)
Event: 10.522 Executing VM operation: G1CollectForAllocation (G1 Evacuation Pause) done
Event: 10.644 Executing VM operation: G1CollectForAllocation (G1 Evacuation Pause)
Event: 10.678 Executing VM operation: G1CollectForAllocation (G1 Evacuation Pause) done
Event: 10.766 Executing VM operation: G1TryInitiateConcMark (G1 Humongous Allocation)

Memory protections (0 events):
No events

Nmethod flushes (20 events):
Event: 10.357 Thread 0x000002c760dc1f20 flushing  nmethod 0x000002c74a9f8d90
Event: 10.357 Thread 0x000002c760dc1f20 flushing  nmethod 0x000002c74a9fa410
Event: 10.357 Thread 0x000002c760dc1f20 flushing  nmethod 0x000002c74aa02610
Event: 10.357 Thread 0x000002c760dc1f20 flushing osr nmethod 0x000002c74aa02f10
Event: 10.357 Thread 0x000002c760dc1f20 flushing osr nmethod 0x000002c74aa0a210
Event: 10.357 Thread 0x000002c760dc1f20 flushing  nmethod 0x000002c751aaed90
Event: 10.357 Thread 0x000002c760dc1f20 flushing  nmethod 0x000002c751bfa890
Event: 10.357 Thread 0x000002c760dc1f20 flushing  nmethod 0x000002c751cba810
Event: 10.357 Thread 0x000002c760dc1f20 flushing  nmethod 0x000002c749f6f410
Event: 10.357 Thread 0x000002c760dc1f20 flushing  nmethod 0x000002c74a081f90
Event: 10.357 Thread 0x000002c760dc1f20 flushing osr nmethod 0x000002c74a0aa210
Event: 10.357 Thread 0x000002c760dc1f20 flushing  nmethod 0x000002c74a669b10
Event: 10.357 Thread 0x000002c760dc1f20 flushing  nmethod 0x000002c74a66ab90
Event: 10.357 Thread 0x000002c760dc1f20 flushing  nmethod 0x000002c74a66b110
Event: 10.357 Thread 0x000002c760dc1f20 flushing  nmethod 0x000002c74a66b510
Event: 10.357 Thread 0x000002c760dc1f20 flushing  nmethod 0x000002c74a66d390
Event: 10.357 Thread 0x000002c760dc1f20 flushing  nmethod 0x000002c74a671390
Event: 10.357 Thread 0x000002c760dc1f20 flushing  nmethod 0x000002c74a671b90
Event: 10.357 Thread 0x000002c760dc1f20 flushing  nmethod 0x000002c74a672190
Event: 10.357 Thread 0x000002c760dc1f20 flushing  nmethod 0x000002c74a80f310

Events (20 events):
Event: 0.429 Thread 0x000002c73e1ae050 Thread added: 0x000002c7a63b0790
Event: 1.577 Thread 0x000002c73e1ae050 Thread added: 0x000002c7a6e5edc0
Event: 2.126 Thread 0x000002c760e04660 Thread added: 0x000002c7a6175ce0
Event: 2.293 Thread 0x000002c73e1ae050 Thread added: 0x000002c7a7db8fd0
Event: 2.345 Thread 0x000002c7a7db8fd0 Thread exited: 0x000002c7a7db8fd0
Event: 2.597 Thread 0x000002c7a6e5edc0 Thread exited: 0x000002c7a6e5edc0
Event: 5.109 Thread 0x000002c73e1ae050 Thread added: 0x000002c7a907fd80
Event: 5.111 Thread 0x000002c7a907fd80 Thread added: 0x000002c7a907f6f0
Event: 5.123 Thread 0x000002c73e1ae050 Thread added: 0x000002c7a907f060
Event: 5.169 Thread 0x000002c73e1ae050 Thread added: 0x000002c7a9080410
Event: 6.705 Thread 0x000002c73e1ae050 Thread added: 0x000002c7a907d620
Event: 6.819 Thread 0x000002c7a907d620 Thread added: 0x000002c7a907e340
Event: 7.583 Thread 0x000002c7a6175ce0 Thread exited: 0x000002c7a6175ce0
Event: 7.594 Thread 0x000002c7a6176a80 Thread exited: 0x000002c7a6176a80
Event: 7.855 Thread 0x000002c760e04660 Thread added: 0x000002c7a6178c90
Event: 7.875 Thread 0x000002c760e04660 Thread added: 0x000002c7a6175ce0
Event: 8.116 Thread 0x000002c7a6175ce0 Thread exited: 0x000002c7a6175ce0
Event: 8.305 Thread 0x000002c760e04660 Thread added: 0x000002c7a6177150
Event: 10.396 Thread 0x000002c7a6177150 Thread exited: 0x000002c7a6177150
Event: 10.750 Thread 0x000002c7a6178c90 Thread exited: 0x000002c7a6178c90


Dynamic libraries:
0x00007ff7ddca0000 - 0x00007ff7ddcae000 	C:\Program Files\Java\zulu21.40.17-ca-fx-jdk21.0.6-win_x64\bin\java.exe
0x00007ffb1ef40000 - 0x00007ffb1f1a6000 	C:\windows\SYSTEM32\ntdll.dll
0x00007ffb1db10000 - 0x00007ffb1dbd9000 	C:\windows\System32\KERNEL32.DLL
0x00007ffb1c930000 - 0x00007ffb1ccfc000 	C:\windows\System32\KERNELBASE.dll
0x00007ffb1c180000 - 0x00007ffb1c2cb000 	C:\windows\System32\ucrtbase.dll
0x00007ffb189f0000 - 0x00007ffb18a09000 	C:\Program Files\Java\zulu21.40.17-ca-fx-jdk21.0.6-win_x64\bin\jli.dll
0x00007ffb18a40000 - 0x00007ffb18a5b000 	C:\Program Files\Java\zulu21.40.17-ca-fx-jdk21.0.6-win_x64\bin\VCRUNTIME140.dll
0x00007ffb1d830000 - 0x00007ffb1d9fa000 	C:\windows\System32\USER32.dll
0x00007ffb1c900000 - 0x00007ffb1c927000 	C:\windows\System32\win32u.dll
0x00007ffb1e6a0000 - 0x00007ffb1e6cb000 	C:\windows\System32\GDI32.dll
0x00007ffb1c7c0000 - 0x00007ffb1c8f2000 	C:\windows\System32\gdi32full.dll
0x00007ffb1c0d0000 - 0x00007ffb1c173000 	C:\windows\System32\msvcp_win.dll
0x00007ffb065d0000 - 0x00007ffb0686a000 	C:\windows\WinSxS\amd64_microsoft.windows.common-controls_6595b64144ccf1df_6.0.26100.3912_none_3e07963ce335137e\COMCTL32.dll
0x00007ffb1e6d0000 - 0x00007ffb1e779000 	C:\windows\System32\msvcrt.dll
0x00007ffb1ce60000 - 0x00007ffb1ce90000 	C:\windows\System32\IMM32.DLL
0x00007ffb18f50000 - 0x00007ffb18f5c000 	C:\Program Files\Java\zulu21.40.17-ca-fx-jdk21.0.6-win_x64\bin\vcruntime140_1.dll
0x00007ffafea50000 - 0x00007ffafeade000 	C:\Program Files\Java\zulu21.40.17-ca-fx-jdk21.0.6-win_x64\bin\msvcp140.dll
0x00007ffabe7c0000 - 0x00007ffabf59d000 	C:\Program Files\Java\zulu21.40.17-ca-fx-jdk21.0.6-win_x64\bin\server\jvm.dll
0x00007ffb1e5e0000 - 0x00007ffb1e692000 	C:\windows\System32\ADVAPI32.dll
0x00007ffb1e530000 - 0x00007ffb1e5d6000 	C:\windows\System32\sechost.dll
0x00007ffb1dd90000 - 0x00007ffb1dea6000 	C:\windows\System32\RPCRT4.dll
0x00007ffb1df30000 - 0x00007ffb1dfa4000 	C:\windows\System32\WS2_32.dll
0x00007ffb1bf20000 - 0x00007ffb1bf7e000 	C:\windows\SYSTEM32\POWRPROF.dll
0x00007ffb15f60000 - 0x00007ffb15f6b000 	C:\windows\SYSTEM32\VERSION.dll
0x00007ffb137f0000 - 0x00007ffb13826000 	C:\windows\SYSTEM32\WINMM.dll
0x00007ffb1bf00000 - 0x00007ffb1bf14000 	C:\windows\SYSTEM32\UMPDC.dll
0x00007ffb1ae90000 - 0x00007ffb1aeaa000 	C:\windows\SYSTEM32\kernel.appcore.dll
0x00007ffb18f10000 - 0x00007ffb18f1a000 	C:\Program Files\Java\zulu21.40.17-ca-fx-jdk21.0.6-win_x64\bin\jimage.dll
0x00007ffb13830000 - 0x00007ffb13a71000 	C:\windows\SYSTEM32\DBGHELP.DLL
0x00007ffb1e020000 - 0x00007ffb1e3a4000 	C:\windows\System32\combase.dll
0x00007ffb1d0a0000 - 0x00007ffb1d180000 	C:\windows\System32\OLEAUT32.dll
0x00007ffb069d0000 - 0x00007ffb06a09000 	C:\windows\SYSTEM32\dbgcore.DLL
0x00007ffb1c450000 - 0x00007ffb1c4e9000 	C:\windows\System32\bcryptPrimitives.dll
0x00007ffb18a30000 - 0x00007ffb18a40000 	C:\Program Files\Java\zulu21.40.17-ca-fx-jdk21.0.6-win_x64\bin\instrument.dll
0x00007ffb13550000 - 0x00007ffb13572000 	C:\Program Files\Java\zulu21.40.17-ca-fx-jdk21.0.6-win_x64\bin\java.dll
0x00007ffb1e780000 - 0x00007ffb1eead000 	C:\windows\System32\SHELL32.dll
0x00007ffb1c640000 - 0x00007ffb1c7b4000 	C:\windows\System32\wintypes.dll
0x00007ffb19d30000 - 0x00007ffb1a586000 	C:\windows\SYSTEM32\windows.storage.dll
0x00007ffb1da10000 - 0x00007ffb1daff000 	C:\windows\System32\SHCORE.dll
0x00007ffb1dfb0000 - 0x00007ffb1e019000 	C:\windows\System32\shlwapi.dll
0x00007ffb1bfe0000 - 0x00007ffb1c00f000 	C:\windows\SYSTEM32\profapi.dll
0x00007ffafd5e0000 - 0x00007ffafd6b7000 	C:\Program Files\Java\zulu21.40.17-ca-fx-jdk21.0.6-win_x64\bin\jsvml.dll
0x00007ffb12ac0000 - 0x00007ffb12ad8000 	C:\Program Files\Java\zulu21.40.17-ca-fx-jdk21.0.6-win_x64\bin\zip.dll
0x00007ffb15490000 - 0x00007ffb154a2000 	C:\Program Files\Java\zulu21.40.17-ca-fx-jdk21.0.6-win_x64\bin\net.dll
0x00007ffb15130000 - 0x00007ffb1524e000 	C:\windows\SYSTEM32\WINHTTP.dll
0x00007ffb1b400000 - 0x00007ffb1b46a000 	C:\windows\system32\mswsock.dll
0x00007ffb12e40000 - 0x00007ffb12e56000 	C:\Program Files\Java\zulu21.40.17-ca-fx-jdk21.0.6-win_x64\bin\nio.dll
0x00007ffb10990000 - 0x00007ffb109aa000 	C:\Program Files\JetBrains\IntelliJ IDEA Community Edition 2024.3.2.2\bin\breakgen64.dll
0x00007ffb17270000 - 0x00007ffb17279000 	C:\Program Files\Java\zulu21.40.17-ca-fx-jdk21.0.6-win_x64\bin\extnet.dll
0x00007ffb172d0000 - 0x00007ffb172de000 	C:\Program Files\Java\zulu21.40.17-ca-fx-jdk21.0.6-win_x64\bin\sunmscapi.dll
0x00007ffb1c2d0000 - 0x00007ffb1c447000 	C:\windows\System32\CRYPT32.dll
0x00007ffb1b8b0000 - 0x00007ffb1b8e0000 	C:\windows\SYSTEM32\ncrypt.dll
0x00007ffb1b860000 - 0x00007ffb1b89f000 	C:\windows\SYSTEM32\NTASN1.dll
0x00007ffb1b6a0000 - 0x00007ffb1b6bc000 	C:\windows\SYSTEM32\CRYPTSP.dll
0x00007ffb1adf0000 - 0x00007ffb1ae2a000 	C:\windows\system32\rsaenh.dll
0x00007ffb1b4a0000 - 0x00007ffb1b4cb000 	C:\windows\SYSTEM32\USERENV.dll
0x00007ffb1bfb0000 - 0x00007ffb1bfd6000 	C:\windows\SYSTEM32\bcrypt.dll
0x00007ffb1b6c0000 - 0x00007ffb1b6cc000 	C:\windows\SYSTEM32\CRYPTBASE.dll
0x00007ffb1a890000 - 0x00007ffb1a8c3000 	C:\windows\SYSTEM32\IPHLPAPI.DLL
0x00007ffb1d190000 - 0x00007ffb1d19a000 	C:\windows\System32\NSI.dll
0x00007ffb135c0000 - 0x00007ffb135ca000 	C:\Program Files\Java\zulu21.40.17-ca-fx-jdk21.0.6-win_x64\bin\management.dll
0x00007ffb135a0000 - 0x00007ffb135ac000 	C:\Program Files\Java\zulu21.40.17-ca-fx-jdk21.0.6-win_x64\bin\management_ext.dll
0x00007ffb1da00000 - 0x00007ffb1da08000 	C:\windows\System32\PSAPI.DLL
0x00007ffb12b60000 - 0x00007ffb12b70000 	C:\Program Files\Java\zulu21.40.17-ca-fx-jdk21.0.6-win_x64\bin\verify.dll
0x00007ffb1a8d0000 - 0x00007ffb1a9f7000 	C:\windows\SYSTEM32\DNSAPI.dll
0x00007ffb15990000 - 0x00007ffb1599b000 	C:\Windows\System32\rasadhlp.dll
0x00007ffb136c0000 - 0x00007ffb13746000 	C:\windows\System32\fwpuclnt.dll

dbghelp: loaded successfully - version: 4.0.5 - missing functions: none
symbol engine: initialized successfully - sym options: 0x614 - pdb path: .;C:\Program Files\Java\zulu21.40.17-ca-fx-jdk21.0.6-win_x64\bin;C:\windows\SYSTEM32;C:\windows\WinSxS\amd64_microsoft.windows.common-controls_6595b64144ccf1df_6.0.26100.3912_none_3e07963ce335137e;C:\Program Files\Java\zulu21.40.17-ca-fx-jdk21.0.6-win_x64\bin\server;C:\Program Files\JetBrains\IntelliJ IDEA Community Edition 2024.3.2.2\bin

VM Arguments:
jvm_args: -javaagent:C:\Program Files\JetBrains\IntelliJ IDEA Community Edition 2024.3.2.2\lib\idea_rt.jar=57524:C:\Program Files\JetBrains\IntelliJ IDEA Community Edition 2024.3.2.2\bin -Dfile.encoding=UTF-8 -Dsun.stdout.encoding=UTF-8 -Dsun.stderr.encoding=UTF-8 
java_command: com.noureddine.library.LibraryApplication
java_class_path (initial): D:\Projects\MultidisciplinaryProject\Library\library\target\classes;C:\Users\asus\.m2\repository\org\springframework\boot\spring-boot-starter-validation\3.4.4\spring-boot-starter-validation-3.4.4.jar;C:\Users\asus\.m2\repository\org\springframework\boot\spring-boot-starter\3.4.4\spring-boot-starter-3.4.4.jar;C:\Users\asus\.m2\repository\org\springframework\boot\spring-boot\3.4.4\spring-boot-3.4.4.jar;C:\Users\asus\.m2\repository\org\springframework\boot\spring-boot-autoconfigure\3.4.4\spring-boot-autoconfigure-3.4.4.jar;C:\Users\asus\.m2\repository\org\springframework\boot\spring-boot-starter-logging\3.4.4\spring-boot-starter-logging-3.4.4.jar;C:\Users\asus\.m2\repository\ch\qos\logback\logback-classic\1.5.18\logback-classic-1.5.18.jar;C:\Users\asus\.m2\repository\ch\qos\logback\logback-core\1.5.18\logback-core-1.5.18.jar;C:\Users\asus\.m2\repository\org\apache\logging\log4j\log4j-to-slf4j\2.24.3\log4j-to-slf4j-2.24.3.jar;C:\Users\asus\.m2\repository\org\apache\logging\log4j\log4j-api\2.24.3\log4j-api-2.24.3.jar;C:\Users\asus\.m2\repository\org\slf4j\jul-to-slf4j\2.0.17\jul-to-slf4j-2.0.17.jar;C:\Users\asus\.m2\repository\jakarta\annotation\jakarta.annotation-api\2.1.1\jakarta.annotation-api-2.1.1.jar;C:\Users\asus\.m2\repository\org\yaml\snakeyaml\2.3\snakeyaml-2.3.jar;C:\Users\asus\.m2\repository\org\apache\tomcat\embed\tomcat-embed-el\10.1.39\tomcat-embed-el-10.1.39.jar;C:\Users\asus\.m2\repository\org\hibernate\validator\hibernate-validator\8.0.2.Final\hibernate-validator-8.0.2.Final.jar;C:\Users\asus\.m2\repository\jakarta\validation\jakarta.validation-api\3.0.2\jakarta.validation-api-3.0.2.jar;C:\Users\asus\.m2\repository\org\jboss\logging\jboss-logging\3.6.1.Final\jboss-logging-3.6.1.Final.jar;C:\Users\asus\.m2\repository\com\fasterxml\classmate\1.7.0\classmate-1.7.0.jar;C:\Users\asus\.m2\repository\org\springframework\boot\spring-boot-starter-security\3.4.4\spring-boot-starter-security-3.4.4.jar;C:\Users\asus\.m2\repository\org\springframework\spring-aop\6.2.5\spring-aop-6.2.5.jar;C:\Users\asus\.m2\repository\org\springframework\spring-beans\6.2.5\spring-beans-6.2.5.jar;C:\Users\asus\.m2\repository\org\springframework\security\spring-security-config\6.4.4\spring-security-config-6.4.4.jar;C:\Users\asus\.m2\repository\org\springframework\security\spring-security-core\6.4.4\spring-security-core-6.4.4.jar;C:\Users\asus\.m2\repository\org\springframework\security\spring-security-crypto\6.4.4\spring-security-crypto-6.4.4.jar;C:\Users\asus\.m2\repository\org\springframework\spring-context\6.2.5\spring-context-6.2.5.jar;C:\Users\asus\.m2\repository\org\springframework\security\spring-security-web\6.4.4\spring-security-web-6.4.4.jar;C:\Users\asus\.m2\repository\org\springframework\spring-expression\6.2.5\spring-expression-6.2.5.jar;C:\Users\asus\.m2\repository\io\jsonwebtoken\jjwt-api\0.11.5\jjwt-api-0.11.5.jar;C:\Users\asus\.m2\repository\io\jsonwebtoken\jjwt-impl\0.11.5\jjwt-impl-0.11.5.jar;C:\Users\asus\.m2\repository\io\jsonwebtoken\jjwt-jackson\0.11.5\jjwt-jackson-0.11.5.jar;C:\Users\asus\.m2\repository\com\fasterxml\jackson\core\jackson-databind\2.18.3\jackson-databind-2.18.3.jar;C:\Users\asus\.m2\repository\com\fasterxml\jackson\core\jackson-annotations\2.18.3\jackson-annotations-2.18.3.jar;C:\Users\asus\.m2\repository\com\fasterxml\jackson\core\jackson-core\2.18.3\jackson-core-2.18.3.jar;C:\Users\asus\.m2\repository\org\springframework\boot\spring-boot-starter-hateoas\3.4.4\spring-boot-starter-hateoas-3.4.4.jar;C:\Users\asus\.m2\repository\org\springframework\hateoas\spring-hateoas\2.4.1\spring-hateoas-2.4.1.jar;C:\Users\asus\.m2\repository\org\springframework\plugin\spring-plugin-core\3.0.0\spring-plugin-core-3.0.0.jar;C:\Users\asus\.m2\repository\org\slf4j\slf4j-api\2.0.17\slf4j-api-2.0.17.jar;C:\Users\asus\.m2\repository\org\springframework\boot\spring-boot-starter-data-jpa\3.4.4\spring-boot-starter-data-jpa-3.4.4.jar;C:\Users\asus\.m2\repository\org\hibernate\orm\hibernate-core\6.6.11.Final\hibernate-core-6.6.11.Final.jar;C:\Users\asus\.m2\repository\jakarta\persistence\jakarta.persistence-api\3.1.0\jakarta.persistence-api-3.1.0.jar;C:\Users\asus\.m2\repository\jakarta\transaction\jakarta.transaction-api\2.0.1\jakarta.transaction-api-2.0.1.jar;C:\Users\asus\.m2\repository\org\hibernate\common\hibernate-commons-annotations\7.0.3.Final\hibernate-commons-annotations-7.0.3.Final.jar;C:\Users\asus\.m2\repository\io\smallrye\jandex\3.2.0\jandex-3.2.0.jar;C:\Users\asus\.m2\repository\net\bytebuddy\byte-buddy\1.15.11\byte-buddy-1.15.11.jar;C:\Users\asus\.m2\repository\org\glassfish\jaxb\jaxb-runtime\4.0.5\jaxb-runtime-4.0.5.jar;C:\Users\asus\.m2\repository\org\glassfish\jaxb\jaxb-core\4.0.5\jaxb-core-4.0.5.jar;C:\Users\asus\.m2\repository\org\glassfish\jaxb\txw2\4.0.5\txw2-4.0.5.jar;C:\Users\asus\.m2\repository\com\sun\istack\istack-commons-runtime\4.1.2\istack-commons-runtime-4.1.2.jar;C:\Users\asus\.m2\repository\jakarta\inject\jakarta.inject-api\2.0.1\jakarta.inject-api-2.0.1.jar;C:\Users\asus\.m2\repository\org\antlr\antlr4-runtime\4.13.0\antlr4-runtime-4.13.0.jar;C:\Users\asus\.m2\repository\org\springframework\data\spring-data-jpa\3.4.4\spring-data-jpa-3.4.4.jar;C:\Users\asus\.m2\repository\org\springframework\data\spring-data-commons\3.4.4\spring-data-commons-3.4.4.jar;C:\Users\asus\.m2\repository\org\springframework\spring-orm\6.2.5\spring-orm-6.2.5.jar;C:\Users\asus\.m2\repository\org\springframework\spring-tx\6.2.5\spring-tx-6.2.5.jar;C:\Users\asus\.m2\repository\org\springframework\spring-aspects\6.2.5\spring-aspects-6.2.5.jar;C:\Users\asus\.m2\repository\org\aspectj\aspectjweaver\1.9.23\aspectjweaver-1.9.23.jar;C:\Users\asus\.m2\repository\org\springframework\boot\spring-boot-starter-jdbc\3.4.4\spring-boot-starter-jdbc-3.4.4.jar;C:\Users\asus\.m2\repository\com\zaxxer\HikariCP\5.1.0\HikariCP-5.1.0.jar;C:\Users\asus\.m2\repository\org\springframework\spring-jdbc\6.2.5\spring-jdbc-6.2.5.jar;C:\Users\asus\.m2\repository\org\springframework\boot\spring-boot-starter-mail\3.4.4\spring-boot-starter-mail-3.4.4.jar;C:\Users\asus\.m2\repository\org\springframework\spring-context-support\6.2.5\spring-context-support-6.2.5.jar;C:\Users\asus\.m2\repository\org\eclipse\angus\jakarta.mail\2.0.3\jakarta.mail-2.0.3.jar;C:\Users\asus\.m2\repository\jakarta\activation\jakarta.activation-api\2.1.3\jakarta.activation-api-2.1.3.jar;C:\Users\asus\.m2\repository\org\eclipse\angus\angus-activation\2.0.2\angus-activation-2.0.2.jar;C:\Users\asus\.m2\repository\org\springframework\boot\spring-boot-starter-web\3.4.4\spring-boot-starter-web-3.4.4.jar;C:\Users\asus\.m2\repository\org\springframework\boot\spring-boot-starter-json\3.4.4\spring-boot-starter-json-3.4.4.jar;C:\Users\asus\.m2\repository\com\fasterxml\jackson\datatype\jackson-datatype-jdk8\2.18.3\jackson-datatype-jdk8-2.18.3.jar;C:\Users\asus\.m2\repository\com\fasterxml\jackson\datatype\jackson-datatype-jsr310\2.18.3\jackson-datatype-jsr310-2.18.3.jar;C:\Users\asus\.m2\repository\com\fasterxml\jackson\module\jackson-module-parameter-names\2.18.3\jackson-module-parameter-names-2.18.3.jar;C:\Users\asus\.m2\repository\org\springframework\boot\spring-boot-starter-tomcat\3.4.4\spring-boot-starter-tomcat-3.4.4.jar;C:\Users\asus\.m2\repository\org\apache\tomcat\embed\tomcat-embed-core\10.1.39\tomcat-embed-core-10.1.39.jar;C:\Users\asus\.m2\repository\org\apache\tomcat\embed\tomcat-embed-websocket\10.1.39\tomcat-embed-websocket-10.1.39.jar;C:\Users\asus\.m2\repository\org\springframework\spring-web\6.2.5\spring-web-6.2.5.jar;C:\Users\asus\.m2\repository\io\micrometer\micrometer-observation\1.14.5\micrometer-observation-1.14.5.jar;C:\Users\asus\.m2\repository\io\micrometer\micrometer-commons\1.14.5\micrometer-commons-1.14.5.jar;C:\Users\asus\.m2\repository\org\springframework\spring-webmvc\6.2.5\spring-webmvc-6.2.5.jar;C:\Users\asus\.m2\repository\com\mysql\mysql-connector-j\9.1.0\mysql-connector-j-9.1.0.jar;C:\Users\asus\.m2\repository\com\jayway\jsonpath\json-path\2.9.0\json-path-2.9.0.jar;C:\Users\asus\.m2\repository\jakarta\xml\bind\jakarta.xml.bind-api\4.0.2\jakarta.xml.bind-api-4.0.2.jar;C:\Users\asus\.m2\repository\net\minidev\json-smart\2.5.2\json-smart-2.5.2.jar;C:\Users\asus\.m2\repository\net\minidev\accessors-smart\2.5.2\accessors-smart-2.5.2.jar;C:\Users\asus\.m2\repository\org\ow2\asm\asm\9.7.1\asm-9.7.1.jar;C:\Users\asus\.m2\repository\org\springframework\spring-core\6.2.5\spring-core-6.2.5.jar;C:\Users\asus\.m2\repository\org\springframework\spring-jcl\6.2.5\spring-jcl-6.2.5.jar
Launcher Type: SUN_STANDARD

[Global flags]
     intx CICompilerCount                          = 4                                         {product} {ergonomic}
     uint ConcGCThreads                            = 3                                         {product} {ergonomic}
     uint G1ConcRefinementThreads                  = 10                                        {product} {ergonomic}
   size_t G1HeapRegionSize                         = 2097152                                   {product} {ergonomic}
    uintx GCDrainStackTargetSize                   = 64                                        {product} {ergonomic}
   size_t InitialHeapSize                          = 260046848                                 {product} {ergonomic}
   size_t MarkStackSize                            = 4194304                                   {product} {ergonomic}
   size_t MaxHeapSize                              = 4131389440                                {product} {ergonomic}
   size_t MaxNewSize                               = 2478833664                                {product} {ergonomic}
   size_t MinHeapDeltaBytes                        = 2097152                                   {product} {ergonomic}
   size_t MinHeapSize                              = 8388608                                   {product} {ergonomic}
    uintx NonNMethodCodeHeapSize                   = 5839372                                {pd product} {ergonomic}
    uintx NonProfiledCodeHeapSize                  = 122909434                              {pd product} {ergonomic}
    uintx ProfiledCodeHeapSize                     = 122909434                              {pd product} {ergonomic}
    uintx ReservedCodeCacheSize                    = 251658240                              {pd product} {ergonomic}
     bool SegmentedCodeCache                       = true                                      {product} {ergonomic}
   size_t SoftMaxHeapSize                          = 4131389440                             {manageable} {ergonomic}
     bool UseCompressedOops                        = true                           {product lp64_product} {ergonomic}
     bool UseG1GC                                  = true                                      {product} {ergonomic}
     bool UseLargePagesIndividualAllocation        = false                                  {pd product} {ergonomic}

Logging:
Log output configuration:
 #0: stdout all=warning uptime,level,tags foldmultilines=false
 #1: stderr all=off uptime,level,tags foldmultilines=false

Environment Variables:
JAVA_HOME=C:\Program Files\Java\jdk-17
PATH=C:\Program Files\Common Files\Oracle\Java\javapath;C:\Program Files (x86)\Common Files\Oracle\Java\java8path;C:\Program Files (x86)\Common Files\Oracle\Java\javapath;C:\Program Files (x86)\NVIDIA Corporation\PhysX\Common;C:\windows\system32;C:\windows;C:\windows\System32\Wbem;C:\windows\System32\WindowsPowerShell\v1.0\;C:\windows\System32\OpenSSH\;C:\Program Files (x86)\GtkSharp\2.12\bin;C:\Program Files\dotnet\;C:\Program Files\Git\cmd;C:\Program Files\nodejs\;C:\Program Files\Docker\Docker\resources\bin;C:\Users\asus\AppData\Local\Programs\Python\Launcher\;C:\Program Files\MySQL\MySQL Shell 8.0\bin\;C:\Users\asus\AppData\Local\Microsoft\WindowsApps;C:\Users\asus\AppData\Local\Programs\Microsoft VS Code\bin;C:\MinGW\bin;C:\src\flutter\bin;C:\Users\asus\AppData\Roaming\npm;C:\Program Files\NetBeans-24\netbeans\java\maven\bin;
USERNAME=asus
OS=Windows_NT
PROCESSOR_IDENTIFIER=AMD64 Family 23 Model 104 Stepping 1, AuthenticAMD
TMP=C:\Users\asus\AppData\Local\Temp
TEMP=C:\Users\asus\AppData\Local\Temp




Periodic native trim disabled

---------------  S Y S T E M  ---------------

OS:
 Windows 11 , 64 bit Build 26100 (10.0.26100.3912)
OS uptime: 3 days 14:27 hours
Hyper-V role detected

CPU: total 12 (initial active 12) (12 cores per cpu, 2 threads per core) family 23 model 104 stepping 1 microcode 0x8608104, cx8, cmov, fxsr, ht, mmx, 3dnowpref, sse, sse2, sse3, ssse3, sse4a, sse4.1, sse4.2, popcnt, lzcnt, tsc, tscinvbit, avx, avx2, aes, clmul, bmi1, bmi2, adx, sha, fma, vzeroupper, clflush, clflushopt, hv, rdtscp, rdpid, f16c
Processor Information for processor 0
  Max Mhz: 2100, Current Mhz: 1813, Mhz Limit: 2100
Processor Information for processor 1
  Max Mhz: 2100, Current Mhz: 1813, Mhz Limit: 2100
Processor Information for processor 2
  Max Mhz: 2100, Current Mhz: 2100, Mhz Limit: 2100
Processor Information for processor 3
  Max Mhz: 2100, Current Mhz: 1813, Mhz Limit: 2100
Processor Information for processor 4
  Max Mhz: 2100, Current Mhz: 1813, Mhz Limit: 2100
Processor Information for processor 5
  Max Mhz: 2100, Current Mhz: 1813, Mhz Limit: 2100
Processor Information for processor 6
  Max Mhz: 2100, Current Mhz: 1813, Mhz Limit: 2100
Processor Information for processor 7
  Max Mhz: 2100, Current Mhz: 1813, Mhz Limit: 2100
Processor Information for processor 8
  Max Mhz: 2100, Current Mhz: 1813, Mhz Limit: 2100
Processor Information for processor 9
  Max Mhz: 2100, Current Mhz: 1813, Mhz Limit: 2100
Processor Information for processor 10
  Max Mhz: 2100, Current Mhz: 1813, Mhz Limit: 2100
Processor Information for processor 11
  Max Mhz: 2100, Current Mhz: 1813, Mhz Limit: 2100

Memory: 4k page, system-wide physical 15753M (5103M free)
TotalPageFile size 17801M (AvailPageFile size 271M)
current process WorkingSet (physical memory assigned to process): 479M, peak: 502M
current process commit charge ("private bytes"): 524M, peak: 840M

vm_info: OpenJDK 64-Bit Server VM (21.0.6+7-LTS) for windows-amd64 JRE (21.0.6+7-LTS) (Zulu21.40+17-CA), built on 2025-01-07T13:05:06Z by "zulu_re" with MS VC++ 17.1 (VS2022)

END.
