#
# There is insufficient memory for the Java Runtime Environment to continue.
# Native memory allocation (malloc) failed to allocate 875616 bytes. Error detail: Chunk::new
# Possible reasons:
#   The system is out of physical RAM or swap space
#   This process is running with CompressedOops enabled, and the Java Heap may be blocking the growth of the native heap
# Possible solutions:
#   Reduce memory load on the system
#   Increase physical memory or swap space
#   Check if swap backing store is full
#   Decrease Java heap size (-Xmx/-Xms)
#   Decrease number of Java threads
#   Decrease Java thread stack sizes (-Xss)
#   Set larger code cache with -XX:ReservedCodeCacheSize=
#   JVM is running with Zero Based Compressed Oops mode in which the Java heap is
#     placed in the first 32GB address space. The Java Heap base address is the
#     maximum limit for the native heap growth. Please use -XX:HeapBaseMinAddress
#     to set the Java Heap base and to place the Java Heap above 32GB virtual address.
# This output file may be truncated or incomplete.
#
#  Out of Memory Error (arena.cpp:168), pid=28284, tid=3080
#
# JRE version: OpenJDK Runtime Environment Zulu21.40+17-CA (21.0.6+7) (build 21.0.6+7-LTS)
# Java VM: OpenJDK 64-Bit Server VM Zulu21.40+17-CA (21.0.6+7-LTS, mixed mode, sharing, tiered, compressed oops, compressed class ptrs, g1 gc, windows-amd64)
# No core dump will be written. Minidumps are not enabled by default on client versions of Windows
#

---------------  S U M M A R Y ------------

Command Line: -javaagent:C:\Program Files\JetBrains\IntelliJ IDEA Community Edition 2024.3.2.2\lib\idea_rt.jar=51268:C:\Program Files\JetBrains\IntelliJ IDEA Community Edition 2024.3.2.2\bin -Dfile.encoding=UTF-8 -Dsun.stdout.encoding=UTF-8 -Dsun.stderr.encoding=UTF-8 com.noureddine.library.LibraryApplication

Host: AMD Ryzen 5 5500U with Radeon Graphics         , 12 cores, 15G,  Windows 11 , 64 bit Build 26100 (10.0.26100.3912)
Time: Mon May 12 10:56:59 2025 W. Central Africa Standard Time elapsed time: 1791.115165 seconds (0d 0h 29m 51s)

---------------  T H R E A D  ---------------

Current thread (0x000001efee1fa0c0):  JavaThread "C2 CompilerThread0" daemon [_thread_in_native, id=3080, stack(0x000000d17d400000,0x000000d17d500000) (1024K)]


Current CompileTask:
C2:1791115 9376       4       sun.security.ec.ECOperations::setSum (685 bytes)

Stack: [0x000000d17d400000,0x000000d17d500000]
Native frames: (J=compiled Java code, j=interpreted, Vv=VM code, C=native code)
V  [jvm.dll+0x6fb489]
V  [jvm.dll+0x8dee5f]
V  [jvm.dll+0x8e1258]
V  [jvm.dll+0x8e19c3]
V  [jvm.dll+0x299796]
V  [jvm.dll+0xd2b0d]
V  [jvm.dll+0xd3043]
V  [jvm.dll+0x30e4cd]
V  [jvm.dll+0x6203a4]
V  [jvm.dll+0x266a22]
V  [jvm.dll+0x25f1b5]
V  [jvm.dll+0x25cb3c]
V  [jvm.dll+0x1daf44]
V  [jvm.dll+0x26c860]
V  [jvm.dll+0x26ada9]
V  [jvm.dll+0x414054]
V  [jvm.dll+0x886176]
V  [jvm.dll+0x6f9b84]
C  [ucrtbase.dll+0x37b0]
C  [KERNEL32.DLL+0x2e8d7]
C  [ntdll.dll+0x9c5dc]


---------------  P R O C E S S  ---------------

Threads class SMR info:
_java_thread_list=0x000001eff33b21d0, length=32, elements={
0x000001efee1e82e0, 0x000001efee1e8d40, 0x000001efee1efd80, 0x000001efee1f0ca0,
0x000001efee1f2c20, 0x000001efee1f3830, 0x000001efee1fa0c0, 0x000001efeea890a0,
0x000001efeeb976c0, 0x000001eff305a690, 0x000001efeee69b30, 0x000001eff509acd0,
0x000001eff5099290, 0x000001eff5099920, 0x000001eff509a640, 0x000001eff5097ee0,
0x000001eff651bfb0, 0x000001eff651b290, 0x000001eff65191c0, 0x000001eff651d9f0,
0x000001eff651ccd0, 0x000001eff651d360, 0x000001eff651a570, 0x000001eff651eda0,
0x000001eff651f430, 0x000001eff65207e0, 0x000001eff651e080, 0x000001eff651fac0,
0x000001eff6520150, 0x000001eff651e710, 0x000001eff3cd0fc0, 0x000001eff3cd02a0
}

Java Threads: ( => current thread )
  0x000001efee1e82e0 JavaThread "Reference Handler"          daemon [_thread_blocked, id=22128, stack(0x000000d17ce00000,0x000000d17cf00000) (1024K)]
  0x000001efee1e8d40 JavaThread "Finalizer"                  daemon [_thread_blocked, id=11904, stack(0x000000d17cf00000,0x000000d17d000000) (1024K)]
  0x000001efee1efd80 JavaThread "Signal Dispatcher"          daemon [_thread_blocked, id=10376, stack(0x000000d17d000000,0x000000d17d100000) (1024K)]
  0x000001efee1f0ca0 JavaThread "Attach Listener"            daemon [_thread_blocked, id=22904, stack(0x000000d17d100000,0x000000d17d200000) (1024K)]
  0x000001efee1f2c20 JavaThread "Service Thread"             daemon [_thread_blocked, id=10920, stack(0x000000d17d200000,0x000000d17d300000) (1024K)]
  0x000001efee1f3830 JavaThread "Monitor Deflation Thread"   daemon [_thread_blocked, id=20964, stack(0x000000d17d300000,0x000000d17d400000) (1024K)]
=>0x000001efee1fa0c0 JavaThread "C2 CompilerThread0"         daemon [_thread_in_native, id=3080, stack(0x000000d17d400000,0x000000d17d500000) (1024K)]
  0x000001efeea890a0 JavaThread "C1 CompilerThread0"         daemon [_thread_blocked, id=24360, stack(0x000000d17d500000,0x000000d17d600000) (1024K)]
  0x000001efeeb976c0 JavaThread "Common-Cleaner"             daemon [_thread_blocked, id=17048, stack(0x000000d17d600000,0x000000d17d700000) (1024K)]
  0x000001eff305a690 JavaThread "Monitor Ctrl-Break"         daemon [_thread_in_native, id=18616, stack(0x000000d17d800000,0x000000d17d900000) (1024K)]
  0x000001efeee69b30 JavaThread "Notification Thread"        daemon [_thread_blocked, id=32416, stack(0x000000d17d900000,0x000000d17da00000) (1024K)]
  0x000001eff509acd0 JavaThread "Catalina-utility-1"                [_thread_blocked, id=26320, stack(0x000000d17df00000,0x000000d17e000000) (1024K)]
  0x000001eff5099290 JavaThread "Catalina-utility-2"                [_thread_blocked, id=17192, stack(0x000000d17e700000,0x000000d17e800000) (1024K)]
  0x000001eff5099920 JavaThread "container-0"                       [_thread_blocked, id=25540, stack(0x000000d17e800000,0x000000d17e900000) (1024K)]
  0x000001eff509a640 JavaThread "mysql-cj-abandoned-connection-cleanup" daemon [_thread_blocked, id=24416, stack(0x000000d17e900000,0x000000d17ea00000) (1024K)]
  0x000001eff5097ee0 JavaThread "HikariPool-1 housekeeper"   daemon [_thread_blocked, id=23152, stack(0x000000d17eb00000,0x000000d17ec00000) (1024K)]
  0x000001eff651bfb0 JavaThread "http-nio-8080-exec-1"       daemon [_thread_blocked, id=7156, stack(0x000000d17ed00000,0x000000d17ee00000) (1024K)]
  0x000001eff651b290 JavaThread "http-nio-8080-exec-2"       daemon [_thread_blocked, id=30848, stack(0x000000d17ee00000,0x000000d17ef00000) (1024K)]
  0x000001eff65191c0 JavaThread "http-nio-8080-exec-3"       daemon [_thread_blocked, id=32504, stack(0x000000d17ef00000,0x000000d17f000000) (1024K)]
  0x000001eff651d9f0 JavaThread "http-nio-8080-exec-4"       daemon [_thread_blocked, id=2340, stack(0x000000d17f000000,0x000000d17f100000) (1024K)]
  0x000001eff651ccd0 JavaThread "http-nio-8080-exec-5"       daemon [_thread_blocked, id=27612, stack(0x000000d17f100000,0x000000d17f200000) (1024K)]
  0x000001eff651d360 JavaThread "http-nio-8080-exec-6"       daemon [_thread_blocked, id=20684, stack(0x000000d17f200000,0x000000d17f300000) (1024K)]
  0x000001eff651a570 JavaThread "http-nio-8080-exec-7"       daemon [_thread_blocked, id=30752, stack(0x000000d17f300000,0x000000d17f400000) (1024K)]
  0x000001eff651eda0 JavaThread "http-nio-8080-exec-8"       daemon [_thread_blocked, id=31024, stack(0x000000d17f400000,0x000000d17f500000) (1024K)]
  0x000001eff651f430 JavaThread "http-nio-8080-exec-9"       daemon [_thread_blocked, id=12484, stack(0x000000d17f500000,0x000000d17f600000) (1024K)]
  0x000001eff65207e0 JavaThread "http-nio-8080-exec-10"      daemon [_thread_blocked, id=25948, stack(0x000000d17f600000,0x000000d17f700000) (1024K)]
  0x000001eff651e080 JavaThread "http-nio-8080-Poller"       daemon [_thread_in_native, id=26104, stack(0x000000d17f700000,0x000000d17f800000) (1024K)]
  0x000001eff651fac0 JavaThread "http-nio-8080-Acceptor"     daemon [_thread_in_native, id=22924, stack(0x000000d17f800000,0x000000d17f900000) (1024K)]
  0x000001eff6520150 JavaThread "scheduling-1"                      [_thread_blocked, id=22708, stack(0x000000d17f900000,0x000000d17fa00000) (1024K)]
  0x000001eff651e710 JavaThread "DestroyJavaVM"                     [_thread_blocked, id=7452, stack(0x000000d17c600000,0x000000d17c700000) (1024K)]
  0x000001eff3cd0fc0 JavaThread "HikariPool-1 connection closer" daemon [_thread_blocked, id=28620, stack(0x000000d17c300000,0x000000d17c400000) (1024K)]
  0x000001eff3cd02a0 JavaThread "HikariPool-1 connection adder" daemon [_thread_blocked, id=31584, stack(0x000000d17c400000,0x000000d17c500000) (1024K)]
Total: 32

Other Threads:
  0x000001efee1d1a90 VMThread "VM Thread"                           [id=21152, stack(0x000000d17cd00000,0x000000d17ce00000) (1024K)]
  0x000001efee1bf7b0 WatcherThread "VM Periodic Task Thread"        [id=27284, stack(0x000000d17cc00000,0x000000d17cd00000) (1024K)]
  0x000001efce2e9a10 WorkerThread "GC Thread#0"                     [id=8540, stack(0x000000d17c700000,0x000000d17c800000) (1024K)]
  0x000001eff39b8370 WorkerThread "GC Thread#1"                     [id=25720, stack(0x000000d17da00000,0x000000d17db00000) (1024K)]
  0x000001eff39b8720 WorkerThread "GC Thread#2"                     [id=30152, stack(0x000000d17db00000,0x000000d17dc00000) (1024K)]
  0x000001eff39b8ad0 WorkerThread "GC Thread#3"                     [id=20556, stack(0x000000d17dc00000,0x000000d17dd00000) (1024K)]
  0x000001eff34deb50 WorkerThread "GC Thread#4"                     [id=3692, stack(0x000000d17dd00000,0x000000d17de00000) (1024K)]
  0x000001eff3490160 WorkerThread "GC Thread#5"                     [id=1148, stack(0x000000d17de00000,0x000000d17df00000) (1024K)]
  0x000001eff3c745d0 WorkerThread "GC Thread#6"                     [id=14460, stack(0x000000d17e000000,0x000000d17e100000) (1024K)]
  0x000001eff3bcc1e0 WorkerThread "GC Thread#7"                     [id=21592, stack(0x000000d17e100000,0x000000d17e200000) (1024K)]
  0x000001eff3bcc590 WorkerThread "GC Thread#8"                     [id=26928, stack(0x000000d17e200000,0x000000d17e300000) (1024K)]
  0x000001eff4b47800 WorkerThread "GC Thread#9"                     [id=26988, stack(0x000000d17e400000,0x000000d17e500000) (1024K)]
  0x000001efce2f9f50 ConcurrentGCThread "G1 Main Marker"            [id=22516, stack(0x000000d17c800000,0x000000d17c900000) (1024K)]
  0x000001efce2fb7f0 WorkerThread "G1 Conc#0"                       [id=16396, stack(0x000000d17c900000,0x000000d17ca00000) (1024K)]
  0x000001eff5385cf0 WorkerThread "G1 Conc#1"                       [id=15568, stack(0x000000d17e500000,0x000000d17e600000) (1024K)]
  0x000001eff53860a0 WorkerThread "G1 Conc#2"                       [id=5048, stack(0x000000d17e600000,0x000000d17e700000) (1024K)]
  0x000001efce33e7f0 ConcurrentGCThread "G1 Refine#0"               [id=28940, stack(0x000000d17ca00000,0x000000d17cb00000) (1024K)]
  0x000001efee086420 ConcurrentGCThread "G1 Service"                [id=22956, stack(0x000000d17cb00000,0x000000d17cc00000) (1024K)]
Total: 18

Threads with active compile tasks:
C2 CompilerThread0  1791168 9376       4       sun.security.ec.ECOperations::setSum (685 bytes)
Total: 1

VM state: not at safepoint (normal execution)

VM Mutex/Monitor currently owned by a thread: None

Heap address: 0x0000000709c00000, size: 3940 MB, Compressed Oops mode: Zero based, Oop shift amount: 3

CDS archive(s) mapped at: [0x000001ef80000000-0x000001ef80ce0000-0x000001ef80ce0000), size 13500416, SharedBaseAddress: 0x000001ef80000000, ArchiveRelocationMode: 1.
Compressed class space mapped at: 0x000001ef81000000-0x000001efc1000000, reserved size: 1073741824
Narrow klass base: 0x000001ef80000000, Narrow klass shift: 0, Narrow klass range: 0x100000000

GC Precious Log:
 CardTable entry size: 512
 Card Set container configuration: InlinePtr #cards 4 size 8 Array Of Cards #cards 16 size 48 Howl #buckets 8 coarsen threshold 3686 Howl Bitmap #cards 512 size 80 coarsen threshold 460 Card regions per heap region 1 cards per card region 4096
 CPUs: 12 total, 12 available
 Memory: 15753M
 Large Page Support: Disabled
 NUMA Support: Disabled
 Compressed Oops: Enabled (Zero based)
 Heap Region Size: 2M
 Heap Min Capacity: 8M
 Heap Initial Capacity: 248M
 Heap Max Capacity: 3940M
 Pre-touch: Disabled
 Parallel Workers: 10
 Concurrent Workers: 3
 Concurrent Refinement Workers: 10
 Periodic GC: Disabled

Heap:
 garbage-first heap   total 161792K, used 119881K [0x0000000709c00000, 0x0000000800000000)
  region size 2048K, 25 young (51200K), 3 survivors (6144K)
 Metaspace       used 87347K, committed 88064K, reserved 1179648K
  class space    used 11492K, committed 11840K, reserved 1048576K

Heap Regions: E=young(eden), S=young(survivor), O=old, HS=humongous(starts), HC=humongous(continues), CS=collection set, F=free, TAMS=top-at-mark-start, PB=parsable bottom
|   0|0x0000000709c00000, 0x0000000709e00000, 0x0000000709e00000|100%| O|  |TAMS 0x0000000709c00000| PB 0x0000000709c00000| Untracked 
|   1|0x0000000709e00000, 0x000000070a000000, 0x000000070a000000|100%| O|  |TAMS 0x0000000709e00000| PB 0x0000000709e00000| Untracked 
|   2|0x000000070a000000, 0x000000070a200000, 0x000000070a200000|100%| O|  |TAMS 0x000000070a000000| PB 0x000000070a000000| Untracked 
|   3|0x000000070a200000, 0x000000070a3d3ee8, 0x000000070a400000| 91%| O|  |TAMS 0x000000070a200000| PB 0x000000070a200000| Untracked 
|   4|0x000000070a400000, 0x000000070a600000, 0x000000070a600000|100%| O|  |TAMS 0x000000070a400000| PB 0x000000070a400000| Untracked 
|   5|0x000000070a600000, 0x000000070a800000, 0x000000070a800000|100%| O|  |TAMS 0x000000070a600000| PB 0x000000070a600000| Untracked 
|   6|0x000000070a800000, 0x000000070aa00000, 0x000000070aa00000|100%| O|  |TAMS 0x000000070a800000| PB 0x000000070a800000| Untracked 
|   7|0x000000070aa00000, 0x000000070ac00000, 0x000000070ac00000|100%| O|  |TAMS 0x000000070aa00000| PB 0x000000070aa00000| Untracked 
|   8|0x000000070ac00000, 0x000000070ae00000, 0x000000070ae00000|100%| O|  |TAMS 0x000000070ac00000| PB 0x000000070ac00000| Untracked 
|   9|0x000000070ae00000, 0x000000070b000000, 0x000000070b000000|100%| O|  |TAMS 0x000000070ae00000| PB 0x000000070ae00000| Untracked 
|  10|0x000000070b000000, 0x000000070b200000, 0x000000070b200000|100%| O|  |TAMS 0x000000070b000000| PB 0x000000070b000000| Untracked 
|  11|0x000000070b200000, 0x000000070b400000, 0x000000070b400000|100%| O|  |TAMS 0x000000070b200000| PB 0x000000070b200000| Untracked 
|  12|0x000000070b400000, 0x000000070b600000, 0x000000070b600000|100%| O|  |TAMS 0x000000070b400000| PB 0x000000070b400000| Untracked 
|  13|0x000000070b600000, 0x000000070b800000, 0x000000070b800000|100%| O|  |TAMS 0x000000070b600000| PB 0x000000070b600000| Untracked 
|  14|0x000000070b800000, 0x000000070ba00000, 0x000000070ba00000|100%| O|  |TAMS 0x000000070b800000| PB 0x000000070b800000| Untracked 
|  15|0x000000070ba00000, 0x000000070bc00000, 0x000000070bc00000|100%| O|  |TAMS 0x000000070ba00000| PB 0x000000070ba00000| Untracked 
|  16|0x000000070bc00000, 0x000000070be00000, 0x000000070be00000|100%| O|  |TAMS 0x000000070bc00000| PB 0x000000070bc00000| Untracked 
|  17|0x000000070be00000, 0x000000070c000000, 0x000000070c000000|100%| O|  |TAMS 0x000000070be00000| PB 0x000000070be00000| Untracked 
|  18|0x000000070c000000, 0x000000070c200000, 0x000000070c200000|100%| O|  |TAMS 0x000000070c000000| PB 0x000000070c000000| Untracked 
|  19|0x000000070c200000, 0x000000070c400000, 0x000000070c400000|100%| O|  |TAMS 0x000000070c200000| PB 0x000000070c200000| Untracked 
|  20|0x000000070c400000, 0x000000070c600000, 0x000000070c600000|100%| O|  |TAMS 0x000000070c400000| PB 0x000000070c400000| Untracked 
|  21|0x000000070c600000, 0x000000070c800000, 0x000000070c800000|100%| O|  |TAMS 0x000000070c600000| PB 0x000000070c600000| Untracked 
|  22|0x000000070c800000, 0x000000070ca00000, 0x000000070ca00000|100%| O|  |TAMS 0x000000070c800000| PB 0x000000070c800000| Untracked 
|  23|0x000000070ca00000, 0x000000070cc00000, 0x000000070cc00000|100%| O|  |TAMS 0x000000070ca00000| PB 0x000000070ca00000| Untracked 
|  24|0x000000070cc00000, 0x000000070ce00000, 0x000000070ce00000|100%| O|  |TAMS 0x000000070cc00000| PB 0x000000070cc00000| Untracked 
|  25|0x000000070ce00000, 0x000000070d000000, 0x000000070d000000|100%| O|  |TAMS 0x000000070ce00000| PB 0x000000070ce00000| Untracked 
|  26|0x000000070d000000, 0x000000070d200000, 0x000000070d200000|100%| O|  |TAMS 0x000000070d000000| PB 0x000000070d000000| Untracked 
|  27|0x000000070d200000, 0x000000070d400000, 0x000000070d400000|100%| O|  |TAMS 0x000000070d200000| PB 0x000000070d200000| Untracked 
|  28|0x000000070d400000, 0x000000070d600000, 0x000000070d600000|100%| O|  |TAMS 0x000000070d400000| PB 0x000000070d400000| Untracked 
|  29|0x000000070d600000, 0x000000070d800000, 0x000000070d800000|100%| O|  |TAMS 0x000000070d600000| PB 0x000000070d600000| Untracked 
|  30|0x000000070d800000, 0x000000070da00000, 0x000000070da00000|100%| O|  |TAMS 0x000000070d800000| PB 0x000000070d800000| Untracked 
|  31|0x000000070da00000, 0x000000070dbe31f8, 0x000000070dc00000| 94%| O|  |TAMS 0x000000070da00000| PB 0x000000070da00000| Untracked 
|  32|0x000000070dc00000, 0x000000070dc00000, 0x000000070de00000|  0%| F|  |TAMS 0x000000070dc00000| PB 0x000000070dc00000| Untracked 
|  33|0x000000070de00000, 0x000000070e000000, 0x000000070e000000|100%| O|  |TAMS 0x000000070de00000| PB 0x000000070de00000| Untracked 
|  34|0x000000070e000000, 0x000000070e200000, 0x000000070e200000|100%| O|  |TAMS 0x000000070e000000| PB 0x000000070e000000| Untracked 
|  35|0x000000070e200000, 0x000000070e200000, 0x000000070e400000|  0%| F|  |TAMS 0x000000070e200000| PB 0x000000070e200000| Untracked 
|  36|0x000000070e400000, 0x000000070e400000, 0x000000070e600000|  0%| F|  |TAMS 0x000000070e400000| PB 0x000000070e400000| Untracked 
|  37|0x000000070e600000, 0x000000070e800000, 0x000000070e800000|100%| O|  |TAMS 0x000000070e600000| PB 0x000000070e600000| Untracked 
|  38|0x000000070e800000, 0x000000070e800000, 0x000000070ea00000|  0%| F|  |TAMS 0x000000070e800000| PB 0x000000070e800000| Untracked 
|  39|0x000000070ea00000, 0x000000070ea00000, 0x000000070ec00000|  0%| F|  |TAMS 0x000000070ea00000| PB 0x000000070ea00000| Untracked 
|  40|0x000000070ec00000, 0x000000070ec00000, 0x000000070ee00000|  0%| F|  |TAMS 0x000000070ec00000| PB 0x000000070ec00000| Untracked 
|  41|0x000000070ee00000, 0x000000070ee00000, 0x000000070f000000|  0%| F|  |TAMS 0x000000070ee00000| PB 0x000000070ee00000| Untracked 
|  42|0x000000070f000000, 0x000000070f000000, 0x000000070f200000|  0%| F|  |TAMS 0x000000070f000000| PB 0x000000070f000000| Untracked 
|  43|0x000000070f200000, 0x000000070f200000, 0x000000070f400000|  0%| F|  |TAMS 0x000000070f200000| PB 0x000000070f200000| Untracked 
|  44|0x000000070f400000, 0x000000070f55b580, 0x000000070f600000| 67%| S|CS|TAMS 0x000000070f400000| PB 0x000000070f400000| Complete 
|  45|0x000000070f600000, 0x000000070f800000, 0x000000070f800000|100%| S|CS|TAMS 0x000000070f600000| PB 0x000000070f600000| Complete 
|  46|0x000000070f800000, 0x000000070fa00000, 0x000000070fa00000|100%| S|CS|TAMS 0x000000070f800000| PB 0x000000070f800000| Complete 
|  47|0x000000070fa00000, 0x000000070fa00000, 0x000000070fc00000|  0%| F|  |TAMS 0x000000070fa00000| PB 0x000000070fa00000| Untracked 
|  48|0x000000070fc00000, 0x000000070fc00000, 0x000000070fe00000|  0%| F|  |TAMS 0x000000070fc00000| PB 0x000000070fc00000| Untracked 
|  49|0x000000070fe00000, 0x000000070fe00000, 0x0000000710000000|  0%| F|  |TAMS 0x000000070fe00000| PB 0x000000070fe00000| Untracked 
|  50|0x0000000710000000, 0x0000000710000000, 0x0000000710200000|  0%| F|  |TAMS 0x0000000710000000| PB 0x0000000710000000| Untracked 
|  51|0x0000000710200000, 0x0000000710200000, 0x0000000710400000|  0%| F|  |TAMS 0x0000000710200000| PB 0x0000000710200000| Untracked 
|  52|0x0000000710400000, 0x0000000710400000, 0x0000000710600000|  0%| F|  |TAMS 0x0000000710400000| PB 0x0000000710400000| Untracked 
|  53|0x0000000710600000, 0x0000000710600000, 0x0000000710800000|  0%| F|  |TAMS 0x0000000710600000| PB 0x0000000710600000| Untracked 
|  54|0x0000000710800000, 0x0000000710800000, 0x0000000710a00000|  0%| F|  |TAMS 0x0000000710800000| PB 0x0000000710800000| Untracked 
|  55|0x0000000710a00000, 0x0000000710a00000, 0x0000000710c00000|  0%| F|  |TAMS 0x0000000710a00000| PB 0x0000000710a00000| Untracked 
|  56|0x0000000710c00000, 0x0000000710d07f68, 0x0000000710e00000| 51%| E|  |TAMS 0x0000000710c00000| PB 0x0000000710c00000| Complete 
|  57|0x0000000710e00000, 0x0000000711000000, 0x0000000711000000|100%| E|CS|TAMS 0x0000000710e00000| PB 0x0000000710e00000| Complete 
|  58|0x0000000711000000, 0x0000000711200000, 0x0000000711200000|100%| E|CS|TAMS 0x0000000711000000| PB 0x0000000711000000| Complete 
|  59|0x0000000711200000, 0x0000000711400000, 0x0000000711400000|100%| E|CS|TAMS 0x0000000711200000| PB 0x0000000711200000| Complete 
|  60|0x0000000711400000, 0x0000000711600000, 0x0000000711600000|100%| E|CS|TAMS 0x0000000711400000| PB 0x0000000711400000| Complete 
|  61|0x0000000711600000, 0x0000000711800000, 0x0000000711800000|100%| E|CS|TAMS 0x0000000711600000| PB 0x0000000711600000| Complete 
|  62|0x0000000711800000, 0x0000000711a00000, 0x0000000711a00000|100%| E|CS|TAMS 0x0000000711800000| PB 0x0000000711800000| Complete 
|  63|0x0000000711a00000, 0x0000000711c00000, 0x0000000711c00000|100%| E|CS|TAMS 0x0000000711a00000| PB 0x0000000711a00000| Complete 
|  64|0x0000000711c00000, 0x0000000711e00000, 0x0000000711e00000|100%| E|CS|TAMS 0x0000000711c00000| PB 0x0000000711c00000| Complete 
|  65|0x0000000711e00000, 0x0000000712000000, 0x0000000712000000|100%| E|CS|TAMS 0x0000000711e00000| PB 0x0000000711e00000| Complete 
|  66|0x0000000712000000, 0x0000000712200000, 0x0000000712200000|100%| E|CS|TAMS 0x0000000712000000| PB 0x0000000712000000| Complete 
|  67|0x0000000712200000, 0x0000000712400000, 0x0000000712400000|100%| E|CS|TAMS 0x0000000712200000| PB 0x0000000712200000| Complete 
|  68|0x0000000712400000, 0x0000000712600000, 0x0000000712600000|100%| E|CS|TAMS 0x0000000712400000| PB 0x0000000712400000| Complete 
|  69|0x0000000712600000, 0x0000000712800000, 0x0000000712800000|100%| E|CS|TAMS 0x0000000712600000| PB 0x0000000712600000| Complete 
|  70|0x0000000712800000, 0x0000000712a00000, 0x0000000712a00000|100%| E|CS|TAMS 0x0000000712800000| PB 0x0000000712800000| Complete 
|  71|0x0000000712a00000, 0x0000000712c00000, 0x0000000712c00000|100%| E|CS|TAMS 0x0000000712a00000| PB 0x0000000712a00000| Complete 
|  72|0x0000000712c00000, 0x0000000712e00000, 0x0000000712e00000|100%| E|  |TAMS 0x0000000712c00000| PB 0x0000000712c00000| Complete 
|  99|0x0000000716200000, 0x0000000716400000, 0x0000000716400000|100%| E|CS|TAMS 0x0000000716200000| PB 0x0000000716200000| Complete 
| 100|0x0000000716400000, 0x0000000716600000, 0x0000000716600000|100%| E|CS|TAMS 0x0000000716400000| PB 0x0000000716400000| Complete 
| 101|0x0000000716600000, 0x0000000716800000, 0x0000000716800000|100%| E|CS|TAMS 0x0000000716600000| PB 0x0000000716600000| Complete 
| 123|0x0000000719200000, 0x0000000719400000, 0x0000000719400000|100%| E|CS|TAMS 0x0000000719200000| PB 0x0000000719200000| Complete 
|1968|0x00000007ffc00000, 0x00000007ffe00000, 0x00000007ffe00000|100%| E|CS|TAMS 0x00000007ffc00000| PB 0x00000007ffc00000| Complete 
|1969|0x00000007ffe00000, 0x0000000800000000, 0x0000000800000000|100%| O|  |TAMS 0x00000007ffe00000| PB 0x00000007ffe00000| Untracked 

Card table byte_map: [0x000001efe7880000,0x000001efe8040000] _byte_map_base: 0x000001efe4032000

Marking Bits: (CMBitMap*) 0x000001efce2ea030
 Bits: [0x000001efe8040000, 0x000001efebdd0000)

Polling page: 0x000001efcc130000

Metaspace:

Usage:
  Non-class:     74.08 MB used.
      Class:     11.22 MB used.
       Both:     85.30 MB used.

Virtual space:
  Non-class space:      128.00 MB reserved,      74.44 MB ( 58%) committed,  2 nodes.
      Class space:        1.00 GB reserved,      11.56 MB (  1%) committed,  1 nodes.
             Both:        1.12 GB reserved,      86.00 MB (  7%) committed. 

Chunk freelists:
   Non-Class:  5.45 MB
       Class:  4.42 MB
        Both:  9.87 MB

MaxMetaspaceSize: unlimited
CompressedClassSpaceSize: 1.00 GB
Initial GC threshold: 21.00 MB
Current GC threshold: 119.50 MB
CDS: on
 - commit_granule_bytes: 65536.
 - commit_granule_words: 8192.
 - virtual_space_node_default_size: 8388608.
 - enlarge_chunks_in_place: 1.
 - use_allocation_guard: 0.


Internal statistics:

num_allocs_failed_limit: 9.
num_arena_births: 1078.
num_arena_deaths: 0.
num_vsnodes_births: 3.
num_vsnodes_deaths: 0.
num_space_committed: 1376.
num_space_uncommitted: 0.
num_chunks_returned_to_freelist: 9.
num_chunks_taken_from_freelist: 4121.
num_chunk_merges: 9.
num_chunk_splits: 3038.
num_chunks_enlarged: 2412.
num_inconsistent_stats: 0.

CodeHeap 'non-profiled nmethods': size=120000Kb used=6255Kb max_used=6255Kb free=113744Kb
 bounds [0x000001efdf640000, 0x000001efdfc60000, 0x000001efe6b70000]
CodeHeap 'profiled nmethods': size=120000Kb used=16200Kb max_used=16200Kb free=103800Kb
 bounds [0x000001efd7b70000, 0x000001efd8b50000, 0x000001efdf0a0000]
CodeHeap 'non-nmethods': size=5760Kb used=1774Kb max_used=1827Kb free=3986Kb
 bounds [0x000001efdf0a0000, 0x000001efdf310000, 0x000001efdf640000]
 total_blobs=9218 nmethods=8441 adapters=679
 compilation: enabled
              stopped_count=0, restarted_count=0
 full_count=0

Compilation events (20 events):
Event: 1789.028 Thread 0x000001efee1fa0c0 nmethod 9374 0x000001efdfc5b190 code [0x000001efdfc5b340, 0x000001efdfc5b5a0]
Event: 1789.029 Thread 0x000001efeea890a0 9375       1       java.security.spec.ECParameterSpec::getOrder (5 bytes)
Event: 1789.029 Thread 0x000001efeea890a0 nmethod 9375 0x000001efdfc5b790 code [0x000001efdfc5b920, 0x000001efdfc5b9f0]
Event: 1789.029 Thread 0x000001efee1fa0c0 9376       4       sun.security.ec.ECOperations::setSum (685 bytes)
Event: 1789.030 Thread 0x000001efeea890a0 9377       3       java.math.BigInteger::add (215 bytes)
Event: 1789.031 Thread 0x000001efeea890a0 nmethod 9377 0x000001efd8b3f090 code [0x000001efd8b3f2a0, 0x000001efd8b3faa0]
Event: 1789.036 Thread 0x000001efeea890a0 9378       3       sun.security.ssl.SignatureScheme::values (10 bytes)
Event: 1789.036 Thread 0x000001efeea890a0 nmethod 9378 0x000001efd8b3fe10 code [0x000001efd8b3ffc0, 0x000001efd8b40268]
Event: 1789.036 Thread 0x000001efeea890a0 9379       3       jdk.internal.util.ArraysSupport::hashCode (33 bytes)
Event: 1789.036 Thread 0x000001efeea890a0 nmethod 9379 0x000001efd8b40310 code [0x000001efd8b404c0, 0x000001efd8b40688]
Event: 1789.036 Thread 0x000001efeea890a0 9380       3       sun.security.util.DisabledAlgorithmConstraints$Constraints::getConstraints (20 bytes)
Event: 1789.037 Thread 0x000001efeea890a0 nmethod 9380 0x000001efd8b40790 code [0x000001efd8b40980, 0x000001efd8b40e88]
Event: 1789.039 Thread 0x000001efeea890a0 9381       3       java.nio.ByteBuffer::get (9 bytes)
Event: 1789.039 Thread 0x000001efeea890a0 nmethod 9381 0x000001efd8b41010 code [0x000001efd8b411c0, 0x000001efd8b413a0]
Event: 1789.041 Thread 0x000001efeea890a0 9382       3       com.mysql.cj.result.Field::getName (8 bytes)
Event: 1789.042 Thread 0x000001efeea890a0 nmethod 9382 0x000001efd8b41490 code [0x000001efd8b41640, 0x000001efd8b41838]
Event: 1789.042 Thread 0x000001efeea890a0 9383       1       com.mysql.cj.conf.AbstractPropertyDefinition::isRuntimeModifiable (5 bytes)
Event: 1789.042 Thread 0x000001efeea890a0 nmethod 9383 0x000001efdfc5ba90 code [0x000001efdfc5bc20, 0x000001efdfc5bcf0]
Event: 1789.043 Thread 0x000001efeea890a0 9384       3       com.mysql.cj.ServerVersion::<init> (9 bytes)
Event: 1789.044 Thread 0x000001efeea890a0 nmethod 9384 0x000001efd8b41910 code [0x000001efd8b41b00, 0x000001efd8b41ec0]

GC Heap History (20 events):
Event: 6.232 GC heap before
{Heap before GC invocations=9 (full 0):
 garbage-first heap   total 59392K, used 47150K [0x0000000709c00000, 0x0000000800000000)
  region size 2048K, 14 young (28672K), 2 survivors (4096K)
 Metaspace       used 52142K, committed 52672K, reserved 1114112K
  class space    used 6600K, committed 6848K, reserved 1048576K
}
Event: 6.237 GC heap after
{Heap after GC invocations=10 (full 0):
 garbage-first heap   total 59392K, used 24099K [0x0000000709c00000, 0x0000000800000000)
  region size 2048K, 2 young (4096K), 2 survivors (4096K)
 Metaspace       used 52142K, committed 52672K, reserved 1114112K
  class space    used 6600K, committed 6848K, reserved 1048576K
}
Event: 6.682 GC heap before
{Heap before GC invocations=10 (full 0):
 garbage-first heap   total 59392K, used 48675K [0x0000000709c00000, 0x0000000800000000)
  region size 2048K, 14 young (28672K), 2 survivors (4096K)
 Metaspace       used 59324K, committed 59840K, reserved 1114112K
  class space    used 7560K, committed 7808K, reserved 1048576K
}
Event: 6.686 GC heap after
{Heap after GC invocations=11 (full 0):
 garbage-first heap   total 59392K, used 25750K [0x0000000709c00000, 0x0000000800000000)
  region size 2048K, 1 young (2048K), 1 survivors (2048K)
 Metaspace       used 59324K, committed 59840K, reserved 1114112K
  class space    used 7560K, committed 7808K, reserved 1048576K
}
Event: 6.699 GC heap before
{Heap before GC invocations=11 (full 0):
 garbage-first heap   total 59392K, used 25750K [0x0000000709c00000, 0x0000000800000000)
  region size 2048K, 2 young (4096K), 1 survivors (2048K)
 Metaspace       used 59509K, committed 60096K, reserved 1114112K
  class space    used 7603K, committed 7872K, reserved 1048576K
}
Event: 6.701 GC heap after
{Heap after GC invocations=12 (full 0):
 garbage-first heap   total 59392K, used 25553K [0x0000000709c00000, 0x0000000800000000)
  region size 2048K, 1 young (2048K), 1 survivors (2048K)
 Metaspace       used 59509K, committed 60096K, reserved 1114112K
  class space    used 7603K, committed 7872K, reserved 1048576K
}
Event: 7.230 GC heap before
{Heap before GC invocations=13 (full 0):
 garbage-first heap   total 59392K, used 48081K [0x0000000709c00000, 0x0000000800000000)
  region size 2048K, 13 young (26624K), 1 survivors (2048K)
 Metaspace       used 64597K, committed 65280K, reserved 1114112K
  class space    used 8396K, committed 8704K, reserved 1048576K
}
Event: 7.234 GC heap after
{Heap after GC invocations=14 (full 0):
 garbage-first heap   total 157696K, used 26761K [0x0000000709c00000, 0x0000000800000000)
  region size 2048K, 2 young (4096K), 2 survivors (4096K)
 Metaspace       used 64597K, committed 65280K, reserved 1114112K
  class space    used 8396K, committed 8704K, reserved 1048576K
}
Event: 8.339 GC heap before
{Heap before GC invocations=14 (full 0):
 garbage-first heap   total 157696K, used 116873K [0x0000000709c00000, 0x0000000800000000)
  region size 2048K, 46 young (94208K), 2 survivors (4096K)
 Metaspace       used 70850K, committed 71488K, reserved 1114112K
  class space    used 9320K, committed 9600K, reserved 1048576K
}
Event: 8.345 GC heap after
{Heap after GC invocations=15 (full 0):
 garbage-first heap   total 157696K, used 29950K [0x0000000709c00000, 0x0000000800000000)
  region size 2048K, 4 young (8192K), 4 survivors (8192K)
 Metaspace       used 70850K, committed 71488K, reserved 1114112K
  class space    used 9320K, committed 9600K, reserved 1048576K
}
Event: 8.691 GC heap before
{Heap before GC invocations=15 (full 0):
 garbage-first heap   total 157696K, used 115966K [0x0000000709c00000, 0x0000000800000000)
  region size 2048K, 46 young (94208K), 4 survivors (8192K)
 Metaspace       used 72756K, committed 73408K, reserved 1114112K
  class space    used 9698K, committed 9984K, reserved 1048576K
}
Event: 8.704 GC heap after
{Heap after GC invocations=16 (full 0):
 garbage-first heap   total 157696K, used 42314K [0x0000000709c00000, 0x0000000800000000)
  region size 2048K, 6 young (12288K), 6 survivors (12288K)
 Metaspace       used 72756K, committed 73408K, reserved 1114112K
  class space    used 9698K, committed 9984K, reserved 1048576K
}
Event: 8.822 GC heap before
{Heap before GC invocations=16 (full 0):
 garbage-first heap   total 157696K, used 124234K [0x0000000709c00000, 0x0000000800000000)
  region size 2048K, 46 young (94208K), 6 survivors (12288K)
 Metaspace       used 72773K, committed 73408K, reserved 1114112K
  class space    used 9698K, committed 9984K, reserved 1048576K
}
Event: 8.844 GC heap after
{Heap after GC invocations=17 (full 0):
 garbage-first heap   total 161792K, used 67407K [0x0000000709c00000, 0x0000000800000000)
  region size 2048K, 6 young (12288K), 6 survivors (12288K)
 Metaspace       used 72773K, committed 73408K, reserved 1114112K
  class space    used 9698K, committed 9984K, reserved 1048576K
}
Event: 8.932 GC heap before
{Heap before GC invocations=17 (full 0):
 garbage-first heap   total 161792K, used 130895K [0x0000000709c00000, 0x0000000800000000)
  region size 2048K, 37 young (75776K), 6 survivors (12288K)
 Metaspace       used 72782K, committed 73408K, reserved 1114112K
  class space    used 9698K, committed 9984K, reserved 1048576K
}
Event: 8.944 GC heap after
{Heap after GC invocations=18 (full 0):
 garbage-first heap   total 161792K, used 79475K [0x0000000709c00000, 0x0000000800000000)
  region size 2048K, 5 young (10240K), 5 survivors (10240K)
 Metaspace       used 72782K, committed 73408K, reserved 1114112K
  class space    used 9698K, committed 9984K, reserved 1048576K
}
Event: 9.095 GC heap before
{Heap before GC invocations=19 (full 0):
 garbage-first heap   total 161792K, used 134771K [0x0000000709c00000, 0x0000000800000000)
  region size 2048K, 32 young (65536K), 5 survivors (10240K)
 Metaspace       used 74080K, committed 74688K, reserved 1114112K
  class space    used 9867K, committed 10112K, reserved 1048576K
}
Event: 9.099 GC heap after
{Heap after GC invocations=20 (full 0):
 garbage-first heap   total 161792K, used 76463K [0x0000000709c00000, 0x0000000800000000)
  region size 2048K, 1 young (2048K), 1 survivors (2048K)
 Metaspace       used 74080K, committed 74688K, reserved 1114112K
  class space    used 9867K, committed 10112K, reserved 1048576K
}
Event: 120.564 GC heap before
{Heap before GC invocations=20 (full 0):
 garbage-first heap   total 161792K, used 135855K [0x0000000709c00000, 0x0000000800000000)
  region size 2048K, 30 young (61440K), 1 survivors (2048K)
 Metaspace       used 80866K, committed 81664K, reserved 1179648K
  class space    used 10782K, committed 11136K, reserved 1048576K
}
Event: 120.573 GC heap after
{Heap after GC invocations=21 (full 0):
 garbage-first heap   total 161792K, used 78921K [0x0000000709c00000, 0x0000000800000000)
  region size 2048K, 3 young (6144K), 3 survivors (6144K)
 Metaspace       used 80866K, committed 81664K, reserved 1179648K
  class space    used 10782K, committed 11136K, reserved 1048576K
}

Dll operation events (14 events):
Event: 0.019 Loaded shared library C:\Program Files\Java\zulu21.40.17-ca-fx-jdk21.0.6-win_x64\bin\java.dll
Event: 0.066 Loaded shared library C:\Program Files\Java\zulu21.40.17-ca-fx-jdk21.0.6-win_x64\bin\jsvml.dll
Event: 0.223 Loaded shared library C:\Program Files\Java\zulu21.40.17-ca-fx-jdk21.0.6-win_x64\bin\zip.dll
Event: 0.227 Loaded shared library C:\Program Files\Java\zulu21.40.17-ca-fx-jdk21.0.6-win_x64\bin\instrument.dll
Event: 0.236 Loaded shared library C:\Program Files\Java\zulu21.40.17-ca-fx-jdk21.0.6-win_x64\bin\net.dll
Event: 0.240 Loaded shared library C:\Program Files\Java\zulu21.40.17-ca-fx-jdk21.0.6-win_x64\bin\nio.dll
Event: 0.244 Loaded shared library C:\Program Files\Java\zulu21.40.17-ca-fx-jdk21.0.6-win_x64\bin\zip.dll
Event: 0.383 Loaded shared library C:\Program Files\JetBrains\IntelliJ IDEA Community Edition 2024.3.2.2\bin\breakgen64.dll
Event: 0.408 Loaded shared library C:\Program Files\Java\zulu21.40.17-ca-fx-jdk21.0.6-win_x64\bin\extnet.dll
Event: 0.440 Loaded shared library C:\Program Files\Java\zulu21.40.17-ca-fx-jdk21.0.6-win_x64\bin\jimage.dll
Event: 2.364 Loaded shared library C:\Program Files\Java\zulu21.40.17-ca-fx-jdk21.0.6-win_x64\bin\sunmscapi.dll
Event: 4.371 Loaded shared library C:\Program Files\Java\zulu21.40.17-ca-fx-jdk21.0.6-win_x64\bin\management.dll
Event: 4.374 Loaded shared library C:\Program Files\Java\zulu21.40.17-ca-fx-jdk21.0.6-win_x64\bin\management_ext.dll
Event: 5.096 Loaded shared library C:\Program Files\Java\zulu21.40.17-ca-fx-jdk21.0.6-win_x64\bin\verify.dll

Deoptimization events (20 events):
Event: 125.802 Thread 0x000001eff651eda0 DEOPT PACKING pc=0x000001efdf782a40 sp=0x000000d17f4fb010
Event: 125.802 Thread 0x000001eff651eda0 DEOPT UNPACKING pc=0x000001efdf0f46a2 sp=0x000000d17f4fb000 mode 2
Event: 125.802 Thread 0x000001eff651eda0 Uncommon trap: trap_request=0xffffff45 fr.pc=0x000001efdfac844c relative=0x000000000000446c
Event: 125.802 Thread 0x000001eff651eda0 Uncommon trap: reason=unstable_if action=reinterpret pc=0x000001efdfac844c method=org.springframework.transaction.annotation.SpringTransactionAnnotationParser.parseTransactionAnnotation(Ljava/lang/reflect/AnnotatedElement;)Lorg/springframework/transaction
Event: 125.802 Thread 0x000001eff651eda0 DEOPT PACKING pc=0x000001efdfac844c sp=0x000000d17f4fb2f0
Event: 125.802 Thread 0x000001eff651eda0 DEOPT UNPACKING pc=0x000001efdf0f46a2 sp=0x000000d17f4fb2d0 mode 2
Event: 125.807 Thread 0x000001eff651a570 Uncommon trap: trap_request=0xffffffc6 fr.pc=0x000001efdf9854bc relative=0x000000000000111c
Event: 125.807 Thread 0x000001eff651a570 Uncommon trap: reason=bimorphic_or_optimized_type_check action=maybe_recompile pc=0x000001efdf9854bc method=java.util.concurrent.ConcurrentHashMap.putVal(Ljava/lang/Object;Ljava/lang/Object;Z)Ljava/lang/Object; @ 159 c2
Event: 125.807 Thread 0x000001eff651a570 DEOPT PACKING pc=0x000001efdf9854bc sp=0x000000d17f3f9d90
Event: 125.807 Thread 0x000001eff651a570 DEOPT UNPACKING pc=0x000001efdf0f46a2 sp=0x000000d17f3f9d20 mode 2
Event: 125.825 Thread 0x000001eff651eda0 Uncommon trap: trap_request=0xffffff45 fr.pc=0x000001efdf985260 relative=0x0000000000000ec0
Event: 125.825 Thread 0x000001eff651eda0 Uncommon trap: reason=unstable_if action=reinterpret pc=0x000001efdf985260 method=java.util.concurrent.ConcurrentHashMap.putVal(Ljava/lang/Object;Ljava/lang/Object;Z)Ljava/lang/Object; @ 97 c2
Event: 125.825 Thread 0x000001eff651eda0 DEOPT PACKING pc=0x000001efdf985260 sp=0x000000d17f4f9db0
Event: 125.826 Thread 0x000001eff651eda0 DEOPT UNPACKING pc=0x000001efdf0f46a2 sp=0x000000d17f4f9d48 mode 2
Event: 476.364 Thread 0x000001eff651b290 DEOPT PACKING pc=0x000001efd8475f57 sp=0x000000d17eefca90
Event: 476.364 Thread 0x000001eff651b290 DEOPT UNPACKING pc=0x000001efdf0f4e42 sp=0x000000d17eefbf08 mode 0
Event: 1571.276 Thread 0x000001eff509acd0 Uncommon trap: trap_request=0xffffff45 fr.pc=0x000001efdfc3f86c relative=0x00000000000000cc
Event: 1571.276 Thread 0x000001eff509acd0 Uncommon trap: reason=unstable_if action=reinterpret pc=0x000001efdfc3f86c method=java.util.concurrent.ScheduledThreadPoolExecutor$ScheduledFutureTask.compareTo(Ljava/util/concurrent/Delayed;)I @ 40 c2
Event: 1571.276 Thread 0x000001eff509acd0 DEOPT PACKING pc=0x000001efdfc3f86c sp=0x000000d17dffed00
Event: 1571.276 Thread 0x000001eff509acd0 DEOPT UNPACKING pc=0x000001efdf0f46a2 sp=0x000000d17dffec88 mode 2

Classes loaded (20 events):
Event: 121.316 Loading class java/util/stream/DoubleStream
Event: 121.316 Loading class java/util/stream/DoubleStream done
Event: 125.718 Loading class java/util/concurrent/locks/ReentrantReadWriteLock$Sync$HoldCounter
Event: 125.718 Loading class java/util/concurrent/locks/ReentrantReadWriteLock$Sync$HoldCounter done
Event: 125.752 Loading class java/util/zip/DeflaterOutputStream
Event: 125.753 Loading class java/util/zip/DeflaterOutputStream done
Event: 125.753 Loading class java/util/zip/GZIPInputStream
Event: 125.753 Loading class java/util/zip/GZIPInputStream done
Event: 125.754 Loading class java/util/zip/GZIPOutputStream
Event: 125.754 Loading class java/util/zip/GZIPOutputStream done
Event: 125.892 Loading class jdk/internal/reflect/MethodHandleBooleanFieldAccessorImpl
Event: 125.892 Loading class jdk/internal/reflect/MethodHandleBooleanFieldAccessorImpl done
Event: 1768.081 Loading class sun/security/ssl/Alert
Event: 1768.082 Loading class sun/security/ssl/Alert done
Event: 1768.082 Loading class sun/security/ssl/Alert$AlertConsumer
Event: 1768.083 Loading class sun/security/ssl/Alert$AlertConsumer done
Event: 1768.083 Loading class sun/security/ssl/Alert$Level
Event: 1768.083 Loading class sun/security/ssl/Alert$Level done
Event: 1768.085 Loading class sun/net/ConnectionResetException
Event: 1768.086 Loading class sun/net/ConnectionResetException done

Classes unloaded (0 events):
No events

Classes redefined (0 events):
No events

Internal exceptions (20 events):
Event: 10.095 Thread 0x000001efcbf1eaf0 Exception <a 'java/lang/IncompatibleClassChangeError'{0x0000000710ab7c08}: Found class java.lang.Object, but interface was expected> (0x0000000710ab7c08) 
thrown [s\src\hotspot\share\interpreter\linkResolver.cpp, line 840]
Event: 10.168 Thread 0x000001efcbf1eaf0 Exception <a 'java/lang/NoSuchMethodError'{0x00000007109c26b0}: 'java.lang.Object java.lang.invoke.Invokers$Holder.invoke_MT(java.lang.Object, java.lang.Object, java.lang.Object, java.lang.Object, java.lang.Object, java.lang.Object, java.lang.Object, java.lang.Object, java.lang.Object, java.lang.Object, java.lang.Object)'> (0x00000007109c26b0) 
thrown [s\src\hotspot\share\interpreter\linkResolver.cpp, line 773]
Event: 10.232 Thread 0x000001efcbf1eaf0 Exception <a 'java/lang/NoSuchMethodError'{0x00000007104e9408}: 'java.lang.Object java.lang.invoke.DirectMethodHandle$Holder.newInvokeSpecial(java.lang.Object, java.lang.Object, int, java.lang.Object, java.lang.Object)'> (0x00000007104e9408) 
thrown [s\src\hotspot\share\interpreter\linkResolver.cpp, line 773]
Event: 120.584 Thread 0x000001eff651bfb0 Exception <a 'java/lang/NoSuchMethodError'{0x00000007ffc58e08}: 'java.lang.Object java.lang.invoke.DirectMethodHandle$Holder.invokeSpecial(java.lang.Object, java.lang.Object, java.lang.Object, java.lang.Object, java.lang.Object, long)'> (0x00000007ffc58e08) 
thrown [s\src\hotspot\share\interpreter\linkResolver.cpp, line 773]
Event: 120.585 Thread 0x000001eff651bfb0 Exception <a 'java/lang/NoSuchMethodError'{0x00000007ffc5c5a0}: 'java.lang.Object java.lang.invoke.Invokers$Holder.linkToTargetMethod(java.lang.Object, java.lang.Object, java.lang.Object, long, java.lang.Object)'> (0x00000007ffc5c5a0) 
thrown [s\src\hotspot\share\interpreter\linkResolver.cpp, line 773]
Event: 121.023 Thread 0x000001eff651b290 Exception <a 'java/lang/NoSuchMethodError'{0x0000000712b0c190}: 'void java.lang.invoke.DirectMethodHandle$Holder.invokeSpecialIFC(java.lang.Object, java.lang.Object, int, java.lang.Object, java.lang.Object, java.lang.Object, java.lang.Object)'> (0x0000000712b0c190) 
thrown [s\src\hotspot\share\interpreter\linkResolver.cpp, line 773]
Event: 121.097 Thread 0x000001eff651b290 Exception <a 'java/lang/NoSuchMethodError'{0x00000007128cfea8}: 'void java.lang.invoke.Invokers$Holder.invokeExact_MT(java.lang.Object, java.lang.Object, int, java.lang.Object)'> (0x00000007128cfea8) 
thrown [s\src\hotspot\share\interpreter\linkResolver.cpp, line 773]
Event: 121.295 Thread 0x000001eff651b290 Implicit null exception at 0x000001efdfa3c1ad to 0x000001efdfa3c660
Event: 125.829 Thread 0x000001eff651eda0 Exception <a 'java/lang/NoSuchMethodError'{0x000000071209c520}: 'java.lang.Object java.lang.invoke.DirectMethodHandle$Holder.invokeInterface(java.lang.Object, java.lang.Object, java.lang.Object, java.lang.Object, java.lang.Object)'> (0x000000071209c520) 
thrown [s\src\hotspot\share\interpreter\linkResolver.cpp, line 773]
Event: 125.829 Thread 0x000001eff651a570 Exception <a 'java/lang/NoSuchMethodError'{0x000000071206b7e8}: 'java.lang.Object java.lang.invoke.DirectMethodHandle$Holder.invokeInterface(java.lang.Object, java.lang.Object, java.lang.Object, java.lang.Object, java.lang.Object)'> (0x000000071206b7e8) 
thrown [s\src\hotspot\share\interpreter\linkResolver.cpp, line 773]
Event: 125.859 Thread 0x000001eff651eda0 Exception <a 'java/lang/IncompatibleClassChangeError'{0x0000000712128560}: Found class java.lang.Object, but interface was expected> (0x0000000712128560) 
thrown [s\src\hotspot\share\interpreter\linkResolver.cpp, line 840]
Event: 125.885 Thread 0x000001eff651eda0 Exception <a 'java/lang/IncompatibleClassChangeError'{0x00000007121f4fd8}: Found class java.lang.Object, but interface was expected> (0x00000007121f4fd8) 
thrown [s\src\hotspot\share\interpreter\linkResolver.cpp, line 840]
Event: 125.910 Thread 0x000001eff651eda0 Exception <a 'java/lang/IncompatibleClassChangeError'{0x0000000711e6c8a0}: Found class java.lang.Object, but interface was expected> (0x0000000711e6c8a0) 
thrown [s\src\hotspot\share\interpreter\linkResolver.cpp, line 840]
Event: 1768.084 Thread 0x000001eff3cd2a00 Exception <a 'java/io/IOException'{0x0000000710ed0b20}> (0x0000000710ed0b20) 
thrown [s\src\hotspot\share\prims\jni.cpp, line 520]
Event: 1768.085 Thread 0x000001eff3cd2a00 Exception <a 'java/io/IOException'{0x0000000710ed1f38}> (0x0000000710ed1f38) 
thrown [s\src\hotspot\share\prims\jni.cpp, line 520]
Event: 1775.962 Thread 0x000001eff3cd2a00 Exception <a 'java/io/IOException'{0x0000000710ed7748}> (0x0000000710ed7748) 
thrown [s\src\hotspot\share\prims\jni.cpp, line 520]
Event: 1775.963 Thread 0x000001eff3cd2a00 Exception <a 'java/io/IOException'{0x0000000710ed8368}> (0x0000000710ed8368) 
thrown [s\src\hotspot\share\prims\jni.cpp, line 520]
Event: 1784.894 Thread 0x000001eff3cd0fc0 Exception <a 'java/io/IOException'{0x0000000710c267b0}> (0x0000000710c267b0) 
thrown [s\src\hotspot\share\prims\jni.cpp, line 520]
Event: 1784.894 Thread 0x000001eff3cd0fc0 Exception <a 'java/io/IOException'{0x0000000710c273d0}> (0x0000000710c273d0) 
thrown [s\src\hotspot\share\prims\jni.cpp, line 520]
Event: 1789.024 Thread 0x000001eff3cd0fc0 Exception <a 'java/io/IOException'{0x0000000710c29558}> (0x0000000710c29558) 
thrown [s\src\hotspot\share\prims\jni.cpp, line 520]

ZGC Phase Switch (0 events):
No events

VM Operations (20 events):
Event: 975.912 Executing VM operation: Cleanup
Event: 975.912 Executing VM operation: Cleanup done
Event: 1022.896 Executing VM operation: HandshakeAllThreads (HandshakeForDeflation)
Event: 1022.896 Executing VM operation: HandshakeAllThreads (HandshakeForDeflation) done
Event: 1022.896 Executing VM operation: RendezvousGCThreads
Event: 1022.896 Executing VM operation: RendezvousGCThreads done
Event: 1049.167 Executing VM operation: Cleanup
Event: 1049.167 Executing VM operation: Cleanup done
Event: 1126.858 Executing VM operation: Cleanup
Event: 1126.858 Executing VM operation: Cleanup done
Event: 1769.044 Executing VM operation: Cleanup
Event: 1769.044 Executing VM operation: Cleanup done
Event: 1772.063 Executing VM operation: Cleanup
Event: 1772.063 Executing VM operation: Cleanup done
Event: 1776.084 Executing VM operation: Cleanup
Event: 1776.084 Executing VM operation: Cleanup done
Event: 1785.166 Executing VM operation: Cleanup
Event: 1785.166 Executing VM operation: Cleanup done
Event: 1789.178 Executing VM operation: Cleanup
Event: 1789.178 Executing VM operation: Cleanup done

Memory protections (0 events):
No events

Nmethod flushes (20 events):
Event: 8.986 Thread 0x000001efee1d1a90 flushing  nmethod 0x000001efd7d82890
Event: 8.986 Thread 0x000001efee1d1a90 flushing  nmethod 0x000001efd7d83010
Event: 8.986 Thread 0x000001efee1d1a90 flushing  nmethod 0x000001efd7dc0b10
Event: 8.986 Thread 0x000001efee1d1a90 flushing  nmethod 0x000001efd7dc2690
Event: 8.986 Thread 0x000001efee1d1a90 flushing  nmethod 0x000001efd7de5f10
Event: 8.986 Thread 0x000001efee1d1a90 flushing  nmethod 0x000001efd7de6e90
Event: 8.986 Thread 0x000001efee1d1a90 flushing  nmethod 0x000001efd7dee490
Event: 8.986 Thread 0x000001efee1d1a90 flushing  nmethod 0x000001efd7e3b810
Event: 8.986 Thread 0x000001efee1d1a90 flushing  nmethod 0x000001efd7eccc10
Event: 8.986 Thread 0x000001efee1d1a90 flushing  nmethod 0x000001efd7ed0810
Event: 8.986 Thread 0x000001efee1d1a90 flushing  nmethod 0x000001efd7f27590
Event: 8.986 Thread 0x000001efee1d1a90 flushing  nmethod 0x000001efd7f2b090
Event: 8.986 Thread 0x000001efee1d1a90 flushing  nmethod 0x000001efd7fb1c90
Event: 8.986 Thread 0x000001efee1d1a90 flushing  nmethod 0x000001efd7fb2b90
Event: 8.986 Thread 0x000001efee1d1a90 flushing  nmethod 0x000001efd7fb3210
Event: 8.986 Thread 0x000001efee1d1a90 flushing  nmethod 0x000001efd7fb6b10
Event: 8.986 Thread 0x000001efee1d1a90 flushing  nmethod 0x000001efd7fb7410
Event: 8.986 Thread 0x000001efee1d1a90 flushing  nmethod 0x000001efd814d890
Event: 8.986 Thread 0x000001efee1d1a90 flushing  nmethod 0x000001efd8377110
Event: 8.986 Thread 0x000001efee1d1a90 flushing  nmethod 0x000001efd8481e10

Events (20 events):
Event: 120.669 Thread 0x000001efee1fa0c0 Thread added: 0x000001eff95ba910
Event: 121.113 Thread 0x000001eff95ba910 Thread exited: 0x000001eff95ba910
Event: 125.728 Thread 0x000001efeea890a0 Thread added: 0x000001eff95ba910
Event: 125.993 Thread 0x000001efeea890a0 Thread added: 0x000001efeebd2a00
Event: 131.020 Thread 0x000001efeebd2a00 Thread exited: 0x000001efeebd2a00
Event: 131.394 Thread 0x000001eff95ba910 Thread exited: 0x000001eff95ba910
Event: 476.302 Thread 0x000001efeea890a0 Thread added: 0x000001eff95ba910
Event: 481.432 Thread 0x000001eff95ba910 Thread exited: 0x000001eff95ba910
Event: 760.194 Thread 0x000001efeea890a0 Thread added: 0x000001eff41b86b0
Event: 765.134 Thread 0x000001eff41b86b0 Thread exited: 0x000001eff41b86b0
Event: 909.939 Thread 0x000001efeea890a0 Thread added: 0x000001eff41b86b0
Event: 915.070 Thread 0x000001eff41b86b0 Thread exited: 0x000001eff41b86b0
Event: 1768.079 Thread 0x000001eff5097ee0 Thread added: 0x000001eff3cd2a00
Event: 1768.088 Thread 0x000001eff3cd2a00 Thread added: 0x000001eff3cd3090
Event: 1768.103 Thread 0x000001efeea890a0 Thread added: 0x000001eff52c56d0
Event: 1771.173 Thread 0x000001eff52c56d0 Thread exited: 0x000001eff52c56d0
Event: 1780.975 Thread 0x000001eff3cd2a00 Thread exited: 0x000001eff3cd2a00
Event: 1781.036 Thread 0x000001eff3cd3090 Thread exited: 0x000001eff3cd3090
Event: 1784.892 Thread 0x000001eff5097ee0 Thread added: 0x000001eff3cd0fc0
Event: 1784.895 Thread 0x000001eff3cd0fc0 Thread added: 0x000001eff3cd02a0


Dynamic libraries:
0x00007ff6bd700000 - 0x00007ff6bd70e000 	C:\Program Files\Java\zulu21.40.17-ca-fx-jdk21.0.6-win_x64\bin\java.exe
0x00007ffb1ef40000 - 0x00007ffb1f1a6000 	C:\windows\SYSTEM32\ntdll.dll
0x00007ffb1db10000 - 0x00007ffb1dbd9000 	C:\windows\System32\KERNEL32.DLL
0x00007ffb1c930000 - 0x00007ffb1ccfc000 	C:\windows\System32\KERNELBASE.dll
0x00007ffb1c180000 - 0x00007ffb1c2cb000 	C:\windows\System32\ucrtbase.dll
0x00007ffb18e70000 - 0x00007ffb18e8b000 	C:\Program Files\Java\zulu21.40.17-ca-fx-jdk21.0.6-win_x64\bin\VCRUNTIME140.dll
0x00007ffb18b40000 - 0x00007ffb18b59000 	C:\Program Files\Java\zulu21.40.17-ca-fx-jdk21.0.6-win_x64\bin\jli.dll
0x00007ffb1d830000 - 0x00007ffb1d9fa000 	C:\windows\System32\USER32.dll
0x00007ffb1c900000 - 0x00007ffb1c927000 	C:\windows\System32\win32u.dll
0x00007ffb1e6a0000 - 0x00007ffb1e6cb000 	C:\windows\System32\GDI32.dll
0x00007ffb1c7c0000 - 0x00007ffb1c8f2000 	C:\windows\System32\gdi32full.dll
0x00007ffb1c0d0000 - 0x00007ffb1c173000 	C:\windows\System32\msvcp_win.dll
0x00007ffb065d0000 - 0x00007ffb0686a000 	C:\windows\WinSxS\amd64_microsoft.windows.common-controls_6595b64144ccf1df_6.0.26100.3912_none_3e07963ce335137e\COMCTL32.dll
0x00007ffb1e6d0000 - 0x00007ffb1e779000 	C:\windows\System32\msvcrt.dll
0x00007ffb1ce60000 - 0x00007ffb1ce90000 	C:\windows\System32\IMM32.DLL
0x00007ffb191a0000 - 0x00007ffb191ac000 	C:\Program Files\Java\zulu21.40.17-ca-fx-jdk21.0.6-win_x64\bin\vcruntime140_1.dll
0x00007ffb18ab0000 - 0x00007ffb18b3e000 	C:\Program Files\Java\zulu21.40.17-ca-fx-jdk21.0.6-win_x64\bin\msvcp140.dll
0x00007ffa8f2c0000 - 0x00007ffa9009d000 	C:\Program Files\Java\zulu21.40.17-ca-fx-jdk21.0.6-win_x64\bin\server\jvm.dll
0x00007ffb1e5e0000 - 0x00007ffb1e692000 	C:\windows\System32\ADVAPI32.dll
0x00007ffb1e530000 - 0x00007ffb1e5d6000 	C:\windows\System32\sechost.dll
0x00007ffb1dd90000 - 0x00007ffb1dea6000 	C:\windows\System32\RPCRT4.dll
0x00007ffb1df30000 - 0x00007ffb1dfa4000 	C:\windows\System32\WS2_32.dll
0x00007ffb1bf20000 - 0x00007ffb1bf7e000 	C:\windows\SYSTEM32\POWRPROF.dll
0x00007ffb15f60000 - 0x00007ffb15f6b000 	C:\windows\SYSTEM32\VERSION.dll
0x00007ffb137f0000 - 0x00007ffb13826000 	C:\windows\SYSTEM32\WINMM.dll
0x00007ffb1bf00000 - 0x00007ffb1bf14000 	C:\windows\SYSTEM32\UMPDC.dll
0x00007ffb1ae90000 - 0x00007ffb1aeaa000 	C:\windows\SYSTEM32\kernel.appcore.dll
0x00007ffb18f70000 - 0x00007ffb18f7a000 	C:\Program Files\Java\zulu21.40.17-ca-fx-jdk21.0.6-win_x64\bin\jimage.dll
0x00007ffb13830000 - 0x00007ffb13a71000 	C:\windows\SYSTEM32\DBGHELP.DLL
0x00007ffb1e020000 - 0x00007ffb1e3a4000 	C:\windows\System32\combase.dll
0x00007ffb1d0a0000 - 0x00007ffb1d180000 	C:\windows\System32\OLEAUT32.dll
0x00007ffb069d0000 - 0x00007ffb06a09000 	C:\windows\SYSTEM32\dbgcore.DLL
0x00007ffb1c450000 - 0x00007ffb1c4e9000 	C:\windows\System32\bcryptPrimitives.dll
0x00007ffb18f50000 - 0x00007ffb18f60000 	C:\Program Files\Java\zulu21.40.17-ca-fx-jdk21.0.6-win_x64\bin\instrument.dll
0x00007ffb18a70000 - 0x00007ffb18a92000 	C:\Program Files\Java\zulu21.40.17-ca-fx-jdk21.0.6-win_x64\bin\java.dll
0x00007ffb1e780000 - 0x00007ffb1eead000 	C:\windows\System32\SHELL32.dll
0x00007ffb1c640000 - 0x00007ffb1c7b4000 	C:\windows\System32\wintypes.dll
0x00007ffb19d30000 - 0x00007ffb1a586000 	C:\windows\SYSTEM32\windows.storage.dll
0x00007ffb1da10000 - 0x00007ffb1daff000 	C:\windows\System32\SHCORE.dll
0x00007ffb1dfb0000 - 0x00007ffb1e019000 	C:\windows\System32\shlwapi.dll
0x00007ffb1bfe0000 - 0x00007ffb1c00f000 	C:\windows\SYSTEM32\profapi.dll
0x00007ffb12ea0000 - 0x00007ffb12f77000 	C:\Program Files\Java\zulu21.40.17-ca-fx-jdk21.0.6-win_x64\bin\jsvml.dll
0x00007ffb17220000 - 0x00007ffb17238000 	C:\Program Files\Java\zulu21.40.17-ca-fx-jdk21.0.6-win_x64\bin\zip.dll
0x00007ffb189d0000 - 0x00007ffb189e2000 	C:\Program Files\Java\zulu21.40.17-ca-fx-jdk21.0.6-win_x64\bin\net.dll
0x00007ffb15130000 - 0x00007ffb1524e000 	C:\windows\SYSTEM32\WINHTTP.dll
0x00007ffb1b400000 - 0x00007ffb1b46a000 	C:\windows\system32\mswsock.dll
0x00007ffb18960000 - 0x00007ffb18976000 	C:\Program Files\Java\zulu21.40.17-ca-fx-jdk21.0.6-win_x64\bin\nio.dll
0x00007ffb12e50000 - 0x00007ffb12e6a000 	C:\Program Files\JetBrains\IntelliJ IDEA Community Edition 2024.3.2.2\bin\breakgen64.dll
0x00007ffb16960000 - 0x00007ffb16969000 	C:\Program Files\Java\zulu21.40.17-ca-fx-jdk21.0.6-win_x64\bin\extnet.dll
0x00007ffb18950000 - 0x00007ffb1895e000 	C:\Program Files\Java\zulu21.40.17-ca-fx-jdk21.0.6-win_x64\bin\sunmscapi.dll
0x00007ffb1c2d0000 - 0x00007ffb1c447000 	C:\windows\System32\CRYPT32.dll
0x00007ffb1b8b0000 - 0x00007ffb1b8e0000 	C:\windows\SYSTEM32\ncrypt.dll
0x00007ffb1b860000 - 0x00007ffb1b89f000 	C:\windows\SYSTEM32\NTASN1.dll
0x00007ffb1b6a0000 - 0x00007ffb1b6bc000 	C:\windows\SYSTEM32\CRYPTSP.dll
0x00007ffb1adf0000 - 0x00007ffb1ae2a000 	C:\windows\system32\rsaenh.dll
0x00007ffb1b4a0000 - 0x00007ffb1b4cb000 	C:\windows\SYSTEM32\USERENV.dll
0x00007ffb1bfb0000 - 0x00007ffb1bfd6000 	C:\windows\SYSTEM32\bcrypt.dll
0x00007ffb1b6c0000 - 0x00007ffb1b6cc000 	C:\windows\SYSTEM32\CRYPTBASE.dll
0x00007ffb1a890000 - 0x00007ffb1a8c3000 	C:\windows\SYSTEM32\IPHLPAPI.DLL
0x00007ffb1d190000 - 0x00007ffb1d19a000 	C:\windows\System32\NSI.dll
0x00007ffb16950000 - 0x00007ffb1695a000 	C:\Program Files\Java\zulu21.40.17-ca-fx-jdk21.0.6-win_x64\bin\management.dll
0x00007ffb16940000 - 0x00007ffb1694c000 	C:\Program Files\Java\zulu21.40.17-ca-fx-jdk21.0.6-win_x64\bin\management_ext.dll
0x00007ffb1da00000 - 0x00007ffb1da08000 	C:\windows\System32\PSAPI.DLL
0x00007ffb15570000 - 0x00007ffb15580000 	C:\Program Files\Java\zulu21.40.17-ca-fx-jdk21.0.6-win_x64\bin\verify.dll
0x00007ffb1a8d0000 - 0x00007ffb1a9f7000 	C:\windows\SYSTEM32\DNSAPI.dll
0x00007ffb15990000 - 0x00007ffb1599b000 	C:\Windows\System32\rasadhlp.dll
0x00007ffb136c0000 - 0x00007ffb13746000 	C:\windows\System32\fwpuclnt.dll
0x00007ffae8550000 - 0x00007ffae8558000 	C:\windows\system32\wshunix.dll

dbghelp: loaded successfully - version: 4.0.5 - missing functions: none
symbol engine: initialized successfully - sym options: 0x614 - pdb path: .;C:\Program Files\Java\zulu21.40.17-ca-fx-jdk21.0.6-win_x64\bin;C:\windows\SYSTEM32;C:\windows\WinSxS\amd64_microsoft.windows.common-controls_6595b64144ccf1df_6.0.26100.3912_none_3e07963ce335137e;C:\Program Files\Java\zulu21.40.17-ca-fx-jdk21.0.6-win_x64\bin\server;C:\Program Files\JetBrains\IntelliJ IDEA Community Edition 2024.3.2.2\bin

VM Arguments:
jvm_args: -javaagent:C:\Program Files\JetBrains\IntelliJ IDEA Community Edition 2024.3.2.2\lib\idea_rt.jar=51268:C:\Program Files\JetBrains\IntelliJ IDEA Community Edition 2024.3.2.2\bin -Dfile.encoding=UTF-8 -Dsun.stdout.encoding=UTF-8 -Dsun.stderr.encoding=UTF-8 
java_command: com.noureddine.library.LibraryApplication
java_class_path (initial): D:\Projects\MultidisciplinaryProject\Library\library\target\classes;C:\Users\asus\.m2\repository\org\springframework\boot\spring-boot-starter-validation\3.4.4\spring-boot-starter-validation-3.4.4.jar;C:\Users\asus\.m2\repository\org\springframework\boot\spring-boot-starter\3.4.4\spring-boot-starter-3.4.4.jar;C:\Users\asus\.m2\repository\org\springframework\boot\spring-boot\3.4.4\spring-boot-3.4.4.jar;C:\Users\asus\.m2\repository\org\springframework\boot\spring-boot-autoconfigure\3.4.4\spring-boot-autoconfigure-3.4.4.jar;C:\Users\asus\.m2\repository\org\springframework\boot\spring-boot-starter-logging\3.4.4\spring-boot-starter-logging-3.4.4.jar;C:\Users\asus\.m2\repository\ch\qos\logback\logback-classic\1.5.18\logback-classic-1.5.18.jar;C:\Users\asus\.m2\repository\ch\qos\logback\logback-core\1.5.18\logback-core-1.5.18.jar;C:\Users\asus\.m2\repository\org\apache\logging\log4j\log4j-to-slf4j\2.24.3\log4j-to-slf4j-2.24.3.jar;C:\Users\asus\.m2\repository\org\apache\logging\log4j\log4j-api\2.24.3\log4j-api-2.24.3.jar;C:\Users\asus\.m2\repository\org\slf4j\jul-to-slf4j\2.0.17\jul-to-slf4j-2.0.17.jar;C:\Users\asus\.m2\repository\jakarta\annotation\jakarta.annotation-api\2.1.1\jakarta.annotation-api-2.1.1.jar;C:\Users\asus\.m2\repository\org\yaml\snakeyaml\2.3\snakeyaml-2.3.jar;C:\Users\asus\.m2\repository\org\apache\tomcat\embed\tomcat-embed-el\10.1.39\tomcat-embed-el-10.1.39.jar;C:\Users\asus\.m2\repository\org\hibernate\validator\hibernate-validator\8.0.2.Final\hibernate-validator-8.0.2.Final.jar;C:\Users\asus\.m2\repository\jakarta\validation\jakarta.validation-api\3.0.2\jakarta.validation-api-3.0.2.jar;C:\Users\asus\.m2\repository\org\jboss\logging\jboss-logging\3.6.1.Final\jboss-logging-3.6.1.Final.jar;C:\Users\asus\.m2\repository\com\fasterxml\classmate\1.7.0\classmate-1.7.0.jar;C:\Users\asus\.m2\repository\org\springframework\boot\spring-boot-starter-security\3.4.4\spring-boot-starter-security-3.4.4.jar;C:\Users\asus\.m2\repository\org\springframework\spring-aop\6.2.5\spring-aop-6.2.5.jar;C:\Users\asus\.m2\repository\org\springframework\spring-beans\6.2.5\spring-beans-6.2.5.jar;C:\Users\asus\.m2\repository\org\springframework\security\spring-security-config\6.4.4\spring-security-config-6.4.4.jar;C:\Users\asus\.m2\repository\org\springframework\security\spring-security-core\6.4.4\spring-security-core-6.4.4.jar;C:\Users\asus\.m2\repository\org\springframework\security\spring-security-crypto\6.4.4\spring-security-crypto-6.4.4.jar;C:\Users\asus\.m2\repository\org\springframework\spring-context\6.2.5\spring-context-6.2.5.jar;C:\Users\asus\.m2\repository\org\springframework\security\spring-security-web\6.4.4\spring-security-web-6.4.4.jar;C:\Users\asus\.m2\repository\org\springframework\spring-expression\6.2.5\spring-expression-6.2.5.jar;C:\Users\asus\.m2\repository\io\jsonwebtoken\jjwt-api\0.11.5\jjwt-api-0.11.5.jar;C:\Users\asus\.m2\repository\io\jsonwebtoken\jjwt-impl\0.11.5\jjwt-impl-0.11.5.jar;C:\Users\asus\.m2\repository\io\jsonwebtoken\jjwt-jackson\0.11.5\jjwt-jackson-0.11.5.jar;C:\Users\asus\.m2\repository\com\fasterxml\jackson\core\jackson-databind\2.18.3\jackson-databind-2.18.3.jar;C:\Users\asus\.m2\repository\com\fasterxml\jackson\core\jackson-annotations\2.18.3\jackson-annotations-2.18.3.jar;C:\Users\asus\.m2\repository\com\fasterxml\jackson\core\jackson-core\2.18.3\jackson-core-2.18.3.jar;C:\Users\asus\.m2\repository\org\springframework\boot\spring-boot-starter-hateoas\3.4.4\spring-boot-starter-hateoas-3.4.4.jar;C:\Users\asus\.m2\repository\org\springframework\hateoas\spring-hateoas\2.4.1\spring-hateoas-2.4.1.jar;C:\Users\asus\.m2\repository\org\springframework\plugin\spring-plugin-core\3.0.0\spring-plugin-core-3.0.0.jar;C:\Users\asus\.m2\repository\org\slf4j\slf4j-api\2.0.17\slf4j-api-2.0.17.jar;C:\Users\asus\.m2\repository\org\springframework\boot\spring-boot-starter-data-jpa\3.4.4\spring-boot-starter-data-jpa-3.4.4.jar;C:\Users\asus\.m2\repository\org\hibernate\orm\hibernate-core\6.6.11.Final\hibernate-core-6.6.11.Final.jar;C:\Users\asus\.m2\repository\jakarta\persistence\jakarta.persistence-api\3.1.0\jakarta.persistence-api-3.1.0.jar;C:\Users\asus\.m2\repository\jakarta\transaction\jakarta.transaction-api\2.0.1\jakarta.transaction-api-2.0.1.jar;C:\Users\asus\.m2\repository\org\hibernate\common\hibernate-commons-annotations\7.0.3.Final\hibernate-commons-annotations-7.0.3.Final.jar;C:\Users\asus\.m2\repository\io\smallrye\jandex\3.2.0\jandex-3.2.0.jar;C:\Users\asus\.m2\repository\net\bytebuddy\byte-buddy\1.15.11\byte-buddy-1.15.11.jar;C:\Users\asus\.m2\repository\org\glassfish\jaxb\jaxb-runtime\4.0.5\jaxb-runtime-4.0.5.jar;C:\Users\asus\.m2\repository\org\glassfish\jaxb\jaxb-core\4.0.5\jaxb-core-4.0.5.jar;C:\Users\asus\.m2\repository\org\glassfish\jaxb\txw2\4.0.5\txw2-4.0.5.jar;C:\Users\asus\.m2\repository\com\sun\istack\istack-commons-runtime\4.1.2\istack-commons-runtime-4.1.2.jar;C:\Users\asus\.m2\repository\jakarta\inject\jakarta.inject-api\2.0.1\jakarta.inject-api-2.0.1.jar;C:\Users\asus\.m2\repository\org\antlr\antlr4-runtime\4.13.0\antlr4-runtime-4.13.0.jar;C:\Users\asus\.m2\repository\org\springframework\data\spring-data-jpa\3.4.4\spring-data-jpa-3.4.4.jar;C:\Users\asus\.m2\repository\org\springframework\data\spring-data-commons\3.4.4\spring-data-commons-3.4.4.jar;C:\Users\asus\.m2\repository\org\springframework\spring-orm\6.2.5\spring-orm-6.2.5.jar;C:\Users\asus\.m2\repository\org\springframework\spring-tx\6.2.5\spring-tx-6.2.5.jar;C:\Users\asus\.m2\repository\org\springframework\spring-aspects\6.2.5\spring-aspects-6.2.5.jar;C:\Users\asus\.m2\repository\org\aspectj\aspectjweaver\1.9.23\aspectjweaver-1.9.23.jar;C:\Users\asus\.m2\repository\org\springframework\boot\spring-boot-starter-jdbc\3.4.4\spring-boot-starter-jdbc-3.4.4.jar;C:\Users\asus\.m2\repository\com\zaxxer\HikariCP\5.1.0\HikariCP-5.1.0.jar;C:\Users\asus\.m2\repository\org\springframework\spring-jdbc\6.2.5\spring-jdbc-6.2.5.jar;C:\Users\asus\.m2\repository\org\springframework\boot\spring-boot-starter-mail\3.4.4\spring-boot-starter-mail-3.4.4.jar;C:\Users\asus\.m2\repository\org\springframework\spring-context-support\6.2.5\spring-context-support-6.2.5.jar;C:\Users\asus\.m2\repository\org\eclipse\angus\jakarta.mail\2.0.3\jakarta.mail-2.0.3.jar;C:\Users\asus\.m2\repository\jakarta\activation\jakarta.activation-api\2.1.3\jakarta.activation-api-2.1.3.jar;C:\Users\asus\.m2\repository\org\eclipse\angus\angus-activation\2.0.2\angus-activation-2.0.2.jar;C:\Users\asus\.m2\repository\org\springframework\boot\spring-boot-starter-web\3.4.4\spring-boot-starter-web-3.4.4.jar;C:\Users\asus\.m2\repository\org\springframework\boot\spring-boot-starter-json\3.4.4\spring-boot-starter-json-3.4.4.jar;C:\Users\asus\.m2\repository\com\fasterxml\jackson\datatype\jackson-datatype-jdk8\2.18.3\jackson-datatype-jdk8-2.18.3.jar;C:\Users\asus\.m2\repository\com\fasterxml\jackson\datatype\jackson-datatype-jsr310\2.18.3\jackson-datatype-jsr310-2.18.3.jar;C:\Users\asus\.m2\repository\com\fasterxml\jackson\module\jackson-module-parameter-names\2.18.3\jackson-module-parameter-names-2.18.3.jar;C:\Users\asus\.m2\repository\org\springframework\boot\spring-boot-starter-tomcat\3.4.4\spring-boot-starter-tomcat-3.4.4.jar;C:\Users\asus\.m2\repository\org\apache\tomcat\embed\tomcat-embed-core\10.1.39\tomcat-embed-core-10.1.39.jar;C:\Users\asus\.m2\repository\org\apache\tomcat\embed\tomcat-embed-websocket\10.1.39\tomcat-embed-websocket-10.1.39.jar;C:\Users\asus\.m2\repository\org\springframework\spring-web\6.2.5\spring-web-6.2.5.jar;C:\Users\asus\.m2\repository\io\micrometer\micrometer-observation\1.14.5\micrometer-observation-1.14.5.jar;C:\Users\asus\.m2\repository\io\micrometer\micrometer-commons\1.14.5\micrometer-commons-1.14.5.jar;C:\Users\asus\.m2\repository\org\springframework\spring-webmvc\6.2.5\spring-webmvc-6.2.5.jar;C:\Users\asus\.m2\repository\com\mysql\mysql-connector-j\9.1.0\mysql-connector-j-9.1.0.jar;C:\Users\asus\.m2\repository\com\jayway\jsonpath\json-path\2.9.0\json-path-2.9.0.jar;C:\Users\asus\.m2\repository\jakarta\xml\bind\jakarta.xml.bind-api\4.0.2\jakarta.xml.bind-api-4.0.2.jar;C:\Users\asus\.m2\repository\net\minidev\json-smart\2.5.2\json-smart-2.5.2.jar;C:\Users\asus\.m2\repository\net\minidev\accessors-smart\2.5.2\accessors-smart-2.5.2.jar;C:\Users\asus\.m2\repository\org\ow2\asm\asm\9.7.1\asm-9.7.1.jar;C:\Users\asus\.m2\repository\org\springframework\spring-core\6.2.5\spring-core-6.2.5.jar;C:\Users\asus\.m2\repository\org\springframework\spring-jcl\6.2.5\spring-jcl-6.2.5.jar
Launcher Type: SUN_STANDARD

[Global flags]
     intx CICompilerCount                          = 4                                         {product} {ergonomic}
     uint ConcGCThreads                            = 3                                         {product} {ergonomic}
     uint G1ConcRefinementThreads                  = 10                                        {product} {ergonomic}
   size_t G1HeapRegionSize                         = 2097152                                   {product} {ergonomic}
    uintx GCDrainStackTargetSize                   = 64                                        {product} {ergonomic}
   size_t InitialHeapSize                          = 260046848                                 {product} {ergonomic}
   size_t MarkStackSize                            = 4194304                                   {product} {ergonomic}
   size_t MaxHeapSize                              = 4131389440                                {product} {ergonomic}
   size_t MaxNewSize                               = 2478833664                                {product} {ergonomic}
   size_t MinHeapDeltaBytes                        = 2097152                                   {product} {ergonomic}
   size_t MinHeapSize                              = 8388608                                   {product} {ergonomic}
    uintx NonNMethodCodeHeapSize                   = 5839372                                {pd product} {ergonomic}
    uintx NonProfiledCodeHeapSize                  = 122909434                              {pd product} {ergonomic}
    uintx ProfiledCodeHeapSize                     = 122909434                              {pd product} {ergonomic}
    uintx ReservedCodeCacheSize                    = 251658240                              {pd product} {ergonomic}
     bool SegmentedCodeCache                       = true                                      {product} {ergonomic}
   size_t SoftMaxHeapSize                          = 4131389440                             {manageable} {ergonomic}
     bool UseCompressedOops                        = true                           {product lp64_product} {ergonomic}
     bool UseG1GC                                  = true                                      {product} {ergonomic}
     bool UseLargePagesIndividualAllocation        = false                                  {pd product} {ergonomic}

Logging:
Log output configuration:
 #0: stdout all=warning uptime,level,tags foldmultilines=false
 #1: stderr all=off uptime,level,tags foldmultilines=false

Environment Variables:
JAVA_HOME=C:\Program Files\Java\jdk-17
PATH=C:\Program Files\Common Files\Oracle\Java\javapath;C:\Program Files (x86)\Common Files\Oracle\Java\java8path;C:\Program Files (x86)\Common Files\Oracle\Java\javapath;C:\Program Files (x86)\NVIDIA Corporation\PhysX\Common;C:\windows\system32;C:\windows;C:\windows\System32\Wbem;C:\windows\System32\WindowsPowerShell\v1.0\;C:\windows\System32\OpenSSH\;C:\Program Files (x86)\GtkSharp\2.12\bin;C:\Program Files\dotnet\;C:\Program Files\Git\cmd;C:\Program Files\nodejs\;C:\Program Files\Docker\Docker\resources\bin;C:\Users\asus\AppData\Local\Programs\Python\Launcher\;C:\Program Files\MySQL\MySQL Shell 8.0\bin\;C:\Users\asus\AppData\Local\Microsoft\WindowsApps;C:\Users\asus\AppData\Local\Programs\Microsoft VS Code\bin;C:\MinGW\bin;C:\src\flutter\bin;C:\Users\asus\AppData\Roaming\npm;C:\Program Files\NetBeans-24\netbeans\java\maven\bin;
USERNAME=asus
OS=Windows_NT
PROCESSOR_IDENTIFIER=AMD64 Family 23 Model 104 Stepping 1, AuthenticAMD
TMP=C:\Users\asus\AppData\Local\Temp
TEMP=C:\Users\asus\AppData\Local\Temp




Periodic native trim disabled

---------------  S Y S T E M  ---------------

OS:
 Windows 11 , 64 bit Build 26100 (10.0.26100.3912)
OS uptime: 3 days 3:23 hours
Hyper-V role detected

CPU: total 12 (initial active 12) (12 cores per cpu, 2 threads per core) family 23 model 104 stepping 1 microcode 0x8608104, cx8, cmov, fxsr, ht, mmx, 3dnowpref, sse, sse2, sse3, ssse3, sse4a, sse4.1, sse4.2, popcnt, lzcnt, tsc, tscinvbit, avx, avx2, aes, clmul, bmi1, bmi2, adx, sha, fma, vzeroupper, clflush, clflushopt, hv, rdtscp, rdpid, f16c
Processor Information for processor 0
  Max Mhz: 2100, Current Mhz: 1813, Mhz Limit: 2100
Processor Information for processor 1
  Max Mhz: 2100, Current Mhz: 1813, Mhz Limit: 2100
Processor Information for processor 2
  Max Mhz: 2100, Current Mhz: 1813, Mhz Limit: 2100
Processor Information for processor 3
  Max Mhz: 2100, Current Mhz: 2100, Mhz Limit: 2100
Processor Information for processor 4
  Max Mhz: 2100, Current Mhz: 1813, Mhz Limit: 2100
Processor Information for processor 5
  Max Mhz: 2100, Current Mhz: 1813, Mhz Limit: 2100
Processor Information for processor 6
  Max Mhz: 2100, Current Mhz: 1813, Mhz Limit: 2100
Processor Information for processor 7
  Max Mhz: 2100, Current Mhz: 1813, Mhz Limit: 2100
Processor Information for processor 8
  Max Mhz: 2100, Current Mhz: 1813, Mhz Limit: 2100
Processor Information for processor 9
  Max Mhz: 2100, Current Mhz: 1813, Mhz Limit: 2100
Processor Information for processor 10
  Max Mhz: 2100, Current Mhz: 1813, Mhz Limit: 2100
Processor Information for processor 11
  Max Mhz: 2100, Current Mhz: 1813, Mhz Limit: 2100

Memory: 4k page, system-wide physical 15753M (4740M free)
TotalPageFile size 17801M (AvailPageFile size 6M)
current process WorkingSet (physical memory assigned to process): 359M, peak: 408M
current process commit charge ("private bytes"): 417M, peak: 446M

vm_info: OpenJDK 64-Bit Server VM (21.0.6+7-LTS) for windows-amd64 JRE (21.0.6+7-LTS) (Zulu21.40+17-CA), built on 2025-01-07T13:05:06Z by "zulu_re" with MS VC++ 17.1 (VS2022)

END.
