#
# There is insufficient memory for the Java Runtime Environment to continue.
# Native memory allocation (mmap) failed to map 566231040 bytes. Error detail: G1 virtual space
# Possible reasons:
#   The system is out of physical RAM or swap space
#   This process is running with CompressedOops enabled, and the Java Heap may be blocking the growth of the native heap
# Possible solutions:
#   Reduce memory load on the system
#   Increase physical memory or swap space
#   Check if swap backing store is full
#   Decrease Java heap size (-Xmx/-Xms)
#   Decrease number of Java threads
#   Decrease Java thread stack sizes (-Xss)
#   Set larger code cache with -XX:ReservedCodeCacheSize=
#   JVM is running with Zero Based Compressed Oops mode in which the Java heap is
#     placed in the first 32GB address space. The Java Heap base address is the
#     maximum limit for the native heap growth. Please use -XX:HeapBaseMinAddress
#     to set the Java Heap base and to place the Java Heap above 32GB virtual address.
# This output file may be truncated or incomplete.
#
#  Out of Memory Error (os_windows.cpp:3686), pid=28412, tid=23128
#
# JRE version: OpenJDK Runtime Environment Zulu21.40+17-CA (21.0.6+7) (build 21.0.6+7-LTS)
# Java VM: OpenJDK 64-Bit Server VM Zulu21.40+17-CA (21.0.6+7-LTS, mixed mode, sharing, tiered, compressed oops, compressed class ptrs, g1 gc, windows-amd64)
# No core dump will be written. Minidumps are not enabled by default on client versions of Windows
#

---------------  S U M M A R Y ------------

Command Line: -javaagent:C:\Program Files\JetBrains\IntelliJ IDEA Community Edition 2024.3.2.2\lib\idea_rt.jar=49850:C:\Program Files\JetBrains\IntelliJ IDEA Community Edition 2024.3.2.2\bin -Dfile.encoding=UTF-8 -Dsun.stdout.encoding=UTF-8 -Dsun.stderr.encoding=UTF-8 com.noureddine.library.LibraryApplication

Host: AMD Ryzen 5 5500U with Radeon Graphics         , 12 cores, 15G,  Windows 11 , 64 bit Build 26100 (10.0.26100.3912)
Time: Wed May 14 23:21:34 2025 W. Central Africa Standard Time elapsed time: 12.685556 seconds (0d 0h 0m 12s)

---------------  T H R E A D  ---------------

Current thread (0x00000215bd590370):  VMThread "VM Thread"          [id=23128, stack(0x0000004418000000,0x0000004418100000) (1024K)]

Stack: [0x0000004418000000,0x0000004418100000]
Native frames: (J=compiled Java code, j=interpreted, Vv=VM code, C=native code)
V  [jvm.dll+0x6fb489]
V  [jvm.dll+0x8dee5f]
V  [jvm.dll+0x8e1258]
V  [jvm.dll+0x8e19c3]
V  [jvm.dll+0x299796]
V  [jvm.dll+0x6f7c15]
V  [jvm.dll+0x6ebb4a]
V  [jvm.dll+0x374a6a]
V  [jvm.dll+0x37c776]
V  [jvm.dll+0x3d1195]
V  [jvm.dll+0x3d1458]
V  [jvm.dll+0x3467e3]
V  [jvm.dll+0x346877]
V  [jvm.dll+0x38d11c]
V  [jvm.dll+0x38b932]
V  [jvm.dll+0x345f81]
V  [jvm.dll+0x38afea]
V  [jvm.dll+0x8e7946]
V  [jvm.dll+0x8e8d64]
V  [jvm.dll+0x8e92b0]
V  [jvm.dll+0x8e9553]
V  [jvm.dll+0x886176]
V  [jvm.dll+0x6f9b84]
C  [ucrtbase.dll+0x37b0]
C  [KERNEL32.DLL+0x2e8d7]
C  [ntdll.dll+0x9c5dc]

VM_Operation (0x000000441a2feb60): G1CollectForAllocation, mode: safepoint, requested by thread 0x0000021585520450


---------------  P R O C E S S  ---------------

Threads class SMR info:
_java_thread_list=0x0000021588e57d20, length=28, elements={
0x000002159cde2410, 0x00000215bd5a7a00, 0x00000215bd5a8610, 0x00000215bd5b0040,
0x00000215bd5b0f30, 0x00000215bd5b1b40, 0x00000215bd5b2880, 0x00000215bd5b47e0,
0x00000215bd5b5560, 0x00000215bd697620, 0x00000215bd836010, 0x00000215bd962960,
0x0000021586b47580, 0x0000021587712f60, 0x00000215873d0860, 0x00000215848a5370,
0x0000021585522520, 0x0000021587fb46d0, 0x0000021587fb1720, 0x000002158551fdc0,
0x0000021585522bb0, 0x0000021585521800, 0x0000021585520450, 0x0000021585520ae0,
0x0000021585521170, 0x0000021585521e90, 0x0000021585523240, 0x00000215891f18f0
}

Java Threads: ( => current thread )
  0x000002159cde2410 JavaThread "main"                              [_thread_blocked, id=26552, stack(0x0000004417900000,0x0000004417a00000) (1024K)]
  0x00000215bd5a7a00 JavaThread "Reference Handler"          daemon [_thread_blocked, id=26012, stack(0x0000004418100000,0x0000004418200000) (1024K)]
  0x00000215bd5a8610 JavaThread "Finalizer"                  daemon [_thread_blocked, id=27048, stack(0x0000004418200000,0x0000004418300000) (1024K)]
  0x00000215bd5b0040 JavaThread "Signal Dispatcher"          daemon [_thread_blocked, id=17532, stack(0x0000004418300000,0x0000004418400000) (1024K)]
  0x00000215bd5b0f30 JavaThread "Attach Listener"            daemon [_thread_blocked, id=17636, stack(0x0000004418400000,0x0000004418500000) (1024K)]
  0x00000215bd5b1b40 JavaThread "Service Thread"             daemon [_thread_blocked, id=12396, stack(0x0000004418500000,0x0000004418600000) (1024K)]
  0x00000215bd5b2880 JavaThread "Monitor Deflation Thread"   daemon [_thread_blocked, id=7308, stack(0x0000004418600000,0x0000004418700000) (1024K)]
  0x00000215bd5b47e0 JavaThread "C2 CompilerThread0"         daemon [_thread_in_native, id=15260, stack(0x0000004418700000,0x0000004418800000) (1024K)]
  0x00000215bd5b5560 JavaThread "C1 CompilerThread0"         daemon [_thread_blocked, id=17716, stack(0x0000004418800000,0x0000004418900000) (1024K)]
  0x00000215bd697620 JavaThread "Common-Cleaner"             daemon [_thread_blocked, id=1472, stack(0x0000004418900000,0x0000004418a00000) (1024K)]
  0x00000215bd836010 JavaThread "Monitor Ctrl-Break"         daemon [_thread_in_native, id=27816, stack(0x0000004418b00000,0x0000004418c00000) (1024K)]
  0x00000215bd962960 JavaThread "Notification Thread"        daemon [_thread_blocked, id=22292, stack(0x0000004418c00000,0x0000004418d00000) (1024K)]
  0x0000021586b47580 JavaThread "Catalina-utility-1"                [_thread_blocked, id=20536, stack(0x0000004419200000,0x0000004419300000) (1024K)]
  0x0000021587712f60 JavaThread "Catalina-utility-2"                [_thread_blocked, id=13424, stack(0x0000004419a00000,0x0000004419b00000) (1024K)]
  0x00000215873d0860 JavaThread "container-0"                       [_thread_blocked, id=11020, stack(0x0000004419b00000,0x0000004419c00000) (1024K)]
  0x00000215848a5370 JavaThread "mysql-cj-abandoned-connection-cleanup" daemon [_thread_blocked, id=28400, stack(0x0000004419c00000,0x0000004419d00000) (1024K)]
  0x0000021585522520 JavaThread "HikariPool-1 housekeeper"   daemon [_thread_blocked, id=16736, stack(0x0000004419e00000,0x0000004419f00000) (1024K)]
  0x0000021587fb46d0 JavaThread "C2 CompilerThread1"         daemon [_thread_in_native, id=28568, stack(0x0000004418a00000,0x0000004418b00000) (1024K)]
  0x0000021587fb1720 JavaThread "C2 CompilerThread2"         daemon [_thread_blocked, id=21816, stack(0x0000004419600000,0x0000004419700000) (1024K)]
  0x000002158551fdc0 JavaThread "http-nio-8080-exec-1"       daemon [_thread_blocked, id=16760, stack(0x0000004419f00000,0x000000441a000000) (1024K)]
  0x0000021585522bb0 JavaThread "http-nio-8080-exec-2"       daemon [_thread_blocked, id=15460, stack(0x000000441a000000,0x000000441a100000) (1024K)]
  0x0000021585521800 JavaThread "http-nio-8080-exec-3"       daemon [_thread_blocked, id=27196, stack(0x000000441a100000,0x000000441a200000) (1024K)]
  0x0000021585520450 JavaThread "http-nio-8080-exec-4"       daemon [_thread_blocked, id=12960, stack(0x000000441a200000,0x000000441a300000) (1024K)]
  0x0000021585520ae0 JavaThread "http-nio-8080-exec-5"       daemon [_thread_blocked, id=17248, stack(0x000000441a300000,0x000000441a400000) (1024K)]
  0x0000021585521170 JavaThread "http-nio-8080-exec-6"       daemon [_thread_blocked, id=21056, stack(0x000000441a400000,0x000000441a500000) (1024K)]
  0x0000021585521e90 JavaThread "http-nio-8080-exec-7"       daemon [_thread_blocked, id=26056, stack(0x000000441a500000,0x000000441a600000) (1024K)]
  0x0000021585523240 JavaThread "http-nio-8080-exec-8"       daemon [_thread_blocked, id=22420, stack(0x000000441a600000,0x000000441a700000) (1024K)]
  0x00000215891f18f0 JavaThread "http-nio-8080-exec-9"       daemon [_thread_blocked, id=18304, stack(0x000000441a700000,0x000000441a800000) (1024K)]
Total: 28

Other Threads:
=>0x00000215bd590370 VMThread "VM Thread"                           [id=23128, stack(0x0000004418000000,0x0000004418100000) (1024K)]
  0x00000215bd580550 WatcherThread "VM Periodic Task Thread"        [id=18720, stack(0x0000004417f00000,0x0000004418000000) (1024K)]
  0x000002159ce489e0 WorkerThread "GC Thread#0"                     [id=23048, stack(0x0000004417a00000,0x0000004417b00000) (1024K)]
  0x00000215ff4dcd90 WorkerThread "GC Thread#1"                     [id=28304, stack(0x0000004418d00000,0x0000004418e00000) (1024K)]
  0x00000215ff4dd140 WorkerThread "GC Thread#2"                     [id=25712, stack(0x0000004418e00000,0x0000004418f00000) (1024K)]
  0x00000215ff4dd4f0 WorkerThread "GC Thread#3"                     [id=27828, stack(0x0000004418f00000,0x0000004419000000) (1024K)]
  0x00000215ff4dd8a0 WorkerThread "GC Thread#4"                     [id=21868, stack(0x0000004419000000,0x0000004419100000) (1024K)]
  0x00000215ff407a20 WorkerThread "GC Thread#5"                     [id=2752, stack(0x0000004419100000,0x0000004419200000) (1024K)]
  0x0000021584313830 WorkerThread "GC Thread#6"                     [id=19260, stack(0x0000004419300000,0x0000004419400000) (1024K)]
  0x0000021584313be0 WorkerThread "GC Thread#7"                     [id=22200, stack(0x0000004419400000,0x0000004419500000) (1024K)]
  0x0000021584313f90 WorkerThread "GC Thread#8"                     [id=2720, stack(0x0000004419500000,0x0000004419600000) (1024K)]
  0x0000021584314340 WorkerThread "GC Thread#9"                     [id=23296, stack(0x0000004419700000,0x0000004419800000) (1024K)]
  0x000002159ce59e90 ConcurrentGCThread "G1 Main Marker"            [id=11232, stack(0x0000004417b00000,0x0000004417c00000) (1024K)]
  0x000002159ce5afb0 WorkerThread "G1 Conc#0"                       [id=25300, stack(0x0000004417c00000,0x0000004417d00000) (1024K)]
  0x00000215843146f0 WorkerThread "G1 Conc#1"                       [id=21556, stack(0x0000004419800000,0x0000004419900000) (1024K)]
  0x0000021584314aa0 WorkerThread "G1 Conc#2"                       [id=13148, stack(0x0000004419900000,0x0000004419a00000) (1024K)]
  0x00000215bd44caa0 ConcurrentGCThread "G1 Refine#0"               [id=9612, stack(0x0000004417d00000,0x0000004417e00000) (1024K)]
  0x00000215bd44d520 ConcurrentGCThread "G1 Service"                [id=12952, stack(0x0000004417e00000,0x0000004417f00000) (1024K)]
Total: 18

Threads with active compile tasks:
C2 CompilerThread0  12713 7226       4       org.springframework.beans.factory.support.AbstractBeanFactory::isTypeMatch (745 bytes)
C2 CompilerThread1  12713 7278       4       org.springframework.core.ResolvableType::resolveType (143 bytes)
C2 CompilerThread2  12713 7351       4       org.springframework.util.ReflectionUtils::findMethod (109 bytes)
Total: 3

VM state: at safepoint (normal execution)

VM Mutex/Monitor currently owned by a thread:  ([mutex/lock_event])
[0x00007ff911fb9bb0] Threads_lock - owner thread: 0x00000215bd590370
[0x00007ff911fb9cb0] Heap_lock - owner thread: 0x0000021585520450

Heap address: 0x0000000709c00000, size: 3940 MB, Compressed Oops mode: Zero based, Oop shift amount: 3

CDS archive(s) mapped at: [0x00000215be000000-0x00000215bece0000-0x00000215bece0000), size 13500416, SharedBaseAddress: 0x00000215be000000, ArchiveRelocationMode: 1.
Compressed class space mapped at: 0x00000215bf000000-0x00000215ff000000, reserved size: 1073741824
Narrow klass base: 0x00000215be000000, Narrow klass shift: 0, Narrow klass range: 0x100000000

GC Precious Log:
 CardTable entry size: 512
 Card Set container configuration: InlinePtr #cards 4 size 8 Array Of Cards #cards 16 size 48 Howl #buckets 8 coarsen threshold 3686 Howl Bitmap #cards 512 size 80 coarsen threshold 460 Card regions per heap region 1 cards per card region 4096
 CPUs: 12 total, 12 available
 Memory: 15753M
 Large Page Support: Disabled
 NUMA Support: Disabled
 Compressed Oops: Enabled (Zero based)
 Heap Region Size: 2M
 Heap Min Capacity: 8M
 Heap Initial Capacity: 248M
 Heap Max Capacity: 3940M
 Pre-touch: Disabled
 Parallel Workers: 10
 Concurrent Workers: 3
 Concurrent Refinement Workers: 10
 Periodic GC: Disabled

Heap:
 garbage-first heap   total 401408K, used 265224K [0x0000000709c00000, 0x0000000800000000)
  region size 2048K, 4 young (8192K), 4 survivors (8192K)
 Metaspace       used 80079K, committed 80832K, reserved 1179648K
  class space    used 10697K, committed 11072K, reserved 1048576K

Heap Regions: E=young(eden), S=young(survivor), O=old, HS=humongous(starts), HC=humongous(continues), CS=collection set, F=free, TAMS=top-at-mark-start, PB=parsable bottom
|   0|0x0000000709c00000, 0x0000000709e00000, 0x0000000709e00000|100%| O|  |TAMS 0x0000000709e00000| PB 0x0000000709c00000| Untracked 
|   1|0x0000000709e00000, 0x000000070a000000, 0x000000070a000000|100%| O|  |TAMS 0x000000070a000000| PB 0x0000000709e00000| Untracked 
|   2|0x000000070a000000, 0x000000070a200000, 0x000000070a200000|100%| O|  |TAMS 0x000000070a200000| PB 0x000000070a000000| Untracked 
|   3|0x000000070a200000, 0x000000070a400000, 0x000000070a400000|100%| O|  |TAMS 0x000000070a400000| PB 0x000000070a200000| Untracked 
|   4|0x000000070a400000, 0x000000070a600000, 0x000000070a600000|100%| O|  |TAMS 0x000000070a600000| PB 0x000000070a400000| Untracked 
|   5|0x000000070a600000, 0x000000070a800000, 0x000000070a800000|100%| O|  |TAMS 0x000000070a800000| PB 0x000000070a600000| Untracked 
|   6|0x000000070a800000, 0x000000070aa00000, 0x000000070aa00000|100%| O|  |TAMS 0x000000070aa00000| PB 0x000000070a800000| Untracked 
|   7|0x000000070aa00000, 0x000000070ac00000, 0x000000070ac00000|100%| O|  |TAMS 0x000000070ac00000| PB 0x000000070aa00000| Untracked 
|   8|0x000000070ac00000, 0x000000070ae00000, 0x000000070ae00000|100%| O|  |TAMS 0x000000070ae00000| PB 0x000000070ac00000| Untracked 
|   9|0x000000070ae00000, 0x000000070b000000, 0x000000070b000000|100%| O|  |TAMS 0x000000070b000000| PB 0x000000070ae00000| Untracked 
|  10|0x000000070b000000, 0x000000070b200000, 0x000000070b200000|100%| O|  |TAMS 0x000000070b200000| PB 0x000000070b000000| Untracked 
|  11|0x000000070b200000, 0x000000070b400000, 0x000000070b400000|100%| O|  |TAMS 0x000000070b400000| PB 0x000000070b200000| Untracked 
|  12|0x000000070b400000, 0x000000070b600000, 0x000000070b600000|100%| O|  |TAMS 0x000000070b600000| PB 0x000000070b400000| Untracked 
|  13|0x000000070b600000, 0x000000070b800000, 0x000000070b800000|100%| O|  |TAMS 0x000000070b800000| PB 0x000000070b600000| Untracked 
|  14|0x000000070b800000, 0x000000070ba00000, 0x000000070ba00000|100%|HS|  |TAMS 0x000000070ba00000| PB 0x000000070b800000| Complete 
|  15|0x000000070ba00000, 0x000000070bc00000, 0x000000070bc00000|100%| O|  |TAMS 0x000000070bc00000| PB 0x000000070ba00000| Untracked 
|  16|0x000000070bc00000, 0x000000070be00000, 0x000000070be00000|100%| O|  |TAMS 0x000000070be00000| PB 0x000000070bc00000| Untracked 
|  17|0x000000070be00000, 0x000000070c000000, 0x000000070c000000|100%| O|  |TAMS 0x000000070c000000| PB 0x000000070be00000| Untracked 
|  18|0x000000070c000000, 0x000000070c200000, 0x000000070c200000|100%| O|  |TAMS 0x000000070c200000| PB 0x000000070c000000| Untracked 
|  19|0x000000070c200000, 0x000000070c400000, 0x000000070c400000|100%| O|  |TAMS 0x000000070c400000| PB 0x000000070c200000| Untracked 
|  20|0x000000070c400000, 0x000000070c600000, 0x000000070c600000|100%| O|  |TAMS 0x000000070c600000| PB 0x000000070c400000| Untracked 
|  21|0x000000070c600000, 0x000000070c800000, 0x000000070c800000|100%| O|  |TAMS 0x000000070c600000| PB 0x000000070c600000| Untracked 
|  22|0x000000070c800000, 0x000000070ca00000, 0x000000070ca00000|100%| O|  |TAMS 0x000000070ca00000| PB 0x000000070c800000| Untracked 
|  23|0x000000070ca00000, 0x000000070cc00000, 0x000000070cc00000|100%| O|  |TAMS 0x000000070cc00000| PB 0x000000070ca00000| Untracked 
|  24|0x000000070cc00000, 0x000000070ce00000, 0x000000070ce00000|100%| O|  |TAMS 0x000000070ce00000| PB 0x000000070cc00000| Untracked 
|  25|0x000000070ce00000, 0x000000070d000000, 0x000000070d000000|100%| O|  |TAMS 0x000000070d000000| PB 0x000000070ce00000| Untracked 
|  26|0x000000070d000000, 0x000000070d200000, 0x000000070d200000|100%| O|  |TAMS 0x000000070d200000| PB 0x000000070d000000| Untracked 
|  27|0x000000070d200000, 0x000000070d400000, 0x000000070d400000|100%| O|  |TAMS 0x000000070d400000| PB 0x000000070d200000| Untracked 
|  28|0x000000070d400000, 0x000000070d600000, 0x000000070d600000|100%| O|  |TAMS 0x000000070d400000| PB 0x000000070d400000| Untracked 
|  29|0x000000070d600000, 0x000000070d800000, 0x000000070d800000|100%| O|  |TAMS 0x000000070d600000| PB 0x000000070d600000| Untracked 
|  30|0x000000070d800000, 0x000000070da00000, 0x000000070da00000|100%| O|  |TAMS 0x000000070da00000| PB 0x000000070d800000| Untracked 
|  31|0x000000070da00000, 0x000000070dc00000, 0x000000070dc00000|100%| O|  |TAMS 0x000000070dc00000| PB 0x000000070da00000| Untracked 
|  32|0x000000070dc00000, 0x000000070de00000, 0x000000070de00000|100%| O|  |TAMS 0x000000070de00000| PB 0x000000070dc00000| Untracked 
|  33|0x000000070de00000, 0x000000070e000000, 0x000000070e000000|100%| O|  |TAMS 0x000000070e000000| PB 0x000000070de00000| Untracked 
|  34|0x000000070e000000, 0x000000070e200000, 0x000000070e200000|100%| O|  |TAMS 0x000000070e200000| PB 0x000000070e000000| Untracked 
|  35|0x000000070e200000, 0x000000070e400000, 0x000000070e400000|100%| O|  |TAMS 0x000000070e400000| PB 0x000000070e200000| Untracked 
|  36|0x000000070e400000, 0x000000070e600000, 0x000000070e600000|100%| O|  |TAMS 0x000000070e600000| PB 0x000000070e400000| Untracked 
|  37|0x000000070e600000, 0x000000070e800000, 0x000000070e800000|100%| O|  |TAMS 0x000000070e800000| PB 0x000000070e600000| Untracked 
|  38|0x000000070e800000, 0x000000070ea00000, 0x000000070ea00000|100%| O|  |TAMS 0x000000070ea00000| PB 0x000000070e800000| Untracked 
|  39|0x000000070ea00000, 0x000000070ec00000, 0x000000070ec00000|100%| O|  |TAMS 0x000000070ec00000| PB 0x000000070ea00000| Untracked 
|  40|0x000000070ec00000, 0x000000070ee00000, 0x000000070ee00000|100%| O|  |TAMS 0x000000070ee00000| PB 0x000000070ec00000| Untracked 
|  41|0x000000070ee00000, 0x000000070f000000, 0x000000070f000000|100%| O|  |TAMS 0x000000070f000000| PB 0x000000070ee00000| Untracked 
|  42|0x000000070f000000, 0x000000070f200000, 0x000000070f200000|100%| O|  |TAMS 0x000000070f200000| PB 0x000000070f000000| Untracked 
|  43|0x000000070f200000, 0x000000070f400000, 0x000000070f400000|100%| O|  |TAMS 0x000000070f400000| PB 0x000000070f200000| Untracked 
|  44|0x000000070f400000, 0x000000070f600000, 0x000000070f600000|100%| O|  |TAMS 0x000000070f600000| PB 0x000000070f400000| Untracked 
|  45|0x000000070f600000, 0x000000070f800000, 0x000000070f800000|100%| O|  |TAMS 0x000000070f800000| PB 0x000000070f600000| Untracked 
|  46|0x000000070f800000, 0x000000070fa00000, 0x000000070fa00000|100%| O|  |TAMS 0x000000070fa00000| PB 0x000000070f800000| Untracked 
|  47|0x000000070fa00000, 0x000000070fc00000, 0x000000070fc00000|100%| O|  |TAMS 0x000000070fc00000| PB 0x000000070fa00000| Untracked 
|  48|0x000000070fc00000, 0x000000070fe00000, 0x000000070fe00000|100%| O|  |TAMS 0x000000070fe00000| PB 0x000000070fc00000| Untracked 
|  49|0x000000070fe00000, 0x0000000710000000, 0x0000000710000000|100%| O|  |TAMS 0x0000000710000000| PB 0x000000070fe00000| Untracked 
|  50|0x0000000710000000, 0x0000000710200000, 0x0000000710200000|100%| O|  |TAMS 0x0000000710200000| PB 0x0000000710000000| Untracked 
|  51|0x0000000710200000, 0x0000000710400000, 0x0000000710400000|100%| O|  |TAMS 0x0000000710400000| PB 0x0000000710200000| Untracked 
|  52|0x0000000710400000, 0x0000000710600000, 0x0000000710600000|100%| O|  |TAMS 0x0000000710600000| PB 0x0000000710400000| Untracked 
|  53|0x0000000710600000, 0x0000000710800000, 0x0000000710800000|100%| O|  |TAMS 0x0000000710800000| PB 0x0000000710600000| Untracked 
|  54|0x0000000710800000, 0x0000000710a00000, 0x0000000710a00000|100%| O|  |TAMS 0x0000000710a00000| PB 0x0000000710800000| Untracked 
|  55|0x0000000710a00000, 0x0000000710c00000, 0x0000000710c00000|100%| O|  |TAMS 0x0000000710c00000| PB 0x0000000710a00000| Untracked 
|  56|0x0000000710c00000, 0x0000000710e00000, 0x0000000710e00000|100%| O|  |TAMS 0x0000000710e00000| PB 0x0000000710c00000| Untracked 
|  57|0x0000000710e00000, 0x0000000711000000, 0x0000000711000000|100%| O|  |TAMS 0x0000000711000000| PB 0x0000000710e00000| Untracked 
|  58|0x0000000711000000, 0x0000000711200000, 0x0000000711200000|100%| O|  |TAMS 0x0000000711200000| PB 0x0000000711000000| Untracked 
|  59|0x0000000711200000, 0x0000000711400000, 0x0000000711400000|100%| O|  |TAMS 0x0000000711400000| PB 0x0000000711200000| Untracked 
|  60|0x0000000711400000, 0x0000000711600000, 0x0000000711600000|100%| O|  |TAMS 0x0000000711600000| PB 0x0000000711400000| Untracked 
|  61|0x0000000711600000, 0x0000000711800000, 0x0000000711800000|100%| O|  |TAMS 0x0000000711800000| PB 0x0000000711600000| Untracked 
|  62|0x0000000711800000, 0x0000000711a00000, 0x0000000711a00000|100%| O|  |TAMS 0x0000000711a00000| PB 0x0000000711800000| Untracked 
|  63|0x0000000711a00000, 0x0000000711c00000, 0x0000000711c00000|100%| O|  |TAMS 0x0000000711c00000| PB 0x0000000711a00000| Untracked 
|  64|0x0000000711c00000, 0x0000000711e00000, 0x0000000711e00000|100%| O|  |TAMS 0x0000000711e00000| PB 0x0000000711c00000| Untracked 
|  65|0x0000000711e00000, 0x0000000712000000, 0x0000000712000000|100%| O|  |TAMS 0x0000000712000000| PB 0x0000000711e00000| Untracked 
|  66|0x0000000712000000, 0x0000000712200000, 0x0000000712200000|100%| O|  |TAMS 0x0000000712200000| PB 0x0000000712000000| Untracked 
|  67|0x0000000712200000, 0x0000000712400000, 0x0000000712400000|100%| O|  |TAMS 0x0000000712400000| PB 0x0000000712200000| Untracked 
|  68|0x0000000712400000, 0x0000000712600000, 0x0000000712600000|100%| O|  |TAMS 0x0000000712600000| PB 0x0000000712400000| Untracked 
|  69|0x0000000712600000, 0x0000000712800000, 0x0000000712800000|100%| O|  |TAMS 0x0000000712800000| PB 0x0000000712600000| Untracked 
|  70|0x0000000712800000, 0x0000000712a00000, 0x0000000712a00000|100%| O|  |TAMS 0x0000000712a00000| PB 0x0000000712800000| Untracked 
|  71|0x0000000712a00000, 0x0000000712c00000, 0x0000000712c00000|100%| O|  |TAMS 0x0000000712c00000| PB 0x0000000712a00000| Untracked 
|  72|0x0000000712c00000, 0x0000000712e00000, 0x0000000712e00000|100%| O|  |TAMS 0x0000000712e00000| PB 0x0000000712c00000| Untracked 
|  73|0x0000000712e00000, 0x0000000713000000, 0x0000000713000000|100%| O|  |TAMS 0x0000000713000000| PB 0x0000000712e00000| Untracked 
|  74|0x0000000713000000, 0x0000000713200000, 0x0000000713200000|100%| O|  |TAMS 0x0000000713200000| PB 0x0000000713000000| Untracked 
|  75|0x0000000713200000, 0x0000000713400000, 0x0000000713400000|100%| O|  |TAMS 0x0000000713400000| PB 0x0000000713200000| Untracked 
|  76|0x0000000713400000, 0x0000000713600000, 0x0000000713600000|100%| O|  |TAMS 0x0000000713600000| PB 0x0000000713400000| Untracked 
|  77|0x0000000713600000, 0x0000000713800000, 0x0000000713800000|100%| O|  |TAMS 0x0000000713800000| PB 0x0000000713600000| Untracked 
|  78|0x0000000713800000, 0x0000000713a00000, 0x0000000713a00000|100%| O|  |TAMS 0x0000000713a00000| PB 0x0000000713800000| Untracked 
|  79|0x0000000713a00000, 0x0000000713c00000, 0x0000000713c00000|100%| O|  |TAMS 0x0000000713c00000| PB 0x0000000713a00000| Untracked 
|  80|0x0000000713c00000, 0x0000000713e00000, 0x0000000713e00000|100%| O|  |TAMS 0x0000000713e00000| PB 0x0000000713c00000| Untracked 
|  81|0x0000000713e00000, 0x0000000714000000, 0x0000000714000000|100%| O|  |TAMS 0x0000000714000000| PB 0x0000000713e00000| Untracked 
|  82|0x0000000714000000, 0x0000000714200000, 0x0000000714200000|100%|HS|  |TAMS 0x0000000714200000| PB 0x0000000714000000| Complete 
|  83|0x0000000714200000, 0x0000000714400000, 0x0000000714400000|100%|HC|  |TAMS 0x0000000714400000| PB 0x0000000714200000| Complete 
|  84|0x0000000714400000, 0x0000000714600000, 0x0000000714600000|100%| O|  |TAMS 0x0000000714600000| PB 0x0000000714400000| Untracked 
|  85|0x0000000714600000, 0x0000000714800000, 0x0000000714800000|100%| O|  |TAMS 0x0000000714800000| PB 0x0000000714600000| Untracked 
|  86|0x0000000714800000, 0x0000000714a00000, 0x0000000714a00000|100%| O|  |TAMS 0x0000000714a00000| PB 0x0000000714800000| Untracked 
|  87|0x0000000714a00000, 0x0000000714c00000, 0x0000000714c00000|100%| O|  |TAMS 0x0000000714c00000| PB 0x0000000714a00000| Untracked 
|  88|0x0000000714c00000, 0x0000000714e00000, 0x0000000714e00000|100%| O|  |TAMS 0x0000000714e00000| PB 0x0000000714c00000| Untracked 
|  89|0x0000000714e00000, 0x0000000715000000, 0x0000000715000000|100%| O|  |TAMS 0x0000000715000000| PB 0x0000000714e00000| Untracked 
|  90|0x0000000715000000, 0x0000000715200000, 0x0000000715200000|100%| O|  |TAMS 0x0000000715200000| PB 0x0000000715000000| Untracked 
|  91|0x0000000715200000, 0x0000000715400000, 0x0000000715400000|100%| O|  |TAMS 0x0000000715400000| PB 0x0000000715200000| Untracked 
|  92|0x0000000715400000, 0x0000000715600000, 0x0000000715600000|100%| O|  |TAMS 0x0000000715600000| PB 0x0000000715400000| Untracked 
|  93|0x0000000715600000, 0x0000000715800000, 0x0000000715800000|100%| O|  |TAMS 0x0000000715800000| PB 0x0000000715600000| Untracked 
|  94|0x0000000715800000, 0x0000000715a00000, 0x0000000715a00000|100%| O|  |TAMS 0x0000000715a00000| PB 0x0000000715800000| Untracked 
|  95|0x0000000715a00000, 0x0000000715c00000, 0x0000000715c00000|100%| O|  |TAMS 0x0000000715c00000| PB 0x0000000715a00000| Untracked 
|  96|0x0000000715c00000, 0x0000000715e00000, 0x0000000715e00000|100%| O|  |TAMS 0x0000000715e00000| PB 0x0000000715c00000| Untracked 
|  97|0x0000000715e00000, 0x0000000716000000, 0x0000000716000000|100%| O|  |TAMS 0x0000000716000000| PB 0x0000000715e00000| Untracked 
|  98|0x0000000716000000, 0x0000000716200000, 0x0000000716200000|100%| O|  |TAMS 0x0000000716200000| PB 0x0000000716000000| Untracked 
|  99|0x0000000716200000, 0x0000000716400000, 0x0000000716400000|100%| O|  |TAMS 0x0000000716400000| PB 0x0000000716200000| Untracked 
| 100|0x0000000716400000, 0x0000000716600000, 0x0000000716600000|100%| O|  |TAMS 0x0000000716600000| PB 0x0000000716400000| Untracked 
| 101|0x0000000716600000, 0x0000000716800000, 0x0000000716800000|100%| O|  |TAMS 0x0000000716800000| PB 0x0000000716600000| Untracked 
| 102|0x0000000716800000, 0x0000000716a00000, 0x0000000716a00000|100%| O|  |TAMS 0x0000000716a00000| PB 0x0000000716800000| Untracked 
| 103|0x0000000716a00000, 0x0000000716c00000, 0x0000000716c00000|100%| O|  |TAMS 0x0000000716c00000| PB 0x0000000716a00000| Untracked 
| 104|0x0000000716c00000, 0x0000000716e00000, 0x0000000716e00000|100%| O|  |TAMS 0x0000000716e00000| PB 0x0000000716c00000| Untracked 
| 105|0x0000000716e00000, 0x0000000717000000, 0x0000000717000000|100%| O|  |TAMS 0x0000000717000000| PB 0x0000000716e00000| Untracked 
| 106|0x0000000717000000, 0x0000000717200000, 0x0000000717200000|100%| O|  |TAMS 0x0000000717200000| PB 0x0000000717000000| Untracked 
| 107|0x0000000717200000, 0x0000000717400000, 0x0000000717400000|100%| O|  |TAMS 0x0000000717400000| PB 0x0000000717200000| Untracked 
| 108|0x0000000717400000, 0x0000000717600000, 0x0000000717600000|100%| O|  |TAMS 0x0000000717600000| PB 0x0000000717400000| Untracked 
| 109|0x0000000717600000, 0x0000000717800000, 0x0000000717800000|100%| O|  |TAMS 0x0000000717800000| PB 0x0000000717600000| Untracked 
| 110|0x0000000717800000, 0x0000000717a00000, 0x0000000717a00000|100%| O|  |TAMS 0x0000000717a00000| PB 0x0000000717800000| Untracked 
| 111|0x0000000717a00000, 0x0000000717c00000, 0x0000000717c00000|100%| O|  |TAMS 0x0000000717c00000| PB 0x0000000717a00000| Untracked 
| 112|0x0000000717c00000, 0x0000000717e00000, 0x0000000717e00000|100%| O|  |TAMS 0x0000000717e00000| PB 0x0000000717c00000| Untracked 
| 113|0x0000000717e00000, 0x0000000718000000, 0x0000000718000000|100%| O|  |TAMS 0x0000000718000000| PB 0x0000000717e00000| Untracked 
| 114|0x0000000718000000, 0x0000000718200000, 0x0000000718200000|100%| O|  |TAMS 0x0000000718200000| PB 0x0000000718000000| Untracked 
| 115|0x0000000718200000, 0x0000000718400000, 0x0000000718400000|100%| O|  |TAMS 0x0000000718400000| PB 0x0000000718200000| Untracked 
| 116|0x0000000718400000, 0x0000000718600000, 0x0000000718600000|100%| O|  |TAMS 0x0000000718600000| PB 0x0000000718400000| Untracked 
| 117|0x0000000718600000, 0x0000000718800000, 0x0000000718800000|100%| O|  |TAMS 0x0000000718800000| PB 0x0000000718600000| Untracked 
| 118|0x0000000718800000, 0x0000000718a00000, 0x0000000718a00000|100%| O|  |TAMS 0x0000000718a00000| PB 0x0000000718800000| Untracked 
| 119|0x0000000718a00000, 0x0000000718c00000, 0x0000000718c00000|100%| O|  |TAMS 0x0000000718c00000| PB 0x0000000718a00000| Untracked 
| 120|0x0000000718c00000, 0x0000000718e00000, 0x0000000718e00000|100%| O|  |TAMS 0x0000000718db3360| PB 0x0000000718c00000| Untracked 
| 121|0x0000000718e00000, 0x0000000719000000, 0x0000000719000000|100%| O|  |TAMS 0x0000000718e00000| PB 0x0000000718e00000| Untracked 
| 122|0x0000000719000000, 0x0000000719200000, 0x0000000719200000|100%| O|  |TAMS 0x0000000719000000| PB 0x0000000719000000| Untracked 
| 123|0x0000000719200000, 0x0000000719400000, 0x0000000719400000|100%| O|  |TAMS 0x0000000719200000| PB 0x0000000719200000| Untracked 
| 124|0x0000000719400000, 0x0000000719600000, 0x0000000719600000|100%| O|  |TAMS 0x0000000719400000| PB 0x0000000719400000| Untracked 
| 125|0x0000000719600000, 0x0000000719800000, 0x0000000719800000|100%| O|  |TAMS 0x0000000719600000| PB 0x0000000719600000| Untracked 
| 126|0x0000000719800000, 0x00000007198ac0b8, 0x0000000719a00000| 33%| O|  |TAMS 0x0000000719800000| PB 0x0000000719800000| Untracked 
| 127|0x0000000719a00000, 0x0000000719a00000, 0x0000000719c00000|  0%| F|  |TAMS 0x0000000719a00000| PB 0x0000000719a00000| Untracked 
| 128|0x0000000719c00000, 0x0000000719c00000, 0x0000000719e00000|  0%| F|  |TAMS 0x0000000719c00000| PB 0x0000000719c00000| Untracked 
| 129|0x0000000719e00000, 0x0000000719e00000, 0x000000071a000000|  0%| F|  |TAMS 0x0000000719e00000| PB 0x0000000719e00000| Untracked 
| 130|0x000000071a000000, 0x000000071a000000, 0x000000071a200000|  0%| F|  |TAMS 0x000000071a000000| PB 0x000000071a000000| Untracked 
| 131|0x000000071a200000, 0x000000071a200000, 0x000000071a400000|  0%| F|  |TAMS 0x000000071a200000| PB 0x000000071a200000| Untracked 
| 132|0x000000071a400000, 0x000000071a400000, 0x000000071a600000|  0%| F|  |TAMS 0x000000071a400000| PB 0x000000071a400000| Untracked 
| 133|0x000000071a600000, 0x000000071a600000, 0x000000071a800000|  0%| F|  |TAMS 0x000000071a600000| PB 0x000000071a600000| Untracked 
| 134|0x000000071a800000, 0x000000071a800000, 0x000000071aa00000|  0%| F|  |TAMS 0x000000071a800000| PB 0x000000071a800000| Untracked 
| 135|0x000000071aa00000, 0x000000071aa00000, 0x000000071ac00000|  0%| F|  |TAMS 0x000000071aa00000| PB 0x000000071aa00000| Untracked 
| 136|0x000000071ac00000, 0x000000071ac00000, 0x000000071ae00000|  0%| F|  |TAMS 0x000000071ac00000| PB 0x000000071ac00000| Untracked 
| 137|0x000000071ae00000, 0x000000071ae00000, 0x000000071b000000|  0%| F|  |TAMS 0x000000071ae00000| PB 0x000000071ae00000| Untracked 
| 138|0x000000071b000000, 0x000000071b000000, 0x000000071b200000|  0%| F|  |TAMS 0x000000071b000000| PB 0x000000071b000000| Untracked 
| 139|0x000000071b200000, 0x000000071b200000, 0x000000071b400000|  0%| F|  |TAMS 0x000000071b200000| PB 0x000000071b200000| Untracked 
| 140|0x000000071b400000, 0x000000071b400000, 0x000000071b600000|  0%| F|  |TAMS 0x000000071b400000| PB 0x000000071b400000| Untracked 
| 141|0x000000071b600000, 0x000000071b600000, 0x000000071b800000|  0%| F|  |TAMS 0x000000071b600000| PB 0x000000071b600000| Untracked 
| 142|0x000000071b800000, 0x000000071b800000, 0x000000071ba00000|  0%| F|  |TAMS 0x000000071b800000| PB 0x000000071b800000| Untracked 
| 143|0x000000071ba00000, 0x000000071ba00000, 0x000000071bc00000|  0%| F|  |TAMS 0x000000071ba00000| PB 0x000000071ba00000| Untracked 
| 144|0x000000071bc00000, 0x000000071bc00000, 0x000000071be00000|  0%| F|  |TAMS 0x000000071bc00000| PB 0x000000071bc00000| Untracked 
| 145|0x000000071be00000, 0x000000071be00000, 0x000000071c000000|  0%| F|  |TAMS 0x000000071be00000| PB 0x000000071be00000| Untracked 
| 146|0x000000071c000000, 0x000000071c000000, 0x000000071c200000|  0%| F|  |TAMS 0x000000071c000000| PB 0x000000071c000000| Untracked 
| 147|0x000000071c200000, 0x000000071c200000, 0x000000071c400000|  0%| F|  |TAMS 0x000000071c200000| PB 0x000000071c200000| Untracked 
| 148|0x000000071c400000, 0x000000071c400000, 0x000000071c600000|  0%| F|  |TAMS 0x000000071c400000| PB 0x000000071c400000| Untracked 
| 149|0x000000071c600000, 0x000000071c600000, 0x000000071c800000|  0%| F|  |TAMS 0x000000071c600000| PB 0x000000071c600000| Untracked 
| 150|0x000000071c800000, 0x000000071c800000, 0x000000071ca00000|  0%| F|  |TAMS 0x000000071c800000| PB 0x000000071c800000| Untracked 
| 151|0x000000071ca00000, 0x000000071ca00000, 0x000000071cc00000|  0%| F|  |TAMS 0x000000071ca00000| PB 0x000000071ca00000| Untracked 
| 152|0x000000071cc00000, 0x000000071cc00000, 0x000000071ce00000|  0%| F|  |TAMS 0x000000071cc00000| PB 0x000000071cc00000| Untracked 
| 153|0x000000071ce00000, 0x000000071ce00000, 0x000000071d000000|  0%| F|  |TAMS 0x000000071ce00000| PB 0x000000071ce00000| Untracked 
| 154|0x000000071d000000, 0x000000071d056030, 0x000000071d200000| 16%| S|CS|TAMS 0x000000071d000000| PB 0x000000071d000000| Complete 
| 155|0x000000071d200000, 0x000000071d400000, 0x000000071d400000|100%| S|CS|TAMS 0x000000071d200000| PB 0x000000071d200000| Complete 
| 156|0x000000071d400000, 0x000000071d600000, 0x000000071d600000|100%| S|CS|TAMS 0x000000071d400000| PB 0x000000071d400000| Complete 
| 157|0x000000071d600000, 0x000000071d800000, 0x000000071d800000|100%| S|CS|TAMS 0x000000071d600000| PB 0x000000071d600000| Complete 
| 158|0x000000071d800000, 0x000000071d800000, 0x000000071da00000|  0%| F|  |TAMS 0x000000071d800000| PB 0x000000071d800000| Untracked 
| 159|0x000000071da00000, 0x000000071da00000, 0x000000071dc00000|  0%| F|  |TAMS 0x000000071da00000| PB 0x000000071da00000| Untracked 
| 160|0x000000071dc00000, 0x000000071dc00000, 0x000000071de00000|  0%| F|  |TAMS 0x000000071dc00000| PB 0x000000071dc00000| Untracked 
| 161|0x000000071de00000, 0x000000071de00000, 0x000000071e000000|  0%| F|  |TAMS 0x000000071de00000| PB 0x000000071de00000| Untracked 
| 162|0x000000071e000000, 0x000000071e000000, 0x000000071e200000|  0%| F|  |TAMS 0x000000071e000000| PB 0x000000071e000000| Untracked 
| 163|0x000000071e200000, 0x000000071e200000, 0x000000071e400000|  0%| F|  |TAMS 0x000000071e200000| PB 0x000000071e200000| Untracked 
| 164|0x000000071e400000, 0x000000071e400000, 0x000000071e600000|  0%| F|  |TAMS 0x000000071e400000| PB 0x000000071e400000| Untracked 
| 165|0x000000071e600000, 0x000000071e600000, 0x000000071e800000|  0%| F|  |TAMS 0x000000071e600000| PB 0x000000071e600000| Untracked 
| 166|0x000000071e800000, 0x000000071e800000, 0x000000071ea00000|  0%| F|  |TAMS 0x000000071e800000| PB 0x000000071e800000| Untracked 
| 167|0x000000071ea00000, 0x000000071ea00000, 0x000000071ec00000|  0%| F|  |TAMS 0x000000071ea00000| PB 0x000000071ea00000| Untracked 
| 168|0x000000071ec00000, 0x000000071ec00000, 0x000000071ee00000|  0%| F|  |TAMS 0x000000071ec00000| PB 0x000000071ec00000| Untracked 
| 169|0x000000071ee00000, 0x000000071ee00000, 0x000000071f000000|  0%| F|  |TAMS 0x000000071ee00000| PB 0x000000071ee00000| Untracked 
| 170|0x000000071f000000, 0x000000071f000000, 0x000000071f200000|  0%| F|  |TAMS 0x000000071f000000| PB 0x000000071f000000| Untracked 
| 171|0x000000071f200000, 0x000000071f200000, 0x000000071f400000|  0%| F|  |TAMS 0x000000071f200000| PB 0x000000071f200000| Untracked 
| 172|0x000000071f400000, 0x000000071f400000, 0x000000071f600000|  0%| F|  |TAMS 0x000000071f400000| PB 0x000000071f400000| Untracked 
| 173|0x000000071f600000, 0x000000071f600000, 0x000000071f800000|  0%| F|  |TAMS 0x000000071f600000| PB 0x000000071f600000| Untracked 
| 174|0x000000071f800000, 0x000000071f800000, 0x000000071fa00000|  0%| F|  |TAMS 0x000000071f800000| PB 0x000000071f800000| Untracked 
| 175|0x000000071fa00000, 0x000000071fa00000, 0x000000071fc00000|  0%| F|  |TAMS 0x000000071fa00000| PB 0x000000071fa00000| Untracked 
| 176|0x000000071fc00000, 0x000000071fc00000, 0x000000071fe00000|  0%| F|  |TAMS 0x000000071fc00000| PB 0x000000071fc00000| Untracked 
| 177|0x000000071fe00000, 0x000000071fe00000, 0x0000000720000000|  0%| F|  |TAMS 0x000000071fe00000| PB 0x000000071fe00000| Untracked 
| 178|0x0000000720000000, 0x0000000720000000, 0x0000000720200000|  0%| F|  |TAMS 0x0000000720000000| PB 0x0000000720000000| Untracked 
| 179|0x0000000720200000, 0x0000000720200000, 0x0000000720400000|  0%| F|  |TAMS 0x0000000720200000| PB 0x0000000720200000| Untracked 
| 180|0x0000000720400000, 0x0000000720400000, 0x0000000720600000|  0%| F|  |TAMS 0x0000000720400000| PB 0x0000000720400000| Untracked 
| 181|0x0000000720600000, 0x0000000720600000, 0x0000000720800000|  0%| F|  |TAMS 0x0000000720600000| PB 0x0000000720600000| Untracked 
| 182|0x0000000720800000, 0x0000000720800000, 0x0000000720a00000|  0%| F|  |TAMS 0x0000000720800000| PB 0x0000000720800000| Untracked 
| 183|0x0000000720a00000, 0x0000000720a00000, 0x0000000720c00000|  0%| F|  |TAMS 0x0000000720a00000| PB 0x0000000720a00000| Untracked 
| 184|0x0000000720c00000, 0x0000000720c00000, 0x0000000720e00000|  0%| F|  |TAMS 0x0000000720c00000| PB 0x0000000720c00000| Untracked 
| 185|0x0000000720e00000, 0x0000000720e00000, 0x0000000721000000|  0%| F|  |TAMS 0x0000000720e00000| PB 0x0000000720e00000| Untracked 
| 186|0x0000000721000000, 0x0000000721000000, 0x0000000721200000|  0%| F|  |TAMS 0x0000000721000000| PB 0x0000000721000000| Untracked 
| 187|0x0000000721200000, 0x0000000721200000, 0x0000000721400000|  0%| F|  |TAMS 0x0000000721200000| PB 0x0000000721200000| Untracked 
| 188|0x0000000721400000, 0x0000000721400000, 0x0000000721600000|  0%| F|  |TAMS 0x0000000721400000| PB 0x0000000721400000| Untracked 
| 189|0x0000000721600000, 0x0000000721600000, 0x0000000721800000|  0%| F|  |TAMS 0x0000000721600000| PB 0x0000000721600000| Untracked 
| 190|0x0000000721800000, 0x0000000721800000, 0x0000000721a00000|  0%| F|  |TAMS 0x0000000721800000| PB 0x0000000721800000| Untracked 
| 191|0x0000000721a00000, 0x0000000721a00000, 0x0000000721c00000|  0%| F|  |TAMS 0x0000000721a00000| PB 0x0000000721a00000| Untracked 
| 192|0x0000000721c00000, 0x0000000721c00000, 0x0000000721e00000|  0%| F|  |TAMS 0x0000000721c00000| PB 0x0000000721c00000| Untracked 
| 193|0x0000000721e00000, 0x0000000721e00000, 0x0000000722000000|  0%| F|  |TAMS 0x0000000721e00000| PB 0x0000000721e00000| Untracked 
| 194|0x0000000722000000, 0x0000000722000000, 0x0000000722200000|  0%| F|  |TAMS 0x0000000722000000| PB 0x0000000722000000| Untracked 
| 195|0x0000000722200000, 0x0000000722200000, 0x0000000722400000|  0%| F|  |TAMS 0x0000000722200000| PB 0x0000000722200000| Untracked 

Card table byte_map: [0x00000215b63e0000,0x00000215b6ba0000] _byte_map_base: 0x00000215b2b92000

Marking Bits: (CMBitMap*) 0x000002159ce490f0
 Bits: [0x00000215b6ba0000, 0x00000215ba930000)

Polling page: 0x000002159ac60000

Metaspace:

Usage:
  Non-class:     67.76 MB used.
      Class:     10.45 MB used.
       Both:     78.20 MB used.

Virtual space:
  Non-class space:      128.00 MB reserved,      68.12 MB ( 53%) committed,  2 nodes.
      Class space:        1.00 GB reserved,      10.81 MB (  1%) committed,  1 nodes.
             Both:        1.12 GB reserved,      78.94 MB (  7%) committed. 

Chunk freelists:
   Non-Class:  11.78 MB
       Class:  5.17 MB
        Both:  16.95 MB

MaxMetaspaceSize: unlimited
CompressedClassSpaceSize: 1.00 GB
Initial GC threshold: 21.00 MB
Current GC threshold: 121.81 MB
CDS: on
 - commit_granule_bytes: 65536.
 - commit_granule_words: 8192.
 - virtual_space_node_default_size: 8388608.
 - enlarge_chunks_in_place: 1.
 - use_allocation_guard: 0.


Internal statistics:

num_allocs_failed_limit: 14.
num_arena_births: 1022.
num_arena_deaths: 0.
num_vsnodes_births: 3.
num_vsnodes_deaths: 0.
num_space_committed: 1263.
num_space_uncommitted: 0.
num_chunks_returned_to_freelist: 14.
num_chunks_taken_from_freelist: 3840.
num_chunk_merges: 14.
num_chunk_splits: 2804.
num_chunks_enlarged: 2221.
num_inconsistent_stats: 0.

CodeHeap 'non-profiled nmethods': size=120000Kb used=4390Kb max_used=4390Kb free=115609Kb
 bounds [0x00000215ae1a0000, 0x00000215ae5f0000, 0x00000215b56d0000]
CodeHeap 'profiled nmethods': size=120000Kb used=11553Kb max_used=11553Kb free=108446Kb
 bounds [0x00000215a66d0000, 0x00000215a7220000, 0x00000215adc00000]
CodeHeap 'non-nmethods': size=5760Kb used=1739Kb max_used=1807Kb free=4020Kb
 bounds [0x00000215adc00000, 0x00000215ade70000, 0x00000215ae1a0000]
 total_blobs=6947 nmethods=6192 adapters=658
 compilation: enabled
              stopped_count=0, restarted_count=0
 full_count=0

Compilation events (20 events):
Event: 12.636 Thread 0x00000215bd5b5560 7462       3       org.springframework.core.annotation.AnnotationsScanner::process (55 bytes)
Event: 12.636 Thread 0x00000215bd5b5560 nmethod 7462 0x00000215a7212a10 code [0x00000215a7212c20, 0x00000215a7213220]
Event: 12.636 Thread 0x00000215bd5b5560 7464       3       org.springframework.context.event.EventListenerMethodProcessor$$Lambda/0x00000215bfacd8f0::inspect (5 bytes)
Event: 12.637 Thread 0x00000215bd5b5560 nmethod 7464 0x00000215a7213310 code [0x00000215a72134e0, 0x00000215a7213790]
Event: 12.637 Thread 0x00000215bd5b5560 7466       3       org.springframework.core.MethodIntrospector::selectMethods (118 bytes)
Event: 12.639 Thread 0x00000215bd5b5560 nmethod 7466 0x00000215a7213890 code [0x00000215a7213d60, 0x00000215a7216360]
Event: 12.639 Thread 0x00000215bd5b5560 7467       3       org.springframework.core.annotation.AnnotationsScanner::processClass (92 bytes)
Event: 12.640 Thread 0x00000215bd5b5560 nmethod 7467 0x00000215a7217010 code [0x00000215a7217220, 0x00000215a7217640]
Event: 12.640 Thread 0x00000215bd5b5560 7469       3       org.springframework.aop.framework.autoproxy.AutoProxyUtils::determineTargetClass (51 bytes)
Event: 12.640 Thread 0x00000215bd5b5560 nmethod 7469 0x00000215a7217810 code [0x00000215a7217a80, 0x00000215a7218758]
Event: 12.641 Thread 0x00000215bd5b5560 7470       3       org.springframework.core.metrics.DefaultApplicationStartup::start (6 bytes)
Event: 12.641 Thread 0x00000215bd5b5560 nmethod 7470 0x00000215a7218b90 code [0x00000215a7218d40, 0x00000215a7218eb0]
Event: 12.641 Thread 0x00000215bd5b5560 7471       3       org.springframework.core.metrics.DefaultApplicationStartup::start (4 bytes)
Event: 12.641 Thread 0x00000215bd5b5560 nmethod 7471 0x00000215a7218f90 code [0x00000215a7219120, 0x00000215a7219238]
Event: 12.643 Thread 0x00000215bd5b5560 7472   !   3       java.util.concurrent.ConcurrentHashMap::clear (176 bytes)
Event: 12.644 Thread 0x00000215bd5b5560 nmethod 7472 0x00000215a7219310 code [0x00000215a7219560, 0x00000215a7219ef0]
Event: 12.645 Thread 0x00000215bd5b5560 7475  s    3       java.lang.invoke.MethodTypeForm::setCachedLambdaForm (44 bytes)
Event: 12.645 Thread 0x00000215bd5b5560 nmethod 7475 0x00000215a721a390 code [0x00000215a721a5a0, 0x00000215a721af08]
Event: 12.647 Thread 0x00000215bd5b5560 7478       1       org.apache.catalina.LifecycleState::getLifecycleEvent (5 bytes)
Event: 12.647 Thread 0x00000215bd5b5560 nmethod 7478 0x00000215ae5e9890 code [0x00000215ae5e9a20, 0x00000215ae5e9af0]

GC Heap History (20 events):
Event: 9.587 GC heap after
{Heap after GC invocations=24 (full 0):
 garbage-first heap   total 200704K, used 58294K [0x0000000709c00000, 0x0000000800000000)
  region size 2048K, 2 young (4096K), 2 survivors (4096K)
 Metaspace       used 72614K, committed 73280K, reserved 1114112K
  class space    used 9697K, committed 9984K, reserved 1048576K
}
Event: 9.749 GC heap before
{Heap before GC invocations=24 (full 0):
 garbage-first heap   total 200704K, used 138166K [0x0000000709c00000, 0x0000000800000000)
  region size 2048K, 41 young (83968K), 2 survivors (4096K)
 Metaspace       used 72622K, committed 73280K, reserved 1114112K
  class space    used 9697K, committed 9984K, reserved 1048576K
}
Event: 9.755 GC heap after
{Heap after GC invocations=25 (full 0):
 garbage-first heap   total 200704K, used 61966K [0x0000000709c00000, 0x0000000800000000)
  region size 2048K, 4 young (8192K), 4 survivors (8192K)
 Metaspace       used 72622K, committed 73280K, reserved 1114112K
  class space    used 9697K, committed 9984K, reserved 1048576K
}
Event: 10.029 GC heap before
{Heap before GC invocations=25 (full 0):
 garbage-first heap   total 200704K, used 166414K [0x0000000709c00000, 0x0000000800000000)
  region size 2048K, 55 young (112640K), 4 survivors (8192K)
 Metaspace       used 74124K, committed 74816K, reserved 1114112K
  class space    used 9879K, committed 10176K, reserved 1048576K
}
Event: 10.036 GC heap after
{Heap after GC invocations=26 (full 0):
 garbage-first heap   total 200704K, used 67793K [0x0000000709c00000, 0x0000000800000000)
  region size 2048K, 6 young (12288K), 6 survivors (12288K)
 Metaspace       used 74124K, committed 74816K, reserved 1114112K
  class space    used 9879K, committed 10176K, reserved 1048576K
}
Event: 10.171 GC heap before
{Heap before GC invocations=26 (full 0):
 garbage-first heap   total 200704K, used 147665K [0x0000000709c00000, 0x0000000800000000)
  region size 2048K, 46 young (94208K), 6 survivors (12288K)
 Metaspace       used 74124K, committed 74816K, reserved 1114112K
  class space    used 9879K, committed 10176K, reserved 1048576K
}
Event: 10.190 GC heap after
{Heap after GC invocations=27 (full 0):
 garbage-first heap   total 200704K, used 93045K [0x0000000709c00000, 0x0000000800000000)
  region size 2048K, 7 young (14336K), 7 survivors (14336K)
 Metaspace       used 74124K, committed 74816K, reserved 1114112K
  class space    used 9879K, committed 10176K, reserved 1048576K
}
Event: 10.321 GC heap before
{Heap before GC invocations=28 (full 0):
 garbage-first heap   total 200704K, used 156533K [0x0000000709c00000, 0x0000000800000000)
  region size 2048K, 38 young (77824K), 7 survivors (14336K)
 Metaspace       used 74126K, committed 74816K, reserved 1114112K
  class space    used 9879K, committed 10176K, reserved 1048576K
}
Event: 10.341 GC heap after
{Heap after GC invocations=29 (full 0):
 garbage-first heap   total 200704K, used 117153K [0x0000000709c00000, 0x0000000800000000)
  region size 2048K, 5 young (10240K), 5 survivors (10240K)
 Metaspace       used 74126K, committed 74816K, reserved 1114112K
  class space    used 9879K, committed 10176K, reserved 1048576K
}
Event: 10.430 GC heap before
{Heap before GC invocations=29 (full 0):
 garbage-first heap   total 200704K, used 162209K [0x0000000709c00000, 0x0000000800000000)
  region size 2048K, 27 young (55296K), 5 survivors (10240K)
 Metaspace       used 74126K, committed 74816K, reserved 1114112K
  class space    used 9879K, committed 10176K, reserved 1048576K
}
Event: 10.447 GC heap after
{Heap after GC invocations=30 (full 0):
 garbage-first heap   total 401408K, used 111443K [0x0000000709c00000, 0x0000000800000000)
  region size 2048K, 4 young (8192K), 4 survivors (8192K)
 Metaspace       used 74126K, committed 74816K, reserved 1114112K
  class space    used 9879K, committed 10176K, reserved 1048576K
}
Event: 10.759 GC heap before
{Heap before GC invocations=30 (full 0):
 garbage-first heap   total 401408K, used 295763K [0x0000000709c00000, 0x0000000800000000)
  region size 2048K, 93 young (190464K), 4 survivors (8192K)
 Metaspace       used 74126K, committed 74816K, reserved 1114112K
  class space    used 9879K, committed 10176K, reserved 1048576K
}
Event: 10.799 GC heap after
{Heap after GC invocations=31 (full 0):
 garbage-first heap   total 401408K, used 158304K [0x0000000709c00000, 0x0000000800000000)
  region size 2048K, 12 young (24576K), 12 survivors (24576K)
 Metaspace       used 74126K, committed 74816K, reserved 1114112K
  class space    used 9879K, committed 10176K, reserved 1048576K
}
Event: 10.924 GC heap before
{Heap before GC invocations=31 (full 0):
 garbage-first heap   total 401408K, used 238176K [0x0000000709c00000, 0x0000000800000000)
  region size 2048K, 52 young (106496K), 12 survivors (24576K)
 Metaspace       used 74126K, committed 74816K, reserved 1114112K
  class space    used 9879K, committed 10176K, reserved 1048576K
}
Event: 10.956 GC heap after
{Heap after GC invocations=32 (full 0):
 garbage-first heap   total 401408K, used 187312K [0x0000000709c00000, 0x0000000800000000)
  region size 2048K, 10 young (20480K), 10 survivors (20480K)
 Metaspace       used 74126K, committed 74816K, reserved 1114112K
  class space    used 9879K, committed 10176K, reserved 1048576K
}
Event: 11.180 GC heap before
{Heap before GC invocations=33 (full 0):
 garbage-first heap   total 401408K, used 302000K [0x0000000709c00000, 0x0000000800000000)
  region size 2048K, 65 young (133120K), 10 survivors (20480K)
 Metaspace       used 74126K, committed 74816K, reserved 1114112K
  class space    used 9879K, committed 10176K, reserved 1048576K
}
Event: 11.212 GC heap after
{Heap after GC invocations=34 (full 0):
 garbage-first heap   total 401408K, used 234496K [0x0000000709c00000, 0x0000000800000000)
  region size 2048K, 9 young (18432K), 9 survivors (18432K)
 Metaspace       used 74126K, committed 74816K, reserved 1114112K
  class space    used 9879K, committed 10176K, reserved 1048576K
}
Event: 11.354 GC heap before
{Heap before GC invocations=34 (full 0):
 garbage-first heap   total 401408K, used 322560K [0x0000000709c00000, 0x0000000800000000)
  region size 2048K, 52 young (106496K), 9 survivors (18432K)
 Metaspace       used 74126K, committed 74816K, reserved 1114112K
  class space    used 9879K, committed 10176K, reserved 1048576K
}
Event: 11.378 GC heap after
{Heap after GC invocations=35 (full 0):
 garbage-first heap   total 401408K, used 255692K [0x0000000709c00000, 0x0000000800000000)
  region size 2048K, 7 young (14336K), 7 survivors (14336K)
 Metaspace       used 74126K, committed 74816K, reserved 1114112K
  class space    used 9879K, committed 10176K, reserved 1048576K
}
Event: 12.657 GC heap before
{Heap before GC invocations=35 (full 0):
 garbage-first heap   total 401408K, used 333516K [0x0000000709c00000, 0x0000000800000000)
  region size 2048K, 45 young (92160K), 7 survivors (14336K)
 Metaspace       used 80079K, committed 80832K, reserved 1179648K
  class space    used 10697K, committed 11072K, reserved 1048576K
}

Dll operation events (14 events):
Event: 0.025 Loaded shared library C:\Program Files\Java\zulu21.40.17-ca-fx-jdk21.0.6-win_x64\bin\java.dll
Event: 0.083 Loaded shared library C:\Program Files\Java\zulu21.40.17-ca-fx-jdk21.0.6-win_x64\bin\jsvml.dll
Event: 0.333 Loaded shared library C:\Program Files\Java\zulu21.40.17-ca-fx-jdk21.0.6-win_x64\bin\zip.dll
Event: 0.342 Loaded shared library C:\Program Files\Java\zulu21.40.17-ca-fx-jdk21.0.6-win_x64\bin\instrument.dll
Event: 0.357 Loaded shared library C:\Program Files\Java\zulu21.40.17-ca-fx-jdk21.0.6-win_x64\bin\net.dll
Event: 0.364 Loaded shared library C:\Program Files\Java\zulu21.40.17-ca-fx-jdk21.0.6-win_x64\bin\nio.dll
Event: 0.373 Loaded shared library C:\Program Files\Java\zulu21.40.17-ca-fx-jdk21.0.6-win_x64\bin\zip.dll
Event: 0.615 Loaded shared library C:\Program Files\JetBrains\IntelliJ IDEA Community Edition 2024.3.2.2\bin\breakgen64.dll
Event: 0.634 Loaded shared library C:\Program Files\Java\zulu21.40.17-ca-fx-jdk21.0.6-win_x64\bin\extnet.dll
Event: 0.687 Loaded shared library C:\Program Files\Java\zulu21.40.17-ca-fx-jdk21.0.6-win_x64\bin\jimage.dll
Event: 2.732 Loaded shared library C:\Program Files\Java\zulu21.40.17-ca-fx-jdk21.0.6-win_x64\bin\sunmscapi.dll
Event: 4.841 Loaded shared library C:\Program Files\Java\zulu21.40.17-ca-fx-jdk21.0.6-win_x64\bin\management.dll
Event: 4.845 Loaded shared library C:\Program Files\Java\zulu21.40.17-ca-fx-jdk21.0.6-win_x64\bin\management_ext.dll
Event: 5.593 Loaded shared library C:\Program Files\Java\zulu21.40.17-ca-fx-jdk21.0.6-win_x64\bin\verify.dll

Deoptimization events (20 events):
Event: 12.437 Thread 0x000002159cde2410 Uncommon trap: trap_request=0xffffff45 fr.pc=0x00000215ae3a4c5c relative=0x000000000000047c
Event: 12.437 Thread 0x000002159cde2410 Uncommon trap: reason=unstable_if action=reinterpret pc=0x00000215ae3a4c5c method=org.springframework.beans.factory.support.DefaultSingletonBeanRegistry.getSingleton(Ljava/lang/String;Z)Ljava/lang/Object; @ 39 c2
Event: 12.437 Thread 0x000002159cde2410 DEOPT PACKING pc=0x00000215ae3a4c5c sp=0x00000044179fd790
Event: 12.437 Thread 0x000002159cde2410 DEOPT UNPACKING pc=0x00000215adc546a2 sp=0x00000044179fd720 mode 2
Event: 12.510 Thread 0x000002159cde2410 Uncommon trap: trap_request=0xffffff45 fr.pc=0x00000215ae5d9c24 relative=0x00000000000001e4
Event: 12.510 Thread 0x000002159cde2410 Uncommon trap: reason=unstable_if action=reinterpret pc=0x00000215ae5d9c24 method=org.springframework.util.ClassUtils.isAssignable(Ljava/lang/Class;Ljava/lang/Class;)Z @ 26 c2
Event: 12.510 Thread 0x000002159cde2410 DEOPT PACKING pc=0x00000215ae5d9c24 sp=0x00000044179fe4b0
Event: 12.510 Thread 0x000002159cde2410 DEOPT UNPACKING pc=0x00000215adc546a2 sp=0x00000044179fe458 mode 2
Event: 12.559 Thread 0x000002159cde2410 Uncommon trap: trap_request=0xffffffde fr.pc=0x00000215ae50d508 relative=0x00000000000001e8
Event: 12.559 Thread 0x000002159cde2410 Uncommon trap: reason=class_check action=maybe_recompile pc=0x00000215ae50d508 method=java.lang.reflect.Array.newInstance(Ljava/lang/Class;I)Ljava/lang/Object; @ 2 c2
Event: 12.559 Thread 0x000002159cde2410 DEOPT PACKING pc=0x00000215ae50d508 sp=0x00000044179fd940
Event: 12.559 Thread 0x000002159cde2410 DEOPT UNPACKING pc=0x00000215adc546a2 sp=0x00000044179fd8f8 mode 2
Event: 12.635 Thread 0x000002159cde2410 Uncommon trap: trap_request=0xffffff45 fr.pc=0x00000215ae515dc0 relative=0x0000000000001140
Event: 12.635 Thread 0x000002159cde2410 Uncommon trap: reason=unstable_if action=reinterpret pc=0x00000215ae515dc0 method=org.springframework.core.annotation.AnnotationsScanner.processClassInheritedAnnotations(Ljava/lang/Object;Ljava/lang/Class;Lorg/springframework/core/annotation/AnnotationsPr
Event: 12.635 Thread 0x000002159cde2410 DEOPT PACKING pc=0x00000215ae515dc0 sp=0x00000044179fed40
Event: 12.635 Thread 0x000002159cde2410 DEOPT UNPACKING pc=0x00000215adc546a2 sp=0x00000044179fec18 mode 2
Event: 12.635 Thread 0x000002159cde2410 Uncommon trap: trap_request=0xffffff45 fr.pc=0x00000215ae51bf98 relative=0x00000000000023d8
Event: 12.635 Thread 0x000002159cde2410 Uncommon trap: reason=unstable_if action=reinterpret pc=0x00000215ae51bf98 method=org.springframework.core.annotation.AnnotationsScanner.processClassInheritedAnnotations(Ljava/lang/Object;Ljava/lang/Class;Lorg/springframework/core/annotation/AnnotationsPr
Event: 12.635 Thread 0x000002159cde2410 DEOPT PACKING pc=0x00000215ae51bf98 sp=0x00000044179fec40
Event: 12.635 Thread 0x000002159cde2410 DEOPT UNPACKING pc=0x00000215adc546a2 sp=0x00000044179fec08 mode 2

Classes loaded (20 events):
Event: 12.031 Loading class java/util/AbstractList$SubList$1
Event: 12.031 Loading class java/util/AbstractList$SubList$1 done
Event: 12.647 Loading class java/nio/channels/spi/SelectorProvider
Event: 12.647 Loading class java/nio/channels/spi/SelectorProvider done
Event: 12.647 Loading class java/nio/channels/spi/SelectorProvider$Holder
Event: 12.647 Loading class java/nio/channels/spi/SelectorProvider$Holder done
Event: 12.648 Loading class sun/nio/ch/DefaultSelectorProvider
Event: 12.648 Loading class sun/nio/ch/DefaultSelectorProvider done
Event: 12.648 Loading class sun/nio/ch/WEPollSelectorProvider
Event: 12.648 Loading class sun/nio/ch/SelectorProviderImpl
Event: 12.648 Loading class sun/nio/ch/SelectorProviderImpl done
Event: 12.648 Loading class sun/nio/ch/WEPollSelectorProvider done
Event: 12.648 Loading class sun/nio/ch/ServerSocketChannelImpl
Event: 12.649 Loading class sun/nio/ch/ServerSocketChannelImpl done
Event: 12.650 Loading class sun/nio/ch/ServerSocketAdaptor
Event: 12.650 Loading class sun/nio/ch/ServerSocketAdaptor done
Event: 12.651 Loading class sun/nio/ch/DummySocketImpl
Event: 12.651 Loading class sun/nio/ch/DummySocketImpl done
Event: 12.654 Loading class java/lang/IllegalThreadStateException
Event: 12.654 Loading class java/lang/IllegalThreadStateException done

Classes unloaded (0 events):
No events

Classes redefined (0 events):
No events

Internal exceptions (20 events):
Event: 7.819 Thread 0x000002159cde2410 Implicit null exception at 0x00000215ae4cc8f7 to 0x00000215ae4ccb60
Event: 7.832 Thread 0x000002159cde2410 Implicit null exception at 0x00000215ae282f72 to 0x00000215ae2832b8
Event: 7.833 Thread 0x000002159cde2410 Implicit null exception at 0x00000215ae281f3a to 0x00000215ae281f74
Event: 7.875 Thread 0x000002159cde2410 Implicit null exception at 0x00000215ae4b65d0 to 0x00000215ae4b810c
Event: 7.882 Thread 0x000002159cde2410 Exception <a 'java/lang/IncompatibleClassChangeError'{0x000000070c9e7b88}: Found class java.lang.Object, but interface was expected> (0x000000070c9e7b88) 
thrown [s\src\hotspot\share\interpreter\linkResolver.cpp, line 840]
Event: 7.931 Thread 0x000002159cde2410 Exception <a 'java/lang/IncompatibleClassChangeError'{0x000000070c7824a0}: Found class java.lang.Object, but interface was expected> (0x000000070c7824a0) 
thrown [s\src\hotspot\share\interpreter\linkResolver.cpp, line 840]
Event: 8.119 Thread 0x000002159cde2410 Exception <a 'java/lang/IncompatibleClassChangeError'{0x000000070c1a6428}: Found class java.lang.Object, but interface was expected> (0x000000070c1a6428) 
thrown [s\src\hotspot\share\interpreter\linkResolver.cpp, line 840]
Event: 8.220 Thread 0x000002159cde2410 Exception <a 'java/lang/IncompatibleClassChangeError'{0x00000007192f6108}: Found class java.lang.Object, but interface was expected> (0x00000007192f6108) 
thrown [s\src\hotspot\share\interpreter\linkResolver.cpp, line 840]
Event: 8.319 Thread 0x000002159cde2410 Exception <a 'java/lang/NoSuchMethodError'{0x000000070e029970}: 'void java.lang.invoke.Invokers$Holder.invokeExact_MT(java.lang.Object, java.lang.Object, java.lang.Object, java.lang.Object)'> (0x000000070e029970) 
thrown [s\src\hotspot\share\interpreter\linkResolver.cpp, line 773]
Event: 11.624 Thread 0x000002159cde2410 Exception <a 'java/lang/NoSuchMethodError'{0x0000000720146238}: 'java.lang.Object java.lang.invoke.DirectMethodHandle$Holder.newInvokeSpecial(java.lang.Object, java.lang.Object, java.lang.Object, java.lang.Object, java.lang.Object, java.lang.Object, java.lang.Object, java.lang.Object)'> (0x0000000720146238) 
thrown [s\src\hotspot\share\interpreter\linkResolver.cpp, line 773]
Event: 11.671 Thread 0x000002159cde2410 Exception <a 'java/lang/IncompatibleClassChangeError'{0x000000071ff292f0}: Found class java.lang.Object, but interface was expected> (0x000000071ff292f0) 
thrown [s\src\hotspot\share\interpreter\linkResolver.cpp, line 840]
Event: 12.092 Thread 0x000002159cde2410 Implicit null exception at 0x00000215ae53b808 to 0x00000215ae53bd1c
Event: 12.144 Thread 0x000002159cde2410 Exception <a 'java/lang/IncompatibleClassChangeError'{0x000000071ec1a268}: Found class java.lang.Object, but interface was expected> (0x000000071ec1a268) 
thrown [s\src\hotspot\share\interpreter\linkResolver.cpp, line 840]
Event: 12.299 Thread 0x000002159cde2410 Exception <a 'java/lang/NoSuchMethodError'{0x000000071e946de0}: 'java.lang.Object java.lang.invoke.DirectMethodHandle$Holder.invokeInterface(java.lang.Object, java.lang.Object, java.lang.Object, java.lang.Object)'> (0x000000071e946de0) 
thrown [s\src\hotspot\share\interpreter\linkResolver.cpp, line 773]
Event: 12.374 Thread 0x000002159cde2410 Exception <a 'java/lang/NoSuchMethodError'{0x000000071e78b118}: 'void java.lang.invoke.DirectMethodHandle$Holder.invokeVirtual(java.lang.Object, java.lang.Object, long)'> (0x000000071e78b118) 
thrown [s\src\hotspot\share\interpreter\linkResolver.cpp, line 773]
Event: 12.430 Thread 0x000002159cde2410 Exception <a 'java/lang/NoSuchMethodError'{0x000000071e200e70}: 'int java.lang.invoke.DirectMethodHandle$Holder.invokeStaticInit(java.lang.Object, java.lang.Object, java.lang.Object, java.lang.Object)'> (0x000000071e200e70) 
thrown [s\src\hotspot\share\interpreter\linkResolver.cpp, line 773]
Event: 12.470 Thread 0x000002159cde2410 Exception <a 'java/lang/NoSuchMethodError'{0x000000071e359ef0}: 'java.lang.Object java.lang.invoke.Invokers$Holder.invoke_MT(java.lang.Object, java.lang.Object, java.lang.Object, java.lang.Object, java.lang.Object, java.lang.Object, java.lang.Object, java.lang.Object, java.lang.Object)'> (0x000000071e359ef0) 
thrown [s\src\hotspot\share\interpreter\linkResolver.cpp, line 773]
Event: 12.497 Thread 0x000002159cde2410 Exception <a 'java/lang/IncompatibleClassChangeError'{0x000000071e015df0}: Found class java.lang.Object, but interface was expected> (0x000000071e015df0) 
thrown [s\src\hotspot\share\interpreter\linkResolver.cpp, line 840]
Event: 12.574 Thread 0x000002159cde2410 Exception <a 'java/lang/NoSuchMethodError'{0x000000071df16308}: 'java.lang.Object java.lang.invoke.Invokers$Holder.invoke_MT(java.lang.Object, java.lang.Object, java.lang.Object, java.lang.Object, java.lang.Object, java.lang.Object, java.lang.Object, java.lang.Object, java.lang.Object, java.lang.Object, java.lang.Object)'> (0x000000071df16308) 
thrown [s\src\hotspot\share\interpreter\linkResolver.cpp, line 773]
Event: 12.645 Thread 0x000002159cde2410 Exception <a 'java/lang/NoSuchMethodError'{0x000000071da2e5f0}: 'java.lang.Object java.lang.invoke.DirectMethodHandle$Holder.newInvokeSpecial(java.lang.Object, java.lang.Object, int, java.lang.Object, java.lang.Object)'> (0x000000071da2e5f0) 
thrown [s\src\hotspot\share\interpreter\linkResolver.cpp, line 773]

ZGC Phase Switch (0 events):
No events

VM Operations (20 events):
Event: 11.212 Executing VM operation: G1CollectForAllocation (G1 Evacuation Pause) done
Event: 11.354 Executing VM operation: G1CollectForAllocation (G1 Evacuation Pause)
Event: 11.379 Executing VM operation: G1CollectForAllocation (G1 Evacuation Pause) done
Event: 11.761 Executing VM operation: ICBufferFull
Event: 11.761 Executing VM operation: ICBufferFull done
Event: 11.951 Executing VM operation: HandshakeAllThreads (Deoptimize)
Event: 11.951 Executing VM operation: HandshakeAllThreads (Deoptimize) done
Event: 11.967 Executing VM operation: HandshakeAllThreads (Deoptimize)
Event: 11.967 Executing VM operation: HandshakeAllThreads (Deoptimize) done
Event: 11.984 Executing VM operation: HandshakeAllThreads (Deoptimize)
Event: 11.984 Executing VM operation: HandshakeAllThreads (Deoptimize) done
Event: 11.985 Executing VM operation: HandshakeAllThreads (Deoptimize)
Event: 11.986 Executing VM operation: HandshakeAllThreads (Deoptimize) done
Event: 12.155 Executing VM operation: HandshakeAllThreads (Deoptimize)
Event: 12.155 Executing VM operation: HandshakeAllThreads (Deoptimize) done
Event: 12.399 Executing VM operation: HandshakeAllThreads (Deoptimize)
Event: 12.399 Executing VM operation: HandshakeAllThreads (Deoptimize) done
Event: 12.556 Executing VM operation: ICBufferFull
Event: 12.556 Executing VM operation: ICBufferFull done
Event: 12.656 Executing VM operation: G1CollectForAllocation (G1 Evacuation Pause)

Memory protections (0 events):
No events

Nmethod flushes (20 events):
Event: 11.071 Thread 0x00000215bd590370 flushing  nmethod 0x00000215a7195490
Event: 11.071 Thread 0x00000215bd590370 flushing  nmethod 0x00000215a7198990
Event: 11.071 Thread 0x00000215bd590370 flushing  nmethod 0x00000215a71a2090
Event: 11.071 Thread 0x00000215bd590370 flushing  nmethod 0x00000215a71a5390
Event: 11.071 Thread 0x00000215bd590370 flushing  nmethod 0x00000215ae38cd90
Event: 11.071 Thread 0x00000215bd590370 flushing  nmethod 0x00000215ae599610
Event: 11.071 Thread 0x00000215bd590370 flushing  nmethod 0x00000215ae59e110
Event: 11.071 Thread 0x00000215bd590370 flushing  nmethod 0x00000215ae5a2010
Event: 11.071 Thread 0x00000215bd590370 flushing  nmethod 0x00000215ae5a3c90
Event: 11.071 Thread 0x00000215bd590370 flushing  nmethod 0x00000215a6732a10
Event: 11.071 Thread 0x00000215bd590370 flushing  nmethod 0x00000215a67cac90
Event: 11.071 Thread 0x00000215bd590370 flushing  nmethod 0x00000215a682a610
Event: 11.071 Thread 0x00000215bd590370 flushing  nmethod 0x00000215a6840e90
Event: 11.071 Thread 0x00000215bd590370 flushing  nmethod 0x00000215a6a4f810
Event: 11.071 Thread 0x00000215bd590370 flushing  nmethod 0x00000215a6a50010
Event: 11.071 Thread 0x00000215bd590370 flushing  nmethod 0x00000215a6c96b10
Event: 11.071 Thread 0x00000215bd590370 flushing osr nmethod 0x00000215ae574590
Event: 11.071 Thread 0x00000215bd590370 flushing  nmethod 0x00000215a715e190
Event: 11.071 Thread 0x00000215bd590370 flushing  nmethod 0x00000215a7190b90
Event: 11.071 Thread 0x00000215bd590370 flushing  nmethod 0x00000215a7192c90

Events (20 events):
Event: 7.412 Thread 0x00000215bd5b5560 Thread added: 0x0000021587fb24c0
Event: 7.470 Thread 0x00000215bd5b5560 Thread added: 0x0000021587fb4000
Event: 7.696 Thread 0x0000021587fb4000 Thread exited: 0x0000021587fb4000
Event: 7.696 Thread 0x0000021587fb24c0 Thread exited: 0x0000021587fb24c0
Event: 7.825 Thread 0x00000215bd5b5560 Thread added: 0x0000021587fb46d0
Event: 7.828 Thread 0x00000215bd5b5560 Thread added: 0x0000021587fb1720
Event: 9.602 Thread 0x0000021587fb1720 Thread exited: 0x0000021587fb1720
Event: 11.395 Thread 0x0000021587fb46d0 Thread exited: 0x0000021587fb46d0
Event: 11.435 Thread 0x00000215bd5b5560 Thread added: 0x0000021587fb46d0
Event: 11.470 Thread 0x00000215bd5b5560 Thread added: 0x0000021587fb1720
Event: 12.026 Thread 0x0000021585521e90 Thread exited: 0x0000021585521e90
Event: 12.655 Thread 0x000002159cde2410 Thread added: 0x000002158551fdc0
Event: 12.655 Thread 0x000002159cde2410 Thread added: 0x0000021585522bb0
Event: 12.656 Thread 0x000002159cde2410 Thread added: 0x0000021585521800
Event: 12.656 Thread 0x000002159cde2410 Thread added: 0x0000021585520450
Event: 12.656 Thread 0x000002159cde2410 Thread added: 0x0000021585520ae0
Event: 12.656 Thread 0x000002159cde2410 Thread added: 0x0000021585521170
Event: 12.656 Thread 0x000002159cde2410 Thread added: 0x0000021585521e90
Event: 12.656 Thread 0x000002159cde2410 Thread added: 0x0000021585523240
Event: 12.656 Thread 0x000002159cde2410 Thread added: 0x00000215891f18f0


Dynamic libraries:
0x00007ff7ef890000 - 0x00007ff7ef89e000 	C:\Program Files\Java\zulu21.40.17-ca-fx-jdk21.0.6-win_x64\bin\java.exe
0x00007ff9a8760000 - 0x00007ff9a89c6000 	C:\windows\SYSTEM32\ntdll.dll
0x00007ff9a81e0000 - 0x00007ff9a82a9000 	C:\windows\System32\KERNEL32.DLL
0x00007ff9a5bc0000 - 0x00007ff9a5f8c000 	C:\windows\System32\KERNELBASE.dll
0x00007ff9a58f0000 - 0x00007ff9a5a3b000 	C:\windows\System32\ucrtbase.dll
0x00007ff9a0780000 - 0x00007ff9a0799000 	C:\Program Files\Java\zulu21.40.17-ca-fx-jdk21.0.6-win_x64\bin\jli.dll
0x00007ff9a0720000 - 0x00007ff9a073b000 	C:\Program Files\Java\zulu21.40.17-ca-fx-jdk21.0.6-win_x64\bin\VCRUNTIME140.dll
0x00007ff9a6820000 - 0x00007ff9a69ea000 	C:\windows\System32\USER32.dll
0x00007ff9a5ae0000 - 0x00007ff9a5b07000 	C:\windows\System32\win32u.dll
0x00007ff9a7fd0000 - 0x00007ff9a7ffb000 	C:\windows\System32\GDI32.dll
0x00007ff9a6290000 - 0x00007ff9a63c2000 	C:\windows\System32\gdi32full.dll
0x00007ff9a5b10000 - 0x00007ff9a5bb3000 	C:\windows\System32\msvcp_win.dll
0x00007ff9925f0000 - 0x00007ff99288a000 	C:\windows\WinSxS\amd64_microsoft.windows.common-controls_6595b64144ccf1df_6.0.26100.3912_none_3e07963ce335137e\COMCTL32.dll
0x00007ff9a84f0000 - 0x00007ff9a8599000 	C:\windows\System32\msvcrt.dll
0x00007ff9a7c80000 - 0x00007ff9a7cb0000 	C:\windows\System32\IMM32.DLL
0x00007ff9a29f0000 - 0x00007ff9a29fc000 	C:\Program Files\Java\zulu21.40.17-ca-fx-jdk21.0.6-win_x64\bin\vcruntime140_1.dll
0x00007ff99a960000 - 0x00007ff99a9ee000 	C:\Program Files\Java\zulu21.40.17-ca-fx-jdk21.0.6-win_x64\bin\msvcp140.dll
0x00007ff9112c0000 - 0x00007ff91209d000 	C:\Program Files\Java\zulu21.40.17-ca-fx-jdk21.0.6-win_x64\bin\server\jvm.dll
0x00007ff9a7e80000 - 0x00007ff9a7f32000 	C:\windows\System32\ADVAPI32.dll
0x00007ff9a7710000 - 0x00007ff9a77b6000 	C:\windows\System32\sechost.dll
0x00007ff9a6630000 - 0x00007ff9a6746000 	C:\windows\System32\RPCRT4.dll
0x00007ff9a8470000 - 0x00007ff9a84e4000 	C:\windows\System32\WS2_32.dll
0x00007ff99ef50000 - 0x00007ff99ef5b000 	C:\windows\SYSTEM32\VERSION.dll
0x00007ff9a5740000 - 0x00007ff9a579e000 	C:\windows\SYSTEM32\POWRPROF.dll
0x00007ff99ef10000 - 0x00007ff99ef46000 	C:\windows\SYSTEM32\WINMM.dll
0x00007ff9a5720000 - 0x00007ff9a5734000 	C:\windows\SYSTEM32\UMPDC.dll
0x00007ff9a46b0000 - 0x00007ff9a46ca000 	C:\windows\SYSTEM32\kernel.appcore.dll
0x00007ff9a0770000 - 0x00007ff9a077a000 	C:\Program Files\Java\zulu21.40.17-ca-fx-jdk21.0.6-win_x64\bin\jimage.dll
0x00007ff99ae00000 - 0x00007ff99b041000 	C:\windows\SYSTEM32\DBGHELP.DLL
0x00007ff9a7170000 - 0x00007ff9a74f4000 	C:\windows\System32\combase.dll
0x00007ff9a6540000 - 0x00007ff9a6620000 	C:\windows\System32\OLEAUT32.dll
0x00007ff98f990000 - 0x00007ff98f9c9000 	C:\windows\SYSTEM32\dbgcore.DLL
0x00007ff9a5a40000 - 0x00007ff9a5ad9000 	C:\windows\System32\bcryptPrimitives.dll
0x00007ff99a710000 - 0x00007ff99a720000 	C:\Program Files\Java\zulu21.40.17-ca-fx-jdk21.0.6-win_x64\bin\instrument.dll
0x00007ff99a8d0000 - 0x00007ff99a8f2000 	C:\Program Files\Java\zulu21.40.17-ca-fx-jdk21.0.6-win_x64\bin\java.dll
0x00007ff9a69f0000 - 0x00007ff9a711d000 	C:\windows\System32\SHELL32.dll
0x00007ff9a6110000 - 0x00007ff9a6284000 	C:\windows\System32\wintypes.dll
0x00007ff9a3550000 - 0x00007ff9a3da6000 	C:\windows\SYSTEM32\windows.storage.dll
0x00007ff9a7610000 - 0x00007ff9a76ff000 	C:\windows\System32\SHCORE.dll
0x00007ff9a67b0000 - 0x00007ff9a6819000 	C:\windows\System32\shlwapi.dll
0x00007ff9a5800000 - 0x00007ff9a582f000 	C:\windows\SYSTEM32\profapi.dll
0x00007ff95da60000 - 0x00007ff95db37000 	C:\Program Files\Java\zulu21.40.17-ca-fx-jdk21.0.6-win_x64\bin\jsvml.dll
0x00007ff99a870000 - 0x00007ff99a888000 	C:\Program Files\Java\zulu21.40.17-ca-fx-jdk21.0.6-win_x64\bin\zip.dll
0x00007ff99a8b0000 - 0x00007ff99a8c2000 	C:\Program Files\Java\zulu21.40.17-ca-fx-jdk21.0.6-win_x64\bin\net.dll
0x00007ff99bea0000 - 0x00007ff99bfbe000 	C:\windows\SYSTEM32\WINHTTP.dll
0x00007ff9a4c20000 - 0x00007ff9a4c8a000 	C:\windows\system32\mswsock.dll
0x00007ff99a890000 - 0x00007ff99a8a6000 	C:\Program Files\Java\zulu21.40.17-ca-fx-jdk21.0.6-win_x64\bin\nio.dll
0x00007ff99a460000 - 0x00007ff99a47a000 	C:\Program Files\JetBrains\IntelliJ IDEA Community Edition 2024.3.2.2\bin\breakgen64.dll
0x00007ff99fd80000 - 0x00007ff99fd89000 	C:\Program Files\Java\zulu21.40.17-ca-fx-jdk21.0.6-win_x64\bin\extnet.dll
0x00007ff9a0710000 - 0x00007ff9a071e000 	C:\Program Files\Java\zulu21.40.17-ca-fx-jdk21.0.6-win_x64\bin\sunmscapi.dll
0x00007ff9a5f90000 - 0x00007ff9a6107000 	C:\windows\System32\CRYPT32.dll
0x00007ff9a50d0000 - 0x00007ff9a5100000 	C:\windows\SYSTEM32\ncrypt.dll
0x00007ff9a5080000 - 0x00007ff9a50bf000 	C:\windows\SYSTEM32\NTASN1.dll
0x00007ff9a4ec0000 - 0x00007ff9a4edc000 	C:\windows\SYSTEM32\CRYPTSP.dll
0x00007ff9a4610000 - 0x00007ff9a464a000 	C:\windows\system32\rsaenh.dll
0x00007ff9a4cc0000 - 0x00007ff9a4ceb000 	C:\windows\SYSTEM32\USERENV.dll
0x00007ff9a57d0000 - 0x00007ff9a57f6000 	C:\windows\SYSTEM32\bcrypt.dll
0x00007ff9a4ee0000 - 0x00007ff9a4eec000 	C:\windows\SYSTEM32\CRYPTBASE.dll
0x00007ff9a40b0000 - 0x00007ff9a40e3000 	C:\windows\SYSTEM32\IPHLPAPI.DLL
0x00007ff9a7f40000 - 0x00007ff9a7f4a000 	C:\windows\System32\NSI.dll
0x00007ff99a950000 - 0x00007ff99a95a000 	C:\Program Files\Java\zulu21.40.17-ca-fx-jdk21.0.6-win_x64\bin\management.dll
0x00007ff99a720000 - 0x00007ff99a72c000 	C:\Program Files\Java\zulu21.40.17-ca-fx-jdk21.0.6-win_x64\bin\management_ext.dll
0x00007ff9a7500000 - 0x00007ff9a7508000 	C:\windows\System32\PSAPI.DLL
0x00007ff99a400000 - 0x00007ff99a410000 	C:\Program Files\Java\zulu21.40.17-ca-fx-jdk21.0.6-win_x64\bin\verify.dll
0x00007ff9a4140000 - 0x00007ff9a4267000 	C:\windows\SYSTEM32\DNSAPI.dll
0x00007ff99add0000 - 0x00007ff99addb000 	C:\Windows\System32\rasadhlp.dll
0x00007ff9997c0000 - 0x00007ff999846000 	C:\windows\System32\fwpuclnt.dll

dbghelp: loaded successfully - version: 4.0.5 - missing functions: none
symbol engine: initialized successfully - sym options: 0x614 - pdb path: .;C:\Program Files\Java\zulu21.40.17-ca-fx-jdk21.0.6-win_x64\bin;C:\windows\SYSTEM32;C:\windows\WinSxS\amd64_microsoft.windows.common-controls_6595b64144ccf1df_6.0.26100.3912_none_3e07963ce335137e;C:\Program Files\Java\zulu21.40.17-ca-fx-jdk21.0.6-win_x64\bin\server;C:\Program Files\JetBrains\IntelliJ IDEA Community Edition 2024.3.2.2\bin

VM Arguments:
jvm_args: -javaagent:C:\Program Files\JetBrains\IntelliJ IDEA Community Edition 2024.3.2.2\lib\idea_rt.jar=49850:C:\Program Files\JetBrains\IntelliJ IDEA Community Edition 2024.3.2.2\bin -Dfile.encoding=UTF-8 -Dsun.stdout.encoding=UTF-8 -Dsun.stderr.encoding=UTF-8 
java_command: com.noureddine.library.LibraryApplication
java_class_path (initial): D:\Projects\MultidisciplinaryProject\Library\library\target\classes;C:\Users\asus\.m2\repository\org\springframework\boot\spring-boot-starter-validation\3.4.4\spring-boot-starter-validation-3.4.4.jar;C:\Users\asus\.m2\repository\org\springframework\boot\spring-boot-starter\3.4.4\spring-boot-starter-3.4.4.jar;C:\Users\asus\.m2\repository\org\springframework\boot\spring-boot\3.4.4\spring-boot-3.4.4.jar;C:\Users\asus\.m2\repository\org\springframework\boot\spring-boot-autoconfigure\3.4.4\spring-boot-autoconfigure-3.4.4.jar;C:\Users\asus\.m2\repository\org\springframework\boot\spring-boot-starter-logging\3.4.4\spring-boot-starter-logging-3.4.4.jar;C:\Users\asus\.m2\repository\ch\qos\logback\logback-classic\1.5.18\logback-classic-1.5.18.jar;C:\Users\asus\.m2\repository\ch\qos\logback\logback-core\1.5.18\logback-core-1.5.18.jar;C:\Users\asus\.m2\repository\org\apache\logging\log4j\log4j-to-slf4j\2.24.3\log4j-to-slf4j-2.24.3.jar;C:\Users\asus\.m2\repository\org\apache\logging\log4j\log4j-api\2.24.3\log4j-api-2.24.3.jar;C:\Users\asus\.m2\repository\org\slf4j\jul-to-slf4j\2.0.17\jul-to-slf4j-2.0.17.jar;C:\Users\asus\.m2\repository\jakarta\annotation\jakarta.annotation-api\2.1.1\jakarta.annotation-api-2.1.1.jar;C:\Users\asus\.m2\repository\org\yaml\snakeyaml\2.3\snakeyaml-2.3.jar;C:\Users\asus\.m2\repository\org\apache\tomcat\embed\tomcat-embed-el\10.1.39\tomcat-embed-el-10.1.39.jar;C:\Users\asus\.m2\repository\org\hibernate\validator\hibernate-validator\8.0.2.Final\hibernate-validator-8.0.2.Final.jar;C:\Users\asus\.m2\repository\jakarta\validation\jakarta.validation-api\3.0.2\jakarta.validation-api-3.0.2.jar;C:\Users\asus\.m2\repository\org\jboss\logging\jboss-logging\3.6.1.Final\jboss-logging-3.6.1.Final.jar;C:\Users\asus\.m2\repository\com\fasterxml\classmate\1.7.0\classmate-1.7.0.jar;C:\Users\asus\.m2\repository\org\springframework\boot\spring-boot-starter-security\3.4.4\spring-boot-starter-security-3.4.4.jar;C:\Users\asus\.m2\repository\org\springframework\spring-aop\6.2.5\spring-aop-6.2.5.jar;C:\Users\asus\.m2\repository\org\springframework\spring-beans\6.2.5\spring-beans-6.2.5.jar;C:\Users\asus\.m2\repository\org\springframework\security\spring-security-config\6.4.4\spring-security-config-6.4.4.jar;C:\Users\asus\.m2\repository\org\springframework\security\spring-security-core\6.4.4\spring-security-core-6.4.4.jar;C:\Users\asus\.m2\repository\org\springframework\security\spring-security-crypto\6.4.4\spring-security-crypto-6.4.4.jar;C:\Users\asus\.m2\repository\org\springframework\spring-context\6.2.5\spring-context-6.2.5.jar;C:\Users\asus\.m2\repository\org\springframework\security\spring-security-web\6.4.4\spring-security-web-6.4.4.jar;C:\Users\asus\.m2\repository\org\springframework\spring-expression\6.2.5\spring-expression-6.2.5.jar;C:\Users\asus\.m2\repository\io\jsonwebtoken\jjwt-api\0.11.5\jjwt-api-0.11.5.jar;C:\Users\asus\.m2\repository\io\jsonwebtoken\jjwt-impl\0.11.5\jjwt-impl-0.11.5.jar;C:\Users\asus\.m2\repository\io\jsonwebtoken\jjwt-jackson\0.11.5\jjwt-jackson-0.11.5.jar;C:\Users\asus\.m2\repository\com\fasterxml\jackson\core\jackson-databind\2.18.3\jackson-databind-2.18.3.jar;C:\Users\asus\.m2\repository\com\fasterxml\jackson\core\jackson-annotations\2.18.3\jackson-annotations-2.18.3.jar;C:\Users\asus\.m2\repository\com\fasterxml\jackson\core\jackson-core\2.18.3\jackson-core-2.18.3.jar;C:\Users\asus\.m2\repository\org\springframework\boot\spring-boot-starter-hateoas\3.4.4\spring-boot-starter-hateoas-3.4.4.jar;C:\Users\asus\.m2\repository\org\springframework\hateoas\spring-hateoas\2.4.1\spring-hateoas-2.4.1.jar;C:\Users\asus\.m2\repository\org\springframework\plugin\spring-plugin-core\3.0.0\spring-plugin-core-3.0.0.jar;C:\Users\asus\.m2\repository\org\slf4j\slf4j-api\2.0.17\slf4j-api-2.0.17.jar;C:\Users\asus\.m2\repository\org\springframework\boot\spring-boot-starter-data-jpa\3.4.4\spring-boot-starter-data-jpa-3.4.4.jar;C:\Users\asus\.m2\repository\org\hibernate\orm\hibernate-core\6.6.11.Final\hibernate-core-6.6.11.Final.jar;C:\Users\asus\.m2\repository\jakarta\persistence\jakarta.persistence-api\3.1.0\jakarta.persistence-api-3.1.0.jar;C:\Users\asus\.m2\repository\jakarta\transaction\jakarta.transaction-api\2.0.1\jakarta.transaction-api-2.0.1.jar;C:\Users\asus\.m2\repository\org\hibernate\common\hibernate-commons-annotations\7.0.3.Final\hibernate-commons-annotations-7.0.3.Final.jar;C:\Users\asus\.m2\repository\io\smallrye\jandex\3.2.0\jandex-3.2.0.jar;C:\Users\asus\.m2\repository\net\bytebuddy\byte-buddy\1.15.11\byte-buddy-1.15.11.jar;C:\Users\asus\.m2\repository\org\glassfish\jaxb\jaxb-runtime\4.0.5\jaxb-runtime-4.0.5.jar;C:\Users\asus\.m2\repository\org\glassfish\jaxb\jaxb-core\4.0.5\jaxb-core-4.0.5.jar;C:\Users\asus\.m2\repository\org\glassfish\jaxb\txw2\4.0.5\txw2-4.0.5.jar;C:\Users\asus\.m2\repository\com\sun\istack\istack-commons-runtime\4.1.2\istack-commons-runtime-4.1.2.jar;C:\Users\asus\.m2\repository\jakarta\inject\jakarta.inject-api\2.0.1\jakarta.inject-api-2.0.1.jar;C:\Users\asus\.m2\repository\org\antlr\antlr4-runtime\4.13.0\antlr4-runtime-4.13.0.jar;C:\Users\asus\.m2\repository\org\springframework\data\spring-data-jpa\3.4.4\spring-data-jpa-3.4.4.jar;C:\Users\asus\.m2\repository\org\springframework\data\spring-data-commons\3.4.4\spring-data-commons-3.4.4.jar;C:\Users\asus\.m2\repository\org\springframework\spring-orm\6.2.5\spring-orm-6.2.5.jar;C:\Users\asus\.m2\repository\org\springframework\spring-tx\6.2.5\spring-tx-6.2.5.jar;C:\Users\asus\.m2\repository\org\springframework\spring-aspects\6.2.5\spring-aspects-6.2.5.jar;C:\Users\asus\.m2\repository\org\aspectj\aspectjweaver\1.9.23\aspectjweaver-1.9.23.jar;C:\Users\asus\.m2\repository\org\springframework\boot\spring-boot-starter-jdbc\3.4.4\spring-boot-starter-jdbc-3.4.4.jar;C:\Users\asus\.m2\repository\com\zaxxer\HikariCP\5.1.0\HikariCP-5.1.0.jar;C:\Users\asus\.m2\repository\org\springframework\spring-jdbc\6.2.5\spring-jdbc-6.2.5.jar;C:\Users\asus\.m2\repository\org\springframework\boot\spring-boot-starter-mail\3.4.4\spring-boot-starter-mail-3.4.4.jar;C:\Users\asus\.m2\repository\org\springframework\spring-context-support\6.2.5\spring-context-support-6.2.5.jar;C:\Users\asus\.m2\repository\org\eclipse\angus\jakarta.mail\2.0.3\jakarta.mail-2.0.3.jar;C:\Users\asus\.m2\repository\jakarta\activation\jakarta.activation-api\2.1.3\jakarta.activation-api-2.1.3.jar;C:\Users\asus\.m2\repository\org\eclipse\angus\angus-activation\2.0.2\angus-activation-2.0.2.jar;C:\Users\asus\.m2\repository\org\springframework\boot\spring-boot-starter-web\3.4.4\spring-boot-starter-web-3.4.4.jar;C:\Users\asus\.m2\repository\org\springframework\boot\spring-boot-starter-json\3.4.4\spring-boot-starter-json-3.4.4.jar;C:\Users\asus\.m2\repository\com\fasterxml\jackson\datatype\jackson-datatype-jdk8\2.18.3\jackson-datatype-jdk8-2.18.3.jar;C:\Users\asus\.m2\repository\com\fasterxml\jackson\datatype\jackson-datatype-jsr310\2.18.3\jackson-datatype-jsr310-2.18.3.jar;C:\Users\asus\.m2\repository\com\fasterxml\jackson\module\jackson-module-parameter-names\2.18.3\jackson-module-parameter-names-2.18.3.jar;C:\Users\asus\.m2\repository\org\springframework\boot\spring-boot-starter-tomcat\3.4.4\spring-boot-starter-tomcat-3.4.4.jar;C:\Users\asus\.m2\repository\org\apache\tomcat\embed\tomcat-embed-core\10.1.39\tomcat-embed-core-10.1.39.jar;C:\Users\asus\.m2\repository\org\apache\tomcat\embed\tomcat-embed-websocket\10.1.39\tomcat-embed-websocket-10.1.39.jar;C:\Users\asus\.m2\repository\org\springframework\spring-web\6.2.5\spring-web-6.2.5.jar;C:\Users\asus\.m2\repository\io\micrometer\micrometer-observation\1.14.5\micrometer-observation-1.14.5.jar;C:\Users\asus\.m2\repository\io\micrometer\micrometer-commons\1.14.5\micrometer-commons-1.14.5.jar;C:\Users\asus\.m2\repository\org\springframework\spring-webmvc\6.2.5\spring-webmvc-6.2.5.jar;C:\Users\asus\.m2\repository\com\mysql\mysql-connector-j\9.1.0\mysql-connector-j-9.1.0.jar;C:\Users\asus\.m2\repository\com\jayway\jsonpath\json-path\2.9.0\json-path-2.9.0.jar;C:\Users\asus\.m2\repository\jakarta\xml\bind\jakarta.xml.bind-api\4.0.2\jakarta.xml.bind-api-4.0.2.jar;C:\Users\asus\.m2\repository\net\minidev\json-smart\2.5.2\json-smart-2.5.2.jar;C:\Users\asus\.m2\repository\net\minidev\accessors-smart\2.5.2\accessors-smart-2.5.2.jar;C:\Users\asus\.m2\repository\org\ow2\asm\asm\9.7.1\asm-9.7.1.jar;C:\Users\asus\.m2\repository\org\springframework\spring-core\6.2.5\spring-core-6.2.5.jar;C:\Users\asus\.m2\repository\org\springframework\spring-jcl\6.2.5\spring-jcl-6.2.5.jar
Launcher Type: SUN_STANDARD

[Global flags]
     intx CICompilerCount                          = 4                                         {product} {ergonomic}
     uint ConcGCThreads                            = 3                                         {product} {ergonomic}
     uint G1ConcRefinementThreads                  = 10                                        {product} {ergonomic}
   size_t G1HeapRegionSize                         = 2097152                                   {product} {ergonomic}
    uintx GCDrainStackTargetSize                   = 64                                        {product} {ergonomic}
   size_t InitialHeapSize                          = 260046848                                 {product} {ergonomic}
   size_t MarkStackSize                            = 4194304                                   {product} {ergonomic}
   size_t MaxHeapSize                              = 4131389440                                {product} {ergonomic}
   size_t MaxNewSize                               = 2478833664                                {product} {ergonomic}
   size_t MinHeapDeltaBytes                        = 2097152                                   {product} {ergonomic}
   size_t MinHeapSize                              = 8388608                                   {product} {ergonomic}
    uintx NonNMethodCodeHeapSize                   = 5839372                                {pd product} {ergonomic}
    uintx NonProfiledCodeHeapSize                  = 122909434                              {pd product} {ergonomic}
    uintx ProfiledCodeHeapSize                     = 122909434                              {pd product} {ergonomic}
    uintx ReservedCodeCacheSize                    = 251658240                              {pd product} {ergonomic}
     bool SegmentedCodeCache                       = true                                      {product} {ergonomic}
   size_t SoftMaxHeapSize                          = 4131389440                             {manageable} {ergonomic}
     bool UseCompressedOops                        = true                           {product lp64_product} {ergonomic}
     bool UseG1GC                                  = true                                      {product} {ergonomic}
     bool UseLargePagesIndividualAllocation        = false                                  {pd product} {ergonomic}

Logging:
Log output configuration:
 #0: stdout all=warning uptime,level,tags foldmultilines=false
 #1: stderr all=off uptime,level,tags foldmultilines=false

Environment Variables:
JAVA_HOME=C:\Program Files\Java\jdk-17
PATH=C:\Program Files\Common Files\Oracle\Java\javapath;C:\Program Files (x86)\Common Files\Oracle\Java\java8path;C:\Program Files (x86)\Common Files\Oracle\Java\javapath;C:\Program Files (x86)\NVIDIA Corporation\PhysX\Common;C:\windows\system32;C:\windows;C:\windows\System32\Wbem;C:\windows\System32\WindowsPowerShell\v1.0\;C:\windows\System32\OpenSSH\;C:\Program Files (x86)\GtkSharp\2.12\bin;C:\Program Files\dotnet\;C:\Program Files\Git\cmd;C:\Program Files\nodejs\;C:\Program Files\Docker\Docker\resources\bin;C:\Users\asus\AppData\Local\Programs\Python\Launcher\;C:\Program Files\MySQL\MySQL Shell 8.0\bin\;C:\Users\asus\AppData\Local\Microsoft\WindowsApps;C:\Users\asus\AppData\Local\Programs\Microsoft VS Code\bin;C:\MinGW\bin;C:\src\flutter\bin;C:\Users\asus\AppData\Roaming\npm;C:\Program Files\NetBeans-24\netbeans\java\maven\bin;
USERNAME=asus
OS=Windows_NT
PROCESSOR_IDENTIFIER=AMD64 Family 23 Model 104 Stepping 1, AuthenticAMD
TMP=C:\Users\asus\AppData\Local\Temp
TEMP=C:\Users\asus\AppData\Local\Temp




Periodic native trim disabled

---------------  S Y S T E M  ---------------

OS:
 Windows 11 , 64 bit Build 26100 (10.0.26100.3912)
OS uptime: 1 days 10:03 hours
Hyper-V role detected

CPU: total 12 (initial active 12) (12 cores per cpu, 2 threads per core) family 23 model 104 stepping 1 microcode 0x8608104, cx8, cmov, fxsr, ht, mmx, 3dnowpref, sse, sse2, sse3, ssse3, sse4a, sse4.1, sse4.2, popcnt, lzcnt, tsc, tscinvbit, avx, avx2, aes, clmul, bmi1, bmi2, adx, sha, fma, vzeroupper, clflush, clflushopt, hv, rdtscp, rdpid, f16c
Processor Information for processor 0
  Max Mhz: 2100, Current Mhz: 1813, Mhz Limit: 2100
Processor Information for processor 1
  Max Mhz: 2100, Current Mhz: 1813, Mhz Limit: 2100
Processor Information for processor 2
  Max Mhz: 2100, Current Mhz: 1813, Mhz Limit: 2100
Processor Information for processor 3
  Max Mhz: 2100, Current Mhz: 1813, Mhz Limit: 2100
Processor Information for processor 4
  Max Mhz: 2100, Current Mhz: 1813, Mhz Limit: 2100
Processor Information for processor 5
  Max Mhz: 2100, Current Mhz: 1813, Mhz Limit: 2100
Processor Information for processor 6
  Max Mhz: 2100, Current Mhz: 1813, Mhz Limit: 2100
Processor Information for processor 7
  Max Mhz: 2100, Current Mhz: 2100, Mhz Limit: 2100
Processor Information for processor 8
  Max Mhz: 2100, Current Mhz: 1813, Mhz Limit: 2100
Processor Information for processor 9
  Max Mhz: 2100, Current Mhz: 2100, Mhz Limit: 2100
Processor Information for processor 10
  Max Mhz: 2100, Current Mhz: 1813, Mhz Limit: 2100
Processor Information for processor 11
  Max Mhz: 2100, Current Mhz: 1813, Mhz Limit: 2100

Memory: 4k page, system-wide physical 15753M (3614M free)
TotalPageFile size 17749M (AvailPageFile size 419M)
current process WorkingSet (physical memory assigned to process): 645M, peak: 647M
current process commit charge ("private bytes"): 681M, peak: 1223M

vm_info: OpenJDK 64-Bit Server VM (21.0.6+7-LTS) for windows-amd64 JRE (21.0.6+7-LTS) (Zulu21.40+17-CA), built on 2025-01-07T13:05:06Z by "zulu_re" with MS VC++ 17.1 (VS2022)

END.
